------------------------------------------------------------------------------------------------------------------------

[2020-10-18 17:12:09 #1 store] 
Database 'C:\Users\asier\eclipse-workspace\3.iterazioa\src\main\resources\bets.temp' is opened by 11648@DESKTOP-C8IPL15

------------------------------------------------------------------------------------------------------------------------

[2020-10-18 17:13:20 #1 store] 
Database 'C:\Users\asier\eclipse-workspace\3.iterazioa\src\main\resources\bets.temp' is opened by 16176@DESKTOP-C8IPL15

[2020-10-18 17:13:20 #2 type.registry] 
New type domain.user

[2020-10-18 17:13:20 #3 type.registry] 
New type domain.Admin

[2020-10-18 17:13:20 #4 type] 
Type domain.user is not enhanced.

[2020-10-18 17:13:20 #5 type] 
Type domain.Admin is not enhanced.

[2020-10-18 17:13:20 #6 type.registry] 
New type domain.NormalUser

[2020-10-18 17:13:20 #7 type] 
Type domain.NormalUser is not enhanced.

[2020-10-18 17:13:20 #8 type.registry] 
New type java.util.ArrayList<java.lang.Double>

[2020-10-18 17:13:20 #9 type.registry] 
New type domain.Apustua

[2020-10-18 17:13:20 #10 type.registry] 
New type java.util.ArrayList<domain.Apustua>

[2020-10-18 17:13:20 #11 type] 
Type domain.Apustua is not enhanced.

[2020-10-18 17:13:20 #12 type.registry] 
New type domain.Kuota

[2020-10-18 17:13:20 #13 type] 
Type domain.Kuota is not enhanced.

[2020-10-18 17:13:20 #14 type.registry] 
New type domain.Question

[2020-10-18 17:13:20 #15 type] 
Type domain.Question is not enhanced.

[2020-10-18 17:13:20 #16 type.registry] 
New type domain.Event

[2020-10-18 17:13:20 #17 type.registry] 
New type java.util.ArrayList<domain.Kuota>

[2020-10-18 17:13:20 #18 type] 
Type domain.Event is not enhanced.

[2020-10-18 17:13:20 #19 type.registry] 
New type java.util.Vector<domain.Question>

------------------------------------------------------------------------------------------------------------------------

[2020-10-18 17:17:01 #1 store] 
Database 'C:\Users\asier\eclipse-workspace\3.iterazioa\src\main\resources\bets.temp' is opened by 14768@DESKTOP-C8IPL15

[2020-10-18 17:17:01 #2 type.registry] 
New type domain.user

[2020-10-18 17:17:01 #3 type.registry] 
New type domain.Admin

[2020-10-18 17:17:01 #4 type] 
Type domain.user is not enhanced.

[2020-10-18 17:17:01 #5 type] 
Type domain.Admin is not enhanced.

[2020-10-18 17:17:01 #6 type.registry] 
New type domain.NormalUser

[2020-10-18 17:17:01 #7 type] 
Type domain.NormalUser is not enhanced.

[2020-10-18 17:17:01 #8 type.registry] 
New type java.util.ArrayList<java.lang.Double>

[2020-10-18 17:17:01 #9 type.registry] 
New type domain.Apustua

[2020-10-18 17:17:01 #10 type.registry] 
New type java.util.ArrayList<domain.Apustua>

[2020-10-18 17:17:01 #11 type] 
Type domain.Apustua is not enhanced.

[2020-10-18 17:17:01 #12 type.registry] 
New type domain.Kuota

[2020-10-18 17:17:01 #13 type] 
Type domain.Kuota is not enhanced.

[2020-10-18 17:17:01 #14 type.registry] 
New type domain.Question

[2020-10-18 17:17:01 #15 type] 
Type domain.Question is not enhanced.

[2020-10-18 17:17:01 #16 type.registry] 
New type domain.Event

[2020-10-18 17:17:01 #17 type.registry] 
New type java.util.ArrayList<domain.Kuota>

[2020-10-18 17:17:01 #18 type] 
Type domain.Event is not enhanced.

[2020-10-18 17:17:01 #19 type.registry] 
New type java.util.Vector<domain.Question>

------------------------------------------------------------------------------------------------------------------------

[2020-10-18 17:19:40 #1 store] 
Database 'C:\Users\asier\eclipse-workspace\3.iterazioa\src\main\resources\bets.temp' is opened by 13660@DESKTOP-C8IPL15

[2020-10-18 17:19:40 #2 type.registry] 
New type domain.user

[2020-10-18 17:19:40 #3 type.registry] 
New type domain.Admin

[2020-10-18 17:19:40 #4 type] 
Type domain.user is not enhanced.

[2020-10-18 17:19:40 #5 type] 
Type domain.Admin is not enhanced.

[2020-10-18 17:19:40 #6 type.registry] 
New type domain.NormalUser

[2020-10-18 17:19:40 #7 type] 
Type domain.NormalUser is not enhanced.

[2020-10-18 17:19:40 #8 type.registry] 
New type java.util.ArrayList<java.lang.Double>

[2020-10-18 17:19:40 #9 type.registry] 
New type domain.Apustua

[2020-10-18 17:19:40 #10 type.registry] 
New type java.util.ArrayList<domain.Apustua>

[2020-10-18 17:19:40 #11 type] 
Type domain.Apustua is not enhanced.

[2020-10-18 17:19:40 #12 type.registry] 
New type domain.Kuota

[2020-10-18 17:19:40 #13 type] 
Type domain.Kuota is not enhanced.

[2020-10-18 17:19:40 #14 type.registry] 
New type domain.Question

[2020-10-18 17:19:40 #15 type] 
Type domain.Question is not enhanced.

[2020-10-18 17:19:40 #16 type.registry] 
New type domain.Event

[2020-10-18 17:19:40 #17 type.registry] 
New type java.util.ArrayList<domain.Kuota>

[2020-10-18 17:19:40 #18 type] 
Type domain.Event is not enhanced.

[2020-10-18 17:19:40 #19 type.registry] 
New type java.util.Vector<domain.Question>

------------------------------------------------------------------------------------------------------------------------

[2020-10-18 17:20:03 #1 store] 
Database 'C:\Users\asier\eclipse-workspace\3.iterazioa\src\main\resources\bets.temp' is opened by 15400@DESKTOP-C8IPL15

[2020-10-18 17:20:03 #2 type.registry] 
New type domain.user

[2020-10-18 17:20:03 #3 type.registry] 
New type domain.Admin

[2020-10-18 17:20:03 #4 type] 
Type domain.user is not enhanced.

[2020-10-18 17:20:03 #5 type] 
Type domain.Admin is not enhanced.

[2020-10-18 17:20:03 #6 type.registry] 
New type domain.NormalUser

[2020-10-18 17:20:03 #7 type] 
Type domain.NormalUser is not enhanced.

[2020-10-18 17:20:03 #8 type.registry] 
New type java.util.ArrayList<java.lang.Double>

[2020-10-18 17:20:03 #9 type.registry] 
New type domain.Apustua

[2020-10-18 17:20:03 #10 type.registry] 
New type java.util.ArrayList<domain.Apustua>

[2020-10-18 17:20:03 #11 type] 
Type domain.Apustua is not enhanced.

[2020-10-18 17:20:03 #12 type.registry] 
New type domain.Kuota

[2020-10-18 17:20:03 #13 type] 
Type domain.Kuota is not enhanced.

[2020-10-18 17:20:03 #14 type.registry] 
New type domain.Question

[2020-10-18 17:20:03 #15 type] 
Type domain.Question is not enhanced.

[2020-10-18 17:20:03 #16 type.registry] 
New type domain.Event

[2020-10-18 17:20:03 #17 type.registry] 
New type java.util.ArrayList<domain.Kuota>

[2020-10-18 17:20:03 #18 type] 
Type domain.Event is not enhanced.

[2020-10-18 17:20:03 #19 type.registry] 
New type java.util.Vector<domain.Question>

------------------------------------------------------------------------------------------------------------------------

[2020-10-18 17:21:59 #1 store] 
Database 'C:\Users\asier\eclipse-workspace\3.iterazioa\src\main\resources\bets.temp' is opened by 11664@DESKTOP-C8IPL15

[2020-10-18 17:21:59 #2 type] 
Type domain.user is not enhanced.

[2020-10-18 17:21:59 #3 type] 
Type domain.Admin is not enhanced.

[2020-10-18 17:21:59 #4 type] 
Type domain.NormalUser is not enhanced.

[2020-10-18 17:21:59 #5 type] 
Type domain.Apustua is not enhanced.

[2020-10-18 17:21:59 #6 type] 
Type domain.Kuota is not enhanced.

[2020-10-18 17:21:59 #7 type] 
Type domain.Question is not enhanced.

[2020-10-18 17:21:59 #8 type] 
Type domain.Event is not enhanced.

[2020-10-18 17:22:17 #9 type.registry] 
New type java.util.ArrayList<java.lang.Object>

------------------------------------------------------------------------------------------------------------------------

[2020-10-18 17:23:22 #1 store] 
Database 'C:\Users\asier\eclipse-workspace\3.iterazioa\src\main\resources\bets.temp' is opened by 15144@DESKTOP-C8IPL15

[2020-10-18 17:23:22 #2 type.registry] 
New type domain.user

[2020-10-18 17:23:22 #3 type.registry] 
New type domain.Admin

[2020-10-18 17:23:22 #4 type] 
Type domain.user is not enhanced.

[2020-10-18 17:23:22 #5 type] 
Type domain.Admin is not enhanced.

[2020-10-18 17:23:22 #6 type.registry] 
New type domain.NormalUser

[2020-10-18 17:23:22 #7 type] 
Type domain.NormalUser is not enhanced.

[2020-10-18 17:23:22 #8 type.registry] 
New type java.util.ArrayList<java.lang.Double>

[2020-10-18 17:23:22 #9 type.registry] 
New type domain.Apustua

[2020-10-18 17:23:22 #10 type.registry] 
New type java.util.ArrayList<domain.Apustua>

[2020-10-18 17:23:22 #11 type] 
Type domain.Apustua is not enhanced.

[2020-10-18 17:23:22 #12 type.registry] 
New type domain.Kuota

[2020-10-18 17:23:22 #13 type] 
Type domain.Kuota is not enhanced.

[2020-10-18 17:23:22 #14 type.registry] 
New type domain.Question

[2020-10-18 17:23:22 #15 type] 
Type domain.Question is not enhanced.

[2020-10-18 17:23:22 #16 type.registry] 
New type domain.Event

[2020-10-18 17:23:22 #17 type.registry] 
New type java.util.ArrayList<domain.Kuota>

[2020-10-18 17:23:22 #18 type] 
Type domain.Event is not enhanced.

[2020-10-18 17:23:22 #19 type.registry] 
New type java.util.Vector<domain.Question>

------------------------------------------------------------------------------------------------------------------------

[2020-10-18 17:24:59 #1 store] 
Database 'C:\Users\asier\eclipse-workspace\3.iterazioa\src\main\resources\bets.temp' is opened by 15732@DESKTOP-C8IPL15

[2020-10-18 17:25:00 #2 type] 
Type domain.user is not enhanced.

[2020-10-18 17:25:00 #3 type] 
Type domain.Admin is not enhanced.

[2020-10-18 17:25:00 #4 type] 
Type domain.NormalUser is not enhanced.

[2020-10-18 17:25:00 #5 type] 
Type domain.Apustua is not enhanced.

[2020-10-18 17:25:00 #6 type] 
Type domain.Kuota is not enhanced.

[2020-10-18 17:25:00 #7 type] 
Type domain.Question is not enhanced.

[2020-10-18 17:25:00 #8 type] 
Type domain.Event is not enhanced.

[2020-10-18 17:25:11 #9 type.registry] 
New type java.util.ArrayList<java.lang.Object>

------------------------------------------------------------------------------------------------------------------------

[2020-10-18 17:25:31 #1 store] 
Database 'C:\Users\asier\eclipse-workspace\3.iterazioa\src\main\resources\bets.temp' is opened by 1648@DESKTOP-C8IPL15

[2020-10-18 17:25:31 #2 type.registry] 
New type domain.user

[2020-10-18 17:25:31 #3 type.registry] 
New type domain.Admin

[2020-10-18 17:25:31 #4 type] 
Type domain.user is not enhanced.

[2020-10-18 17:25:31 #5 type] 
Type domain.Admin is not enhanced.

[2020-10-18 17:25:31 #6 type.registry] 
New type domain.NormalUser

[2020-10-18 17:25:31 #7 type] 
Type domain.NormalUser is not enhanced.

[2020-10-18 17:25:31 #8 type.registry] 
New type java.util.ArrayList<java.lang.Double>

[2020-10-18 17:25:31 #9 type.registry] 
New type domain.Apustua

[2020-10-18 17:25:31 #10 type.registry] 
New type java.util.ArrayList<domain.Apustua>

[2020-10-18 17:25:31 #11 type] 
Type domain.Apustua is not enhanced.

[2020-10-18 17:25:31 #12 type.registry] 
New type domain.Kuota

[2020-10-18 17:25:31 #13 type] 
Type domain.Kuota is not enhanced.

[2020-10-18 17:25:31 #14 type.registry] 
New type domain.Question

[2020-10-18 17:25:31 #15 type] 
Type domain.Question is not enhanced.

[2020-10-18 17:25:31 #16 type.registry] 
New type domain.Event

[2020-10-18 17:25:31 #17 type.registry] 
New type java.util.ArrayList<domain.Kuota>

[2020-10-18 17:25:31 #18 type] 
Type domain.Event is not enhanced.

[2020-10-18 17:25:31 #19 type.registry] 
New type java.util.Vector<domain.Question>

------------------------------------------------------------------------------------------------------------------------

[2020-10-18 17:26:21 #1 store] 
Database 'C:\Users\asier\eclipse-workspace\3.iterazioa\src\main\resources\bets.temp' has been recovered (tr. 1-4)

[2020-10-18 17:26:21 #2 store] 
Database 'C:\Users\asier\eclipse-workspace\3.iterazioa\src\main\resources\bets.temp' is opened by 11056@DESKTOP-C8IPL15

[2020-10-18 17:26:21 #3 type] 
Type domain.user is not enhanced.

[2020-10-18 17:26:21 #4 type] 
Type domain.Admin is not enhanced.

[2020-10-18 17:26:21 #5 type] 
Type domain.NormalUser is not enhanced.

[2020-10-18 17:26:21 #6 type] 
Type domain.Apustua is not enhanced.

[2020-10-18 17:26:21 #7 type] 
Type domain.Kuota is not enhanced.

[2020-10-18 17:26:21 #8 type] 
Type domain.Question is not enhanced.

[2020-10-18 17:26:21 #9 type] 
Type domain.Event is not enhanced.

[2020-10-18 17:26:40 #10 type.registry] 
New type java.util.ArrayList<java.lang.Object>

------------------------------------------------------------------------------------------------------------------------

[2020-10-18 17:27:43 #1 store] 
Database 'C:\Users\asier\eclipse-workspace\3.iterazioa\src\main\resources\bets.temp' is opened by 17200@DESKTOP-C8IPL15

[2020-10-18 17:27:43 #2 type.registry] 
New type domain.user

[2020-10-18 17:27:43 #3 type.registry] 
New type domain.Admin

[2020-10-18 17:27:43 #4 type] 
Type domain.user is not enhanced.

[2020-10-18 17:27:43 #5 type] 
Type domain.Admin is not enhanced.

[2020-10-18 17:27:43 #6 type.registry] 
New type domain.NormalUser

[2020-10-18 17:27:43 #7 type] 
Type domain.NormalUser is not enhanced.

[2020-10-18 17:27:43 #8 type.registry] 
New type java.util.ArrayList<java.lang.Double>

[2020-10-18 17:27:43 #9 type.registry] 
New type domain.Apustua

[2020-10-18 17:27:43 #10 type.registry] 
New type java.util.ArrayList<domain.Apustua>

[2020-10-18 17:27:43 #11 type] 
Type domain.Apustua is not enhanced.

[2020-10-18 17:27:43 #12 type.registry] 
New type domain.Kuota

[2020-10-18 17:27:43 #13 type] 
Type domain.Kuota is not enhanced.

[2020-10-18 17:27:43 #14 type.registry] 
New type domain.Question

[2020-10-18 17:27:43 #15 type] 
Type domain.Question is not enhanced.

[2020-10-18 17:27:43 #16 type.registry] 
New type domain.Event

[2020-10-18 17:27:43 #17 type.registry] 
New type java.util.ArrayList<domain.Kuota>

[2020-10-18 17:27:43 #18 type] 
Type domain.Event is not enhanced.

[2020-10-18 17:27:43 #19 type.registry] 
New type java.util.Vector<domain.Question>

------------------------------------------------------------------------------------------------------------------------

[2020-10-18 17:32:27 #1 store] 
Database 'C:\Users\asier\eclipse-workspace\3.iterazioa\src\main\resources\bets.temp' is opened by 9308@DESKTOP-C8IPL15

[2020-10-18 17:32:27 #2 type] 
Type domain.user is not enhanced.

[2020-10-18 17:32:27 #3 type] 
Type domain.Admin is not enhanced.

[2020-10-18 17:32:27 #4 type] 
Type domain.NormalUser is not enhanced.

[2020-10-18 17:32:27 #5 type] 
Type domain.Apustua is not enhanced.

[2020-10-18 17:32:27 #6 type] 
Type domain.Kuota is not enhanced.

[2020-10-18 17:32:27 #7 type] 
Type domain.Question is not enhanced.

[2020-10-18 17:32:27 #8 type] 
Type domain.Event is not enhanced.

------------------------------------------------------------------------------------------------------------------------

[2020-10-18 17:33:19 #1 store] 
Database 'C:\Users\asier\eclipse-workspace\3.iterazioa\src\main\resources\bets.temp' has been recovered (tr. 5-5)

[2020-10-18 17:33:19 #2 store] 
Database 'C:\Users\asier\eclipse-workspace\3.iterazioa\src\main\resources\bets.temp' is opened by 14728@DESKTOP-C8IPL15

[2020-10-18 17:33:19 #3 type] 
Type domain.user is not enhanced.

[2020-10-18 17:33:19 #4 type] 
Type domain.Admin is not enhanced.

[2020-10-18 17:33:19 #5 type] 
Type domain.NormalUser is not enhanced.

[2020-10-18 17:33:19 #6 type] 
Type domain.Apustua is not enhanced.

[2020-10-18 17:33:19 #7 type] 
Type domain.Kuota is not enhanced.

[2020-10-18 17:33:19 #8 type] 
Type domain.Question is not enhanced.

[2020-10-18 17:33:19 #9 type] 
Type domain.Event is not enhanced.

------------------------------------------------------------------------------------------------------------------------

[2020-10-18 17:37:50 #1 store] 
Database 'C:\Users\asier\eclipse-workspace\3.iterazioa\src\main\resources\bets.temp' is opened by 16572@DESKTOP-C8IPL15

[2020-10-18 17:37:51 #2 type] 
Type domain.user is not enhanced.

[2020-10-18 17:37:51 #3 type] 
Type domain.Admin is not enhanced.

[2020-10-18 17:37:51 #4 type] 
Type domain.NormalUser is not enhanced.

[2020-10-18 17:37:51 #5 type] 
Type domain.Apustua is not enhanced.

[2020-10-18 17:37:51 #6 type] 
Type domain.Kuota is not enhanced.

[2020-10-18 17:37:51 #7 type] 
Type domain.Question is not enhanced.

[2020-10-18 17:37:51 #8 type] 
Type domain.Event is not enhanced.

[2020-10-18 17:37:51 #9 type.registry] 
New type java.util.ArrayList<java.lang.Object>

------------------------------------------------------------------------------------------------------------------------

[2020-10-18 17:38:02 #1 store] 
Database 'C:\Users\asier\eclipse-workspace\3.iterazioa\src\main\resources\bets.temp' has been recovered (tr. 6-7)

[2020-10-18 17:38:02 #2 store] 
Database 'C:\Users\asier\eclipse-workspace\3.iterazioa\src\main\resources\bets.temp' is opened by 13764@DESKTOP-C8IPL15

[2020-10-18 17:38:02 #3 type] 
Type domain.user is not enhanced.

[2020-10-18 17:38:02 #4 type] 
Type domain.Admin is not enhanced.

[2020-10-18 17:38:02 #5 type] 
Type domain.NormalUser is not enhanced.

[2020-10-18 17:38:02 #6 type] 
Type domain.Apustua is not enhanced.

[2020-10-18 17:38:02 #7 type] 
Type domain.Kuota is not enhanced.

[2020-10-18 17:38:02 #8 type] 
Type domain.Question is not enhanced.

[2020-10-18 17:38:02 #9 type] 
Type domain.Event is not enhanced.

------------------------------------------------------------------------------------------------------------------------

[2020-10-18 17:40:00 #1 store] 
Database 'C:\Users\asier\eclipse-workspace\3.iterazioa\src\main\resources\bets.temp' is opened by 15928@DESKTOP-C8IPL15

[2020-10-18 17:40:00 #2 type] 
Type domain.user is not enhanced.

[2020-10-18 17:40:00 #3 type] 
Type domain.Admin is not enhanced.

[2020-10-18 17:40:00 #4 type] 
Type domain.NormalUser is not enhanced.

[2020-10-18 17:40:00 #5 type] 
Type domain.Apustua is not enhanced.

[2020-10-18 17:40:00 #6 type] 
Type domain.Kuota is not enhanced.

[2020-10-18 17:40:00 #7 type] 
Type domain.Question is not enhanced.

[2020-10-18 17:40:00 #8 type] 
Type domain.Event is not enhanced.

