------------------------------------------------------------------------------------------------------------------------

[2020-11-15 12:51:05 #1 store] 
Database 'C:\Users\asier\eclipse-workspace\3.iterazioa\src\main\resources\bets.temp' is opened by 4584@DESKTOP-C8IPL15

[2020-11-15 12:51:05 #2 type] 
Type domain.user is not enhanced.

[2020-11-15 12:51:05 #3 type] 
Type domain.Admin is not enhanced.

[2020-11-15 12:51:05 #4 type] 
Type domain.NormalUser is not enhanced.

[2020-11-15 12:51:05 #5 type] 
Type domain.Apustua is not enhanced.

[2020-11-15 12:51:05 #6 type] 
Type domain.Kuota is not enhanced.

[2020-11-15 12:51:05 #7 type] 
Type domain.Question is not enhanced.

[2020-11-15 12:51:05 #8 type] 
Type domain.Event is not enhanced.

------------------------------------------------------------------------------------------------------------------------

[2020-11-15 13:43:18 #1 store] 
Database 'C:\Users\asier\eclipse-workspace\3.iterazioa\src\main\resources\bets.temp' is opened by 9472@DESKTOP-C8IPL15

[2020-11-15 13:43:18 #2 type] 
Type domain.user is not enhanced.

[2020-11-15 13:43:18 #3 type] 
Type domain.Admin is not enhanced.

[2020-11-15 13:43:18 #4 type] 
Type domain.NormalUser is not enhanced.

[2020-11-15 13:43:18 #5 type] 
Type domain.Apustua is not enhanced.

[2020-11-15 13:43:18 #6 type] 
Type domain.Kuota is not enhanced.

[2020-11-15 13:43:18 #7 type] 
Type domain.Question is not enhanced.

[2020-11-15 13:43:18 #8 type] 
Type domain.Event is not enhanced.

------------------------------------------------------------------------------------------------------------------------

[2020-11-15 15:00:30 #1 store] 
Database 'C:\Users\asier\eclipse-workspace\3.iterazioa\src\main\resources\bets.temp' is opened by 2860@DESKTOP-C8IPL15

[2020-11-15 15:00:30 #2 type] 
Type domain.user is not enhanced.

[2020-11-15 15:00:30 #3 type] 
Type domain.Admin is not enhanced.

[2020-11-15 15:00:30 #4 type] 
Type domain.NormalUser is not enhanced.

[2020-11-15 15:00:30 #5 type] 
Type domain.Apustua is not enhanced.

[2020-11-15 15:00:30 #6 type] 
Type domain.Kuota is not enhanced.

[2020-11-15 15:00:30 #7 type] 
Type domain.Question is not enhanced.

[2020-11-15 15:00:30 #8 type] 
Type domain.Event is not enhanced.

------------------------------------------------------------------------------------------------------------------------

[2020-11-15 15:01:18 #1 store] 
Database 'C:\Users\asier\eclipse-workspace\3.iterazioa\src\main\resources\bets.temp' is opened by 16844@DESKTOP-C8IPL15

[2020-11-15 15:01:18 #2 type] 
Type domain.user is not enhanced.

[2020-11-15 15:01:18 #3 type] 
Type domain.Admin is not enhanced.

[2020-11-15 15:01:18 #4 type] 
Type domain.NormalUser is not enhanced.

[2020-11-15 15:01:18 #5 type] 
Type domain.Apustua is not enhanced.

[2020-11-15 15:01:18 #6 type] 
Type domain.Kuota is not enhanced.

[2020-11-15 15:01:18 #7 type] 
Type domain.Question is not enhanced.

[2020-11-15 15:01:18 #8 type] 
Type domain.Event is not enhanced.

------------------------------------------------------------------------------------------------------------------------

[2020-11-15 15:01:54 #1 store] 
Database 'C:\Users\asier\eclipse-workspace\3.iterazioa\src\main\resources\bets.temp' is opened by 11436@DESKTOP-C8IPL15

[2020-11-15 15:01:54 #2 type] 
Type domain.user is not enhanced.

[2020-11-15 15:01:54 #3 type] 
Type domain.Admin is not enhanced.

[2020-11-15 15:01:54 #4 type] 
Type domain.NormalUser is not enhanced.

[2020-11-15 15:01:54 #5 type] 
Type domain.Apustua is not enhanced.

[2020-11-15 15:01:54 #6 type] 
Type domain.Kuota is not enhanced.

[2020-11-15 15:01:54 #7 type] 
Type domain.Question is not enhanced.

[2020-11-15 15:01:54 #8 type] 
Type domain.Event is not enhanced.

------------------------------------------------------------------------------------------------------------------------

[2020-11-15 15:02:36 #1 store] 
Database 'C:\Users\asier\eclipse-workspace\3.iterazioa\src\main\resources\bets.temp' is opened by 1096@DESKTOP-C8IPL15

[2020-11-15 15:02:36 #2 type] 
Type domain.user is not enhanced.

[2020-11-15 15:02:36 #3 type] 
Type domain.Admin is not enhanced.

[2020-11-15 15:02:36 #4 type] 
Type domain.NormalUser is not enhanced.

[2020-11-15 15:02:36 #5 type] 
Type domain.Apustua is not enhanced.

[2020-11-15 15:02:36 #6 type] 
Type domain.Kuota is not enhanced.

[2020-11-15 15:02:36 #7 type] 
Type domain.Question is not enhanced.

[2020-11-15 15:02:36 #8 type] 
Type domain.Event is not enhanced.

------------------------------------------------------------------------------------------------------------------------

[2020-11-15 15:54:23 #1 store] 
Database 'C:\Users\asier\eclipse-workspace\3.iterazioa\src\main\resources\bets.temp' is opened by 6524@DESKTOP-C8IPL15

[2020-11-15 15:54:23 #2 type] 
Type domain.user is not enhanced.

[2020-11-15 15:54:23 #3 type] 
Type domain.Admin is not enhanced.

[2020-11-15 15:54:23 #4 type] 
Type domain.NormalUser is not enhanced.

[2020-11-15 15:54:23 #5 type] 
Type domain.Apustua is not enhanced.

[2020-11-15 15:54:23 #6 type] 
Type domain.Kuota is not enhanced.

[2020-11-15 15:54:23 #7 type] 
Type domain.Question is not enhanced.

[2020-11-15 15:54:23 #8 type] 
Type domain.Event is not enhanced.

[2020-11-15 15:55:18 #9 type.registry] 
New type java.util.Vector<java.lang.Object>

------------------------------------------------------------------------------------------------------------------------

[2020-11-15 15:56:16 #1 store] 
Database 'C:\Users\asier\eclipse-workspace\3.iterazioa\src\main\resources\bets.temp' has been recovered (tr. 8-10)

[2020-11-15 15:56:16 #2 store] 
Database 'C:\Users\asier\eclipse-workspace\3.iterazioa\src\main\resources\bets.temp' is opened by 2708@DESKTOP-C8IPL15

[2020-11-15 15:56:16 #3 type] 
Type domain.user is not enhanced.

[2020-11-15 15:56:16 #4 type] 
Type domain.Admin is not enhanced.

[2020-11-15 15:56:16 #5 type] 
Type domain.NormalUser is not enhanced.

[2020-11-15 15:56:16 #6 type] 
Type domain.Apustua is not enhanced.

[2020-11-15 15:56:16 #7 type] 
Type domain.Kuota is not enhanced.

[2020-11-15 15:56:16 #8 type] 
Type domain.Question is not enhanced.

[2020-11-15 15:56:16 #9 type] 
Type domain.Event is not enhanced.

------------------------------------------------------------------------------------------------------------------------

[2020-11-15 15:59:59 #1 store] 
Database 'C:\Users\asier\eclipse-workspace\3.iterazioa\src\main\resources\bets.temp' is opened by 3772@DESKTOP-C8IPL15

[2020-11-15 15:59:59 #2 type] 
Type domain.user is not enhanced.

[2020-11-15 15:59:59 #3 type] 
Type domain.Admin is not enhanced.

[2020-11-15 15:59:59 #4 type] 
Type domain.NormalUser is not enhanced.

[2020-11-15 15:59:59 #5 type] 
Type domain.Apustua is not enhanced.

[2020-11-15 15:59:59 #6 type] 
Type domain.Kuota is not enhanced.

[2020-11-15 15:59:59 #7 type] 
Type domain.Question is not enhanced.

[2020-11-15 15:59:59 #8 type] 
Type domain.Event is not enhanced.

------------------------------------------------------------------------------------------------------------------------

[2020-11-15 16:02:09 #1 store] 
Database 'C:\Users\asier\eclipse-workspace\3.iterazioa\src\main\resources\bets.temp' has been recovered (tr. 11-11)

[2020-11-15 16:02:09 #2 store] 
Database 'C:\Users\asier\eclipse-workspace\3.iterazioa\src\main\resources\bets.temp' is opened by 16324@DESKTOP-C8IPL15

[2020-11-15 16:02:09 #3 type] 
Type domain.user is not enhanced.

[2020-11-15 16:02:09 #4 type] 
Type domain.Admin is not enhanced.

[2020-11-15 16:02:09 #5 type] 
Type domain.NormalUser is not enhanced.

[2020-11-15 16:02:09 #6 type] 
Type domain.Apustua is not enhanced.

[2020-11-15 16:02:09 #7 type] 
Type domain.Kuota is not enhanced.

[2020-11-15 16:02:09 #8 type] 
Type domain.Question is not enhanced.

[2020-11-15 16:02:09 #9 type] 
Type domain.Event is not enhanced.

------------------------------------------------------------------------------------------------------------------------

[2020-11-15 16:03:42 #1 store] 
Database 'C:\Users\asier\eclipse-workspace\3.iterazioa\src\main\resources\bets.temp' has been recovered (tr. 12-13)

[2020-11-15 16:03:42 #2 store] 
Database 'C:\Users\asier\eclipse-workspace\3.iterazioa\src\main\resources\bets.temp' is opened by 13120@DESKTOP-C8IPL15

[2020-11-15 16:03:42 #3 type] 
Type domain.user is not enhanced.

[2020-11-15 16:03:42 #4 type] 
Type domain.Admin is not enhanced.

[2020-11-15 16:03:42 #5 type] 
Type domain.NormalUser is not enhanced.

[2020-11-15 16:03:42 #6 type] 
Type domain.Apustua is not enhanced.

[2020-11-15 16:03:42 #7 type] 
Type domain.Kuota is not enhanced.

[2020-11-15 16:03:42 #8 type] 
Type domain.Question is not enhanced.

[2020-11-15 16:03:42 #9 type] 
Type domain.Event is not enhanced.

------------------------------------------------------------------------------------------------------------------------

[2020-11-15 16:10:00 #1 store] 
Database 'C:\Users\asier\eclipse-workspace\3.iterazioa\src\main\resources\bets.temp' is opened by 9100@DESKTOP-C8IPL15

[2020-11-15 16:10:01 #2 type] 
Type domain.user is not enhanced.

[2020-11-15 16:10:01 #3 type] 
Type domain.Admin is not enhanced.

[2020-11-15 16:10:01 #4 type] 
Type domain.NormalUser is not enhanced.

[2020-11-15 16:10:01 #5 type] 
Type domain.Apustua is not enhanced.

[2020-11-15 16:10:01 #6 type] 
Type domain.Kuota is not enhanced.

[2020-11-15 16:10:01 #7 type] 
Type domain.Question is not enhanced.

[2020-11-15 16:10:01 #8 type] 
Type domain.Event is not enhanced.

------------------------------------------------------------------------------------------------------------------------

[2020-11-15 16:11:05 #1 store] 
Database 'C:\Users\asier\eclipse-workspace\3.iterazioa\src\main\resources\bets.temp' is opened by 14320@DESKTOP-C8IPL15

[2020-11-15 16:11:05 #2 type] 
Type domain.user is not enhanced.

[2020-11-15 16:11:05 #3 type] 
Type domain.Admin is not enhanced.

[2020-11-15 16:11:05 #4 type] 
Type domain.NormalUser is not enhanced.

[2020-11-15 16:11:05 #5 type] 
Type domain.Apustua is not enhanced.

[2020-11-15 16:11:05 #6 type] 
Type domain.Kuota is not enhanced.

[2020-11-15 16:11:05 #7 type] 
Type domain.Question is not enhanced.

[2020-11-15 16:11:05 #8 type] 
Type domain.Event is not enhanced.

------------------------------------------------------------------------------------------------------------------------

[2020-11-15 16:11:53 #1 store] 
Database 'C:\Users\asier\eclipse-workspace\3.iterazioa\src\main\resources\bets.temp' is opened by 15204@DESKTOP-C8IPL15

[2020-11-15 16:11:53 #2 type] 
Type domain.user is not enhanced.

[2020-11-15 16:11:53 #3 type] 
Type domain.Admin is not enhanced.

[2020-11-15 16:11:53 #4 type] 
Type domain.NormalUser is not enhanced.

[2020-11-15 16:11:53 #5 type] 
Type domain.Apustua is not enhanced.

[2020-11-15 16:11:53 #6 type] 
Type domain.Kuota is not enhanced.

[2020-11-15 16:11:53 #7 type] 
Type domain.Question is not enhanced.

[2020-11-15 16:11:53 #8 type] 
Type domain.Event is not enhanced.

------------------------------------------------------------------------------------------------------------------------

[2020-11-15 16:13:17 #1 store] 
Database 'C:\Users\asier\eclipse-workspace\3.iterazioa\src\main\resources\bets.temp' is opened by 1292@DESKTOP-C8IPL15

[2020-11-15 16:13:17 #2 type] 
Type domain.user is not enhanced.

[2020-11-15 16:13:17 #3 type] 
Type domain.Admin is not enhanced.

[2020-11-15 16:13:17 #4 type] 
Type domain.NormalUser is not enhanced.

[2020-11-15 16:13:17 #5 type] 
Type domain.Apustua is not enhanced.

[2020-11-15 16:13:17 #6 type] 
Type domain.Kuota is not enhanced.

[2020-11-15 16:13:17 #7 type] 
Type domain.Question is not enhanced.

[2020-11-15 16:13:17 #8 type] 
Type domain.Event is not enhanced.

------------------------------------------------------------------------------------------------------------------------

[2020-11-15 16:16:49 #1 store] 
Database 'C:\Users\asier\eclipse-workspace\3.iterazioa\src\main\resources\bets.temp' is opened by 17324@DESKTOP-C8IPL15

[2020-11-15 16:16:49 #2 type] 
Type domain.user is not enhanced.

[2020-11-15 16:16:49 #3 type] 
Type domain.Admin is not enhanced.

[2020-11-15 16:16:49 #4 type] 
Type domain.NormalUser is not enhanced.

[2020-11-15 16:16:49 #5 type] 
Type domain.Apustua is not enhanced.

[2020-11-15 16:16:49 #6 type] 
Type domain.Kuota is not enhanced.

[2020-11-15 16:16:49 #7 type] 
Type domain.Question is not enhanced.

[2020-11-15 16:16:49 #8 type] 
Type domain.Event is not enhanced.

------------------------------------------------------------------------------------------------------------------------

[2020-11-15 16:17:33 #1 store] 
Database 'C:\Users\asier\eclipse-workspace\3.iterazioa\src\main\resources\bets.temp' is opened by 2380@DESKTOP-C8IPL15

[2020-11-15 16:17:33 #2 type] 
Type domain.user is not enhanced.

[2020-11-15 16:17:33 #3 type] 
Type domain.Admin is not enhanced.

[2020-11-15 16:17:33 #4 type] 
Type domain.NormalUser is not enhanced.

[2020-11-15 16:17:33 #5 type] 
Type domain.Apustua is not enhanced.

[2020-11-15 16:17:33 #6 type] 
Type domain.Kuota is not enhanced.

[2020-11-15 16:17:33 #7 type] 
Type domain.Question is not enhanced.

[2020-11-15 16:17:33 #8 type] 
Type domain.Event is not enhanced.

------------------------------------------------------------------------------------------------------------------------

[2020-11-15 16:18:32 #1 store] 
Database 'C:\Users\asier\eclipse-workspace\3.iterazioa\src\main\resources\bets.temp' is opened by 14200@DESKTOP-C8IPL15

[2020-11-15 16:18:32 #2 type] 
Type domain.user is not enhanced.

[2020-11-15 16:18:32 #3 type] 
Type domain.Admin is not enhanced.

[2020-11-15 16:18:32 #4 type] 
Type domain.NormalUser is not enhanced.

[2020-11-15 16:18:32 #5 type] 
Type domain.Apustua is not enhanced.

[2020-11-15 16:18:32 #6 type] 
Type domain.Kuota is not enhanced.

[2020-11-15 16:18:32 #7 type] 
Type domain.Question is not enhanced.

[2020-11-15 16:18:32 #8 type] 
Type domain.Event is not enhanced.

------------------------------------------------------------------------------------------------------------------------

[2020-11-15 16:19:33 #1 store] 
Database 'C:\Users\asier\eclipse-workspace\3.iterazioa\src\main\resources\bets.temp' is opened by 15372@DESKTOP-C8IPL15

[2020-11-15 16:19:33 #2 type] 
Type domain.user is not enhanced.

[2020-11-15 16:19:33 #3 type] 
Type domain.Admin is not enhanced.

[2020-11-15 16:19:33 #4 type] 
Type domain.NormalUser is not enhanced.

[2020-11-15 16:19:33 #5 type] 
Type domain.Apustua is not enhanced.

[2020-11-15 16:19:33 #6 type] 
Type domain.Kuota is not enhanced.

[2020-11-15 16:19:33 #7 type] 
Type domain.Question is not enhanced.

[2020-11-15 16:19:33 #8 type] 
Type domain.Event is not enhanced.

------------------------------------------------------------------------------------------------------------------------

[2020-11-15 16:20:30 #1 store] 
Database 'C:\Users\asier\eclipse-workspace\3.iterazioa\src\main\resources\bets.temp' is opened by 1384@DESKTOP-C8IPL15

[2020-11-15 16:20:30 #2 type] 
Type domain.user is not enhanced.

[2020-11-15 16:20:30 #3 type] 
Type domain.Admin is not enhanced.

[2020-11-15 16:20:30 #4 type] 
Type domain.NormalUser is not enhanced.

[2020-11-15 16:20:30 #5 type] 
Type domain.Apustua is not enhanced.

[2020-11-15 16:20:30 #6 type] 
Type domain.Kuota is not enhanced.

[2020-11-15 16:20:30 #7 type] 
Type domain.Question is not enhanced.

[2020-11-15 16:20:30 #8 type] 
Type domain.Event is not enhanced.

------------------------------------------------------------------------------------------------------------------------

[2020-11-15 16:21:06 #1 store] 
Database 'C:\Users\asier\eclipse-workspace\3.iterazioa\src\main\resources\bets.temp' is opened by 16356@DESKTOP-C8IPL15

[2020-11-15 16:21:06 #2 type] 
Type domain.user is not enhanced.

[2020-11-15 16:21:06 #3 type] 
Type domain.Admin is not enhanced.

[2020-11-15 16:21:06 #4 type] 
Type domain.NormalUser is not enhanced.

[2020-11-15 16:21:06 #5 type] 
Type domain.Apustua is not enhanced.

[2020-11-15 16:21:06 #6 type] 
Type domain.Kuota is not enhanced.

[2020-11-15 16:21:06 #7 type] 
Type domain.Question is not enhanced.

[2020-11-15 16:21:06 #8 type] 
Type domain.Event is not enhanced.

------------------------------------------------------------------------------------------------------------------------

[2020-11-15 16:21:47 #1 store] 
Database 'C:\Users\asier\eclipse-workspace\3.iterazioa\src\main\resources\bets.temp' is opened by 5616@DESKTOP-C8IPL15

[2020-11-15 16:21:47 #2 type] 
Type domain.user is not enhanced.

[2020-11-15 16:21:47 #3 type] 
Type domain.Admin is not enhanced.

[2020-11-15 16:21:47 #4 type] 
Type domain.NormalUser is not enhanced.

[2020-11-15 16:21:47 #5 type] 
Type domain.Apustua is not enhanced.

[2020-11-15 16:21:47 #6 type] 
Type domain.Kuota is not enhanced.

[2020-11-15 16:21:47 #7 type] 
Type domain.Question is not enhanced.

[2020-11-15 16:21:47 #8 type] 
Type domain.Event is not enhanced.

------------------------------------------------------------------------------------------------------------------------

[2020-11-15 16:34:15 #1 store] 
Database 'C:\Users\asier\eclipse-workspace\3.iterazioa\src\main\resources\bets.temp' is opened by 6252@DESKTOP-C8IPL15

[2020-11-15 16:34:15 #2 type] 
Type domain.user is not enhanced.

[2020-11-15 16:34:15 #3 type] 
Type domain.Admin is not enhanced.

[2020-11-15 16:34:15 #4 type] 
Type domain.NormalUser is not enhanced.

[2020-11-15 16:34:15 #5 type] 
Type domain.Apustua is not enhanced.

[2020-11-15 16:34:15 #6 type] 
Type domain.Kuota is not enhanced.

[2020-11-15 16:34:15 #7 type] 
Type domain.Question is not enhanced.

[2020-11-15 16:34:15 #8 type] 
Type domain.Event is not enhanced.

------------------------------------------------------------------------------------------------------------------------

[2020-11-15 16:36:23 #1 store] 
Database 'C:\Users\asier\eclipse-workspace\3.iterazioa\src\main\resources\bets.temp' has been recovered (tr. 17-24)

[2020-11-15 16:36:24 #2 store] 
Database 'C:\Users\asier\eclipse-workspace\3.iterazioa\src\main\resources\bets.temp' is opened by 13604@DESKTOP-C8IPL15

[2020-11-15 16:36:24 #3 type] 
Type domain.user is not enhanced.

[2020-11-15 16:36:24 #4 type] 
Type domain.Admin is not enhanced.

[2020-11-15 16:36:24 #5 type] 
Type domain.NormalUser is not enhanced.

[2020-11-15 16:36:24 #6 type] 
Type domain.Apustua is not enhanced.

[2020-11-15 16:36:24 #7 type] 
Type domain.Kuota is not enhanced.

[2020-11-15 16:36:24 #8 type] 
Type domain.Question is not enhanced.

[2020-11-15 16:36:24 #9 type] 
Type domain.Event is not enhanced.

------------------------------------------------------------------------------------------------------------------------

[2020-11-15 16:37:37 #1 store] 
Database 'C:\Users\asier\eclipse-workspace\3.iterazioa\src\main\resources\bets.temp' is opened by 11504@DESKTOP-C8IPL15

[2020-11-15 16:37:37 #2 type] 
Type domain.user is not enhanced.

[2020-11-15 16:37:37 #3 type] 
Type domain.Admin is not enhanced.

[2020-11-15 16:37:37 #4 type] 
Type domain.NormalUser is not enhanced.

[2020-11-15 16:37:37 #5 type] 
Type domain.Apustua is not enhanced.

[2020-11-15 16:37:37 #6 type] 
Type domain.Kuota is not enhanced.

[2020-11-15 16:37:37 #7 type] 
Type domain.Question is not enhanced.

[2020-11-15 16:37:37 #8 type] 
Type domain.Event is not enhanced.

------------------------------------------------------------------------------------------------------------------------

[2020-11-15 16:39:55 #1 store] 
Database 'C:\Users\asier\eclipse-workspace\3.iterazioa\src\main\resources\bets.temp' is opened by 12624@DESKTOP-C8IPL15

[2020-11-15 16:39:56 #2 type] 
Type domain.user is not enhanced.

[2020-11-15 16:39:56 #3 type] 
Type domain.Admin is not enhanced.

[2020-11-15 16:39:56 #4 type] 
Type domain.NormalUser is not enhanced.

[2020-11-15 16:39:56 #5 type] 
Type domain.Apustua is not enhanced.

[2020-11-15 16:39:56 #6 type] 
Type domain.Kuota is not enhanced.

[2020-11-15 16:39:56 #7 type] 
Type domain.Question is not enhanced.

[2020-11-15 16:39:56 #8 type] 
Type domain.Event is not enhanced.

------------------------------------------------------------------------------------------------------------------------

[2020-11-15 16:43:32 #1 store] 
Database 'C:\Users\asier\eclipse-workspace\3.iterazioa\src\main\resources\bets.temp' is opened by 14744@DESKTOP-C8IPL15

[2020-11-15 16:43:32 #2 type] 
Type domain.user is not enhanced.

[2020-11-15 16:43:32 #3 type] 
Type domain.Admin is not enhanced.

[2020-11-15 16:43:32 #4 type] 
Type domain.NormalUser is not enhanced.

[2020-11-15 16:43:33 #5 type] 
Type domain.Apustua is not enhanced.

[2020-11-15 16:43:33 #6 type] 
Type domain.Kuota is not enhanced.

[2020-11-15 16:43:33 #7 type] 
Type domain.Question is not enhanced.

[2020-11-15 16:43:33 #8 type] 
Type domain.Event is not enhanced.

------------------------------------------------------------------------------------------------------------------------

[2020-11-15 17:05:46 #1 store] 
Database 'C:\Users\asier\eclipse-workspace\3.iterazioa\src\main\resources\bets.temp' is opened by 11696@DESKTOP-C8IPL15

[2020-11-15 17:05:47 #2 type] 
Type domain.user is not enhanced.

[2020-11-15 17:05:47 #3 type] 
Type domain.Admin is not enhanced.

[2020-11-15 17:05:47 #4 type] 
Type domain.NormalUser is not enhanced.

[2020-11-15 17:05:47 #5 type] 
Type domain.Apustua is not enhanced.

[2020-11-15 17:05:47 #6 type] 
Type domain.Kuota is not enhanced.

[2020-11-15 17:05:47 #7 type] 
Type domain.Question is not enhanced.

[2020-11-15 17:05:47 #8 type] 
Type domain.Event is not enhanced.

------------------------------------------------------------------------------------------------------------------------

[2020-11-15 17:06:15 #1 store] 
Database 'C:\Users\asier\eclipse-workspace\3.iterazioa\src\main\resources\bets.temp' is opened by 1904@DESKTOP-C8IPL15

[2020-11-15 17:06:15 #2 type] 
Type domain.user is not enhanced.

[2020-11-15 17:06:15 #3 type] 
Type domain.Admin is not enhanced.

[2020-11-15 17:06:15 #4 type] 
Type domain.NormalUser is not enhanced.

[2020-11-15 17:06:15 #5 type] 
Type domain.Apustua is not enhanced.

[2020-11-15 17:06:15 #6 type] 
Type domain.Kuota is not enhanced.

[2020-11-15 17:06:15 #7 type] 
Type domain.Question is not enhanced.

[2020-11-15 17:06:15 #8 type] 
Type domain.Event is not enhanced.

------------------------------------------------------------------------------------------------------------------------

[2020-11-15 17:06:34 #1 store] 
Database 'C:\Users\asier\eclipse-workspace\3.iterazioa\src\main\resources\bets.temp' is opened by 8480@DESKTOP-C8IPL15

[2020-11-15 17:06:34 #2 type] 
Type domain.user is not enhanced.

[2020-11-15 17:06:34 #3 type] 
Type domain.Admin is not enhanced.

[2020-11-15 17:06:34 #4 type] 
Type domain.NormalUser is not enhanced.

[2020-11-15 17:06:34 #5 type] 
Type domain.Apustua is not enhanced.

[2020-11-15 17:06:34 #6 type] 
Type domain.Kuota is not enhanced.

[2020-11-15 17:06:34 #7 type] 
Type domain.Question is not enhanced.

[2020-11-15 17:06:34 #8 type] 
Type domain.Event is not enhanced.

------------------------------------------------------------------------------------------------------------------------

[2020-11-15 17:13:29 #1 store] 
Database 'C:\Users\asier\eclipse-workspace\3.iterazioa\src\main\resources\bets.temp' is opened by 7440@DESKTOP-C8IPL15

[2020-11-15 17:13:29 #2 type] 
Type domain.user is not enhanced.

[2020-11-15 17:13:29 #3 type] 
Type domain.Admin is not enhanced.

[2020-11-15 17:13:29 #4 type] 
Type domain.NormalUser is not enhanced.

[2020-11-15 17:13:29 #5 type] 
Type domain.Apustua is not enhanced.

[2020-11-15 17:13:29 #6 type] 
Type domain.Kuota is not enhanced.

[2020-11-15 17:13:29 #7 type] 
Type domain.Question is not enhanced.

[2020-11-15 17:13:29 #8 type] 
Type domain.Event is not enhanced.

