------------------------------------------------------------------------------------------------------------------------

[2020-03-30 21:37:02 #1 store] 
Database 'C:\Users\asier\eclipse-workspace\Bets2020-Master\src\main\resources\bets.temp' is opened by 25104@DESKTOP-UOETFC7

[2020-03-30 21:37:02 #2 type] 
Type domain.Question is not enhanced.

[2020-03-30 21:37:02 #3 type] 
Type domain.Event is not enhanced.

[2020-03-30 21:37:02 #4 type] 
Type domain.user is not enhanced.

[2020-03-30 21:37:02 #5 type] 
Type domain.Kuota is not enhanced.

[2020-03-30 21:37:02 #6 type] 
Type domain.Admin is not enhanced.

[2020-03-30 21:37:02 #7 type] 
Type domain.NormalUser is not enhanced.

[2020-03-30 21:37:02 #8 type] 
Type domain.Apustua is not enhanced.

------------------------------------------------------------------------------------------------------------------------

[2020-03-30 21:40:24 #1 store] 
Database 'C:\Users\asier\eclipse-workspace\Bets2020-Master\src\main\resources\bets.temp' is opened by 22560@DESKTOP-UOETFC7

[2020-03-30 21:40:24 #2 type] 
Type domain.Question is not enhanced.

[2020-03-30 21:40:24 #3 type] 
Type domain.Event is not enhanced.

[2020-03-30 21:40:24 #4 type] 
Type domain.user is not enhanced.

[2020-03-30 21:40:24 #5 type] 
Type domain.Kuota is not enhanced.

[2020-03-30 21:40:24 #6 type] 
Type domain.Admin is not enhanced.

[2020-03-30 21:40:24 #7 type] 
Type domain.NormalUser is not enhanced.

[2020-03-30 21:40:24 #8 type] 
Type domain.Apustua is not enhanced.

------------------------------------------------------------------------------------------------------------------------

[2020-03-30 21:41:28 #1 store] 
Database 'C:\Users\asier\eclipse-workspace\Bets2020-Master\src\main\resources\bets.temp' is opened by 20348@DESKTOP-UOETFC7

[2020-03-30 21:41:28 #2 type] 
Type domain.Question is not enhanced.

[2020-03-30 21:41:28 #3 type] 
Type domain.Event is not enhanced.

[2020-03-30 21:41:28 #4 type] 
Type domain.user is not enhanced.

[2020-03-30 21:41:28 #5 type] 
Type domain.Kuota is not enhanced.

[2020-03-30 21:41:28 #6 type] 
Type domain.Admin is not enhanced.

[2020-03-30 21:41:28 #7 type] 
Type domain.NormalUser is not enhanced.

[2020-03-30 21:41:28 #8 type] 
Type domain.Apustua is not enhanced.

------------------------------------------------------------------------------------------------------------------------

[2020-03-30 21:42:12 #1 store] 
Database 'C:\Users\asier\eclipse-workspace\Bets2020-Master\src\main\resources\bets.temp' is opened by 18800@DESKTOP-UOETFC7

[2020-03-30 21:42:12 #2 type] 
Type domain.Question is not enhanced.

[2020-03-30 21:42:12 #3 type] 
Type domain.Event is not enhanced.

[2020-03-30 21:42:12 #4 type] 
Type domain.user is not enhanced.

[2020-03-30 21:42:12 #5 type] 
Type domain.Kuota is not enhanced.

[2020-03-30 21:42:12 #6 type] 
Type domain.Admin is not enhanced.

[2020-03-30 21:42:12 #7 type] 
Type domain.NormalUser is not enhanced.

[2020-03-30 21:42:12 #8 type] 
Type domain.Apustua is not enhanced.

------------------------------------------------------------------------------------------------------------------------

[2020-03-30 21:44:51 #1 store] 
Database 'C:\Users\asier\eclipse-workspace\Bets2020-Master\src\main\resources\bets.temp' is opened by 5916@DESKTOP-UOETFC7

[2020-03-30 21:44:51 #2 type] 
Type domain.Question is not enhanced.

[2020-03-30 21:44:51 #3 type] 
Type domain.Event is not enhanced.

[2020-03-30 21:44:51 #4 type] 
Type domain.user is not enhanced.

[2020-03-30 21:44:51 #5 type] 
Type domain.Kuota is not enhanced.

[2020-03-30 21:44:51 #6 type] 
Type domain.Admin is not enhanced.

[2020-03-30 21:44:51 #7 type] 
Type domain.NormalUser is not enhanced.

[2020-03-30 21:44:51 #8 type] 
Type domain.Apustua is not enhanced.

------------------------------------------------------------------------------------------------------------------------

[2020-03-30 21:46:41 #1 store] 
Database 'C:\Users\asier\eclipse-workspace\Bets2020-Master\src\main\resources\bets.temp' has been recovered (tr. 509-515)

[2020-03-30 21:46:41 #2 store] 
Database 'C:\Users\asier\eclipse-workspace\Bets2020-Master\src\main\resources\bets.temp' is opened by 15008@DESKTOP-UOETFC7

[2020-03-30 21:46:41 #3 type] 
Type domain.Question is not enhanced.

[2020-03-30 21:46:41 #4 type] 
Type domain.Event is not enhanced.

[2020-03-30 21:46:41 #5 type] 
Type domain.user is not enhanced.

[2020-03-30 21:46:41 #6 type] 
Type domain.Kuota is not enhanced.

[2020-03-30 21:46:41 #7 type] 
Type domain.Admin is not enhanced.

[2020-03-30 21:46:41 #8 type] 
Type domain.NormalUser is not enhanced.

[2020-03-30 21:46:41 #9 type] 
Type domain.Apustua is not enhanced.

------------------------------------------------------------------------------------------------------------------------

[2020-03-30 21:49:12 #1 store] 
Database 'C:\Users\asier\eclipse-workspace\Bets2020-Master\src\main\resources\bets.temp' has been recovered (tr. 516-517)

[2020-03-30 21:49:12 #2 store] 
Database 'C:\Users\asier\eclipse-workspace\Bets2020-Master\src\main\resources\bets.temp' is opened by 7232@DESKTOP-UOETFC7

[2020-03-30 21:49:13 #3 type] 
Type domain.Question is not enhanced.

[2020-03-30 21:49:13 #4 type] 
Type domain.Event is not enhanced.

[2020-03-30 21:49:13 #5 type] 
Type domain.user is not enhanced.

[2020-03-30 21:49:13 #6 type] 
Type domain.Kuota is not enhanced.

[2020-03-30 21:49:13 #7 type] 
Type domain.Admin is not enhanced.

[2020-03-30 21:49:13 #8 type] 
Type domain.NormalUser is not enhanced.

[2020-03-30 21:49:13 #9 type] 
Type domain.Apustua is not enhanced.

------------------------------------------------------------------------------------------------------------------------

[2020-03-30 21:51:30 #1 store] 
Database 'C:\Users\asier\eclipse-workspace\Bets2020-Master\src\main\resources\bets.temp' has been recovered (tr. 518-521)

[2020-03-30 21:51:30 #2 store] 
Database 'C:\Users\asier\eclipse-workspace\Bets2020-Master\src\main\resources\bets.temp' is opened by 1752@DESKTOP-UOETFC7

[2020-03-30 21:51:30 #3 type] 
Type domain.Question is not enhanced.

[2020-03-30 21:51:30 #4 type] 
Type domain.Event is not enhanced.

[2020-03-30 21:51:30 #5 type] 
Type domain.user is not enhanced.

[2020-03-30 21:51:30 #6 type] 
Type domain.Kuota is not enhanced.

[2020-03-30 21:51:30 #7 type] 
Type domain.Admin is not enhanced.

[2020-03-30 21:51:30 #8 type] 
Type domain.NormalUser is not enhanced.

[2020-03-30 21:51:30 #9 type] 
Type domain.Apustua is not enhanced.

------------------------------------------------------------------------------------------------------------------------

[2020-03-30 21:51:55 #1 store] 
Database 'C:\Users\asier\eclipse-workspace\Bets2020-Master\src\main\resources\bets.temp' is opened by 21404@DESKTOP-UOETFC7

[2020-03-30 21:51:55 #2 type] 
Type domain.Question is not enhanced.

[2020-03-30 21:51:55 #3 type] 
Type domain.Event is not enhanced.

[2020-03-30 21:51:55 #4 type] 
Type domain.user is not enhanced.

[2020-03-30 21:51:55 #5 type] 
Type domain.Kuota is not enhanced.

[2020-03-30 21:51:55 #6 type] 
Type domain.Admin is not enhanced.

[2020-03-30 21:51:55 #7 type] 
Type domain.NormalUser is not enhanced.

[2020-03-30 21:51:55 #8 type] 
Type domain.Apustua is not enhanced.

------------------------------------------------------------------------------------------------------------------------

[2020-03-30 21:52:45 #1 store] 
Database 'C:\Users\asier\eclipse-workspace\Bets2020-Master\src\main\resources\bets.temp' is opened by 21796@DESKTOP-UOETFC7

[2020-03-30 21:52:46 #2 type] 
Type domain.Question is not enhanced.

[2020-03-30 21:52:46 #3 type] 
Type domain.Event is not enhanced.

[2020-03-30 21:52:46 #4 type] 
Type domain.user is not enhanced.

[2020-03-30 21:52:46 #5 type] 
Type domain.Kuota is not enhanced.

[2020-03-30 21:52:46 #6 type] 
Type domain.Admin is not enhanced.

[2020-03-30 21:52:46 #7 type] 
Type domain.NormalUser is not enhanced.

[2020-03-30 21:52:46 #8 type] 
Type domain.Apustua is not enhanced.

