------------------------------------------------------------------------------------------------------------------------

[2020-05-04 15:42:17 #1 store] 
Database 'C:\Users\asier\git\2.Iterazioa\AsierFernjandez_2_Iterazioa\src\main\resources\bets.temp' is opened by 12340@DESKTOP-UOETFC7

[2020-05-04 15:42:18 #2 type] 
Type domain.Question is not enhanced.

[2020-05-04 15:42:18 #3 type] 
Type domain.Event is not enhanced.

[2020-05-04 15:42:18 #4 type] 
Type domain.user is not enhanced.

[2020-05-04 15:42:18 #5 type] 
Type domain.Kuota is not enhanced.

[2020-05-04 15:42:18 #6 type] 
Type domain.Admin is not enhanced.

[2020-05-04 15:42:18 #7 type] 
Type domain.NormalUser is not enhanced.

[2020-05-04 15:42:18 #8 type] 
Type domain.Apustua is not enhanced.

------------------------------------------------------------------------------------------------------------------------

[2020-05-04 15:42:50 #1 store] 
Database 'C:\Users\asier\git\2.Iterazioa\AsierFernjandez_2_Iterazioa\src\main\resources\bets.temp' is opened by 23192@DESKTOP-UOETFC7

[2020-05-04 15:42:50 #2 type] 
Type domain.Question is not enhanced.

[2020-05-04 15:42:50 #3 type] 
Type domain.Event is not enhanced.

[2020-05-04 15:42:50 #4 type] 
Type domain.user is not enhanced.

[2020-05-04 15:42:50 #5 type] 
Type domain.Kuota is not enhanced.

[2020-05-04 15:42:50 #6 type] 
Type domain.Admin is not enhanced.

[2020-05-04 15:42:50 #7 type] 
Type domain.NormalUser is not enhanced.

[2020-05-04 15:42:50 #8 type] 
Type domain.Apustua is not enhanced.

------------------------------------------------------------------------------------------------------------------------

[2020-05-04 15:44:18 #1 store] 
Database 'C:\Users\asier\git\2.Iterazioa\AsierFernjandez_2_Iterazioa\src\main\resources\bets.temp' is opened by 12540@DESKTOP-UOETFC7

[2020-05-04 15:44:18 #2 type] 
Type domain.Question is not enhanced.

[2020-05-04 15:44:18 #3 type] 
Type domain.Event is not enhanced.

[2020-05-04 15:44:18 #4 type] 
Type domain.user is not enhanced.

[2020-05-04 15:44:18 #5 type] 
Type domain.Kuota is not enhanced.

[2020-05-04 15:44:18 #6 type] 
Type domain.Admin is not enhanced.

[2020-05-04 15:44:18 #7 type] 
Type domain.NormalUser is not enhanced.

[2020-05-04 15:44:18 #8 type] 
Type domain.Apustua is not enhanced.

------------------------------------------------------------------------------------------------------------------------

[2020-05-04 15:47:18 #1 store] 
Database 'C:\Users\asier\git\2.Iterazioa\AsierFernjandez_2_Iterazioa\src\main\resources\bets.temp' is opened by 16336@DESKTOP-UOETFC7

[2020-05-04 15:47:18 #2 type] 
Type domain.Question is not enhanced.

[2020-05-04 15:47:18 #3 type] 
Type domain.Event is not enhanced.

[2020-05-04 15:47:18 #4 type] 
Type domain.user is not enhanced.

[2020-05-04 15:47:18 #5 type] 
Type domain.Kuota is not enhanced.

[2020-05-04 15:47:18 #6 type] 
Type domain.Admin is not enhanced.

[2020-05-04 15:47:18 #7 type] 
Type domain.NormalUser is not enhanced.

[2020-05-04 15:47:18 #8 type] 
Type domain.Apustua is not enhanced.

------------------------------------------------------------------------------------------------------------------------

[2020-05-04 15:47:49 #1 store] 
Database 'C:\Users\asier\git\2.Iterazioa\AsierFernjandez_2_Iterazioa\src\main\resources\bets.temp' is opened by 16132@DESKTOP-UOETFC7

[2020-05-04 15:47:49 #2 type] 
Type domain.Question is not enhanced.

[2020-05-04 15:47:49 #3 type] 
Type domain.Event is not enhanced.

[2020-05-04 15:47:49 #4 type] 
Type domain.user is not enhanced.

[2020-05-04 15:47:49 #5 type] 
Type domain.Kuota is not enhanced.

[2020-05-04 15:47:49 #6 type] 
Type domain.Admin is not enhanced.

[2020-05-04 15:47:49 #7 type] 
Type domain.NormalUser is not enhanced.

[2020-05-04 15:47:49 #8 type] 
Type domain.Apustua is not enhanced.

------------------------------------------------------------------------------------------------------------------------

[2020-05-04 15:51:55 #1 store] 
Database 'C:\Users\asier\git\2.Iterazioa\AsierFernjandez_2_Iterazioa\src\main\resources\bets.temp' is opened by 10256@DESKTOP-UOETFC7

[2020-05-04 15:51:55 #2 type] 
Type domain.Question is not enhanced.

[2020-05-04 15:51:55 #3 type] 
Type domain.Event is not enhanced.

[2020-05-04 15:51:55 #4 type] 
Type domain.user is not enhanced.

[2020-05-04 15:51:55 #5 type] 
Type domain.Kuota is not enhanced.

[2020-05-04 15:51:55 #6 type] 
Type domain.Admin is not enhanced.

[2020-05-04 15:51:55 #7 type] 
Type domain.NormalUser is not enhanced.

[2020-05-04 15:51:55 #8 type] 
Type domain.Apustua is not enhanced.

------------------------------------------------------------------------------------------------------------------------

[2020-05-04 15:55:59 #1 store] 
Database 'C:\Users\asier\git\2.Iterazioa\AsierFernjandez_2_Iterazioa\src\main\resources\bets.temp' is opened by 15436@DESKTOP-UOETFC7

[2020-05-04 15:55:59 #2 type] 
Type domain.Question is not enhanced.

[2020-05-04 15:55:59 #3 type] 
Type domain.Event is not enhanced.

[2020-05-04 15:55:59 #4 type] 
Type domain.user is not enhanced.

[2020-05-04 15:55:59 #5 type] 
Type domain.Kuota is not enhanced.

[2020-05-04 15:55:59 #6 type] 
Type domain.Admin is not enhanced.

[2020-05-04 15:55:59 #7 type] 
Type domain.NormalUser is not enhanced.

[2020-05-04 15:55:59 #8 type] 
Type domain.Apustua is not enhanced.

------------------------------------------------------------------------------------------------------------------------

[2020-05-04 15:59:01 #1 store] 
Database 'C:\Users\asier\git\2.Iterazioa\AsierFernjandez_2_Iterazioa\src\main\resources\bets.temp' is opened by 4804@DESKTOP-UOETFC7

[2020-05-04 15:59:01 #2 type] 
Type domain.Question is not enhanced.

[2020-05-04 15:59:01 #3 type] 
Type domain.Event is not enhanced.

[2020-05-04 15:59:01 #4 type] 
Type domain.user is not enhanced.

[2020-05-04 15:59:01 #5 type] 
Type domain.Kuota is not enhanced.

[2020-05-04 15:59:01 #6 type] 
Type domain.Admin is not enhanced.

[2020-05-04 15:59:01 #7 type] 
Type domain.NormalUser is not enhanced.

[2020-05-04 15:59:01 #8 type] 
Type domain.Apustua is not enhanced.

------------------------------------------------------------------------------------------------------------------------

[2020-05-04 16:01:31 #1 store] 
Database 'C:\Users\asier\git\2.Iterazioa\AsierFernjandez_2_Iterazioa\src\main\resources\bets.temp' is opened by 8696@DESKTOP-UOETFC7

[2020-05-04 16:01:31 #2 type] 
Type domain.Question is not enhanced.

[2020-05-04 16:01:31 #3 type] 
Type domain.Event is not enhanced.

[2020-05-04 16:01:31 #4 type] 
Type domain.user is not enhanced.

[2020-05-04 16:01:31 #5 type] 
Type domain.Kuota is not enhanced.

[2020-05-04 16:01:31 #6 type] 
Type domain.Admin is not enhanced.

[2020-05-04 16:01:31 #7 type] 
Type domain.NormalUser is not enhanced.

[2020-05-04 16:01:31 #8 type] 
Type domain.Apustua is not enhanced.

------------------------------------------------------------------------------------------------------------------------

[2020-05-04 16:01:51 #1 store] 
Database 'C:\Users\asier\git\2.Iterazioa\AsierFernjandez_2_Iterazioa\src\main\resources\bets.temp' is opened by 10732@DESKTOP-UOETFC7

[2020-05-04 16:01:52 #2 type] 
Type domain.Question is not enhanced.

[2020-05-04 16:01:52 #3 type] 
Type domain.Event is not enhanced.

[2020-05-04 16:01:52 #4 type] 
Type domain.user is not enhanced.

[2020-05-04 16:01:52 #5 type] 
Type domain.Kuota is not enhanced.

[2020-05-04 16:01:52 #6 type] 
Type domain.Admin is not enhanced.

[2020-05-04 16:01:52 #7 type] 
Type domain.NormalUser is not enhanced.

[2020-05-04 16:01:52 #8 type] 
Type domain.Apustua is not enhanced.

------------------------------------------------------------------------------------------------------------------------

[2020-05-04 16:03:30 #1 store] 
Database 'C:\Users\asier\git\2.Iterazioa\AsierFernjandez_2_Iterazioa\src\main\resources\bets.temp' has been recovered (tr. 755-759)

[2020-05-04 16:03:30 #2 store] 
Database 'C:\Users\asier\git\2.Iterazioa\AsierFernjandez_2_Iterazioa\src\main\resources\bets.temp' is opened by 5784@DESKTOP-UOETFC7

[2020-05-04 16:03:30 #3 type] 
Type domain.Question is not enhanced.

[2020-05-04 16:03:30 #4 type] 
Type domain.Event is not enhanced.

[2020-05-04 16:03:30 #5 type] 
Type domain.user is not enhanced.

[2020-05-04 16:03:30 #6 type] 
Type domain.Kuota is not enhanced.

[2020-05-04 16:03:30 #7 type] 
Type domain.Admin is not enhanced.

[2020-05-04 16:03:30 #8 type] 
Type domain.NormalUser is not enhanced.

[2020-05-04 16:03:30 #9 type] 
Type domain.Apustua is not enhanced.

------------------------------------------------------------------------------------------------------------------------

[2020-05-04 16:07:48 #1 store] 
Database 'C:\Users\asier\git\2.Iterazioa\AsierFernjandez_2_Iterazioa\src\main\resources\bets.temp' is opened by 20680@DESKTOP-UOETFC7

[2020-05-04 16:07:48 #2 type] 
Type domain.Question is not enhanced.

[2020-05-04 16:07:48 #3 type] 
Type domain.Event is not enhanced.

[2020-05-04 16:07:48 #4 type] 
Type domain.user is not enhanced.

[2020-05-04 16:07:48 #5 type] 
Type domain.Kuota is not enhanced.

[2020-05-04 16:07:48 #6 type] 
Type domain.Admin is not enhanced.

[2020-05-04 16:07:48 #7 type] 
Type domain.NormalUser is not enhanced.

[2020-05-04 16:07:48 #8 type] 
Type domain.Apustua is not enhanced.

------------------------------------------------------------------------------------------------------------------------

[2020-05-04 16:09:52 #1 store] 
Database 'C:\Users\asier\git\2.Iterazioa\AsierFernjandez_2_Iterazioa\src\main\resources\bets.temp' has been recovered (tr. 763-764)

[2020-05-04 16:09:52 #2 store] 
Database 'C:\Users\asier\git\2.Iterazioa\AsierFernjandez_2_Iterazioa\src\main\resources\bets.temp' is opened by 11188@DESKTOP-UOETFC7

[2020-05-04 16:09:52 #3 type] 
Type domain.Question is not enhanced.

[2020-05-04 16:09:52 #4 type] 
Type domain.Event is not enhanced.

[2020-05-04 16:09:52 #5 type] 
Type domain.user is not enhanced.

[2020-05-04 16:09:52 #6 type] 
Type domain.Kuota is not enhanced.

[2020-05-04 16:09:52 #7 type] 
Type domain.Admin is not enhanced.

[2020-05-04 16:09:52 #8 type] 
Type domain.NormalUser is not enhanced.

[2020-05-04 16:09:52 #9 type] 
Type domain.Apustua is not enhanced.

------------------------------------------------------------------------------------------------------------------------

[2020-05-04 16:12:49 #1 store] 
Database 'C:\Users\asier\git\2.Iterazioa\AsierFernjandez_2_Iterazioa\src\main\resources\bets.temp' has been recovered (tr. 765-767)

[2020-05-04 16:12:49 #2 store] 
Database 'C:\Users\asier\git\2.Iterazioa\AsierFernjandez_2_Iterazioa\src\main\resources\bets.temp' is opened by 13920@DESKTOP-UOETFC7

[2020-05-04 16:12:50 #3 type] 
Type domain.Question is not enhanced.

[2020-05-04 16:12:50 #4 type] 
Type domain.Event is not enhanced.

[2020-05-04 16:12:50 #5 type] 
Type domain.user is not enhanced.

[2020-05-04 16:12:50 #6 type] 
Type domain.Kuota is not enhanced.

[2020-05-04 16:12:50 #7 type] 
Type domain.Admin is not enhanced.

[2020-05-04 16:12:50 #8 type] 
Type domain.NormalUser is not enhanced.

[2020-05-04 16:12:50 #9 type] 
Type domain.Apustua is not enhanced.

------------------------------------------------------------------------------------------------------------------------

[2020-05-04 16:15:38 #1 store] 
Database 'C:\Users\asier\git\2.Iterazioa\AsierFernjandez_2_Iterazioa\src\main\resources\bets.temp' has been recovered (tr. 768-769)

[2020-05-04 16:15:38 #2 store] 
Database 'C:\Users\asier\git\2.Iterazioa\AsierFernjandez_2_Iterazioa\src\main\resources\bets.temp' is opened by 10376@DESKTOP-UOETFC7

[2020-05-04 16:15:38 #3 type] 
Type domain.Question is not enhanced.

[2020-05-04 16:15:38 #4 type] 
Type domain.Event is not enhanced.

[2020-05-04 16:15:38 #5 type] 
Type domain.user is not enhanced.

[2020-05-04 16:15:38 #6 type] 
Type domain.Kuota is not enhanced.

[2020-05-04 16:15:38 #7 type] 
Type domain.Admin is not enhanced.

[2020-05-04 16:15:38 #8 type] 
Type domain.NormalUser is not enhanced.

[2020-05-04 16:15:38 #9 type] 
Type domain.Apustua is not enhanced.

------------------------------------------------------------------------------------------------------------------------

[2020-05-04 16:23:00 #1 store] 
Database 'C:\Users\asier\git\2.Iterazioa\AsierFernjandez_2_Iterazioa\src\main\resources\bets.temp' is opened by 11296@DESKTOP-UOETFC7

[2020-05-04 16:23:00 #2 type] 
Type domain.Question is not enhanced.

[2020-05-04 16:23:00 #3 type] 
Type domain.Event is not enhanced.

[2020-05-04 16:23:00 #4 type] 
Type domain.user is not enhanced.

[2020-05-04 16:23:00 #5 type] 
Type domain.Kuota is not enhanced.

[2020-05-04 16:23:00 #6 type] 
Type domain.Admin is not enhanced.

[2020-05-04 16:23:00 #7 type] 
Type domain.NormalUser is not enhanced.

[2020-05-04 16:23:00 #8 type] 
Type domain.Apustua is not enhanced.

------------------------------------------------------------------------------------------------------------------------

[2020-05-04 16:32:31 #1 store] 
Database 'C:\Users\asier\git\2.Iterazioa\AsierFernjandez_2_Iterazioa\src\main\resources\bets.temp' has been recovered (tr. 770-772)

[2020-05-04 16:32:31 #2 store] 
Database 'C:\Users\asier\git\2.Iterazioa\AsierFernjandez_2_Iterazioa\src\main\resources\bets.temp' is opened by 11660@DESKTOP-UOETFC7

[2020-05-04 16:32:31 #3 type] 
Type domain.Question is not enhanced.

[2020-05-04 16:32:31 #4 type] 
Type domain.Event is not enhanced.

[2020-05-04 16:32:31 #5 type] 
Type domain.user is not enhanced.

[2020-05-04 16:32:31 #6 type] 
Type domain.Kuota is not enhanced.

[2020-05-04 16:32:31 #7 type] 
Type domain.Admin is not enhanced.

[2020-05-04 16:32:31 #8 type] 
Type domain.NormalUser is not enhanced.

[2020-05-04 16:32:31 #9 type] 
Type domain.Apustua is not enhanced.

------------------------------------------------------------------------------------------------------------------------

[2020-05-04 16:38:05 #1 store] 
Database 'C:\Users\asier\git\2.Iterazioa\AsierFernjandez_2_Iterazioa\src\main\resources\bets.temp' has been recovered (tr. 773-777)

[2020-05-04 16:38:05 #2 store] 
Database 'C:\Users\asier\git\2.Iterazioa\AsierFernjandez_2_Iterazioa\src\main\resources\bets.temp' is opened by 11660@DESKTOP-UOETFC7

[2020-05-04 16:38:05 #3 type] 
Type domain.Question is not enhanced.

[2020-05-04 16:38:05 #4 type] 
Type domain.Event is not enhanced.

[2020-05-04 16:38:05 #5 type] 
Type domain.user is not enhanced.

[2020-05-04 16:38:05 #6 type] 
Type domain.Kuota is not enhanced.

[2020-05-04 16:38:05 #7 type] 
Type domain.Admin is not enhanced.

[2020-05-04 16:38:05 #8 type] 
Type domain.NormalUser is not enhanced.

[2020-05-04 16:38:05 #9 type] 
Type domain.Apustua is not enhanced.

------------------------------------------------------------------------------------------------------------------------

[2020-05-04 16:41:53 #1 store] 
Database 'C:\Users\asier\git\2.Iterazioa\AsierFernjandez_2_Iterazioa\src\main\resources\bets.temp' has been recovered (tr. 778-782)

[2020-05-04 16:41:53 #2 store] 
Database 'C:\Users\asier\git\2.Iterazioa\AsierFernjandez_2_Iterazioa\src\main\resources\bets.temp' is opened by 1144@DESKTOP-UOETFC7

[2020-05-04 16:41:53 #3 type] 
Type domain.Question is not enhanced.

[2020-05-04 16:41:53 #4 type] 
Type domain.Event is not enhanced.

[2020-05-04 16:41:53 #5 type] 
Type domain.user is not enhanced.

[2020-05-04 16:41:53 #6 type] 
Type domain.Kuota is not enhanced.

[2020-05-04 16:41:53 #7 type] 
Type domain.Admin is not enhanced.

[2020-05-04 16:41:53 #8 type] 
Type domain.NormalUser is not enhanced.

[2020-05-04 16:41:53 #9 type] 
Type domain.Apustua is not enhanced.

------------------------------------------------------------------------------------------------------------------------

[2020-05-04 16:45:49 #1 store] 
Database 'C:\Users\asier\git\2.Iterazioa\AsierFernjandez_2_Iterazioa\src\main\resources\bets.temp' has been recovered (tr. 783-787)

[2020-05-04 16:45:50 #2 store] 
Database 'C:\Users\asier\git\2.Iterazioa\AsierFernjandez_2_Iterazioa\src\main\resources\bets.temp' is opened by 16648@DESKTOP-UOETFC7

[2020-05-04 16:45:50 #3 type] 
Type domain.Question is not enhanced.

[2020-05-04 16:45:50 #4 type] 
Type domain.Event is not enhanced.

[2020-05-04 16:45:50 #5 type] 
Type domain.user is not enhanced.

[2020-05-04 16:45:50 #6 type] 
Type domain.Kuota is not enhanced.

[2020-05-04 16:45:50 #7 type] 
Type domain.Admin is not enhanced.

[2020-05-04 16:45:50 #8 type] 
Type domain.NormalUser is not enhanced.

[2020-05-04 16:45:50 #9 type] 
Type domain.Apustua is not enhanced.

