------------------------------------------------------------------------------------------------------------------------

[2020-05-05 18:42:58 #1 store] 
Database 'C:\Users\asier\git\2.Iterazioa\AsierFernjandez_2_Iterazioa\src\main\resources\bets.temp' has been recovered (tr. 788-792)

[2020-05-05 18:42:58 #2 store] 
Database 'C:\Users\asier\git\2.Iterazioa\AsierFernjandez_2_Iterazioa\src\main\resources\bets.temp' is opened by 1556@DESKTOP-UOETFC7

[2020-05-05 18:42:58 #3 type] 
Type domain.Question is not enhanced.

[2020-05-05 18:42:58 #4 type] 
Type domain.Event is not enhanced.

[2020-05-05 18:42:58 #5 type] 
Type domain.user is not enhanced.

[2020-05-05 18:42:58 #6 type] 
Type domain.Kuota is not enhanced.

[2020-05-05 18:42:58 #7 type] 
Type domain.Admin is not enhanced.

[2020-05-05 18:42:58 #8 type] 
Type domain.NormalUser is not enhanced.

[2020-05-05 18:42:58 #9 type] 
Type domain.Apustua is not enhanced.

------------------------------------------------------------------------------------------------------------------------

[2020-05-05 18:54:36 #1 store] 
Database 'C:\Users\asier\git\2.Iterazioa\AsierFernjandez_2_Iterazioa\src\main\resources\bets.temp' has been recovered (tr. 793-793)

[2020-05-05 18:54:37 #2 store] 
Database 'C:\Users\asier\git\2.Iterazioa\AsierFernjandez_2_Iterazioa\src\main\resources\bets.temp' is opened by 3340@DESKTOP-UOETFC7

[2020-05-05 18:54:37 #3 type] 
Type domain.Question is not enhanced.

[2020-05-05 18:54:37 #4 type] 
Type domain.Event is not enhanced.

[2020-05-05 18:54:37 #5 type] 
Type domain.user is not enhanced.

[2020-05-05 18:54:37 #6 type] 
Type domain.Kuota is not enhanced.

[2020-05-05 18:54:37 #7 type] 
Type domain.Admin is not enhanced.

[2020-05-05 18:54:37 #8 type] 
Type domain.NormalUser is not enhanced.

[2020-05-05 18:54:37 #9 type] 
Type domain.Apustua is not enhanced.

------------------------------------------------------------------------------------------------------------------------

[2020-05-05 18:56:23 #1 store] 
Database 'C:\Users\asier\git\2.Iterazioa\AsierFernjandez_2_Iterazioa\src\main\resources\bets.temp' is opened by 11292@DESKTOP-UOETFC7

[2020-05-05 18:56:23 #2 type] 
Type domain.Question is not enhanced.

[2020-05-05 18:56:23 #3 type] 
Type domain.Event is not enhanced.

[2020-05-05 18:56:23 #4 type] 
Type domain.user is not enhanced.

[2020-05-05 18:56:23 #5 type] 
Type domain.Kuota is not enhanced.

[2020-05-05 18:56:23 #6 type] 
Type domain.Admin is not enhanced.

[2020-05-05 18:56:23 #7 type] 
Type domain.NormalUser is not enhanced.

[2020-05-05 18:56:23 #8 type] 
Type domain.Apustua is not enhanced.

------------------------------------------------------------------------------------------------------------------------

[2020-05-05 19:02:58 #1 store] 
Database 'C:\Users\asier\git\2.Iterazioa\AsierFernjandez_2_Iterazioa\src\main\resources\bets.temp' is opened by 6576@DESKTOP-UOETFC7

[2020-05-05 19:02:58 #2 type] 
Type domain.Question is not enhanced.

[2020-05-05 19:02:58 #3 type] 
Type domain.Event is not enhanced.

[2020-05-05 19:02:58 #4 type] 
Type domain.user is not enhanced.

[2020-05-05 19:02:58 #5 type] 
Type domain.Kuota is not enhanced.

[2020-05-05 19:02:58 #6 type] 
Type domain.Admin is not enhanced.

[2020-05-05 19:02:58 #7 type] 
Type domain.NormalUser is not enhanced.

[2020-05-05 19:02:58 #8 type] 
Type domain.Apustua is not enhanced.

------------------------------------------------------------------------------------------------------------------------

[2020-05-05 19:05:13 #1 store] 
Database 'C:\Users\asier\git\2.Iterazioa\AsierFernjandez_2_Iterazioa\src\main\resources\bets.temp' is opened by 8312@DESKTOP-UOETFC7

[2020-05-05 19:05:13 #2 type] 
Type domain.Question is not enhanced.

[2020-05-05 19:05:13 #3 type] 
Type domain.Event is not enhanced.

[2020-05-05 19:05:13 #4 type] 
Type domain.user is not enhanced.

[2020-05-05 19:05:13 #5 type] 
Type domain.Kuota is not enhanced.

[2020-05-05 19:05:13 #6 type] 
Type domain.Admin is not enhanced.

[2020-05-05 19:05:13 #7 type] 
Type domain.NormalUser is not enhanced.

[2020-05-05 19:05:13 #8 type] 
Type domain.Apustua is not enhanced.

------------------------------------------------------------------------------------------------------------------------

[2020-05-05 19:06:43 #1 store] 
Database 'C:\Users\asier\git\2.Iterazioa\AsierFernjandez_2_Iterazioa\src\main\resources\bets.temp' is opened by 4172@DESKTOP-UOETFC7

[2020-05-05 19:06:44 #2 type] 
Type domain.Question is not enhanced.

[2020-05-05 19:06:44 #3 type] 
Type domain.Event is not enhanced.

[2020-05-05 19:06:44 #4 type] 
Type domain.user is not enhanced.

[2020-05-05 19:06:44 #5 type] 
Type domain.Kuota is not enhanced.

[2020-05-05 19:06:44 #6 type] 
Type domain.Admin is not enhanced.

[2020-05-05 19:06:44 #7 type] 
Type domain.NormalUser is not enhanced.

[2020-05-05 19:06:44 #8 type] 
Type domain.Apustua is not enhanced.

------------------------------------------------------------------------------------------------------------------------

[2020-05-05 19:14:38 #1 store] 
Database 'C:\Users\asier\git\2.Iterazioa\AsierFernjandez_2_Iterazioa\src\main\resources\bets.temp' is opened by 1212@DESKTOP-UOETFC7

[2020-05-05 19:14:38 #2 type] 
Type domain.Question is not enhanced.

[2020-05-05 19:14:38 #3 type] 
Type domain.Event is not enhanced.

[2020-05-05 19:14:38 #4 type] 
Type domain.user is not enhanced.

[2020-05-05 19:14:38 #5 type] 
Type domain.Kuota is not enhanced.

[2020-05-05 19:14:38 #6 type] 
Type domain.Admin is not enhanced.

[2020-05-05 19:14:38 #7 type] 
Type domain.NormalUser is not enhanced.

[2020-05-05 19:14:38 #8 type] 
Type domain.Apustua is not enhanced.

------------------------------------------------------------------------------------------------------------------------

[2020-05-05 19:24:14 #1 store] 
Database 'C:\Users\asier\git\2.Iterazioa\AsierFernjandez_2_Iterazioa\src\main\resources\bets.temp' has been recovered (tr. 794-794)

[2020-05-05 19:24:14 #2 store] 
Database 'C:\Users\asier\git\2.Iterazioa\AsierFernjandez_2_Iterazioa\src\main\resources\bets.temp' is opened by 14376@DESKTOP-UOETFC7

[2020-05-05 19:24:15 #3 type] 
Type domain.Question is not enhanced.

[2020-05-05 19:24:15 #4 type] 
Type domain.Event is not enhanced.

[2020-05-05 19:24:15 #5 type] 
Type domain.user is not enhanced.

[2020-05-05 19:24:15 #6 type] 
Type domain.Kuota is not enhanced.

[2020-05-05 19:24:15 #7 type] 
Type domain.Admin is not enhanced.

[2020-05-05 19:24:15 #8 type] 
Type domain.NormalUser is not enhanced.

[2020-05-05 19:24:15 #9 type] 
Type domain.Apustua is not enhanced.

------------------------------------------------------------------------------------------------------------------------

[2020-05-05 19:31:42 #1 store] 
Database 'C:\Users\asier\git\2.Iterazioa\AsierFernjandez_2_Iterazioa\src\main\resources\bets.temp' is opened by 11336@DESKTOP-UOETFC7

[2020-05-05 19:31:42 #2 type] 
Type domain.Question is not enhanced.

[2020-05-05 19:31:42 #3 type] 
Type domain.Event is not enhanced.

[2020-05-05 19:31:42 #4 type] 
Type domain.user is not enhanced.

[2020-05-05 19:31:42 #5 type] 
Type domain.Kuota is not enhanced.

[2020-05-05 19:31:42 #6 type] 
Type domain.Admin is not enhanced.

[2020-05-05 19:31:42 #7 type] 
Type domain.NormalUser is not enhanced.

[2020-05-05 19:31:42 #8 type] 
Type domain.Apustua is not enhanced.

------------------------------------------------------------------------------------------------------------------------

[2020-05-05 19:32:38 #1 store] 
Database 'C:\Users\asier\git\2.Iterazioa\AsierFernjandez_2_Iterazioa\src\main\resources\bets.temp' is opened by 10408@DESKTOP-UOETFC7

[2020-05-05 19:32:39 #2 type] 
Type domain.Question is not enhanced.

[2020-05-05 19:32:39 #3 type] 
Type domain.Event is not enhanced.

[2020-05-05 19:32:39 #4 type] 
Type domain.user is not enhanced.

[2020-05-05 19:32:39 #5 type] 
Type domain.Kuota is not enhanced.

[2020-05-05 19:32:39 #6 type] 
Type domain.Admin is not enhanced.

[2020-05-05 19:32:39 #7 type] 
Type domain.NormalUser is not enhanced.

[2020-05-05 19:32:39 #8 type] 
Type domain.Apustua is not enhanced.

------------------------------------------------------------------------------------------------------------------------

[2020-05-05 19:34:03 #1 store] 
Database 'C:\Users\asier\git\2.Iterazioa\AsierFernjandez_2_Iterazioa\src\main\resources\bets.temp' is opened by 10616@DESKTOP-UOETFC7

[2020-05-05 19:34:03 #2 type] 
Type domain.Question is not enhanced.

[2020-05-05 19:34:03 #3 type] 
Type domain.Event is not enhanced.

[2020-05-05 19:34:03 #4 type] 
Type domain.user is not enhanced.

[2020-05-05 19:34:03 #5 type] 
Type domain.Kuota is not enhanced.

[2020-05-05 19:34:03 #6 type] 
Type domain.Admin is not enhanced.

[2020-05-05 19:34:03 #7 type] 
Type domain.NormalUser is not enhanced.

[2020-05-05 19:34:03 #8 type] 
Type domain.Apustua is not enhanced.

------------------------------------------------------------------------------------------------------------------------

[2020-05-05 19:37:07 #1 store] 
Database 'C:\Users\asier\git\2.Iterazioa\AsierFernjandez_2_Iterazioa\src\main\resources\bets.temp' is opened by 3568@DESKTOP-UOETFC7

[2020-05-05 19:37:07 #2 type] 
Type domain.Question is not enhanced.

[2020-05-05 19:37:07 #3 type] 
Type domain.Event is not enhanced.

[2020-05-05 19:37:07 #4 type] 
Type domain.user is not enhanced.

[2020-05-05 19:37:07 #5 type] 
Type domain.Kuota is not enhanced.

[2020-05-05 19:37:07 #6 type] 
Type domain.Admin is not enhanced.

[2020-05-05 19:37:07 #7 type] 
Type domain.NormalUser is not enhanced.

[2020-05-05 19:37:07 #8 type] 
Type domain.Apustua is not enhanced.

------------------------------------------------------------------------------------------------------------------------

[2020-05-05 19:40:42 #1 store] 
Database 'C:\Users\asier\git\2.Iterazioa\AsierFernjandez_2_Iterazioa\src\main\resources\bets.temp' is opened by 6052@DESKTOP-UOETFC7

[2020-05-05 19:40:42 #2 type] 
Type domain.Question is not enhanced.

[2020-05-05 19:40:42 #3 type] 
Type domain.Event is not enhanced.

[2020-05-05 19:40:42 #4 type] 
Type domain.user is not enhanced.

[2020-05-05 19:40:42 #5 type] 
Type domain.Kuota is not enhanced.

[2020-05-05 19:40:42 #6 type] 
Type domain.Admin is not enhanced.

[2020-05-05 19:40:42 #7 type] 
Type domain.NormalUser is not enhanced.

[2020-05-05 19:40:42 #8 type] 
Type domain.Apustua is not enhanced.

------------------------------------------------------------------------------------------------------------------------

[2020-05-05 19:46:36 #1 store] 
Database 'C:\Users\asier\git\2.Iterazioa\AsierFernjandez_2_Iterazioa\src\main\resources\bets.temp' is opened by 10716@DESKTOP-UOETFC7

[2020-05-05 19:46:36 #2 type] 
Type domain.Question is not enhanced.

[2020-05-05 19:46:36 #3 type] 
Type domain.Event is not enhanced.

[2020-05-05 19:46:36 #4 type] 
Type domain.user is not enhanced.

[2020-05-05 19:46:36 #5 type] 
Type domain.Kuota is not enhanced.

[2020-05-05 19:46:36 #6 type] 
Type domain.Admin is not enhanced.

[2020-05-05 19:46:36 #7 type] 
Type domain.NormalUser is not enhanced.

[2020-05-05 19:46:36 #8 type] 
Type domain.Apustua is not enhanced.

------------------------------------------------------------------------------------------------------------------------

[2020-05-05 20:08:26 #1 store] 
Database 'C:\Users\asier\git\2.Iterazioa\AsierFernjandez_2_Iterazioa\src\main\resources\bets.temp' is opened by 5016@DESKTOP-UOETFC7

[2020-05-05 20:08:26 #2 type] 
Type domain.Question is not enhanced.

[2020-05-05 20:08:26 #3 type] 
Type domain.Event is not enhanced.

[2020-05-05 20:08:26 #4 type] 
Type domain.user is not enhanced.

[2020-05-05 20:08:26 #5 type] 
Type domain.Kuota is not enhanced.

[2020-05-05 20:08:26 #6 type] 
Type domain.Admin is not enhanced.

[2020-05-05 20:08:26 #7 type] 
Type domain.NormalUser is not enhanced.

[2020-05-05 20:08:26 #8 type] 
Type domain.Apustua is not enhanced.

------------------------------------------------------------------------------------------------------------------------

[2020-05-05 20:09:40 #1 store] 
Database 'C:\Users\asier\git\2.Iterazioa\AsierFernjandez_2_Iterazioa\src\main\resources\bets.temp' is opened by 14880@DESKTOP-UOETFC7

[2020-05-05 20:09:40 #2 type] 
Type domain.Question is not enhanced.

[2020-05-05 20:09:40 #3 type] 
Type domain.Event is not enhanced.

[2020-05-05 20:09:40 #4 type] 
Type domain.user is not enhanced.

[2020-05-05 20:09:40 #5 type] 
Type domain.Kuota is not enhanced.

[2020-05-05 20:09:40 #6 type] 
Type domain.Admin is not enhanced.

[2020-05-05 20:09:41 #7 type] 
Type domain.NormalUser is not enhanced.

[2020-05-05 20:09:41 #8 type] 
Type domain.Apustua is not enhanced.

------------------------------------------------------------------------------------------------------------------------

[2020-05-05 20:11:08 #1 store] 
Database 'C:\Users\asier\git\2.Iterazioa\AsierFernjandez_2_Iterazioa\src\main\resources\bets.temp' is opened by 848@DESKTOP-UOETFC7

[2020-05-05 20:11:08 #2 type] 
Type domain.Question is not enhanced.

[2020-05-05 20:11:08 #3 type] 
Type domain.Event is not enhanced.

[2020-05-05 20:11:08 #4 type] 
Type domain.user is not enhanced.

[2020-05-05 20:11:08 #5 type] 
Type domain.Kuota is not enhanced.

[2020-05-05 20:11:08 #6 type] 
Type domain.Admin is not enhanced.

[2020-05-05 20:11:08 #7 type] 
Type domain.NormalUser is not enhanced.

[2020-05-05 20:11:08 #8 type] 
Type domain.Apustua is not enhanced.

------------------------------------------------------------------------------------------------------------------------

[2020-05-05 20:17:38 #1 store] 
Database 'C:\Users\asier\git\2.Iterazioa\AsierFernjandez_2_Iterazioa\src\main\resources\bets.temp' is opened by 15488@DESKTOP-UOETFC7

[2020-05-05 20:17:39 #2 type] 
Type domain.Question is not enhanced.

[2020-05-05 20:17:39 #3 type] 
Type domain.Event is not enhanced.

[2020-05-05 20:17:39 #4 type] 
Type domain.user is not enhanced.

[2020-05-05 20:17:39 #5 type] 
Type domain.Kuota is not enhanced.

[2020-05-05 20:17:39 #6 type] 
Type domain.Admin is not enhanced.

[2020-05-05 20:17:39 #7 type] 
Type domain.NormalUser is not enhanced.

[2020-05-05 20:17:39 #8 type] 
Type domain.Apustua is not enhanced.

