------------------------------------------------------------------------------------------------------------------------

[2020-03-22 16:03:38 #1 store] 
Database 'C:\Users\asier\eclipse-workspace\Bets2020-Master\src\main\resources\bets.temp' is opened by 16312@DESKTOP-UOETFC7

[2020-03-22 16:03:39 #2 type] 
Type domain.Question is not enhanced.

[2020-03-22 16:03:39 #3 type] 
Type domain.Event is not enhanced.

[2020-03-22 16:03:39 #4 type] 
Type domain.user is not enhanced.

[2020-03-22 16:03:39 #5 type] 
Type domain.Kuota is not enhanced.

[2020-03-22 16:03:39 #6 type] 
Type domain.Admin is not enhanced.

[2020-03-22 16:03:39 #7 type] 
Type domain.NormalUser is not enhanced.

[2020-03-22 16:03:39 #8 type] 
Type domain.Apustua is not enhanced.

------------------------------------------------------------------------------------------------------------------------

[2020-03-22 16:06:43 #1 store] 
Database 'C:\Users\asier\eclipse-workspace\Bets2020-Master\src\main\resources\bets.temp' is opened by 17608@DESKTOP-UOETFC7

[2020-03-22 16:06:43 #2 type] 
Type domain.Question is not enhanced.

[2020-03-22 16:06:43 #3 type] 
Type domain.Event is not enhanced.

[2020-03-22 16:06:43 #4 type] 
Type domain.user is not enhanced.

[2020-03-22 16:06:43 #5 type] 
Type domain.Kuota is not enhanced.

[2020-03-22 16:06:43 #6 type] 
Type domain.Admin is not enhanced.

[2020-03-22 16:06:43 #7 type] 
Type domain.NormalUser is not enhanced.

[2020-03-22 16:06:43 #8 type] 
Type domain.Apustua is not enhanced.

------------------------------------------------------------------------------------------------------------------------

[2020-03-22 16:07:14 #1 store] 
Database 'C:\Users\asier\eclipse-workspace\Bets2020-Master\src\main\resources\bets.temp' is opened by 14488@DESKTOP-UOETFC7

[2020-03-22 16:07:14 #2 type] 
Type domain.Question is not enhanced.

[2020-03-22 16:07:14 #3 type] 
Type domain.Event is not enhanced.

[2020-03-22 16:07:14 #4 type] 
Type domain.user is not enhanced.

[2020-03-22 16:07:14 #5 type] 
Type domain.Kuota is not enhanced.

[2020-03-22 16:07:14 #6 type] 
Type domain.Admin is not enhanced.

[2020-03-22 16:07:14 #7 type] 
Type domain.NormalUser is not enhanced.

[2020-03-22 16:07:14 #8 type] 
Type domain.Apustua is not enhanced.

[2020-03-22 16:07:30 #9 load] 
[ObjectDB 2.6.9_09] Unexpected exception (Error 990)
  Generated by Java HotSpot(TM) 64-Bit Server VM 1.8.0_202 (on Windows 10 10.0).
Please report this error on http://www.objectdb.com/database/issue/new
com.objectdb.o.InternalException: Unexpected request domain.NormalUser:'asier10'
com.objectdb.o.InternalException: Unexpected request domain.NormalUser:'asier10'
	at com.objectdb.o.LDR.Vz(LDR.java:1030)
	at com.objectdb.o.RTT.G(RTT.java:267)
	at com.objectdb.o.RTT.F(RTT.java:249)
	at com.objectdb.o.RRT.C(RRT.java:288)
	at com.objectdb.o.RTT.l(RTT.java:134)
	at com.objectdb.o.RRT.l(RRT.java:32)
	at com.objectdb.o.TSK.i(TSK.java:145)
	at com.objectdb.o.TSK.f(TSK.java:95)
	at com.objectdb.o.TSM.e(TSM.java:86)
	at com.objectdb.o.MST.a1(MST.java:707)
	at com.objectdb.o.MST.aY(MST.java:476)
	at com.objectdb.o.MST.U6(MST.java:442)
	at com.objectdb.o.WRA.U6(WRA.java:266)
	at com.objectdb.o.LDR.G(LDR.java:556)
	at com.objectdb.o.LDR.F(LDR.java:473)
	at com.objectdb.o.LDR.A(LDR.java:272)
	at com.objectdb.o.OBC.aO(OBC.java:1061)
	at com.objectdb.o.OBC.aM(OBC.java:979)
	at com.objectdb.jpa.EMImpl.find(EMImpl.java:599)
	at com.objectdb.jpa.EMImpl.find(EMImpl.java:519)
	at dataAccess.DataAccess.erabiltzaileaLortu(DataAccess.java:252)
	at businessLogic.BLFacadeImplementation.lortuErab(BLFacadeImplementation.java:128)
	at gui.Login$4.actionPerformed(Login.java:97)
	at javax.swing.AbstractButton.fireActionPerformed(Unknown Source)
	at javax.swing.AbstractButton$Handler.actionPerformed(Unknown Source)
	at javax.swing.DefaultButtonModel.fireActionPerformed(Unknown Source)
	at javax.swing.DefaultButtonModel.setPressed(Unknown Source)
	at javax.swing.plaf.basic.BasicButtonListener.mouseReleased(Unknown Source)
	at java.awt.Component.processMouseEvent(Unknown Source)
	at javax.swing.JComponent.processMouseEvent(Unknown Source)
	at java.awt.Component.processEvent(Unknown Source)
	at java.awt.Container.processEvent(Unknown Source)
	at java.awt.Component.dispatchEventImpl(Unknown Source)
	at java.awt.Container.dispatchEventImpl(Unknown Source)
	at java.awt.Component.dispatchEvent(Unknown Source)
	at java.awt.LightweightDispatcher.retargetMouseEvent(Unknown Source)
	at java.awt.LightweightDispatcher.processMouseEvent(Unknown Source)
	at java.awt.LightweightDispatcher.dispatchEvent(Unknown Source)
	at java.awt.Container.dispatchEventImpl(Unknown Source)
	at java.awt.Window.dispatchEventImpl(Unknown Source)
	at java.awt.Component.dispatchEvent(Unknown Source)
	at java.awt.EventQueue.dispatchEventImpl(Unknown Source)
	at java.awt.EventQueue.access$500(Unknown Source)
	at java.awt.EventQueue$3.run(Unknown Source)
	at java.awt.EventQueue$3.run(Unknown Source)
	at java.security.AccessController.doPrivileged(Native Method)
	at java.security.ProtectionDomain$JavaSecurityAccessImpl.doIntersectionPrivilege(Unknown Source)
	at java.security.ProtectionDomain$JavaSecurityAccessImpl.doIntersectionPrivilege(Unknown Source)
	at java.awt.EventQueue$4.run(Unknown Source)
	at java.awt.EventQueue$4.run(Unknown Source)
	at java.security.AccessController.doPrivileged(Native Method)
	at java.security.ProtectionDomain$JavaSecurityAccessImpl.doIntersectionPrivilege(Unknown Source)
	at java.awt.EventQueue.dispatchEvent(Unknown Source)
	at java.awt.EventDispatchThread.pumpOneEventForFilters(Unknown Source)
	at java.awt.EventDispatchThread.pumpEventsForFilter(Unknown Source)
	at java.awt.EventDispatchThread.pumpEventsForHierarchy(Unknown Source)
	at java.awt.EventDispatchThread.pumpEvents(Unknown Source)
	at java.awt.EventDispatchThread.pumpEvents(Unknown Source)
	at java.awt.EventDispatchThread.run(Unknown Source)

[2020-03-22 16:07:30 #10 load] 
Request set: {}

------------------------------------------------------------------------------------------------------------------------

[2020-03-22 16:08:55 #1 store] 
Database 'C:\Users\asier\eclipse-workspace\Bets2020-Master\src\main\resources\bets.temp' is opened by 6916@DESKTOP-UOETFC7

[2020-03-22 16:08:55 #2 type] 
Type domain.Question is not enhanced.

[2020-03-22 16:08:55 #3 type] 
Type domain.Event is not enhanced.

[2020-03-22 16:08:55 #4 type] 
Type domain.user is not enhanced.

[2020-03-22 16:08:55 #5 type] 
Type domain.Kuota is not enhanced.

[2020-03-22 16:08:55 #6 type] 
Type domain.Admin is not enhanced.

[2020-03-22 16:08:55 #7 type] 
Type domain.NormalUser is not enhanced.

[2020-03-22 16:08:55 #8 type] 
Type domain.Apustua is not enhanced.

------------------------------------------------------------------------------------------------------------------------

[2020-03-22 16:09:29 #1 store] 
Database 'C:\Users\asier\eclipse-workspace\Bets2020-Master\src\main\resources\bets.temp' has been recovered (tr. 172-172)

[2020-03-22 16:09:29 #2 store] 
Database 'C:\Users\asier\eclipse-workspace\Bets2020-Master\src\main\resources\bets.temp' is opened by 1732@DESKTOP-UOETFC7

[2020-03-22 16:09:29 #3 type] 
Type domain.Question is not enhanced.

[2020-03-22 16:09:29 #4 type] 
Type domain.Event is not enhanced.

[2020-03-22 16:09:29 #5 type] 
Type domain.user is not enhanced.

[2020-03-22 16:09:29 #6 type] 
Type domain.Kuota is not enhanced.

[2020-03-22 16:09:29 #7 type] 
Type domain.Admin is not enhanced.

[2020-03-22 16:09:29 #8 type] 
Type domain.NormalUser is not enhanced.

[2020-03-22 16:09:29 #9 type] 
Type domain.Apustua is not enhanced.

------------------------------------------------------------------------------------------------------------------------

[2020-03-22 16:17:18 #1 store] 
Database 'C:\Users\asier\eclipse-workspace\Bets2020-Master\src\main\resources\bets.temp' has been recovered (tr. 173-173)

[2020-03-22 16:17:18 #2 store] 
Database 'C:\Users\asier\eclipse-workspace\Bets2020-Master\src\main\resources\bets.temp' is opened by 9848@DESKTOP-UOETFC7

[2020-03-22 16:17:18 #3 type] 
Type domain.Question is not enhanced.

[2020-03-22 16:17:18 #4 type] 
Type domain.Event is not enhanced.

[2020-03-22 16:17:18 #5 type] 
Type domain.user is not enhanced.

[2020-03-22 16:17:18 #6 type] 
Type domain.Kuota is not enhanced.

[2020-03-22 16:17:18 #7 type] 
Type domain.Admin is not enhanced.

[2020-03-22 16:17:18 #8 type] 
Type domain.NormalUser is not enhanced.

[2020-03-22 16:17:18 #9 type] 
Type domain.Apustua is not enhanced.

------------------------------------------------------------------------------------------------------------------------

[2020-03-22 16:20:33 #1 store] 
Database 'C:\Users\asier\eclipse-workspace\Bets2020-Master\src\main\resources\bets.temp' is opened by 7796@DESKTOP-UOETFC7

[2020-03-22 16:20:33 #2 type] 
Type domain.Question is not enhanced.

[2020-03-22 16:20:33 #3 type] 
Type domain.Event is not enhanced.

[2020-03-22 16:20:33 #4 type] 
Type domain.user is not enhanced.

[2020-03-22 16:20:33 #5 type] 
Type domain.Kuota is not enhanced.

[2020-03-22 16:20:33 #6 type] 
Type domain.Admin is not enhanced.

------------------------------------------------------------------------------------------------------------------------

[2020-03-22 16:21:55 #1 store] 
Database 'C:\Users\asier\eclipse-workspace\Bets2020-Master\src\main\resources\bets.temp' is opened by 15784@DESKTOP-UOETFC7

[2020-03-22 16:21:55 #2 type] 
Type domain.Question is not enhanced.

[2020-03-22 16:21:55 #3 type] 
Type domain.Event is not enhanced.

[2020-03-22 16:21:55 #4 type] 
Type domain.user is not enhanced.

[2020-03-22 16:21:55 #5 type] 
Type domain.Kuota is not enhanced.

[2020-03-22 16:21:55 #6 type] 
Type domain.Admin is not enhanced.

[2020-03-22 16:21:55 #7 type] 
Type domain.NormalUser is not enhanced.

[2020-03-22 16:21:55 #8 type] 
Type domain.Apustua is not enhanced.

------------------------------------------------------------------------------------------------------------------------

[2020-03-22 16:22:25 #1 store] 
Database 'C:\Users\asier\eclipse-workspace\Bets2020-Master\src\main\resources\bets.temp' has been recovered (tr. 177-178)

[2020-03-22 16:22:25 #2 store] 
Database 'C:\Users\asier\eclipse-workspace\Bets2020-Master\src\main\resources\bets.temp' is opened by 6592@DESKTOP-UOETFC7

[2020-03-22 16:22:25 #3 type] 
Type domain.Question is not enhanced.

[2020-03-22 16:22:25 #4 type] 
Type domain.Event is not enhanced.

[2020-03-22 16:22:25 #5 type] 
Type domain.user is not enhanced.

[2020-03-22 16:22:25 #6 type] 
Type domain.Kuota is not enhanced.

[2020-03-22 16:22:25 #7 type] 
Type domain.Admin is not enhanced.

[2020-03-22 16:22:25 #8 type] 
Type domain.NormalUser is not enhanced.

[2020-03-22 16:22:25 #9 type] 
Type domain.Apustua is not enhanced.

------------------------------------------------------------------------------------------------------------------------

[2020-03-22 16:24:34 #1 store] 
Database 'C:\Users\asier\eclipse-workspace\Bets2020-Master\src\main\resources\bets.temp' is opened by 9396@DESKTOP-UOETFC7

[2020-03-22 16:24:34 #2 type] 
Type domain.Question is not enhanced.

[2020-03-22 16:24:34 #3 type] 
Type domain.Event is not enhanced.

[2020-03-22 16:24:34 #4 type] 
Type domain.user is not enhanced.

[2020-03-22 16:24:34 #5 type] 
Type domain.Kuota is not enhanced.

[2020-03-22 16:24:34 #6 type] 
Type domain.Admin is not enhanced.

[2020-03-22 16:24:34 #7 type] 
Type domain.NormalUser is not enhanced.

[2020-03-22 16:24:34 #8 type] 
Type domain.Apustua is not enhanced.

------------------------------------------------------------------------------------------------------------------------

[2020-03-22 16:26:37 #1 store] 
Database 'C:\Users\asier\eclipse-workspace\Bets2020-Master\src\main\resources\bets.temp' is opened by 15376@DESKTOP-UOETFC7

[2020-03-22 16:26:37 #2 type] 
Type domain.Question is not enhanced.

[2020-03-22 16:26:37 #3 type] 
Type domain.Event is not enhanced.

[2020-03-22 16:26:37 #4 type] 
Type domain.user is not enhanced.

[2020-03-22 16:26:37 #5 type] 
Type domain.Kuota is not enhanced.

[2020-03-22 16:26:37 #6 type] 
Type domain.Admin is not enhanced.

[2020-03-22 16:26:37 #7 type] 
Type domain.NormalUser is not enhanced.

[2020-03-22 16:26:37 #8 type] 
Type domain.Apustua is not enhanced.

------------------------------------------------------------------------------------------------------------------------

[2020-03-22 16:27:47 #1 store] 
Database 'C:\Users\asier\eclipse-workspace\Bets2020-Master\src\main\resources\bets.temp' has been recovered (tr. 193-204)

[2020-03-22 16:27:47 #2 store] 
Database 'C:\Users\asier\eclipse-workspace\Bets2020-Master\src\main\resources\bets.temp' is opened by 12672@DESKTOP-UOETFC7

[2020-03-22 16:27:48 #3 type] 
Type domain.Question is not enhanced.

[2020-03-22 16:27:48 #4 type] 
Type domain.Event is not enhanced.

[2020-03-22 16:27:48 #5 type] 
Type domain.user is not enhanced.

[2020-03-22 16:27:48 #6 type] 
Type domain.Kuota is not enhanced.

[2020-03-22 16:27:48 #7 type] 
Type domain.Admin is not enhanced.

[2020-03-22 16:27:48 #8 type] 
Type domain.NormalUser is not enhanced.

[2020-03-22 16:27:48 #9 type] 
Type domain.Apustua is not enhanced.

------------------------------------------------------------------------------------------------------------------------

[2020-03-22 16:29:58 #1 store] 
Database 'C:\Users\asier\eclipse-workspace\Bets2020-Master\src\main\resources\bets.temp' is opened by 14748@DESKTOP-UOETFC7

[2020-03-22 16:29:58 #2 type] 
Type domain.Question is not enhanced.

[2020-03-22 16:29:58 #3 type] 
Type domain.Event is not enhanced.

[2020-03-22 16:29:58 #4 type] 
Type domain.user is not enhanced.

[2020-03-22 16:29:58 #5 type] 
Type domain.Kuota is not enhanced.

[2020-03-22 16:29:58 #6 type] 
Type domain.Admin is not enhanced.

[2020-03-22 16:29:58 #7 type] 
Type domain.NormalUser is not enhanced.

[2020-03-22 16:29:58 #8 type] 
Type domain.Apustua is not enhanced.

------------------------------------------------------------------------------------------------------------------------

[2020-03-22 16:34:15 #1 store] 
Database 'C:\Users\asier\eclipse-workspace\Bets2020-Master\src\main\resources\bets.temp' is opened by 19644@DESKTOP-UOETFC7

[2020-03-22 16:34:15 #2 type] 
Type domain.Question is not enhanced.

[2020-03-22 16:34:15 #3 type] 
Type domain.Event is not enhanced.

[2020-03-22 16:34:15 #4 type] 
Type domain.user is not enhanced.

[2020-03-22 16:34:15 #5 type] 
Type domain.Kuota is not enhanced.

[2020-03-22 16:34:15 #6 type] 
Type domain.Admin is not enhanced.

[2020-03-22 16:34:15 #7 type] 
Type domain.NormalUser is not enhanced.

[2020-03-22 16:34:15 #8 type] 
Type domain.Apustua is not enhanced.

------------------------------------------------------------------------------------------------------------------------

[2020-03-22 16:39:28 #1 store] 
Database 'C:\Users\asier\eclipse-workspace\Bets2020-Master\src\main\resources\bets.temp' is opened by 8048@DESKTOP-UOETFC7

[2020-03-22 16:39:28 #2 type] 
Type domain.Question is not enhanced.

[2020-03-22 16:39:28 #3 type] 
Type domain.Event is not enhanced.

[2020-03-22 16:39:28 #4 type] 
Type domain.user is not enhanced.

[2020-03-22 16:39:28 #5 type] 
Type domain.Kuota is not enhanced.

[2020-03-22 16:39:28 #6 type] 
Type domain.Admin is not enhanced.

[2020-03-22 16:39:28 #7 type] 
Type domain.NormalUser is not enhanced.

[2020-03-22 16:39:28 #8 type] 
Type domain.Apustua is not enhanced.

------------------------------------------------------------------------------------------------------------------------

[2020-03-22 16:39:58 #1 store] 
Database 'C:\Users\asier\eclipse-workspace\Bets2020-Master\src\main\resources\bets.temp' has been recovered (tr. 226-226)

[2020-03-22 16:39:59 #2 store] 
Database 'C:\Users\asier\eclipse-workspace\Bets2020-Master\src\main\resources\bets.temp' is opened by 12588@DESKTOP-UOETFC7

[2020-03-22 16:39:59 #3 type] 
Type domain.Question is not enhanced.

[2020-03-22 16:39:59 #4 type] 
Type domain.Event is not enhanced.

[2020-03-22 16:39:59 #5 type] 
Type domain.user is not enhanced.

[2020-03-22 16:39:59 #6 type] 
Type domain.Kuota is not enhanced.

[2020-03-22 16:39:59 #7 type] 
Type domain.Admin is not enhanced.

[2020-03-22 16:39:59 #8 type] 
Type domain.NormalUser is not enhanced.

[2020-03-22 16:39:59 #9 type] 
Type domain.Apustua is not enhanced.

------------------------------------------------------------------------------------------------------------------------

[2020-03-22 16:41:14 #1 store] 
Database 'C:\Users\asier\eclipse-workspace\Bets2020-Master\src\main\resources\bets.temp' has been recovered (tr. 227-239)

[2020-03-22 16:41:14 #2 store] 
Database 'C:\Users\asier\eclipse-workspace\Bets2020-Master\src\main\resources\bets.temp' is opened by 7112@DESKTOP-UOETFC7

[2020-03-22 16:41:14 #3 type] 
Type domain.Question is not enhanced.

[2020-03-22 16:41:14 #4 type] 
Type domain.Event is not enhanced.

[2020-03-22 16:41:14 #5 type] 
Type domain.user is not enhanced.

[2020-03-22 16:41:14 #6 type] 
Type domain.Kuota is not enhanced.

[2020-03-22 16:41:14 #7 type] 
Type domain.Admin is not enhanced.

[2020-03-22 16:41:14 #8 type] 
Type domain.NormalUser is not enhanced.

[2020-03-22 16:41:14 #9 type] 
Type domain.Apustua is not enhanced.

------------------------------------------------------------------------------------------------------------------------

[2020-03-22 18:42:17 #1 store] 
Database 'C:\Users\asier\eclipse-workspace\Bets2020-Master\src\main\resources\bets.temp' is opened by 18772@DESKTOP-UOETFC7

[2020-03-22 18:42:18 #2 type] 
Type domain.Question is not enhanced.

[2020-03-22 18:42:18 #3 type] 
Type domain.Event is not enhanced.

[2020-03-22 18:42:18 #4 type] 
Type domain.user is not enhanced.

[2020-03-22 18:42:18 #5 type] 
Type domain.Kuota is not enhanced.

[2020-03-22 18:42:18 #6 type] 
Type domain.Admin is not enhanced.

[2020-03-22 18:42:18 #7 type] 
Type domain.NormalUser is not enhanced.

[2020-03-22 18:42:18 #8 type] 
Type domain.Apustua is not enhanced.

------------------------------------------------------------------------------------------------------------------------

[2020-03-22 18:44:05 #1 store] 
Database 'C:\Users\asier\eclipse-workspace\Bets2020-Master\src\main\resources\bets.temp' is opened by 2060@DESKTOP-UOETFC7

[2020-03-22 18:44:05 #2 type] 
Type domain.Question is not enhanced.

[2020-03-22 18:44:05 #3 type] 
Type domain.Event is not enhanced.

[2020-03-22 18:44:05 #4 type] 
Type domain.user is not enhanced.

[2020-03-22 18:44:05 #5 type] 
Type domain.Kuota is not enhanced.

[2020-03-22 18:44:05 #6 type] 
Type domain.Admin is not enhanced.

[2020-03-22 18:44:05 #7 type] 
Type domain.NormalUser is not enhanced.

[2020-03-22 18:44:05 #8 type] 
Type domain.Apustua is not enhanced.

------------------------------------------------------------------------------------------------------------------------

[2020-03-22 18:44:45 #1 store] 
Database 'C:\Users\asier\eclipse-workspace\Bets2020-Master\src\main\resources\bets.temp' is opened by 17304@DESKTOP-UOETFC7

[2020-03-22 18:44:45 #2 type] 
Type domain.Question is not enhanced.

[2020-03-22 18:44:45 #3 type] 
Type domain.Event is not enhanced.

[2020-03-22 18:44:45 #4 type] 
Type domain.user is not enhanced.

[2020-03-22 18:44:45 #5 type] 
Type domain.Kuota is not enhanced.

[2020-03-22 18:44:45 #6 type] 
Type domain.Admin is not enhanced.

[2020-03-22 18:44:45 #7 type] 
Type domain.NormalUser is not enhanced.

[2020-03-22 18:44:45 #8 type] 
Type domain.Apustua is not enhanced.

------------------------------------------------------------------------------------------------------------------------

[2020-03-22 18:51:03 #1 store] 
Database 'C:\Users\asier\eclipse-workspace\Bets2020-Master\src\main\resources\bets.temp' is opened by 916@DESKTOP-UOETFC7

[2020-03-22 18:51:03 #2 type] 
Type domain.Question is not enhanced.

[2020-03-22 18:51:03 #3 type] 
Type domain.Event is not enhanced.

[2020-03-22 18:51:03 #4 type] 
Type domain.user is not enhanced.

[2020-03-22 18:51:03 #5 type] 
Type domain.Kuota is not enhanced.

[2020-03-22 18:51:03 #6 type] 
Type domain.Admin is not enhanced.

[2020-03-22 18:51:03 #7 type] 
Type domain.NormalUser is not enhanced.

[2020-03-22 18:51:03 #8 type] 
Type domain.Apustua is not enhanced.

------------------------------------------------------------------------------------------------------------------------

[2020-03-22 18:54:48 #1 store] 
Database 'C:\Users\asier\eclipse-workspace\Bets2020-Master\src\main\resources\bets.temp' is opened by 15024@DESKTOP-UOETFC7

[2020-03-22 18:54:48 #2 type] 
Type domain.Question is not enhanced.

[2020-03-22 18:54:48 #3 type] 
Type domain.Event is not enhanced.

[2020-03-22 18:54:48 #4 type] 
Type domain.user is not enhanced.

[2020-03-22 18:54:48 #5 type] 
Type domain.Kuota is not enhanced.

[2020-03-22 18:54:48 #6 type] 
Type domain.Admin is not enhanced.

[2020-03-22 18:54:48 #7 type] 
Type domain.NormalUser is not enhanced.

[2020-03-22 18:54:48 #8 type] 
Type domain.Apustua is not enhanced.

------------------------------------------------------------------------------------------------------------------------

[2020-03-22 18:56:16 #1 store] 
Database 'C:\Users\asier\eclipse-workspace\Bets2020-Master\src\main\resources\bets.temp' is opened by 12884@DESKTOP-UOETFC7

[2020-03-22 18:56:16 #2 type] 
Type domain.Question is not enhanced.

[2020-03-22 18:56:16 #3 type] 
Type domain.Event is not enhanced.

[2020-03-22 18:56:16 #4 type] 
Type domain.user is not enhanced.

[2020-03-22 18:56:16 #5 type] 
Type domain.Kuota is not enhanced.

[2020-03-22 18:56:16 #6 type] 
Type domain.Admin is not enhanced.

[2020-03-22 18:56:16 #7 type] 
Type domain.NormalUser is not enhanced.

[2020-03-22 18:56:16 #8 type] 
Type domain.Apustua is not enhanced.

------------------------------------------------------------------------------------------------------------------------

[2020-03-22 18:59:58 #1 store] 
Database 'C:\Users\asier\eclipse-workspace\Bets2020-Master\src\main\resources\bets.temp' is opened by 7564@DESKTOP-UOETFC7

[2020-03-22 18:59:58 #2 type] 
Type domain.Question is not enhanced.

[2020-03-22 18:59:58 #3 type] 
Type domain.Event is not enhanced.

[2020-03-22 18:59:58 #4 type] 
Type domain.user is not enhanced.

[2020-03-22 18:59:58 #5 type] 
Type domain.Kuota is not enhanced.

[2020-03-22 18:59:58 #6 type] 
Type domain.Admin is not enhanced.

[2020-03-22 18:59:58 #7 type] 
Type domain.NormalUser is not enhanced.

[2020-03-22 18:59:58 #8 type] 
Type domain.Apustua is not enhanced.

------------------------------------------------------------------------------------------------------------------------

[2020-03-22 19:00:43 #1 store] 
Database 'C:\Users\asier\eclipse-workspace\Bets2020-Master\src\main\resources\bets.temp' is opened by 9992@DESKTOP-UOETFC7

[2020-03-22 19:00:43 #2 type] 
Type domain.Question is not enhanced.

[2020-03-22 19:00:43 #3 type] 
Type domain.Event is not enhanced.

[2020-03-22 19:00:43 #4 type] 
Type domain.user is not enhanced.

[2020-03-22 19:00:43 #5 type] 
Type domain.Kuota is not enhanced.

[2020-03-22 19:00:43 #6 type] 
Type domain.Admin is not enhanced.

[2020-03-22 19:00:43 #7 type] 
Type domain.NormalUser is not enhanced.

[2020-03-22 19:00:43 #8 type] 
Type domain.Apustua is not enhanced.

------------------------------------------------------------------------------------------------------------------------

[2020-03-22 19:01:17 #1 store] 
Database 'C:\Users\asier\eclipse-workspace\Bets2020-Master\src\main\resources\bets.temp' is opened by 7508@DESKTOP-UOETFC7

[2020-03-22 19:01:17 #2 type] 
Type domain.Question is not enhanced.

[2020-03-22 19:01:17 #3 type] 
Type domain.Event is not enhanced.

[2020-03-22 19:01:17 #4 type] 
Type domain.user is not enhanced.

[2020-03-22 19:01:17 #5 type] 
Type domain.Kuota is not enhanced.

[2020-03-22 19:01:17 #6 type] 
Type domain.Admin is not enhanced.

[2020-03-22 19:01:17 #7 type] 
Type domain.NormalUser is not enhanced.

[2020-03-22 19:01:17 #8 type] 
Type domain.Apustua is not enhanced.

------------------------------------------------------------------------------------------------------------------------

[2020-03-22 19:04:15 #1 store] 
Database 'C:\Users\asier\eclipse-workspace\Bets2020-Master\src\main\resources\bets.temp' is opened by 14476@DESKTOP-UOETFC7

[2020-03-22 19:04:15 #2 type] 
Type domain.Question is not enhanced.

[2020-03-22 19:04:15 #3 type] 
Type domain.Event is not enhanced.

[2020-03-22 19:04:15 #4 type] 
Type domain.user is not enhanced.

[2020-03-22 19:04:15 #5 type] 
Type domain.Kuota is not enhanced.

[2020-03-22 19:04:15 #6 type] 
Type domain.Admin is not enhanced.

[2020-03-22 19:04:15 #7 type] 
Type domain.NormalUser is not enhanced.

[2020-03-22 19:04:15 #8 type] 
Type domain.Apustua is not enhanced.

------------------------------------------------------------------------------------------------------------------------

[2020-03-22 19:07:58 #1 store] 
Database 'C:\Users\asier\eclipse-workspace\Bets2020-Master\src\main\resources\bets.temp' is opened by 17428@DESKTOP-UOETFC7

[2020-03-22 19:07:59 #2 type] 
Type domain.Question is not enhanced.

[2020-03-22 19:07:59 #3 type] 
Type domain.Event is not enhanced.

[2020-03-22 19:07:59 #4 type] 
Type domain.user is not enhanced.

[2020-03-22 19:07:59 #5 type] 
Type domain.Kuota is not enhanced.

[2020-03-22 19:07:59 #6 type] 
Type domain.Admin is not enhanced.

[2020-03-22 19:07:59 #7 type] 
Type domain.NormalUser is not enhanced.

[2020-03-22 19:07:59 #8 type] 
Type domain.Apustua is not enhanced.

------------------------------------------------------------------------------------------------------------------------

[2020-03-22 19:25:43 #1 store] 
Database 'C:\Users\asier\eclipse-workspace\Bets2020-Master\src\main\resources\bets.temp' is opened by 14840@DESKTOP-UOETFC7

[2020-03-22 19:25:43 #2 type] 
Type domain.Question is not enhanced.

[2020-03-22 19:25:43 #3 type] 
Type domain.Event is not enhanced.

[2020-03-22 19:25:43 #4 type] 
Type domain.user is not enhanced.

[2020-03-22 19:25:43 #5 type] 
Type domain.Kuota is not enhanced.

[2020-03-22 19:25:43 #6 type] 
Type domain.Admin is not enhanced.

[2020-03-22 19:25:43 #7 type] 
Type domain.NormalUser is not enhanced.

[2020-03-22 19:25:43 #8 type] 
Type domain.Apustua is not enhanced.

------------------------------------------------------------------------------------------------------------------------

[2020-03-22 19:26:49 #1 store] 
Database 'C:\Users\asier\eclipse-workspace\Bets2020-Master\src\main\resources\bets.temp' is opened by 16620@DESKTOP-UOETFC7

[2020-03-22 19:26:49 #2 type] 
Type domain.Question is not enhanced.

[2020-03-22 19:26:49 #3 type] 
Type domain.Event is not enhanced.

[2020-03-22 19:26:49 #4 type] 
Type domain.user is not enhanced.

[2020-03-22 19:26:49 #5 type] 
Type domain.Kuota is not enhanced.

[2020-03-22 19:26:49 #6 type] 
Type domain.Admin is not enhanced.

[2020-03-22 19:26:49 #7 type] 
Type domain.NormalUser is not enhanced.

[2020-03-22 19:26:49 #8 type] 
Type domain.Apustua is not enhanced.

------------------------------------------------------------------------------------------------------------------------

[2020-03-22 19:27:21 #1 store] 
Database 'C:\Users\asier\eclipse-workspace\Bets2020-Master\src\main\resources\bets.temp' has been recovered (tr. 246-246)

[2020-03-22 19:27:21 #2 store] 
Database 'C:\Users\asier\eclipse-workspace\Bets2020-Master\src\main\resources\bets.temp' is opened by 17560@DESKTOP-UOETFC7

[2020-03-22 19:27:21 #3 type] 
Type domain.Question is not enhanced.

[2020-03-22 19:27:21 #4 type] 
Type domain.Event is not enhanced.

[2020-03-22 19:27:21 #5 type] 
Type domain.user is not enhanced.

[2020-03-22 19:27:21 #6 type] 
Type domain.Kuota is not enhanced.

[2020-03-22 19:27:21 #7 type] 
Type domain.Admin is not enhanced.

[2020-03-22 19:27:21 #8 type] 
Type domain.NormalUser is not enhanced.

[2020-03-22 19:27:21 #9 type] 
Type domain.Apustua is not enhanced.

------------------------------------------------------------------------------------------------------------------------

[2020-03-22 19:27:49 #1 store] 
Database 'C:\Users\asier\eclipse-workspace\Bets2020-Master\src\main\resources\bets.temp' has been recovered (tr. 247-247)

[2020-03-22 19:27:49 #2 store] 
Database 'C:\Users\asier\eclipse-workspace\Bets2020-Master\src\main\resources\bets.temp' is opened by 11412@DESKTOP-UOETFC7

[2020-03-22 19:27:49 #3 type] 
Type domain.Question is not enhanced.

[2020-03-22 19:27:49 #4 type] 
Type domain.Event is not enhanced.

[2020-03-22 19:27:49 #5 type] 
Type domain.user is not enhanced.

[2020-03-22 19:27:49 #6 type] 
Type domain.Kuota is not enhanced.

[2020-03-22 19:27:49 #7 type] 
Type domain.Admin is not enhanced.

[2020-03-22 19:27:49 #8 type] 
Type domain.NormalUser is not enhanced.

[2020-03-22 19:27:49 #9 type] 
Type domain.Apustua is not enhanced.

------------------------------------------------------------------------------------------------------------------------

[2020-03-22 19:28:37 #1 store] 
Database 'C:\Users\asier\eclipse-workspace\Bets2020-Master\src\main\resources\bets.temp' has been recovered (tr. 248-248)

[2020-03-22 19:28:37 #2 store] 
Database 'C:\Users\asier\eclipse-workspace\Bets2020-Master\src\main\resources\bets.temp' is opened by 14552@DESKTOP-UOETFC7

[2020-03-22 19:28:37 #3 type] 
Type domain.Question is not enhanced.

[2020-03-22 19:28:37 #4 type] 
Type domain.Event is not enhanced.

[2020-03-22 19:28:37 #5 type] 
Type domain.user is not enhanced.

[2020-03-22 19:28:37 #6 type] 
Type domain.Kuota is not enhanced.

[2020-03-22 19:28:37 #7 type] 
Type domain.Admin is not enhanced.

[2020-03-22 19:28:37 #8 type] 
Type domain.NormalUser is not enhanced.

[2020-03-22 19:28:37 #9 type] 
Type domain.Apustua is not enhanced.

------------------------------------------------------------------------------------------------------------------------

[2020-03-22 19:30:27 #1 store] 
Database 'C:\Users\asier\eclipse-workspace\Bets2020-Master\src\main\resources\bets.temp' has been recovered (tr. 249-250)

[2020-03-22 19:30:27 #2 store] 
Database 'C:\Users\asier\eclipse-workspace\Bets2020-Master\src\main\resources\bets.temp' is opened by 15664@DESKTOP-UOETFC7

[2020-03-22 19:30:27 #3 type] 
Type domain.Question is not enhanced.

[2020-03-22 19:30:27 #4 type] 
Type domain.Event is not enhanced.

[2020-03-22 19:30:27 #5 type] 
Type domain.user is not enhanced.

[2020-03-22 19:30:27 #6 type] 
Type domain.Kuota is not enhanced.

[2020-03-22 19:30:27 #7 type] 
Type domain.Admin is not enhanced.

[2020-03-22 19:30:27 #8 type] 
Type domain.NormalUser is not enhanced.

[2020-03-22 19:30:27 #9 type] 
Type domain.Apustua is not enhanced.

------------------------------------------------------------------------------------------------------------------------

[2020-03-22 19:39:18 #1 store] 
Database 'C:\Users\asier\eclipse-workspace\Bets2020-Master\src\main\resources\bets.temp' is opened by 8476@DESKTOP-UOETFC7

[2020-03-22 19:39:18 #2 type] 
Type domain.Question is not enhanced.

[2020-03-22 19:39:18 #3 type] 
Type domain.Event is not enhanced.

[2020-03-22 19:39:18 #4 type] 
Type domain.user is not enhanced.

[2020-03-22 19:39:18 #5 type] 
Type domain.Kuota is not enhanced.

[2020-03-22 19:39:18 #6 type] 
Type domain.Admin is not enhanced.

[2020-03-22 19:39:18 #7 type] 
Type domain.NormalUser is not enhanced.

[2020-03-22 19:39:18 #8 type] 
Type domain.Apustua is not enhanced.

------------------------------------------------------------------------------------------------------------------------

[2020-03-22 19:41:47 #1 store] 
Database 'C:\Users\asier\eclipse-workspace\Bets2020-Master\src\main\resources\bets.temp' is opened by 2596@DESKTOP-UOETFC7

[2020-03-22 19:41:47 #2 type] 
Type domain.Question is not enhanced.

[2020-03-22 19:41:47 #3 type] 
Type domain.Event is not enhanced.

[2020-03-22 19:41:47 #4 type] 
Type domain.user is not enhanced.

[2020-03-22 19:41:47 #5 type] 
Type domain.Kuota is not enhanced.

[2020-03-22 19:41:47 #6 type] 
Type domain.Admin is not enhanced.

[2020-03-22 19:41:47 #7 type] 
Type domain.NormalUser is not enhanced.

[2020-03-22 19:41:47 #8 type] 
Type domain.Apustua is not enhanced.

------------------------------------------------------------------------------------------------------------------------

[2020-03-22 19:42:22 #1 store] 
Database 'C:\Users\asier\eclipse-workspace\Bets2020-Master\src\main\resources\bets.temp' is opened by 18112@DESKTOP-UOETFC7

[2020-03-22 19:42:22 #2 type] 
Type domain.Question is not enhanced.

[2020-03-22 19:42:22 #3 type] 
Type domain.Event is not enhanced.

[2020-03-22 19:42:22 #4 type] 
Type domain.user is not enhanced.

[2020-03-22 19:42:22 #5 type] 
Type domain.Kuota is not enhanced.

[2020-03-22 19:42:22 #6 type] 
Type domain.Admin is not enhanced.

[2020-03-22 19:42:22 #7 type] 
Type domain.NormalUser is not enhanced.

[2020-03-22 19:42:22 #8 type] 
Type domain.Apustua is not enhanced.

------------------------------------------------------------------------------------------------------------------------

[2020-03-22 19:45:00 #1 store] 
Database 'C:\Users\asier\eclipse-workspace\Bets2020-Master\src\main\resources\bets.temp' is opened by 19128@DESKTOP-UOETFC7

[2020-03-22 19:45:01 #2 type] 
Type domain.Question is not enhanced.

[2020-03-22 19:45:01 #3 type] 
Type domain.Event is not enhanced.

[2020-03-22 19:45:01 #4 type] 
Type domain.user is not enhanced.

[2020-03-22 19:45:01 #5 type] 
Type domain.Kuota is not enhanced.

[2020-03-22 19:45:01 #6 type] 
Type domain.Admin is not enhanced.

[2020-03-22 19:45:01 #7 type] 
Type domain.NormalUser is not enhanced.

[2020-03-22 19:45:01 #8 type] 
Type domain.Apustua is not enhanced.

------------------------------------------------------------------------------------------------------------------------

[2020-03-22 19:47:25 #1 store] 
Database 'C:\Users\asier\eclipse-workspace\Bets2020-Master\src\main\resources\bets.temp' is opened by 16400@DESKTOP-UOETFC7

[2020-03-22 19:47:25 #2 type] 
Type domain.Question is not enhanced.

[2020-03-22 19:47:25 #3 type] 
Type domain.Event is not enhanced.

[2020-03-22 19:47:25 #4 type] 
Type domain.user is not enhanced.

[2020-03-22 19:47:25 #5 type] 
Type domain.Kuota is not enhanced.

[2020-03-22 19:47:25 #6 type] 
Type domain.Admin is not enhanced.

[2020-03-22 19:47:25 #7 type] 
Type domain.NormalUser is not enhanced.

[2020-03-22 19:47:25 #8 type] 
Type domain.Apustua is not enhanced.

------------------------------------------------------------------------------------------------------------------------

[2020-03-22 19:51:17 #1 store] 
Database 'C:\Users\asier\eclipse-workspace\Bets2020-Master\src\main\resources\bets.temp' has been recovered (tr. 251-251)

[2020-03-22 19:51:18 #2 store] 
Database 'C:\Users\asier\eclipse-workspace\Bets2020-Master\src\main\resources\bets.temp' is opened by 7940@DESKTOP-UOETFC7

[2020-03-22 19:51:18 #3 type] 
Type domain.Question is not enhanced.

[2020-03-22 19:51:18 #4 type] 
Type domain.Event is not enhanced.

[2020-03-22 19:51:18 #5 type] 
Type domain.user is not enhanced.

[2020-03-22 19:51:18 #6 type] 
Type domain.Kuota is not enhanced.

[2020-03-22 19:51:18 #7 type] 
Type domain.Admin is not enhanced.

[2020-03-22 19:51:18 #8 type] 
Type domain.NormalUser is not enhanced.

[2020-03-22 19:51:18 #9 type] 
Type domain.Apustua is not enhanced.

------------------------------------------------------------------------------------------------------------------------

[2020-03-22 19:53:33 #1 store] 
Database 'C:\Users\asier\eclipse-workspace\Bets2020-Master\src\main\resources\bets.temp' is opened by 15256@DESKTOP-UOETFC7

[2020-03-22 19:53:33 #2 type] 
Type domain.Question is not enhanced.

[2020-03-22 19:53:33 #3 type] 
Type domain.Event is not enhanced.

[2020-03-22 19:53:33 #4 type] 
Type domain.user is not enhanced.

[2020-03-22 19:53:33 #5 type] 
Type domain.Kuota is not enhanced.

[2020-03-22 19:53:33 #6 type] 
Type domain.Admin is not enhanced.

[2020-03-22 19:53:33 #7 type] 
Type domain.NormalUser is not enhanced.

[2020-03-22 19:53:33 #8 type] 
Type domain.Apustua is not enhanced.

------------------------------------------------------------------------------------------------------------------------

[2020-03-22 20:01:51 #1 store] 
Database 'C:\Users\asier\eclipse-workspace\Bets2020-Master\src\main\resources\bets.temp' is opened by 20512@DESKTOP-UOETFC7

[2020-03-22 20:01:51 #2 type] 
Type domain.Question is not enhanced.

[2020-03-22 20:01:51 #3 type] 
Type domain.Event is not enhanced.

[2020-03-22 20:01:51 #4 type] 
Type domain.user is not enhanced.

[2020-03-22 20:01:51 #5 type] 
Type domain.Kuota is not enhanced.

[2020-03-22 20:01:51 #6 type] 
Type domain.Admin is not enhanced.

[2020-03-22 20:01:51 #7 type] 
Type domain.NormalUser is not enhanced.

[2020-03-22 20:01:51 #8 type] 
Type domain.Apustua is not enhanced.

------------------------------------------------------------------------------------------------------------------------

[2020-03-22 20:02:46 #1 store] 
Database 'C:\Users\asier\eclipse-workspace\Bets2020-Master\src\main\resources\bets.temp' is opened by 21032@DESKTOP-UOETFC7

[2020-03-22 20:02:47 #2 type] 
Type domain.Question is not enhanced.

[2020-03-22 20:02:47 #3 type] 
Type domain.Event is not enhanced.

[2020-03-22 20:02:47 #4 type] 
Type domain.user is not enhanced.

[2020-03-22 20:02:47 #5 type] 
Type domain.Kuota is not enhanced.

[2020-03-22 20:02:47 #6 type] 
Type domain.Admin is not enhanced.

[2020-03-22 20:02:47 #7 type] 
Type domain.NormalUser is not enhanced.

[2020-03-22 20:02:47 #8 type] 
Type domain.Apustua is not enhanced.

------------------------------------------------------------------------------------------------------------------------

[2020-03-22 20:03:33 #1 store] 
Database 'C:\Users\asier\eclipse-workspace\Bets2020-Master\src\main\resources\bets.temp' is opened by 16836@DESKTOP-UOETFC7

[2020-03-22 20:03:33 #2 type] 
Type domain.Question is not enhanced.

[2020-03-22 20:03:33 #3 type] 
Type domain.Event is not enhanced.

[2020-03-22 20:03:33 #4 type] 
Type domain.user is not enhanced.

[2020-03-22 20:03:33 #5 type] 
Type domain.Kuota is not enhanced.

[2020-03-22 20:03:33 #6 type] 
Type domain.Admin is not enhanced.

[2020-03-22 20:03:33 #7 type] 
Type domain.NormalUser is not enhanced.

[2020-03-22 20:03:33 #8 type] 
Type domain.Apustua is not enhanced.

------------------------------------------------------------------------------------------------------------------------

[2020-03-22 20:06:55 #1 store] 
Database 'C:\Users\asier\eclipse-workspace\Bets2020-Master\src\main\resources\bets.temp' is opened by 9192@DESKTOP-UOETFC7

[2020-03-22 20:06:55 #2 type] 
Type domain.Question is not enhanced.

[2020-03-22 20:06:55 #3 type] 
Type domain.Event is not enhanced.

[2020-03-22 20:06:55 #4 type] 
Type domain.user is not enhanced.

[2020-03-22 20:06:55 #5 type] 
Type domain.Kuota is not enhanced.

[2020-03-22 20:06:55 #6 type] 
Type domain.Admin is not enhanced.

[2020-03-22 20:06:55 #7 type] 
Type domain.NormalUser is not enhanced.

[2020-03-22 20:06:55 #8 type] 
Type domain.Apustua is not enhanced.

------------------------------------------------------------------------------------------------------------------------

[2020-03-22 20:10:47 #1 store] 
Database 'C:\Users\asier\eclipse-workspace\Bets2020-Master\src\main\resources\bets.temp' is opened by 2552@DESKTOP-UOETFC7

[2020-03-22 20:10:47 #2 type] 
Type domain.Question is not enhanced.

[2020-03-22 20:10:47 #3 type] 
Type domain.Event is not enhanced.

[2020-03-22 20:10:47 #4 type] 
Type domain.user is not enhanced.

[2020-03-22 20:10:47 #5 type] 
Type domain.Kuota is not enhanced.

[2020-03-22 20:10:47 #6 type] 
Type domain.Admin is not enhanced.

[2020-03-22 20:10:47 #7 type] 
Type domain.NormalUser is not enhanced.

[2020-03-22 20:10:47 #8 type] 
Type domain.Apustua is not enhanced.

------------------------------------------------------------------------------------------------------------------------

[2020-03-22 20:18:12 #1 store] 
Database 'C:\Users\asier\eclipse-workspace\Bets2020-Master\src\main\resources\bets.temp' is opened by 12908@DESKTOP-UOETFC7

[2020-03-22 20:18:13 #2 type] 
Type domain.Question is not enhanced.

[2020-03-22 20:18:13 #3 type] 
Type domain.Event is not enhanced.

[2020-03-22 20:18:13 #4 type] 
Type domain.user is not enhanced.

[2020-03-22 20:18:13 #5 type] 
Type domain.Kuota is not enhanced.

[2020-03-22 20:18:13 #6 type] 
Type domain.Admin is not enhanced.

[2020-03-22 20:18:13 #7 type] 
Type domain.NormalUser is not enhanced.

[2020-03-22 20:18:13 #8 type] 
Type domain.Apustua is not enhanced.

------------------------------------------------------------------------------------------------------------------------

[2020-03-22 20:23:09 #1 store] 
Database 'C:\Users\asier\eclipse-workspace\Bets2020-Master\src\main\resources\bets.temp' is opened by 17292@DESKTOP-UOETFC7

[2020-03-22 20:23:10 #2 type] 
Type domain.Question is not enhanced.

[2020-03-22 20:23:10 #3 type] 
Type domain.Event is not enhanced.

[2020-03-22 20:23:10 #4 type] 
Type domain.user is not enhanced.

[2020-03-22 20:23:10 #5 type] 
Type domain.Kuota is not enhanced.

[2020-03-22 20:23:10 #6 type] 
Type domain.Admin is not enhanced.

[2020-03-22 20:23:10 #7 type] 
Type domain.NormalUser is not enhanced.

[2020-03-22 20:23:10 #8 type] 
Type domain.Apustua is not enhanced.

------------------------------------------------------------------------------------------------------------------------

[2020-03-22 20:26:13 #1 store] 
Database 'C:\Users\asier\eclipse-workspace\Bets2020-Master\src\main\resources\bets.temp' is opened by 20136@DESKTOP-UOETFC7

[2020-03-22 20:26:13 #2 type] 
Type domain.Question is not enhanced.

[2020-03-22 20:26:13 #3 type] 
Type domain.Event is not enhanced.

[2020-03-22 20:26:13 #4 type] 
Type domain.user is not enhanced.

[2020-03-22 20:26:13 #5 type] 
Type domain.Kuota is not enhanced.

[2020-03-22 20:26:13 #6 type] 
Type domain.Admin is not enhanced.

[2020-03-22 20:26:13 #7 type] 
Type domain.NormalUser is not enhanced.

[2020-03-22 20:26:13 #8 type] 
Type domain.Apustua is not enhanced.

------------------------------------------------------------------------------------------------------------------------

[2020-03-22 20:32:00 #1 store] 
Database 'C:\Users\asier\eclipse-workspace\Bets2020-Master\src\main\resources\bets.temp' is opened by 20340@DESKTOP-UOETFC7

[2020-03-22 20:32:01 #2 type] 
Type domain.Question is not enhanced.

[2020-03-22 20:32:01 #3 type] 
Type domain.Event is not enhanced.

[2020-03-22 20:32:01 #4 type] 
Type domain.user is not enhanced.

[2020-03-22 20:32:01 #5 type] 
Type domain.Kuota is not enhanced.

[2020-03-22 20:32:01 #6 type] 
Type domain.Admin is not enhanced.

[2020-03-22 20:32:01 #7 type] 
Type domain.NormalUser is not enhanced.

[2020-03-22 20:32:01 #8 type] 
Type domain.Apustua is not enhanced.

------------------------------------------------------------------------------------------------------------------------

[2020-03-22 20:32:50 #1 store] 
Database 'C:\Users\asier\eclipse-workspace\Bets2020-Master\src\main\resources\bets.temp' is opened by 14880@DESKTOP-UOETFC7

[2020-03-22 20:32:50 #2 type] 
Type domain.Question is not enhanced.

[2020-03-22 20:32:50 #3 type] 
Type domain.Event is not enhanced.

[2020-03-22 20:32:50 #4 type] 
Type domain.user is not enhanced.

[2020-03-22 20:32:50 #5 type] 
Type domain.Kuota is not enhanced.

[2020-03-22 20:32:50 #6 type] 
Type domain.Admin is not enhanced.

[2020-03-22 20:32:50 #7 type] 
Type domain.NormalUser is not enhanced.

[2020-03-22 20:32:50 #8 type] 
Type domain.Apustua is not enhanced.

------------------------------------------------------------------------------------------------------------------------

[2020-03-22 20:35:02 #1 store] 
Database 'C:\Users\asier\eclipse-workspace\Bets2020-Master\src\main\resources\bets.temp' is opened by 12104@DESKTOP-UOETFC7

[2020-03-22 20:35:02 #2 type] 
Type domain.Question is not enhanced.

[2020-03-22 20:35:02 #3 type] 
Type domain.Event is not enhanced.

[2020-03-22 20:35:02 #4 type] 
Type domain.user is not enhanced.

[2020-03-22 20:35:02 #5 type] 
Type domain.Kuota is not enhanced.

[2020-03-22 20:35:02 #6 type] 
Type domain.Admin is not enhanced.

[2020-03-22 20:35:02 #7 type] 
Type domain.NormalUser is not enhanced.

[2020-03-22 20:35:02 #8 type] 
Type domain.Apustua is not enhanced.

------------------------------------------------------------------------------------------------------------------------

[2020-03-22 20:37:15 #1 store] 
Database 'C:\Users\asier\eclipse-workspace\Bets2020-Master\src\main\resources\bets.temp' is opened by 20172@DESKTOP-UOETFC7

[2020-03-22 20:37:15 #2 type] 
Type domain.Question is not enhanced.

[2020-03-22 20:37:15 #3 type] 
Type domain.Event is not enhanced.

[2020-03-22 20:37:15 #4 type] 
Type domain.user is not enhanced.

[2020-03-22 20:37:15 #5 type] 
Type domain.Kuota is not enhanced.

[2020-03-22 20:37:15 #6 type] 
Type domain.Admin is not enhanced.

[2020-03-22 20:37:15 #7 type] 
Type domain.NormalUser is not enhanced.

[2020-03-22 20:37:15 #8 type] 
Type domain.Apustua is not enhanced.

------------------------------------------------------------------------------------------------------------------------

[2020-03-22 20:38:17 #1 store] 
Database 'C:\Users\asier\eclipse-workspace\Bets2020-Master\src\main\resources\bets.temp' is opened by 16480@DESKTOP-UOETFC7

[2020-03-22 20:38:17 #2 type] 
Type domain.Question is not enhanced.

[2020-03-22 20:38:17 #3 type] 
Type domain.Event is not enhanced.

[2020-03-22 20:38:17 #4 type] 
Type domain.user is not enhanced.

[2020-03-22 20:38:17 #5 type] 
Type domain.Kuota is not enhanced.

[2020-03-22 20:38:17 #6 type] 
Type domain.Admin is not enhanced.

[2020-03-22 20:38:17 #7 type] 
Type domain.NormalUser is not enhanced.

[2020-03-22 20:38:17 #8 type] 
Type domain.Apustua is not enhanced.

------------------------------------------------------------------------------------------------------------------------

[2020-03-22 20:39:48 #1 store] 
Database 'C:\Users\asier\eclipse-workspace\Bets2020-Master\src\main\resources\bets.temp' is opened by 13472@DESKTOP-UOETFC7

[2020-03-22 20:39:48 #2 type] 
Type domain.Question is not enhanced.

[2020-03-22 20:39:48 #3 type] 
Type domain.Event is not enhanced.

[2020-03-22 20:39:48 #4 type] 
Type domain.user is not enhanced.

[2020-03-22 20:39:48 #5 type] 
Type domain.Kuota is not enhanced.

[2020-03-22 20:39:48 #6 type] 
Type domain.Admin is not enhanced.

[2020-03-22 20:39:48 #7 type] 
Type domain.NormalUser is not enhanced.

[2020-03-22 20:39:48 #8 type] 
Type domain.Apustua is not enhanced.

------------------------------------------------------------------------------------------------------------------------

[2020-03-22 23:06:34 #1 store] 
Database 'C:\Users\asier\eclipse-workspace\Bets2020-Master\src\main\resources\bets.temp' is opened by 14980@DESKTOP-UOETFC7

[2020-03-22 23:06:34 #2 type] 
Type domain.Question is not enhanced.

[2020-03-22 23:06:34 #3 type] 
Type domain.Event is not enhanced.

[2020-03-22 23:06:34 #4 type] 
Type domain.user is not enhanced.

[2020-03-22 23:06:34 #5 type] 
Type domain.Kuota is not enhanced.

[2020-03-22 23:06:34 #6 type] 
Type domain.Admin is not enhanced.

[2020-03-22 23:06:34 #7 type] 
Type domain.NormalUser is not enhanced.

[2020-03-22 23:06:34 #8 type] 
Type domain.Apustua is not enhanced.

------------------------------------------------------------------------------------------------------------------------

[2020-03-22 23:09:36 #1 store] 
Database 'C:\Users\asier\eclipse-workspace\Bets2020-Master\src\main\resources\bets.temp' is opened by 2504@DESKTOP-UOETFC7

[2020-03-22 23:09:36 #2 type] 
Type domain.Question is not enhanced.

[2020-03-22 23:09:36 #3 type] 
Type domain.Event is not enhanced.

[2020-03-22 23:09:36 #4 type] 
Type domain.user is not enhanced.

[2020-03-22 23:09:36 #5 type] 
Type domain.Kuota is not enhanced.

[2020-03-22 23:09:36 #6 type] 
Type domain.Admin is not enhanced.

[2020-03-22 23:09:36 #7 type] 
Type domain.NormalUser is not enhanced.

[2020-03-22 23:09:36 #8 type] 
Type domain.Apustua is not enhanced.

------------------------------------------------------------------------------------------------------------------------

[2020-03-22 23:12:12 #1 store] 
Database 'C:\Users\asier\eclipse-workspace\Bets2020-Master\src\main\resources\bets.temp' is opened by 18604@DESKTOP-UOETFC7

[2020-03-22 23:12:12 #2 type] 
Type domain.Question is not enhanced.

[2020-03-22 23:12:12 #3 type] 
Type domain.Event is not enhanced.

[2020-03-22 23:12:12 #4 type] 
Type domain.user is not enhanced.

[2020-03-22 23:12:12 #5 type] 
Type domain.Kuota is not enhanced.

[2020-03-22 23:12:12 #6 type] 
Type domain.Admin is not enhanced.

[2020-03-22 23:12:12 #7 type] 
Type domain.NormalUser is not enhanced.

[2020-03-22 23:12:12 #8 type] 
Type domain.Apustua is not enhanced.

------------------------------------------------------------------------------------------------------------------------

[2020-03-22 23:12:39 #1 store] 
Database 'C:\Users\asier\eclipse-workspace\Bets2020-Master\src\main\resources\bets.temp' is opened by 11592@DESKTOP-UOETFC7

[2020-03-22 23:12:40 #2 type] 
Type domain.Question is not enhanced.

[2020-03-22 23:12:40 #3 type] 
Type domain.Event is not enhanced.

[2020-03-22 23:12:40 #4 type] 
Type domain.user is not enhanced.

[2020-03-22 23:12:40 #5 type] 
Type domain.Kuota is not enhanced.

[2020-03-22 23:12:40 #6 type] 
Type domain.Admin is not enhanced.

[2020-03-22 23:12:40 #7 type] 
Type domain.NormalUser is not enhanced.

[2020-03-22 23:12:40 #8 type] 
Type domain.Apustua is not enhanced.

------------------------------------------------------------------------------------------------------------------------

[2020-03-22 23:17:53 #1 store] 
Database 'C:\Users\asier\eclipse-workspace\Bets2020-Master\src\main\resources\bets.temp' is opened by 4876@DESKTOP-UOETFC7

[2020-03-22 23:17:53 #2 type] 
Type domain.Question is not enhanced.

[2020-03-22 23:17:53 #3 type] 
Type domain.Event is not enhanced.

[2020-03-22 23:17:53 #4 type] 
Type domain.user is not enhanced.

[2020-03-22 23:17:53 #5 type] 
Type domain.Kuota is not enhanced.

[2020-03-22 23:17:53 #6 type] 
Type domain.Admin is not enhanced.

[2020-03-22 23:17:53 #7 type] 
Type domain.NormalUser is not enhanced.

[2020-03-22 23:17:53 #8 type] 
Type domain.Apustua is not enhanced.

------------------------------------------------------------------------------------------------------------------------

[2020-03-22 23:22:13 #1 store] 
Database 'C:\Users\asier\eclipse-workspace\Bets2020-Master\src\main\resources\bets.temp' is opened by 16304@DESKTOP-UOETFC7

[2020-03-22 23:22:14 #2 type] 
Type domain.Question is not enhanced.

[2020-03-22 23:22:14 #3 type] 
Type domain.Event is not enhanced.

[2020-03-22 23:22:14 #4 type] 
Type domain.user is not enhanced.

[2020-03-22 23:22:14 #5 type] 
Type domain.Kuota is not enhanced.

[2020-03-22 23:22:14 #6 type] 
Type domain.Admin is not enhanced.

[2020-03-22 23:22:14 #7 type] 
Type domain.NormalUser is not enhanced.

[2020-03-22 23:22:14 #8 type] 
Type domain.Apustua is not enhanced.

------------------------------------------------------------------------------------------------------------------------

[2020-03-22 23:22:55 #1 store] 
Database 'C:\Users\asier\eclipse-workspace\Bets2020-Master\src\main\resources\bets.temp' has been recovered (tr. 265-266)

[2020-03-22 23:22:55 #2 store] 
Database 'C:\Users\asier\eclipse-workspace\Bets2020-Master\src\main\resources\bets.temp' is opened by 16692@DESKTOP-UOETFC7

[2020-03-22 23:22:55 #3 type] 
Type domain.Question is not enhanced.

[2020-03-22 23:22:55 #4 type] 
Type domain.Event is not enhanced.

[2020-03-22 23:22:55 #5 type] 
Type domain.user is not enhanced.

[2020-03-22 23:22:55 #6 type] 
Type domain.Kuota is not enhanced.

[2020-03-22 23:22:55 #7 type] 
Type domain.Admin is not enhanced.

[2020-03-22 23:22:55 #8 type] 
Type domain.NormalUser is not enhanced.

[2020-03-22 23:22:55 #9 type] 
Type domain.Apustua is not enhanced.

------------------------------------------------------------------------------------------------------------------------

[2020-03-22 23:25:07 #1 store] 
Database 'C:\Users\asier\eclipse-workspace\Bets2020-Master\src\main\resources\bets.temp' is opened by 16896@DESKTOP-UOETFC7

[2020-03-22 23:25:08 #2 type] 
Type domain.Question is not enhanced.

[2020-03-22 23:25:08 #3 type] 
Type domain.Event is not enhanced.

[2020-03-22 23:25:08 #4 type] 
Type domain.user is not enhanced.

[2020-03-22 23:25:08 #5 type] 
Type domain.Kuota is not enhanced.

[2020-03-22 23:25:08 #6 type] 
Type domain.Admin is not enhanced.

[2020-03-22 23:25:08 #7 type] 
Type domain.NormalUser is not enhanced.

[2020-03-22 23:25:08 #8 type] 
Type domain.Apustua is not enhanced.

------------------------------------------------------------------------------------------------------------------------

[2020-03-22 23:25:45 #1 store] 
Database 'C:\Users\asier\eclipse-workspace\Bets2020-Master\src\main\resources\bets.temp' has been recovered (tr. 267-268)

[2020-03-22 23:25:45 #2 store] 
Database 'C:\Users\asier\eclipse-workspace\Bets2020-Master\src\main\resources\bets.temp' is opened by 22180@DESKTOP-UOETFC7

[2020-03-22 23:25:45 #3 type] 
Type domain.Question is not enhanced.

[2020-03-22 23:25:45 #4 type] 
Type domain.Event is not enhanced.

[2020-03-22 23:25:45 #5 type] 
Type domain.user is not enhanced.

[2020-03-22 23:25:45 #6 type] 
Type domain.Kuota is not enhanced.

[2020-03-22 23:25:45 #7 type] 
Type domain.Admin is not enhanced.

[2020-03-22 23:25:45 #8 type] 
Type domain.NormalUser is not enhanced.

[2020-03-22 23:25:45 #9 type] 
Type domain.Apustua is not enhanced.

------------------------------------------------------------------------------------------------------------------------

[2020-03-22 23:28:52 #1 store] 
Database 'C:\Users\asier\eclipse-workspace\Bets2020-Master\src\main\resources\bets.temp' is opened by 11660@DESKTOP-UOETFC7

[2020-03-22 23:28:52 #2 type] 
Type domain.Question is not enhanced.

[2020-03-22 23:28:52 #3 type] 
Type domain.Event is not enhanced.

[2020-03-22 23:28:52 #4 type] 
Type domain.user is not enhanced.

[2020-03-22 23:28:52 #5 type] 
Type domain.Kuota is not enhanced.

[2020-03-22 23:28:52 #6 type] 
Type domain.Admin is not enhanced.

[2020-03-22 23:28:52 #7 type] 
Type domain.NormalUser is not enhanced.

[2020-03-22 23:28:52 #8 type] 
Type domain.Apustua is not enhanced.

------------------------------------------------------------------------------------------------------------------------

[2020-03-22 23:29:53 #1 store] 
Database 'C:\Users\asier\eclipse-workspace\Bets2020-Master\src\main\resources\bets.temp' is opened by 6904@DESKTOP-UOETFC7

[2020-03-22 23:29:53 #2 type] 
Type domain.Question is not enhanced.

[2020-03-22 23:29:53 #3 type] 
Type domain.Event is not enhanced.

[2020-03-22 23:29:53 #4 type] 
Type domain.user is not enhanced.

[2020-03-22 23:29:53 #5 type] 
Type domain.Kuota is not enhanced.

[2020-03-22 23:29:53 #6 type] 
Type domain.Admin is not enhanced.

[2020-03-22 23:29:53 #7 type] 
Type domain.NormalUser is not enhanced.

[2020-03-22 23:29:53 #8 type] 
Type domain.Apustua is not enhanced.

------------------------------------------------------------------------------------------------------------------------

[2020-03-22 23:30:45 #1 store] 
Database 'C:\Users\asier\eclipse-workspace\Bets2020-Master\src\main\resources\bets.temp' is opened by 18688@DESKTOP-UOETFC7

[2020-03-22 23:30:46 #2 type] 
Type domain.Question is not enhanced.

[2020-03-22 23:30:46 #3 type] 
Type domain.Event is not enhanced.

[2020-03-22 23:30:46 #4 type] 
Type domain.user is not enhanced.

[2020-03-22 23:30:46 #5 type] 
Type domain.Kuota is not enhanced.

[2020-03-22 23:30:46 #6 type] 
Type domain.Admin is not enhanced.

[2020-03-22 23:30:46 #7 type] 
Type domain.NormalUser is not enhanced.

[2020-03-22 23:30:46 #8 type] 
Type domain.Apustua is not enhanced.

------------------------------------------------------------------------------------------------------------------------

[2020-03-22 23:34:06 #1 store] 
Database 'C:\Users\asier\eclipse-workspace\Bets2020-Master\src\main\resources\bets.temp' is opened by 21580@DESKTOP-UOETFC7

[2020-03-22 23:34:06 #2 type] 
Type domain.Question is not enhanced.

[2020-03-22 23:34:07 #3 type] 
Type domain.Event is not enhanced.

[2020-03-22 23:34:07 #4 type] 
Type domain.user is not enhanced.

[2020-03-22 23:34:07 #5 type] 
Type domain.Kuota is not enhanced.

[2020-03-22 23:34:07 #6 type] 
Type domain.Admin is not enhanced.

[2020-03-22 23:34:07 #7 type] 
Type domain.NormalUser is not enhanced.

[2020-03-22 23:34:07 #8 type] 
Type domain.Apustua is not enhanced.

------------------------------------------------------------------------------------------------------------------------

[2020-03-22 23:35:16 #1 store] 
Database 'C:\Users\asier\eclipse-workspace\Bets2020-Master\src\main\resources\bets.temp' has been recovered (tr. 269-274)

[2020-03-22 23:35:16 #2 store] 
Database 'C:\Users\asier\eclipse-workspace\Bets2020-Master\src\main\resources\bets.temp' is opened by 14376@DESKTOP-UOETFC7

[2020-03-22 23:35:16 #3 type] 
Type domain.Question is not enhanced.

[2020-03-22 23:35:16 #4 type] 
Type domain.Event is not enhanced.

[2020-03-22 23:35:16 #5 type] 
Type domain.user is not enhanced.

[2020-03-22 23:35:16 #6 type] 
Type domain.Kuota is not enhanced.

[2020-03-22 23:35:16 #7 type] 
Type domain.Admin is not enhanced.

[2020-03-22 23:35:16 #8 type] 
Type domain.NormalUser is not enhanced.

[2020-03-22 23:35:16 #9 type] 
Type domain.Apustua is not enhanced.

------------------------------------------------------------------------------------------------------------------------

[2020-03-22 23:36:18 #1 store] 
Database 'C:\Users\asier\eclipse-workspace\Bets2020-Master\src\main\resources\bets.temp' has been recovered (tr. 275-276)

[2020-03-22 23:36:18 #2 store] 
Database 'C:\Users\asier\eclipse-workspace\Bets2020-Master\src\main\resources\bets.temp' is opened by 20844@DESKTOP-UOETFC7

[2020-03-22 23:36:18 #3 type] 
Type domain.Question is not enhanced.

[2020-03-22 23:36:18 #4 type] 
Type domain.Event is not enhanced.

[2020-03-22 23:36:18 #5 type] 
Type domain.user is not enhanced.

[2020-03-22 23:36:18 #6 type] 
Type domain.Kuota is not enhanced.

[2020-03-22 23:36:18 #7 type] 
Type domain.Admin is not enhanced.

[2020-03-22 23:36:18 #8 type] 
Type domain.NormalUser is not enhanced.

[2020-03-22 23:36:18 #9 type] 
Type domain.Apustua is not enhanced.

------------------------------------------------------------------------------------------------------------------------

[2020-03-22 23:36:50 #1 store] 
Database 'C:\Users\asier\eclipse-workspace\Bets2020-Master\src\main\resources\bets.temp' has been recovered (tr. 277-278)

[2020-03-22 23:36:50 #2 store] 
Database 'C:\Users\asier\eclipse-workspace\Bets2020-Master\src\main\resources\bets.temp' is opened by 17092@DESKTOP-UOETFC7

[2020-03-22 23:36:51 #3 type] 
Type domain.Question is not enhanced.

[2020-03-22 23:36:51 #4 type] 
Type domain.Event is not enhanced.

[2020-03-22 23:36:51 #5 type] 
Type domain.user is not enhanced.

[2020-03-22 23:36:51 #6 type] 
Type domain.Kuota is not enhanced.

[2020-03-22 23:36:51 #7 type] 
Type domain.Admin is not enhanced.

[2020-03-22 23:36:51 #8 type] 
Type domain.NormalUser is not enhanced.

[2020-03-22 23:36:51 #9 type] 
Type domain.Apustua is not enhanced.

------------------------------------------------------------------------------------------------------------------------

[2020-03-22 23:39:06 #1 store] 
Database 'C:\Users\asier\eclipse-workspace\Bets2020-Master\src\main\resources\bets.temp' is opened by 16640@DESKTOP-UOETFC7

[2020-03-22 23:39:06 #2 type] 
Type domain.Question is not enhanced.

[2020-03-22 23:39:06 #3 type] 
Type domain.Event is not enhanced.

[2020-03-22 23:39:06 #4 type] 
Type domain.user is not enhanced.

[2020-03-22 23:39:06 #5 type] 
Type domain.Kuota is not enhanced.

[2020-03-22 23:39:06 #6 type] 
Type domain.Admin is not enhanced.

[2020-03-22 23:39:06 #7 type] 
Type domain.NormalUser is not enhanced.

[2020-03-22 23:39:06 #8 type] 
Type domain.Apustua is not enhanced.

------------------------------------------------------------------------------------------------------------------------

[2020-03-22 23:39:34 #1 store] 
Database 'C:\Users\asier\eclipse-workspace\Bets2020-Master\src\main\resources\bets.temp' is opened by 1496@DESKTOP-UOETFC7

[2020-03-22 23:39:34 #2 type] 
Type domain.Question is not enhanced.

[2020-03-22 23:39:34 #3 type] 
Type domain.Event is not enhanced.

[2020-03-22 23:39:34 #4 type] 
Type domain.user is not enhanced.

[2020-03-22 23:39:34 #5 type] 
Type domain.Kuota is not enhanced.

[2020-03-22 23:39:34 #6 type] 
Type domain.Admin is not enhanced.

[2020-03-22 23:39:34 #7 type] 
Type domain.NormalUser is not enhanced.

[2020-03-22 23:39:34 #8 type] 
Type domain.Apustua is not enhanced.

------------------------------------------------------------------------------------------------------------------------

[2020-03-22 23:41:35 #1 store] 
Database 'C:\Users\asier\eclipse-workspace\Bets2020-Master\src\main\resources\bets.temp' is opened by 19988@DESKTOP-UOETFC7

[2020-03-22 23:41:36 #2 type] 
Type domain.Question is not enhanced.

[2020-03-22 23:41:36 #3 type] 
Type domain.Event is not enhanced.

[2020-03-22 23:41:36 #4 type] 
Type domain.user is not enhanced.

[2020-03-22 23:41:36 #5 type] 
Type domain.Kuota is not enhanced.

[2020-03-22 23:41:36 #6 type] 
Type domain.Admin is not enhanced.

[2020-03-22 23:41:36 #7 type] 
Type domain.NormalUser is not enhanced.

[2020-03-22 23:41:36 #8 type] 
Type domain.Apustua is not enhanced.

