------------------------------------------------------------------------------------------------------------------------

[2020-03-02 21:20:10 #1 store] 
Database 'C:\Users\asier\eclipse-workspace\Bets2020-Master\src\main\resources\bets.temp' is opened by 24436@DESKTOP-UOETFC7

[2020-03-02 21:20:11 #2 type] 
Type domain.Question is not enhanced.

[2020-03-02 21:20:11 #3 type] 
Type domain.Event is not enhanced.

[2020-03-02 21:20:11 #4 type] 
Type domain.user is not enhanced.

[2020-03-02 21:20:11 #5 type] 
Type domain.Kuota is not enhanced.

[2020-03-02 21:20:11 #6 type] 
Type domain.Admin is not enhanced.

[2020-03-02 21:20:11 #7 type] 
Type domain.NormalUser is not enhanced.

------------------------------------------------------------------------------------------------------------------------

[2020-03-02 21:26:13 #1 store] 
Database 'C:\Users\asier\eclipse-workspace\Bets2020-Master\src\main\resources\bets.temp' has been recovered (tr. 57-58)

[2020-03-02 21:26:14 #2 store] 
Database 'C:\Users\asier\eclipse-workspace\Bets2020-Master\src\main\resources\bets.temp' is opened by 23124@DESKTOP-UOETFC7

[2020-03-02 21:26:14 #3 type] 
Type domain.Question is not enhanced.

[2020-03-02 21:26:14 #4 type] 
Type domain.Event is not enhanced.

[2020-03-02 21:26:14 #5 type] 
Type domain.user is not enhanced.

[2020-03-02 21:26:14 #6 type] 
Type domain.Kuota is not enhanced.

[2020-03-02 21:26:14 #7 type] 
Type domain.Admin is not enhanced.

[2020-03-02 21:26:14 #8 type] 
Type domain.NormalUser is not enhanced.

------------------------------------------------------------------------------------------------------------------------

[2020-03-02 21:29:12 #1 store] 
Database 'C:\Users\asier\eclipse-workspace\Bets2020-Master\src\main\resources\bets.temp' has been recovered (tr. 59-59)

[2020-03-02 21:29:12 #2 store] 
Database 'C:\Users\asier\eclipse-workspace\Bets2020-Master\src\main\resources\bets.temp' is opened by 10764@DESKTOP-UOETFC7

[2020-03-02 21:29:12 #3 type] 
Type domain.Question is not enhanced.

[2020-03-02 21:29:12 #4 type] 
Type domain.Event is not enhanced.

[2020-03-02 21:29:12 #5 type] 
Type domain.user is not enhanced.

[2020-03-02 21:29:12 #6 type] 
Type domain.Kuota is not enhanced.

[2020-03-02 21:29:12 #7 type] 
Type domain.Admin is not enhanced.

[2020-03-02 21:29:12 #8 type] 
Type domain.NormalUser is not enhanced.

------------------------------------------------------------------------------------------------------------------------

[2020-03-02 21:31:13 #1 store] 
Database 'C:\Users\asier\eclipse-workspace\Bets2020-Master\src\main\resources\bets.temp' is opened by 9876@DESKTOP-UOETFC7

[2020-03-02 21:31:13 #2 type] 
Type domain.Question is not enhanced.

[2020-03-02 21:31:13 #3 type] 
Type domain.Event is not enhanced.

[2020-03-02 21:31:13 #4 type] 
Type domain.user is not enhanced.

[2020-03-02 21:31:13 #5 type] 
Type domain.Kuota is not enhanced.

[2020-03-02 21:31:13 #6 type] 
Type domain.Admin is not enhanced.

[2020-03-02 21:31:13 #7 type] 
Type domain.NormalUser is not enhanced.

------------------------------------------------------------------------------------------------------------------------

[2020-03-02 21:32:43 #1 store] 
Database 'C:\Users\asier\eclipse-workspace\Bets2020-Master\src\main\resources\bets.temp' is opened by 11516@DESKTOP-UOETFC7

[2020-03-02 21:32:43 #2 type] 
Type domain.Question is not enhanced.

[2020-03-02 21:32:43 #3 type] 
Type domain.Event is not enhanced.

[2020-03-02 21:32:43 #4 type] 
Type domain.user is not enhanced.

[2020-03-02 21:32:43 #5 type] 
Type domain.Kuota is not enhanced.

[2020-03-02 21:32:43 #6 type] 
Type domain.Admin is not enhanced.

[2020-03-02 21:32:43 #7 type] 
Type domain.NormalUser is not enhanced.

------------------------------------------------------------------------------------------------------------------------

[2020-03-02 21:34:21 #1 store] 
Database 'C:\Users\asier\eclipse-workspace\Bets2020-Master\src\main\resources\bets.temp' is opened by 22300@DESKTOP-UOETFC7

[2020-03-02 21:34:21 #2 type] 
Type domain.Question is not enhanced.

[2020-03-02 21:34:21 #3 type] 
Type domain.Event is not enhanced.

[2020-03-02 21:34:21 #4 type] 
Type domain.user is not enhanced.

[2020-03-02 21:34:21 #5 type] 
Type domain.Kuota is not enhanced.

[2020-03-02 21:34:21 #6 type] 
Type domain.Admin is not enhanced.

[2020-03-02 21:34:21 #7 type] 
Type domain.NormalUser is not enhanced.

------------------------------------------------------------------------------------------------------------------------

[2020-03-02 21:35:26 #1 store] 
Database 'C:\Users\asier\eclipse-workspace\Bets2020-Master\src\main\resources\bets.temp' is opened by 23832@DESKTOP-UOETFC7

[2020-03-02 21:35:27 #2 type] 
Type domain.Question is not enhanced.

[2020-03-02 21:35:27 #3 type] 
Type domain.Event is not enhanced.

[2020-03-02 21:35:27 #4 type] 
Type domain.user is not enhanced.

[2020-03-02 21:35:27 #5 type] 
Type domain.Kuota is not enhanced.

[2020-03-02 21:35:27 #6 type] 
Type domain.Admin is not enhanced.

[2020-03-02 21:35:27 #7 type] 
Type domain.NormalUser is not enhanced.

------------------------------------------------------------------------------------------------------------------------

[2020-03-02 21:36:04 #1 store] 
Database 'C:\Users\asier\eclipse-workspace\Bets2020-Master\src\main\resources\bets.temp' is opened by 21312@DESKTOP-UOETFC7

[2020-03-02 21:36:04 #2 type] 
Type domain.Question is not enhanced.

[2020-03-02 21:36:04 #3 type] 
Type domain.Event is not enhanced.

[2020-03-02 21:36:04 #4 type] 
Type domain.user is not enhanced.

[2020-03-02 21:36:05 #5 type] 
Type domain.Kuota is not enhanced.

[2020-03-02 21:36:05 #6 type] 
Type domain.Admin is not enhanced.

[2020-03-02 21:36:05 #7 type] 
Type domain.NormalUser is not enhanced.

[2020-03-02 21:37:16 #8 load] 
[ObjectDB 2.6.9_09] Unexpected exception (Error 990)
  Generated by Java HotSpot(TM) 64-Bit Server VM 1.8.0_202 (on Windows 10 10.0).
Please report this error on http://www.objectdb.com/database/issue/new
com.objectdb.o.InternalException: Unexpected request domain.NormalUser:'admin'
com.objectdb.o.InternalException: Unexpected request domain.NormalUser:'admin'
	at com.objectdb.o.LDR.Vz(LDR.java:1030)
	at com.objectdb.o.RTT.G(RTT.java:267)
	at com.objectdb.o.RTT.F(RTT.java:249)
	at com.objectdb.o.RRT.C(RRT.java:288)
	at com.objectdb.o.RTT.l(RTT.java:134)
	at com.objectdb.o.RRT.l(RRT.java:32)
	at com.objectdb.o.TSK.i(TSK.java:145)
	at com.objectdb.o.TSK.f(TSK.java:95)
	at com.objectdb.o.TSM.e(TSM.java:86)
	at com.objectdb.o.MST.a1(MST.java:707)
	at com.objectdb.o.MST.aY(MST.java:476)
	at com.objectdb.o.MST.U6(MST.java:442)
	at com.objectdb.o.WRA.U6(WRA.java:266)
	at com.objectdb.o.LDR.G(LDR.java:556)
	at com.objectdb.o.LDR.F(LDR.java:473)
	at com.objectdb.o.LDR.A(LDR.java:272)
	at com.objectdb.o.OBC.aO(OBC.java:1061)
	at com.objectdb.o.OBC.aM(OBC.java:979)
	at com.objectdb.jpa.EMImpl.find(EMImpl.java:599)
	at com.objectdb.jpa.EMImpl.find(EMImpl.java:519)
	at dataAccess.DataAccess.egiaztatuErabiltzailea(DataAccess.java:270)
	at businessLogic.BLFacadeImplementation.egiaztatuErab(BLFacadeImplementation.java:112)
	at gui.Login$4.actionPerformed(Login.java:93)
	at javax.swing.AbstractButton.fireActionPerformed(Unknown Source)
	at javax.swing.AbstractButton$Handler.actionPerformed(Unknown Source)
	at javax.swing.DefaultButtonModel.fireActionPerformed(Unknown Source)
	at javax.swing.DefaultButtonModel.setPressed(Unknown Source)
	at javax.swing.plaf.basic.BasicButtonListener.mouseReleased(Unknown Source)
	at java.awt.Component.processMouseEvent(Unknown Source)
	at javax.swing.JComponent.processMouseEvent(Unknown Source)
	at java.awt.Component.processEvent(Unknown Source)
	at java.awt.Container.processEvent(Unknown Source)
	at java.awt.Component.dispatchEventImpl(Unknown Source)
	at java.awt.Container.dispatchEventImpl(Unknown Source)
	at java.awt.Component.dispatchEvent(Unknown Source)
	at java.awt.LightweightDispatcher.retargetMouseEvent(Unknown Source)
	at java.awt.LightweightDispatcher.processMouseEvent(Unknown Source)
	at java.awt.LightweightDispatcher.dispatchEvent(Unknown Source)
	at java.awt.Container.dispatchEventImpl(Unknown Source)
	at java.awt.Window.dispatchEventImpl(Unknown Source)
	at java.awt.Component.dispatchEvent(Unknown Source)
	at java.awt.EventQueue.dispatchEventImpl(Unknown Source)
	at java.awt.EventQueue.access$500(Unknown Source)
	at java.awt.EventQueue$3.run(Unknown Source)
	at java.awt.EventQueue$3.run(Unknown Source)
	at java.security.AccessController.doPrivileged(Native Method)
	at java.security.ProtectionDomain$JavaSecurityAccessImpl.doIntersectionPrivilege(Unknown Source)
	at java.security.ProtectionDomain$JavaSecurityAccessImpl.doIntersectionPrivilege(Unknown Source)
	at java.awt.EventQueue$4.run(Unknown Source)
	at java.awt.EventQueue$4.run(Unknown Source)
	at java.security.AccessController.doPrivileged(Native Method)
	at java.security.ProtectionDomain$JavaSecurityAccessImpl.doIntersectionPrivilege(Unknown Source)
	at java.awt.EventQueue.dispatchEvent(Unknown Source)
	at java.awt.EventDispatchThread.pumpOneEventForFilters(Unknown Source)
	at java.awt.EventDispatchThread.pumpEventsForFilter(Unknown Source)
	at java.awt.EventDispatchThread.pumpEventsForHierarchy(Unknown Source)
	at java.awt.EventDispatchThread.pumpEvents(Unknown Source)
	at java.awt.EventDispatchThread.pumpEvents(Unknown Source)
	at java.awt.EventDispatchThread.run(Unknown Source)

[2020-03-02 21:37:16 #9 load] 
Request set: {}

[2020-03-02 21:37:16 #10 load] 
[ObjectDB 2.6.9_09] Unexpected exception (Error 990)
  Generated by Java HotSpot(TM) 64-Bit Server VM 1.8.0_202 (on Windows 10 10.0).
Please report this error on http://www.objectdb.com/database/issue/new
com.objectdb.o.InternalException: Unexpected request domain.NormalUser:'admin'
com.objectdb.o.InternalException: Unexpected request domain.NormalUser:'admin'
	at com.objectdb.o.LDR.Vz(LDR.java:1030)
	at com.objectdb.o.RTT.G(RTT.java:267)
	at com.objectdb.o.RTT.F(RTT.java:249)
	at com.objectdb.o.RRT.C(RRT.java:288)
	at com.objectdb.o.RTT.l(RTT.java:134)
	at com.objectdb.o.RRT.l(RRT.java:32)
	at com.objectdb.o.TSK.i(TSK.java:145)
	at com.objectdb.o.TSK.f(TSK.java:95)
	at com.objectdb.o.TSM.e(TSM.java:86)
	at com.objectdb.o.MST.a1(MST.java:707)
	at com.objectdb.o.MST.aY(MST.java:476)
	at com.objectdb.o.MST.U6(MST.java:442)
	at com.objectdb.o.WRA.U6(WRA.java:266)
	at com.objectdb.o.LDR.G(LDR.java:556)
	at com.objectdb.o.LDR.F(LDR.java:473)
	at com.objectdb.o.LDR.A(LDR.java:272)
	at com.objectdb.o.OBC.aO(OBC.java:1061)
	at com.objectdb.o.OBC.aM(OBC.java:979)
	at com.objectdb.jpa.EMImpl.find(EMImpl.java:599)
	at com.objectdb.jpa.EMImpl.find(EMImpl.java:519)
	at dataAccess.DataAccess.erabiltzaileaLortu(DataAccess.java:251)
	at businessLogic.BLFacadeImplementation.lortuErab(BLFacadeImplementation.java:126)
	at gui.Login$4.actionPerformed(Login.java:97)
	at javax.swing.AbstractButton.fireActionPerformed(Unknown Source)
	at javax.swing.AbstractButton$Handler.actionPerformed(Unknown Source)
	at javax.swing.DefaultButtonModel.fireActionPerformed(Unknown Source)
	at javax.swing.DefaultButtonModel.setPressed(Unknown Source)
	at javax.swing.plaf.basic.BasicButtonListener.mouseReleased(Unknown Source)
	at java.awt.Component.processMouseEvent(Unknown Source)
	at javax.swing.JComponent.processMouseEvent(Unknown Source)
	at java.awt.Component.processEvent(Unknown Source)
	at java.awt.Container.processEvent(Unknown Source)
	at java.awt.Component.dispatchEventImpl(Unknown Source)
	at java.awt.Container.dispatchEventImpl(Unknown Source)
	at java.awt.Component.dispatchEvent(Unknown Source)
	at java.awt.LightweightDispatcher.retargetMouseEvent(Unknown Source)
	at java.awt.LightweightDispatcher.processMouseEvent(Unknown Source)
	at java.awt.LightweightDispatcher.dispatchEvent(Unknown Source)
	at java.awt.Container.dispatchEventImpl(Unknown Source)
	at java.awt.Window.dispatchEventImpl(Unknown Source)
	at java.awt.Component.dispatchEvent(Unknown Source)
	at java.awt.EventQueue.dispatchEventImpl(Unknown Source)
	at java.awt.EventQueue.access$500(Unknown Source)
	at java.awt.EventQueue$3.run(Unknown Source)
	at java.awt.EventQueue$3.run(Unknown Source)
	at java.security.AccessController.doPrivileged(Native Method)
	at java.security.ProtectionDomain$JavaSecurityAccessImpl.doIntersectionPrivilege(Unknown Source)
	at java.security.ProtectionDomain$JavaSecurityAccessImpl.doIntersectionPrivilege(Unknown Source)
	at java.awt.EventQueue$4.run(Unknown Source)
	at java.awt.EventQueue$4.run(Unknown Source)
	at java.security.AccessController.doPrivileged(Native Method)
	at java.security.ProtectionDomain$JavaSecurityAccessImpl.doIntersectionPrivilege(Unknown Source)
	at java.awt.EventQueue.dispatchEvent(Unknown Source)
	at java.awt.EventDispatchThread.pumpOneEventForFilters(Unknown Source)
	at java.awt.EventDispatchThread.pumpEventsForFilter(Unknown Source)
	at java.awt.EventDispatchThread.pumpEventsForHierarchy(Unknown Source)
	at java.awt.EventDispatchThread.pumpEvents(Unknown Source)
	at java.awt.EventDispatchThread.pumpEvents(Unknown Source)
	at java.awt.EventDispatchThread.run(Unknown Source)

[2020-03-02 21:37:16 #11 load] 
Request set: {}

