------------------------------------------------------------------------------------------------------------------------

[2020-05-01 17:25:30 #1 store] 
Database 'C:\Users\asier\git\2.Iterazioa\AsierFernjandez_2_Iterazioa\src\main\resources\bets.temp' is opened by 12152@DESKTOP-UOETFC7

[2020-05-01 17:25:30 #2 type] 
Type domain.Question is not enhanced.

[2020-05-01 17:25:30 #3 type] 
Type domain.Event is not enhanced.

[2020-05-01 17:25:30 #4 type] 
Type domain.user is not enhanced.

[2020-05-01 17:25:30 #5 type] 
Type domain.Kuota is not enhanced.

[2020-05-01 17:25:30 #6 type] 
Type domain.Admin is not enhanced.

[2020-05-01 17:25:30 #7 type] 
Type domain.NormalUser is not enhanced.

[2020-05-01 17:25:30 #8 type] 
Type domain.Apustua is not enhanced.

------------------------------------------------------------------------------------------------------------------------

[2020-05-01 17:28:19 #1 store] 
Database 'C:\Users\asier\git\2.Iterazioa\AsierFernjandez_2_Iterazioa\src\main\resources\bets.temp' has been recovered (tr. 738-739)

[2020-05-01 17:28:19 #2 store] 
Database 'C:\Users\asier\git\2.Iterazioa\AsierFernjandez_2_Iterazioa\src\main\resources\bets.temp' is opened by 23216@DESKTOP-UOETFC7

[2020-05-01 17:28:19 #3 type] 
Type domain.Question is not enhanced.

[2020-05-01 17:28:19 #4 type] 
Type domain.Event is not enhanced.

[2020-05-01 17:28:19 #5 type] 
Type domain.user is not enhanced.

[2020-05-01 17:28:19 #6 type] 
Type domain.Kuota is not enhanced.

[2020-05-01 17:28:19 #7 type] 
Type domain.Admin is not enhanced.

[2020-05-01 17:28:19 #8 type] 
Type domain.NormalUser is not enhanced.

[2020-05-01 17:28:19 #9 type] 
Type domain.Apustua is not enhanced.

------------------------------------------------------------------------------------------------------------------------

[2020-05-01 17:30:49 #1 store] 
Database 'C:\Users\asier\git\2.Iterazioa\AsierFernjandez_2_Iterazioa\src\main\resources\bets.temp' is opened by 7504@DESKTOP-UOETFC7

[2020-05-01 17:30:49 #2 type] 
Type domain.Question is not enhanced.

[2020-05-01 17:30:49 #3 type] 
Type domain.Event is not enhanced.

[2020-05-01 17:30:49 #4 type] 
Type domain.user is not enhanced.

[2020-05-01 17:30:49 #5 type] 
Type domain.Kuota is not enhanced.

[2020-05-01 17:30:49 #6 type] 
Type domain.Admin is not enhanced.

[2020-05-01 17:30:49 #7 type] 
Type domain.NormalUser is not enhanced.

[2020-05-01 17:30:49 #8 type] 
Type domain.Apustua is not enhanced.

------------------------------------------------------------------------------------------------------------------------

[2020-05-01 17:32:08 #1 store] 
Database 'C:\Users\asier\git\2.Iterazioa\AsierFernjandez_2_Iterazioa\src\main\resources\bets.temp' is opened by 11632@DESKTOP-UOETFC7

[2020-05-01 17:32:09 #2 type] 
Type domain.Question is not enhanced.

[2020-05-01 17:32:09 #3 type] 
Type domain.Event is not enhanced.

[2020-05-01 17:32:09 #4 type] 
Type domain.user is not enhanced.

[2020-05-01 17:32:09 #5 type] 
Type domain.Kuota is not enhanced.

[2020-05-01 17:32:09 #6 type] 
Type domain.Admin is not enhanced.

[2020-05-01 17:32:09 #7 type] 
Type domain.NormalUser is not enhanced.

[2020-05-01 17:32:09 #8 type] 
Type domain.Apustua is not enhanced.

------------------------------------------------------------------------------------------------------------------------

[2020-05-01 17:33:31 #1 store] 
Database 'C:\Users\asier\git\2.Iterazioa\AsierFernjandez_2_Iterazioa\src\main\resources\bets.temp' is opened by 19144@DESKTOP-UOETFC7

[2020-05-01 17:33:31 #2 type] 
Type domain.Question is not enhanced.

[2020-05-01 17:33:31 #3 type] 
Type domain.Event is not enhanced.

[2020-05-01 17:33:31 #4 type] 
Type domain.user is not enhanced.

[2020-05-01 17:33:31 #5 type] 
Type domain.Kuota is not enhanced.

[2020-05-01 17:33:31 #6 type] 
Type domain.Admin is not enhanced.

[2020-05-01 17:33:31 #7 type] 
Type domain.NormalUser is not enhanced.

[2020-05-01 17:33:31 #8 type] 
Type domain.Apustua is not enhanced.

