------------------------------------------------------------------------------------------------------------------------

[2020-04-25 16:41:39 #1 store] 
Database 'C:\Users\asier\git\2.Iterazioa\AsierFernjandez_2_Iterazioa\src\main\resources\bets.temp' is opened by 15260@DESKTOP-UOETFC7

[2020-04-25 16:41:39 #2 type] 
Type domain.Question is not enhanced.

[2020-04-25 16:41:39 #3 type] 
Type domain.Event is not enhanced.

[2020-04-25 16:41:39 #4 type] 
Type domain.user is not enhanced.

[2020-04-25 16:41:39 #5 type] 
Type domain.Kuota is not enhanced.

[2020-04-25 16:41:39 #6 type] 
Type domain.Admin is not enhanced.

[2020-04-25 16:41:39 #7 type] 
Type domain.NormalUser is not enhanced.

[2020-04-25 16:41:39 #8 type] 
Type domain.Apustua is not enhanced.

------------------------------------------------------------------------------------------------------------------------

[2020-04-25 16:43:53 #1 store] 
Database 'C:\Users\asier\git\2.Iterazioa\AsierFernjandez_2_Iterazioa\src\main\resources\bets.temp' is opened by 18196@DESKTOP-UOETFC7

[2020-04-25 16:43:53 #2 type] 
Type domain.Question is not enhanced.

[2020-04-25 16:43:53 #3 type] 
Type domain.Event is not enhanced.

[2020-04-25 16:43:53 #4 type] 
Type domain.user is not enhanced.

[2020-04-25 16:43:53 #5 type] 
Type domain.Kuota is not enhanced.

[2020-04-25 16:43:53 #6 type] 
Type domain.Admin is not enhanced.

[2020-04-25 16:43:53 #7 type] 
Type domain.NormalUser is not enhanced.

[2020-04-25 16:43:53 #8 type] 
Type domain.Apustua is not enhanced.

------------------------------------------------------------------------------------------------------------------------

[2020-04-25 16:45:03 #1 store] 
Database 'C:\Users\asier\git\2.Iterazioa\AsierFernjandez_2_Iterazioa\src\main\resources\bets.temp' is opened by 16524@DESKTOP-UOETFC7

[2020-04-25 16:45:04 #2 type] 
Type domain.Question is not enhanced.

[2020-04-25 16:45:04 #3 type] 
Type domain.Event is not enhanced.

[2020-04-25 16:45:04 #4 type] 
Type domain.user is not enhanced.

[2020-04-25 16:45:04 #5 type] 
Type domain.Kuota is not enhanced.

[2020-04-25 16:45:04 #6 type] 
Type domain.Admin is not enhanced.

[2020-04-25 16:45:04 #7 type] 
Type domain.NormalUser is not enhanced.

[2020-04-25 16:45:04 #8 type] 
Type domain.Apustua is not enhanced.

------------------------------------------------------------------------------------------------------------------------

[2020-04-25 16:47:06 #1 store] 
Database 'C:\Users\asier\git\2.Iterazioa\AsierFernjandez_2_Iterazioa\src\main\resources\bets.temp' is opened by 12352@DESKTOP-UOETFC7

[2020-04-25 16:47:06 #2 type] 
Type domain.Question is not enhanced.

[2020-04-25 16:47:06 #3 type] 
Type domain.Event is not enhanced.

[2020-04-25 16:47:06 #4 type] 
Type domain.user is not enhanced.

[2020-04-25 16:47:06 #5 type] 
Type domain.Kuota is not enhanced.

[2020-04-25 16:47:06 #6 type] 
Type domain.Admin is not enhanced.

[2020-04-25 16:47:06 #7 type] 
Type domain.NormalUser is not enhanced.

[2020-04-25 16:47:06 #8 type] 
Type domain.Apustua is not enhanced.

------------------------------------------------------------------------------------------------------------------------

[2020-04-25 20:07:47 #1 store] 
Database 'C:\Users\asier\git\2.Iterazioa\AsierFernjandez_2_Iterazioa\src\main\resources\bets.temp' is opened by 10724@DESKTOP-UOETFC7

[2020-04-25 20:07:48 #2 type] 
Type domain.Question is not enhanced.

[2020-04-25 20:07:48 #3 type] 
Type domain.Event is not enhanced.

[2020-04-25 20:07:48 #4 type] 
Type domain.user is not enhanced.

[2020-04-25 20:07:48 #5 type] 
Type domain.Kuota is not enhanced.

[2020-04-25 20:07:48 #6 type] 
Type domain.Admin is not enhanced.

[2020-04-25 20:07:48 #7 type] 
Type domain.NormalUser is not enhanced.

[2020-04-25 20:07:48 #8 type] 
Type domain.Apustua is not enhanced.

------------------------------------------------------------------------------------------------------------------------

[2020-04-25 20:45:46 #1 store] 
Database 'C:\Users\asier\git\2.Iterazioa\AsierFernjandez_2_Iterazioa\src\main\resources\bets.temp' is opened by 3488@DESKTOP-UOETFC7

[2020-04-25 20:45:46 #2 type] 
Type domain.Question is not enhanced.

[2020-04-25 20:45:46 #3 type] 
Type domain.Event is not enhanced.

[2020-04-25 20:45:46 #4 type] 
Type domain.user is not enhanced.

[2020-04-25 20:45:46 #5 type] 
Type domain.Kuota is not enhanced.

[2020-04-25 20:45:46 #6 type] 
Type domain.Admin is not enhanced.

[2020-04-25 20:45:46 #7 type] 
Type domain.NormalUser is not enhanced.

[2020-04-25 20:45:46 #8 type] 
Type domain.Apustua is not enhanced.

------------------------------------------------------------------------------------------------------------------------

[2020-04-25 20:46:54 #1 store] 
Database 'C:\Users\asier\git\2.Iterazioa\AsierFernjandez_2_Iterazioa\src\main\resources\bets.temp' is opened by 8712@DESKTOP-UOETFC7

[2020-04-25 20:46:54 #2 type] 
Type domain.Question is not enhanced.

[2020-04-25 20:46:54 #3 type] 
Type domain.Event is not enhanced.

[2020-04-25 20:46:54 #4 type] 
Type domain.user is not enhanced.

[2020-04-25 20:46:54 #5 type] 
Type domain.Kuota is not enhanced.

[2020-04-25 20:46:54 #6 type] 
Type domain.Admin is not enhanced.

[2020-04-25 20:46:54 #7 type] 
Type domain.NormalUser is not enhanced.

[2020-04-25 20:46:54 #8 type] 
Type domain.Apustua is not enhanced.

