------------------------------------------------------------------------------------------------------------------------

[2020-04-30 18:04:08 #1 store] 
Database 'C:\Users\asier\git\2.Iterazioa\AsierFernjandez_2_Iterazioa\src\main\resources\bets.temp' is opened by 12136@DESKTOP-UOETFC7

[2020-04-30 18:04:08 #2 type] 
Type domain.Question is not enhanced.

[2020-04-30 18:04:08 #3 type] 
Type domain.Event is not enhanced.

[2020-04-30 18:04:08 #4 type] 
Type domain.user is not enhanced.

[2020-04-30 18:04:08 #5 type] 
Type domain.Kuota is not enhanced.

[2020-04-30 18:04:08 #6 type] 
Type domain.Admin is not enhanced.

[2020-04-30 18:04:08 #7 type] 
Type domain.NormalUser is not enhanced.

[2020-04-30 18:04:08 #8 type] 
Type domain.Apustua is not enhanced.

------------------------------------------------------------------------------------------------------------------------

[2020-04-30 18:06:13 #1 store] 
Database 'C:\Users\asier\git\2.Iterazioa\AsierFernjandez_2_Iterazioa\src\main\resources\bets.temp' has been recovered (tr. 656-659)

[2020-04-30 18:06:13 #2 store] 
Database 'C:\Users\asier\git\2.Iterazioa\AsierFernjandez_2_Iterazioa\src\main\resources\bets.temp' is opened by 21252@DESKTOP-UOETFC7

[2020-04-30 18:06:13 #3 type] 
Type domain.Question is not enhanced.

[2020-04-30 18:06:13 #4 type] 
Type domain.Event is not enhanced.

[2020-04-30 18:06:13 #5 type] 
Type domain.user is not enhanced.

[2020-04-30 18:06:13 #6 type] 
Type domain.Kuota is not enhanced.

[2020-04-30 18:06:13 #7 type] 
Type domain.Admin is not enhanced.

[2020-04-30 18:06:13 #8 type] 
Type domain.NormalUser is not enhanced.

[2020-04-30 18:06:13 #9 type] 
Type domain.Apustua is not enhanced.

------------------------------------------------------------------------------------------------------------------------

[2020-04-30 18:07:40 #1 store] 
Database 'C:\Users\asier\git\2.Iterazioa\AsierFernjandez_2_Iterazioa\src\main\resources\bets.temp' has been recovered (tr. 660-661)

[2020-04-30 18:07:40 #2 store] 
Database 'C:\Users\asier\git\2.Iterazioa\AsierFernjandez_2_Iterazioa\src\main\resources\bets.temp' is opened by 16936@DESKTOP-UOETFC7

[2020-04-30 18:07:40 #3 type] 
Type domain.Question is not enhanced.

[2020-04-30 18:07:40 #4 type] 
Type domain.Event is not enhanced.

[2020-04-30 18:07:40 #5 type] 
Type domain.user is not enhanced.

[2020-04-30 18:07:40 #6 type] 
Type domain.Kuota is not enhanced.

[2020-04-30 18:07:40 #7 type] 
Type domain.Admin is not enhanced.

[2020-04-30 18:07:40 #8 type] 
Type domain.NormalUser is not enhanced.

[2020-04-30 18:07:40 #9 type] 
Type domain.Apustua is not enhanced.

------------------------------------------------------------------------------------------------------------------------

[2020-04-30 18:10:01 #1 store] 
Database 'C:\Users\asier\git\2.Iterazioa\AsierFernjandez_2_Iterazioa\src\main\resources\bets.temp' has been recovered (tr. 662-666)

[2020-04-30 18:10:01 #2 store] 
Database 'C:\Users\asier\git\2.Iterazioa\AsierFernjandez_2_Iterazioa\src\main\resources\bets.temp' is opened by 9300@DESKTOP-UOETFC7

[2020-04-30 18:10:01 #3 type] 
Type domain.Question is not enhanced.

[2020-04-30 18:10:01 #4 type] 
Type domain.Event is not enhanced.

[2020-04-30 18:10:01 #5 type] 
Type domain.user is not enhanced.

[2020-04-30 18:10:01 #6 type] 
Type domain.Kuota is not enhanced.

[2020-04-30 18:10:01 #7 type] 
Type domain.Admin is not enhanced.

[2020-04-30 18:10:01 #8 type] 
Type domain.NormalUser is not enhanced.

[2020-04-30 18:10:01 #9 type] 
Type domain.Apustua is not enhanced.

------------------------------------------------------------------------------------------------------------------------

[2020-04-30 18:11:41 #1 store] 
Database 'C:\Users\asier\git\2.Iterazioa\AsierFernjandez_2_Iterazioa\src\main\resources\bets.temp' has been recovered (tr. 667-667)

[2020-04-30 18:11:41 #2 store] 
Database 'C:\Users\asier\git\2.Iterazioa\AsierFernjandez_2_Iterazioa\src\main\resources\bets.temp' is opened by 5400@DESKTOP-UOETFC7

[2020-04-30 18:11:41 #3 type] 
Type domain.Question is not enhanced.

[2020-04-30 18:11:41 #4 type] 
Type domain.Event is not enhanced.

[2020-04-30 18:11:41 #5 type] 
Type domain.user is not enhanced.

[2020-04-30 18:11:41 #6 type] 
Type domain.Kuota is not enhanced.

[2020-04-30 18:11:41 #7 type] 
Type domain.Admin is not enhanced.

[2020-04-30 18:11:41 #8 type] 
Type domain.NormalUser is not enhanced.

[2020-04-30 18:11:41 #9 type] 
Type domain.Apustua is not enhanced.

------------------------------------------------------------------------------------------------------------------------

[2020-04-30 18:31:25 #1 store] 
Database 'C:\Users\asier\git\2.Iterazioa\AsierFernjandez_2_Iterazioa\src\main\resources\bets.temp' is opened by 18084@DESKTOP-UOETFC7

[2020-04-30 18:31:25 #2 type] 
Type domain.Question is not enhanced.

[2020-04-30 18:31:25 #3 type] 
Type domain.Event is not enhanced.

[2020-04-30 18:31:26 #4 type] 
Type domain.user is not enhanced.

[2020-04-30 18:31:26 #5 type] 
Type domain.Kuota is not enhanced.

[2020-04-30 18:31:26 #6 type] 
Type domain.Admin is not enhanced.

[2020-04-30 18:31:26 #7 type] 
Type domain.NormalUser is not enhanced.

[2020-04-30 18:31:26 #8 type] 
Type domain.Apustua is not enhanced.

------------------------------------------------------------------------------------------------------------------------

[2020-04-30 18:34:28 #1 store] 
Database 'C:\Users\asier\git\2.Iterazioa\AsierFernjandez_2_Iterazioa\src\main\resources\bets.temp' has been recovered (tr. 681-681)

[2020-04-30 18:34:29 #2 store] 
Database 'C:\Users\asier\git\2.Iterazioa\AsierFernjandez_2_Iterazioa\src\main\resources\bets.temp' is opened by 6352@DESKTOP-UOETFC7

[2020-04-30 18:34:29 #3 type] 
Type domain.Question is not enhanced.

[2020-04-30 18:34:29 #4 type] 
Type domain.Event is not enhanced.

[2020-04-30 18:34:29 #5 type] 
Type domain.user is not enhanced.

[2020-04-30 18:34:29 #6 type] 
Type domain.Kuota is not enhanced.

[2020-04-30 18:34:29 #7 type] 
Type domain.Admin is not enhanced.

[2020-04-30 18:34:29 #8 type] 
Type domain.NormalUser is not enhanced.

[2020-04-30 18:34:29 #9 type] 
Type domain.Apustua is not enhanced.

------------------------------------------------------------------------------------------------------------------------

[2020-04-30 18:36:02 #1 store] 
Database 'C:\Users\asier\git\2.Iterazioa\AsierFernjandez_2_Iterazioa\src\main\resources\bets.temp' has been recovered (tr. 682-683)

[2020-04-30 18:36:02 #2 store] 
Database 'C:\Users\asier\git\2.Iterazioa\AsierFernjandez_2_Iterazioa\src\main\resources\bets.temp' is opened by 10952@DESKTOP-UOETFC7

[2020-04-30 18:36:02 #3 type] 
Type domain.Question is not enhanced.

[2020-04-30 18:36:02 #4 type] 
Type domain.Event is not enhanced.

[2020-04-30 18:36:02 #5 type] 
Type domain.user is not enhanced.

[2020-04-30 18:36:02 #6 type] 
Type domain.Kuota is not enhanced.

[2020-04-30 18:36:02 #7 type] 
Type domain.Admin is not enhanced.

[2020-04-30 18:36:02 #8 type] 
Type domain.NormalUser is not enhanced.

[2020-04-30 18:36:02 #9 type] 
Type domain.Apustua is not enhanced.

------------------------------------------------------------------------------------------------------------------------

[2020-04-30 18:37:30 #1 store] 
Database 'C:\Users\asier\git\2.Iterazioa\AsierFernjandez_2_Iterazioa\src\main\resources\bets.temp' has been recovered (tr. 684-685)

[2020-04-30 18:37:30 #2 store] 
Database 'C:\Users\asier\git\2.Iterazioa\AsierFernjandez_2_Iterazioa\src\main\resources\bets.temp' is opened by 11120@DESKTOP-UOETFC7

[2020-04-30 18:37:30 #3 type] 
Type domain.Question is not enhanced.

[2020-04-30 18:37:30 #4 type] 
Type domain.Event is not enhanced.

[2020-04-30 18:37:30 #5 type] 
Type domain.user is not enhanced.

[2020-04-30 18:37:30 #6 type] 
Type domain.Kuota is not enhanced.

[2020-04-30 18:37:30 #7 type] 
Type domain.Admin is not enhanced.

[2020-04-30 18:37:30 #8 type] 
Type domain.NormalUser is not enhanced.

[2020-04-30 18:37:30 #9 type] 
Type domain.Apustua is not enhanced.

------------------------------------------------------------------------------------------------------------------------

[2020-04-30 18:39:52 #1 store] 
Database 'C:\Users\asier\git\2.Iterazioa\AsierFernjandez_2_Iterazioa\src\main\resources\bets.temp' has been recovered (tr. 686-687)

[2020-04-30 18:39:52 #2 store] 
Database 'C:\Users\asier\git\2.Iterazioa\AsierFernjandez_2_Iterazioa\src\main\resources\bets.temp' is opened by 8928@DESKTOP-UOETFC7

[2020-04-30 18:39:52 #3 type] 
Type domain.Question is not enhanced.

[2020-04-30 18:39:52 #4 type] 
Type domain.Event is not enhanced.

[2020-04-30 18:39:52 #5 type] 
Type domain.user is not enhanced.

[2020-04-30 18:39:52 #6 type] 
Type domain.Kuota is not enhanced.

[2020-04-30 18:39:52 #7 type] 
Type domain.Admin is not enhanced.

[2020-04-30 18:39:52 #8 type] 
Type domain.NormalUser is not enhanced.

[2020-04-30 18:39:52 #9 type] 
Type domain.Apustua is not enhanced.

------------------------------------------------------------------------------------------------------------------------

[2020-04-30 18:45:54 #1 store] 
Database 'C:\Users\asier\git\2.Iterazioa\AsierFernjandez_2_Iterazioa\src\main\resources\bets.temp' has been recovered (tr. 688-689)

[2020-04-30 18:45:54 #2 store] 
Database 'C:\Users\asier\git\2.Iterazioa\AsierFernjandez_2_Iterazioa\src\main\resources\bets.temp' is opened by 10400@DESKTOP-UOETFC7

[2020-04-30 18:45:54 #3 type] 
Type domain.Question is not enhanced.

[2020-04-30 18:45:54 #4 type] 
Type domain.Event is not enhanced.

[2020-04-30 18:45:54 #5 type] 
Type domain.user is not enhanced.

[2020-04-30 18:45:54 #6 type] 
Type domain.Kuota is not enhanced.

[2020-04-30 18:45:54 #7 type] 
Type domain.Admin is not enhanced.

[2020-04-30 18:45:54 #8 type] 
Type domain.NormalUser is not enhanced.

[2020-04-30 18:45:54 #9 type] 
Type domain.Apustua is not enhanced.

------------------------------------------------------------------------------------------------------------------------

[2020-04-30 18:47:16 #1 store] 
Database 'C:\Users\asier\git\2.Iterazioa\AsierFernjandez_2_Iterazioa\src\main\resources\bets.temp' is opened by 1400@DESKTOP-UOETFC7

[2020-04-30 18:47:16 #2 type] 
Type domain.Question is not enhanced.

[2020-04-30 18:47:16 #3 type] 
Type domain.Event is not enhanced.

[2020-04-30 18:47:16 #4 type] 
Type domain.user is not enhanced.

[2020-04-30 18:47:16 #5 type] 
Type domain.Kuota is not enhanced.

[2020-04-30 18:47:16 #6 type] 
Type domain.Admin is not enhanced.

[2020-04-30 18:47:16 #7 type] 
Type domain.NormalUser is not enhanced.

[2020-04-30 18:47:16 #8 type] 
Type domain.Apustua is not enhanced.

------------------------------------------------------------------------------------------------------------------------

[2020-04-30 18:51:14 #1 store] 
Database 'C:\Users\asier\git\2.Iterazioa\AsierFernjandez_2_Iterazioa\src\main\resources\bets.temp' has been recovered (tr. 690-690)

[2020-04-30 18:51:14 #2 store] 
Database 'C:\Users\asier\git\2.Iterazioa\AsierFernjandez_2_Iterazioa\src\main\resources\bets.temp' is opened by 6372@DESKTOP-UOETFC7

[2020-04-30 18:51:14 #3 type] 
Type domain.Question is not enhanced.

[2020-04-30 18:51:14 #4 type] 
Type domain.Event is not enhanced.

[2020-04-30 18:51:14 #5 type] 
Type domain.user is not enhanced.

[2020-04-30 18:51:14 #6 type] 
Type domain.Kuota is not enhanced.

[2020-04-30 18:51:14 #7 type] 
Type domain.Admin is not enhanced.

[2020-04-30 18:51:14 #8 type] 
Type domain.NormalUser is not enhanced.

[2020-04-30 18:51:14 #9 type] 
Type domain.Apustua is not enhanced.

------------------------------------------------------------------------------------------------------------------------

[2020-04-30 18:54:11 #1 store] 
Database 'C:\Users\asier\git\2.Iterazioa\AsierFernjandez_2_Iterazioa\src\main\resources\bets.temp' has been recovered (tr. 691-691)

[2020-04-30 18:54:12 #2 store] 
Database 'C:\Users\asier\git\2.Iterazioa\AsierFernjandez_2_Iterazioa\src\main\resources\bets.temp' is opened by 8080@DESKTOP-UOETFC7

[2020-04-30 18:54:12 #3 type] 
Type domain.Question is not enhanced.

[2020-04-30 18:54:12 #4 type] 
Type domain.Event is not enhanced.

[2020-04-30 18:54:12 #5 type] 
Type domain.user is not enhanced.

[2020-04-30 18:54:12 #6 type] 
Type domain.Kuota is not enhanced.

[2020-04-30 18:54:12 #7 type] 
Type domain.Admin is not enhanced.

[2020-04-30 18:54:12 #8 type] 
Type domain.NormalUser is not enhanced.

[2020-04-30 18:54:12 #9 type] 
Type domain.Apustua is not enhanced.

------------------------------------------------------------------------------------------------------------------------

[2020-04-30 18:57:29 #1 store] 
Database 'C:\Users\asier\git\2.Iterazioa\AsierFernjandez_2_Iterazioa\src\main\resources\bets.temp' is opened by 19912@DESKTOP-UOETFC7

[2020-04-30 18:57:30 #2 type] 
Type domain.Question is not enhanced.

[2020-04-30 18:57:30 #3 type] 
Type domain.Event is not enhanced.

[2020-04-30 18:57:30 #4 type] 
Type domain.user is not enhanced.

[2020-04-30 18:57:30 #5 type] 
Type domain.Kuota is not enhanced.

[2020-04-30 18:57:30 #6 type] 
Type domain.Admin is not enhanced.

[2020-04-30 18:57:30 #7 type] 
Type domain.NormalUser is not enhanced.

[2020-04-30 18:57:30 #8 type] 
Type domain.Apustua is not enhanced.

------------------------------------------------------------------------------------------------------------------------

[2020-04-30 19:06:06 #1 store] 
Database 'C:\Users\asier\git\2.Iterazioa\AsierFernjandez_2_Iterazioa\src\main\resources\bets.temp' is opened by 16648@DESKTOP-UOETFC7

[2020-04-30 19:06:06 #2 type] 
Type domain.Question is not enhanced.

[2020-04-30 19:06:06 #3 type] 
Type domain.Event is not enhanced.

[2020-04-30 19:06:06 #4 type] 
Type domain.user is not enhanced.

[2020-04-30 19:06:06 #5 type] 
Type domain.Kuota is not enhanced.

[2020-04-30 19:06:06 #6 type] 
Type domain.Admin is not enhanced.

[2020-04-30 19:06:06 #7 type] 
Type domain.NormalUser is not enhanced.

[2020-04-30 19:06:06 #8 type] 
Type domain.Apustua is not enhanced.

------------------------------------------------------------------------------------------------------------------------

[2020-04-30 19:12:55 #1 store] 
Database 'C:\Users\asier\git\2.Iterazioa\AsierFernjandez_2_Iterazioa\src\main\resources\bets.temp' is opened by 14988@DESKTOP-UOETFC7

[2020-04-30 19:12:55 #2 type] 
Type domain.Question is not enhanced.

[2020-04-30 19:12:55 #3 type] 
Type domain.Event is not enhanced.

[2020-04-30 19:12:55 #4 type] 
Type domain.user is not enhanced.

[2020-04-30 19:12:55 #5 type] 
Type domain.Kuota is not enhanced.

[2020-04-30 19:12:55 #6 type] 
Type domain.Admin is not enhanced.

[2020-04-30 19:12:55 #7 type] 
Type domain.NormalUser is not enhanced.

[2020-04-30 19:12:55 #8 type] 
Type domain.Apustua is not enhanced.

------------------------------------------------------------------------------------------------------------------------

[2020-04-30 19:47:52 #1 store] 
Database 'C:\Users\asier\git\2.Iterazioa\AsierFernjandez_2_Iterazioa\src\main\resources\bets.temp' has been recovered (tr. 727-731)

[2020-04-30 19:47:52 #2 store] 
Database 'C:\Users\asier\git\2.Iterazioa\AsierFernjandez_2_Iterazioa\src\main\resources\bets.temp' is opened by 18292@DESKTOP-UOETFC7

[2020-04-30 19:47:53 #3 type] 
Type domain.Question is not enhanced.

[2020-04-30 19:47:53 #4 type] 
Type domain.Event is not enhanced.

[2020-04-30 19:47:53 #5 type] 
Type domain.user is not enhanced.

[2020-04-30 19:47:53 #6 type] 
Type domain.Kuota is not enhanced.

[2020-04-30 19:47:53 #7 type] 
Type domain.Admin is not enhanced.

[2020-04-30 19:47:53 #8 type] 
Type domain.NormalUser is not enhanced.

[2020-04-30 19:47:53 #9 type] 
Type domain.Apustua is not enhanced.

------------------------------------------------------------------------------------------------------------------------

[2020-04-30 19:48:47 #1 store] 
Database 'C:\Users\asier\git\2.Iterazioa\AsierFernjandez_2_Iterazioa\src\main\resources\bets.temp' is opened by 16652@DESKTOP-UOETFC7

[2020-04-30 19:48:47 #2 type] 
Type domain.Question is not enhanced.

[2020-04-30 19:48:47 #3 type] 
Type domain.Event is not enhanced.

[2020-04-30 19:48:47 #4 type] 
Type domain.user is not enhanced.

[2020-04-30 19:48:47 #5 type] 
Type domain.Kuota is not enhanced.

[2020-04-30 19:48:47 #6 type] 
Type domain.Admin is not enhanced.

[2020-04-30 19:48:47 #7 type] 
Type domain.NormalUser is not enhanced.

[2020-04-30 19:48:47 #8 type] 
Type domain.Apustua is not enhanced.

------------------------------------------------------------------------------------------------------------------------

[2020-04-30 19:50:21 #1 store] 
Database 'C:\Users\asier\git\2.Iterazioa\AsierFernjandez_2_Iterazioa\src\main\resources\bets.temp' is opened by 16084@DESKTOP-UOETFC7

[2020-04-30 19:50:21 #2 type] 
Type domain.Question is not enhanced.

[2020-04-30 19:50:21 #3 type] 
Type domain.Event is not enhanced.

[2020-04-30 19:50:21 #4 type] 
Type domain.user is not enhanced.

[2020-04-30 19:50:21 #5 type] 
Type domain.Kuota is not enhanced.

[2020-04-30 19:50:21 #6 type] 
Type domain.Admin is not enhanced.

[2020-04-30 19:50:21 #7 type] 
Type domain.NormalUser is not enhanced.

[2020-04-30 19:50:21 #8 type] 
Type domain.Apustua is not enhanced.

