------------------------------------------------------------------------------------------------------------------------

[2020-02-28 09:55:24 #1 store] 
Database 'C:\Users\asier\eclipse-workspace\Bets2020-Master\src\main\resources\bets.temp' is opened by 5068@DESKTOP-UOETFC7

[2020-02-28 09:55:25 #2 type] 
Type domain.Question is not enhanced.

[2020-02-28 09:55:25 #3 type] 
Type domain.Event is not enhanced.

[2020-02-28 09:55:25 #4 type] 
Type domain.user is not enhanced.

[2020-02-28 09:55:25 #5 type] 
Type domain.Kuota is not enhanced.

------------------------------------------------------------------------------------------------------------------------

[2020-02-28 10:32:23 #1 store] 
Database 'C:\Users\asier\eclipse-workspace\Bets2020-Master\src\main\resources\bets.temp' is opened by 19952@DESKTOP-UOETFC7

[2020-02-28 10:32:23 #2 type] 
Type domain.Question is not enhanced.

[2020-02-28 10:32:23 #3 type] 
Type domain.Event is not enhanced.

[2020-02-28 10:32:23 #4 type] 
Type domain.user is not enhanced.

[2020-02-28 10:32:23 #5 type] 
Type domain.Kuota is not enhanced.

------------------------------------------------------------------------------------------------------------------------

[2020-02-28 10:35:59 #1 store] 
Database 'C:\Users\asier\eclipse-workspace\Bets2020-Master\src\main\resources\bets.temp' is opened by 1140@DESKTOP-UOETFC7

[2020-02-28 10:35:59 #2 type] 
Type domain.Question is not enhanced.

[2020-02-28 10:35:59 #3 type] 
Type domain.Event is not enhanced.

[2020-02-28 10:35:59 #4 type] 
Type domain.user is not enhanced.

[2020-02-28 10:35:59 #5 type] 
Type domain.Kuota is not enhanced.

------------------------------------------------------------------------------------------------------------------------

[2020-02-28 10:37:32 #1 store] 
Database 'C:\Users\asier\eclipse-workspace\Bets2020-Master\src\main\resources\bets.temp' is opened by 19940@DESKTOP-UOETFC7

[2020-02-28 10:37:32 #2 type] 
Type domain.Question is not enhanced.

[2020-02-28 10:37:32 #3 type] 
Type domain.Event is not enhanced.

[2020-02-28 10:37:32 #4 type] 
Type domain.user is not enhanced.

[2020-02-28 10:37:32 #5 type] 
Type domain.Kuota is not enhanced.

------------------------------------------------------------------------------------------------------------------------

[2020-02-28 10:38:57 #1 store] 
Database 'C:\Users\asier\eclipse-workspace\Bets2020-Master\src\main\resources\bets.temp' is opened by 12448@DESKTOP-UOETFC7

[2020-02-28 10:38:57 #2 type] 
Type domain.Question is not enhanced.

[2020-02-28 10:38:57 #3 type] 
Type domain.Event is not enhanced.

[2020-02-28 10:38:57 #4 type] 
Type domain.user is not enhanced.

[2020-02-28 10:38:57 #5 type] 
Type domain.Kuota is not enhanced.

------------------------------------------------------------------------------------------------------------------------

[2020-02-28 10:41:17 #1 store] 
Database 'C:\Users\asier\eclipse-workspace\Bets2020-Master\src\main\resources\bets.temp' is opened by 19372@DESKTOP-UOETFC7

[2020-02-28 10:41:17 #2 type] 
Type domain.Question is not enhanced.

[2020-02-28 10:41:17 #3 type] 
Type domain.Event is not enhanced.

[2020-02-28 10:41:17 #4 type] 
Type domain.user is not enhanced.

[2020-02-28 10:41:17 #5 type] 
Type domain.Kuota is not enhanced.

------------------------------------------------------------------------------------------------------------------------

[2020-02-28 10:42:32 #1 store] 
Database 'C:\Users\asier\eclipse-workspace\Bets2020-Master\src\main\resources\bets.temp' is opened by 1128@DESKTOP-UOETFC7

[2020-02-28 10:42:32 #2 type] 
Type domain.Question is not enhanced.

[2020-02-28 10:42:32 #3 type] 
Type domain.Event is not enhanced.

[2020-02-28 10:42:32 #4 type] 
Type domain.user is not enhanced.

[2020-02-28 10:42:32 #5 type] 
Type domain.Kuota is not enhanced.

------------------------------------------------------------------------------------------------------------------------

[2020-02-28 10:46:19 #1 store] 
Database 'C:\Users\asier\eclipse-workspace\Bets2020-Master\src\main\resources\bets.temp' is opened by 10444@DESKTOP-UOETFC7

[2020-02-28 10:46:19 #2 type] 
Type domain.Question is not enhanced.

[2020-02-28 10:46:19 #3 type] 
Type domain.Event is not enhanced.

[2020-02-28 10:46:19 #4 type] 
Type domain.user is not enhanced.

[2020-02-28 10:46:19 #5 type] 
Type domain.Kuota is not enhanced.

------------------------------------------------------------------------------------------------------------------------

[2020-02-28 10:50:47 #1 store] 
Database 'C:\Users\asier\eclipse-workspace\Bets2020-Master\src\main\resources\bets.temp' is opened by 9500@DESKTOP-UOETFC7

[2020-02-28 10:50:47 #2 type] 
Type domain.Question is not enhanced.

[2020-02-28 10:50:47 #3 type] 
Type domain.Event is not enhanced.

[2020-02-28 10:50:47 #4 type] 
Type domain.user is not enhanced.

[2020-02-28 10:50:47 #5 type] 
Type domain.Kuota is not enhanced.

------------------------------------------------------------------------------------------------------------------------

[2020-02-28 10:51:26 #1 store] 
Database 'C:\Users\asier\eclipse-workspace\Bets2020-Master\src\main\resources\bets.temp' has been recovered (tr. 25-26)

[2020-02-28 10:51:27 #2 store] 
Database 'C:\Users\asier\eclipse-workspace\Bets2020-Master\src\main\resources\bets.temp' is opened by 1972@DESKTOP-UOETFC7

[2020-02-28 10:51:27 #3 type] 
Type domain.Question is not enhanced.

[2020-02-28 10:51:27 #4 type] 
Type domain.Event is not enhanced.

[2020-02-28 10:51:27 #5 type] 
Type domain.user is not enhanced.

[2020-02-28 10:51:27 #6 type] 
Type domain.Kuota is not enhanced.

------------------------------------------------------------------------------------------------------------------------

[2020-02-28 10:52:50 #1 store] 
Database 'C:\Users\asier\eclipse-workspace\Bets2020-Master\src\main\resources\bets.temp' is opened by 13056@DESKTOP-UOETFC7

[2020-02-28 10:52:50 #2 type] 
Type domain.Question is not enhanced.

[2020-02-28 10:52:50 #3 type] 
Type domain.Event is not enhanced.

[2020-02-28 10:52:50 #4 type] 
Type domain.user is not enhanced.

[2020-02-28 10:52:50 #5 type] 
Type domain.Kuota is not enhanced.

------------------------------------------------------------------------------------------------------------------------

[2020-02-28 10:55:30 #1 store] 
Database 'C:\Users\asier\eclipse-workspace\Bets2020-Master\src\main\resources\bets.temp' is opened by 10200@DESKTOP-UOETFC7

[2020-02-28 10:55:30 #2 type] 
Type domain.Question is not enhanced.

[2020-02-28 10:55:30 #3 type] 
Type domain.Event is not enhanced.

[2020-02-28 10:55:30 #4 type] 
Type domain.user is not enhanced.

[2020-02-28 10:55:30 #5 type] 
Type domain.Kuota is not enhanced.

------------------------------------------------------------------------------------------------------------------------

[2020-02-28 11:00:49 #1 store] 
Database 'C:\Users\asier\eclipse-workspace\Bets2020-Master\src\main\resources\bets.temp' has been recovered (tr. 27-28)

[2020-02-28 11:00:49 #2 store] 
Database 'C:\Users\asier\eclipse-workspace\Bets2020-Master\src\main\resources\bets.temp' is opened by 16460@DESKTOP-UOETFC7

[2020-02-28 11:00:49 #3 type] 
Type domain.Question is not enhanced.

[2020-02-28 11:00:49 #4 type] 
Type domain.Event is not enhanced.

[2020-02-28 11:00:49 #5 type] 
Type domain.user is not enhanced.

[2020-02-28 11:00:49 #6 type] 
Type domain.Kuota is not enhanced.

------------------------------------------------------------------------------------------------------------------------

[2020-02-28 11:09:55 #1 store] 
Database 'C:\Users\asier\eclipse-workspace\Bets2020-Master\src\main\resources\bets.temp' has been recovered (tr. 29-29)

[2020-02-28 11:09:55 #2 store] 
Database 'C:\Users\asier\eclipse-workspace\Bets2020-Master\src\main\resources\bets.temp' is opened by 20680@DESKTOP-UOETFC7

[2020-02-28 11:09:55 #3 type] 
Type domain.Question is not enhanced.

[2020-02-28 11:09:55 #4 type] 
Type domain.Event is not enhanced.

[2020-02-28 11:09:55 #5 type] 
Type domain.user is not enhanced.

[2020-02-28 11:09:55 #6 type] 
Type domain.Kuota is not enhanced.

------------------------------------------------------------------------------------------------------------------------

[2020-02-28 11:11:10 #1 store] 
Database 'C:\Users\asier\eclipse-workspace\Bets2020-Master\src\main\resources\bets.temp' has been recovered (tr. 30-30)

[2020-02-28 11:11:10 #2 store] 
Database 'C:\Users\asier\eclipse-workspace\Bets2020-Master\src\main\resources\bets.temp' is opened by 8308@DESKTOP-UOETFC7

[2020-02-28 11:11:10 #3 type] 
Type domain.Question is not enhanced.

[2020-02-28 11:11:10 #4 type] 
Type domain.Event is not enhanced.

[2020-02-28 11:11:10 #5 type] 
Type domain.user is not enhanced.

[2020-02-28 11:11:10 #6 type] 
Type domain.Kuota is not enhanced.

------------------------------------------------------------------------------------------------------------------------

[2020-02-28 11:23:43 #1 store] 
Database 'C:\Users\asier\eclipse-workspace\Bets2020-Master\src\main\resources\bets.temp' has been recovered (tr. 31-32)

[2020-02-28 11:23:43 #2 store] 
Database 'C:\Users\asier\eclipse-workspace\Bets2020-Master\src\main\resources\bets.temp' is opened by 13100@DESKTOP-UOETFC7

[2020-02-28 11:23:43 #3 type] 
Type domain.Question is not enhanced.

[2020-02-28 11:23:43 #4 type] 
Type domain.Event is not enhanced.

[2020-02-28 11:23:43 #5 type] 
Type domain.user is not enhanced.

[2020-02-28 11:23:43 #6 type] 
Type domain.Kuota is not enhanced.

------------------------------------------------------------------------------------------------------------------------

[2020-02-28 20:30:10 #1 store] 
Database 'C:\Users\asier\eclipse-workspace\Bets2020-Master\src\main\resources\bets.temp' is opened by 16748@DESKTOP-UOETFC7

[2020-02-28 20:30:11 #2 type] 
Type domain.Question is not enhanced.

[2020-02-28 20:30:11 #3 type] 
Type domain.Event is not enhanced.

[2020-02-28 20:30:11 #4 type] 
Type domain.user is not enhanced.

[2020-02-28 20:30:11 #5 type] 
Type domain.Kuota is not enhanced.

------------------------------------------------------------------------------------------------------------------------

[2020-02-28 20:33:49 #1 store] 
Database 'C:\Users\asier\eclipse-workspace\Bets2020-Master\src\main\resources\bets.temp' has been recovered (tr. 33-33)

[2020-02-28 20:33:49 #2 store] 
Database 'C:\Users\asier\eclipse-workspace\Bets2020-Master\src\main\resources\bets.temp' is opened by 7700@DESKTOP-UOETFC7

[2020-02-28 20:33:49 #3 type] 
Type domain.Question is not enhanced.

[2020-02-28 20:33:49 #4 type] 
Type domain.Event is not enhanced.

[2020-02-28 20:33:49 #5 type] 
Type domain.user is not enhanced.

[2020-02-28 20:33:49 #6 type] 
Type domain.Kuota is not enhanced.

------------------------------------------------------------------------------------------------------------------------

[2020-02-28 20:50:25 #1 store] 
Database 'C:\Users\asier\eclipse-workspace\Bets2020-Master\src\main\resources\bets.temp' has been recovered (tr. 34-34)

[2020-02-28 20:50:26 #2 store] 
Database 'C:\Users\asier\eclipse-workspace\Bets2020-Master\src\main\resources\bets.temp' is opened by 18032@DESKTOP-UOETFC7

[2020-02-28 20:50:26 #3 type] 
Type domain.Question is not enhanced.

[2020-02-28 20:50:26 #4 type] 
Type domain.Event is not enhanced.

[2020-02-28 20:50:26 #5 type] 
Type domain.user is not enhanced.

[2020-02-28 20:50:26 #6 type] 
Type domain.Kuota is not enhanced.

------------------------------------------------------------------------------------------------------------------------

[2020-02-28 20:52:02 #1 store] 
Database 'C:\Users\asier\eclipse-workspace\Bets2020-Master\src\main\resources\bets.temp' is opened by 10272@DESKTOP-UOETFC7

[2020-02-28 20:52:02 #2 type] 
Type domain.Question is not enhanced.

[2020-02-28 20:52:02 #3 type] 
Type domain.Event is not enhanced.

[2020-02-28 20:52:02 #4 type] 
Type domain.user is not enhanced.

[2020-02-28 20:52:02 #5 type] 
Type domain.Kuota is not enhanced.

------------------------------------------------------------------------------------------------------------------------

[2020-02-28 20:54:56 #1 store] 
Database 'C:\Users\asier\eclipse-workspace\Bets2020-Master\src\main\resources\bets.temp' is opened by 13540@DESKTOP-UOETFC7

[2020-02-28 20:54:56 #2 type] 
Type domain.Question is not enhanced.

[2020-02-28 20:54:56 #3 type] 
Type domain.Event is not enhanced.

[2020-02-28 20:54:56 #4 type] 
Type domain.user is not enhanced.

[2020-02-28 20:54:56 #5 type] 
Type domain.Kuota is not enhanced.

------------------------------------------------------------------------------------------------------------------------

[2020-02-28 21:05:26 #1 store] 
Database 'C:\Users\asier\eclipse-workspace\Bets2020-Master\src\main\resources\bets.temp' is opened by 17516@DESKTOP-UOETFC7

[2020-02-28 21:05:26 #2 type] 
Type domain.Question is not enhanced.

[2020-02-28 21:05:26 #3 type] 
Type domain.Event is not enhanced.

[2020-02-28 21:05:26 #4 type] 
Type domain.user is not enhanced.

[2020-02-28 21:05:26 #5 type] 
Type domain.Kuota is not enhanced.

------------------------------------------------------------------------------------------------------------------------

[2020-02-28 21:06:38 #1 store] 
Database 'C:\Users\asier\eclipse-workspace\Bets2020-Master\src\main\resources\bets.temp' is opened by 12684@DESKTOP-UOETFC7

[2020-02-28 21:06:39 #2 type] 
Type domain.Question is not enhanced.

[2020-02-28 21:06:39 #3 type] 
Type domain.Event is not enhanced.

[2020-02-28 21:06:39 #4 type] 
Type domain.user is not enhanced.

[2020-02-28 21:06:39 #5 type] 
Type domain.Kuota is not enhanced.

------------------------------------------------------------------------------------------------------------------------

[2020-02-28 21:07:31 #1 store] 
Database 'C:\Users\asier\eclipse-workspace\Bets2020-Master\src\main\resources\bets.temp' is opened by 17004@DESKTOP-UOETFC7

[2020-02-28 21:07:31 #2 type] 
Type domain.Question is not enhanced.

[2020-02-28 21:07:31 #3 type] 
Type domain.Event is not enhanced.

[2020-02-28 21:07:31 #4 type] 
Type domain.user is not enhanced.

[2020-02-28 21:07:31 #5 type] 
Type domain.Kuota is not enhanced.

------------------------------------------------------------------------------------------------------------------------

[2020-02-28 21:08:46 #1 store] 
Database 'C:\Users\asier\eclipse-workspace\Bets2020-Master\src\main\resources\bets.temp' is opened by 16020@DESKTOP-UOETFC7

[2020-02-28 21:08:46 #2 type] 
Type domain.Question is not enhanced.

[2020-02-28 21:08:46 #3 type] 
Type domain.Event is not enhanced.

[2020-02-28 21:08:46 #4 type] 
Type domain.user is not enhanced.

[2020-02-28 21:08:46 #5 type] 
Type domain.Kuota is not enhanced.

------------------------------------------------------------------------------------------------------------------------

[2020-02-28 21:10:42 #1 store] 
Database 'C:\Users\asier\eclipse-workspace\Bets2020-Master\src\main\resources\bets.temp' has been recovered (tr. 35-35)

[2020-02-28 21:10:42 #2 store] 
Database 'C:\Users\asier\eclipse-workspace\Bets2020-Master\src\main\resources\bets.temp' is opened by 8664@DESKTOP-UOETFC7

[2020-02-28 21:10:42 #3 type] 
Type domain.Question is not enhanced.

[2020-02-28 21:10:42 #4 type] 
Type domain.Event is not enhanced.

[2020-02-28 21:10:42 #5 type] 
Type domain.user is not enhanced.

[2020-02-28 21:10:42 #6 type] 
Type domain.Kuota is not enhanced.

------------------------------------------------------------------------------------------------------------------------

[2020-02-28 21:12:02 #1 store] 
Database 'C:\Users\asier\eclipse-workspace\Bets2020-Master\src\main\resources\bets.temp' has been recovered (tr. 36-36)

[2020-02-28 21:12:02 #2 store] 
Database 'C:\Users\asier\eclipse-workspace\Bets2020-Master\src\main\resources\bets.temp' is opened by 6120@DESKTOP-UOETFC7

[2020-02-28 21:12:03 #3 type] 
Type domain.Question is not enhanced.

[2020-02-28 21:12:03 #4 type] 
Type domain.Event is not enhanced.

[2020-02-28 21:12:03 #5 type] 
Type domain.user is not enhanced.

[2020-02-28 21:12:03 #6 type] 
Type domain.Kuota is not enhanced.

------------------------------------------------------------------------------------------------------------------------

[2020-02-28 21:12:20 #1 store] 
Database 'C:\Users\asier\eclipse-workspace\Bets2020-Master\src\main\resources\bets.temp' is opened by 1088@DESKTOP-UOETFC7

[2020-02-28 21:12:20 #2 type] 
Type domain.Question is not enhanced.

[2020-02-28 21:12:20 #3 type] 
Type domain.Event is not enhanced.

[2020-02-28 21:12:20 #4 type] 
Type domain.user is not enhanced.

[2020-02-28 21:12:20 #5 type] 
Type domain.Kuota is not enhanced.

------------------------------------------------------------------------------------------------------------------------

[2020-02-28 21:14:19 #1 store] 
Database 'C:\Users\asier\eclipse-workspace\Bets2020-Master\src\main\resources\bets.temp' is opened by 21296@DESKTOP-UOETFC7

[2020-02-28 21:14:19 #2 type] 
Type domain.Question is not enhanced.

[2020-02-28 21:14:19 #3 type] 
Type domain.Event is not enhanced.

[2020-02-28 21:14:19 #4 type] 
Type domain.user is not enhanced.

[2020-02-28 21:14:19 #5 type] 
Type domain.Kuota is not enhanced.

------------------------------------------------------------------------------------------------------------------------

[2020-02-28 21:15:04 #1 store] 
Database 'C:\Users\asier\eclipse-workspace\Bets2020-Master\src\main\resources\bets.temp' is opened by 19284@DESKTOP-UOETFC7

[2020-02-28 21:15:04 #2 type] 
Type domain.Question is not enhanced.

[2020-02-28 21:15:04 #3 type] 
Type domain.Event is not enhanced.

[2020-02-28 21:15:04 #4 type] 
Type domain.user is not enhanced.

[2020-02-28 21:15:04 #5 type] 
Type domain.Kuota is not enhanced.

