------------------------------------------------------------------------------------------------------------------------

[2020-03-18 17:28:51 #1 store] 
Database 'C:\Users\asier\eclipse-workspace\Bets2020-Master\src\main\resources\bets.temp' has been recovered (tr. 60-62)

[2020-03-18 17:28:51 #2 store] 
Database 'C:\Users\asier\eclipse-workspace\Bets2020-Master\src\main\resources\bets.temp' is opened by 6488@DESKTOP-UOETFC7

[2020-03-18 17:28:51 #3 type] 
Type domain.Question is not enhanced.

[2020-03-18 17:28:51 #4 type] 
Type domain.Event is not enhanced.

[2020-03-18 17:28:51 #5 type] 
Type domain.user is not enhanced.

[2020-03-18 17:28:51 #6 type] 
Type domain.Kuota is not enhanced.

[2020-03-18 17:28:51 #7 type] 
Type domain.Admin is not enhanced.

[2020-03-18 17:28:51 #8 type] 
Type domain.NormalUser is not enhanced.

------------------------------------------------------------------------------------------------------------------------

[2020-03-18 17:56:27 #1 store] 
Database 'C:\Users\asier\eclipse-workspace\Bets2020-Master\src\main\resources\bets.temp' has been recovered (tr. 63-63)

[2020-03-18 17:56:27 #2 store] 
Database 'C:\Users\asier\eclipse-workspace\Bets2020-Master\src\main\resources\bets.temp' is opened by 12332@DESKTOP-UOETFC7

[2020-03-18 17:56:27 #3 type] 
Type domain.Question is not enhanced.

[2020-03-18 17:56:27 #4 type] 
Type domain.Event is not enhanced.

[2020-03-18 17:56:27 #5 type] 
Type domain.user is not enhanced.

[2020-03-18 17:56:27 #6 type] 
Type domain.Kuota is not enhanced.

[2020-03-18 17:56:27 #7 type] 
Type domain.Admin is not enhanced.

[2020-03-18 17:56:27 #8 type] 
Type domain.NormalUser is not enhanced.

------------------------------------------------------------------------------------------------------------------------

[2020-03-18 17:58:28 #1 store] 
Database 'C:\Users\asier\eclipse-workspace\Bets2020-Master\src\main\resources\bets.temp' is opened by 16924@DESKTOP-UOETFC7

[2020-03-18 17:58:28 #2 type] 
Type domain.Question is not enhanced.

[2020-03-18 17:58:28 #3 type] 
Type domain.Event is not enhanced.

[2020-03-18 17:58:28 #4 type] 
Type domain.user is not enhanced.

[2020-03-18 17:58:28 #5 type] 
Type domain.Kuota is not enhanced.

[2020-03-18 17:58:28 #6 type] 
Type domain.Admin is not enhanced.

[2020-03-18 17:58:28 #7 type] 
Type domain.NormalUser is not enhanced.

[2020-03-18 17:58:28 #8 load] 
[ObjectDB 2.6.9_09] Unexpected exception (Error 990)
  Generated by Java HotSpot(TM) 64-Bit Server VM 1.8.0_202 (on Windows 10 10.0).
Please report this error on http://www.objectdb.com/database/issue/new
com.objectdb.o.InternalException: Unexpected request domain.NormalUser:'admin'
com.objectdb.o.InternalException: Unexpected request domain.NormalUser:'admin'
	at com.objectdb.o.LDR.Vz(LDR.java:1030)
	at com.objectdb.o.RTT.G(RTT.java:267)
	at com.objectdb.o.RTT.F(RTT.java:249)
	at com.objectdb.o.RRT.C(RRT.java:288)
	at com.objectdb.o.RTT.l(RTT.java:134)
	at com.objectdb.o.RRT.l(RRT.java:32)
	at com.objectdb.o.TSK.i(TSK.java:145)
	at com.objectdb.o.TSK.f(TSK.java:95)
	at com.objectdb.o.TSM.e(TSM.java:86)
	at com.objectdb.o.MST.a1(MST.java:707)
	at com.objectdb.o.MST.aY(MST.java:476)
	at com.objectdb.o.MST.U6(MST.java:442)
	at com.objectdb.o.WRA.U6(WRA.java:266)
	at com.objectdb.o.LDR.G(LDR.java:556)
	at com.objectdb.o.LDR.F(LDR.java:473)
	at com.objectdb.o.LDR.A(LDR.java:272)
	at com.objectdb.o.OBC.aO(OBC.java:1061)
	at com.objectdb.o.OBC.aM(OBC.java:979)
	at com.objectdb.jpa.EMImpl.find(EMImpl.java:599)
	at com.objectdb.jpa.EMImpl.find(EMImpl.java:519)
	at dataAccess.DataAccess.egiaztatuErabiltzailea(DataAccess.java:270)
	at businessLogic.BLFacadeImplementation.egiaztatuErab(BLFacadeImplementation.java:112)
	at gui.Login$4.actionPerformed(Login.java:93)
	at javax.swing.AbstractButton.fireActionPerformed(Unknown Source)
	at javax.swing.AbstractButton$Handler.actionPerformed(Unknown Source)
	at javax.swing.DefaultButtonModel.fireActionPerformed(Unknown Source)
	at javax.swing.DefaultButtonModel.setPressed(Unknown Source)
	at javax.swing.plaf.basic.BasicButtonListener.mouseReleased(Unknown Source)
	at java.awt.Component.processMouseEvent(Unknown Source)
	at javax.swing.JComponent.processMouseEvent(Unknown Source)
	at java.awt.Component.processEvent(Unknown Source)
	at java.awt.Container.processEvent(Unknown Source)
	at java.awt.Component.dispatchEventImpl(Unknown Source)
	at java.awt.Container.dispatchEventImpl(Unknown Source)
	at java.awt.Component.dispatchEvent(Unknown Source)
	at java.awt.LightweightDispatcher.retargetMouseEvent(Unknown Source)
	at java.awt.LightweightDispatcher.processMouseEvent(Unknown Source)
	at java.awt.LightweightDispatcher.dispatchEvent(Unknown Source)
	at java.awt.Container.dispatchEventImpl(Unknown Source)
	at java.awt.Window.dispatchEventImpl(Unknown Source)
	at java.awt.Component.dispatchEvent(Unknown Source)
	at java.awt.EventQueue.dispatchEventImpl(Unknown Source)
	at java.awt.EventQueue.access$500(Unknown Source)
	at java.awt.EventQueue$3.run(Unknown Source)
	at java.awt.EventQueue$3.run(Unknown Source)
	at java.security.AccessController.doPrivileged(Native Method)
	at java.security.ProtectionDomain$JavaSecurityAccessImpl.doIntersectionPrivilege(Unknown Source)
	at java.security.ProtectionDomain$JavaSecurityAccessImpl.doIntersectionPrivilege(Unknown Source)
	at java.awt.EventQueue$4.run(Unknown Source)
	at java.awt.EventQueue$4.run(Unknown Source)
	at java.security.AccessController.doPrivileged(Native Method)
	at java.security.ProtectionDomain$JavaSecurityAccessImpl.doIntersectionPrivilege(Unknown Source)
	at java.awt.EventQueue.dispatchEvent(Unknown Source)
	at java.awt.EventDispatchThread.pumpOneEventForFilters(Unknown Source)
	at java.awt.EventDispatchThread.pumpEventsForFilter(Unknown Source)
	at java.awt.EventDispatchThread.pumpEventsForHierarchy(Unknown Source)
	at java.awt.EventDispatchThread.pumpEvents(Unknown Source)
	at java.awt.EventDispatchThread.pumpEvents(Unknown Source)
	at java.awt.EventDispatchThread.run(Unknown Source)

[2020-03-18 17:58:28 #9 load] 
Request set: {}

[2020-03-18 17:58:28 #10 load] 
[ObjectDB 2.6.9_09] Unexpected exception (Error 990)
  Generated by Java HotSpot(TM) 64-Bit Server VM 1.8.0_202 (on Windows 10 10.0).
Please report this error on http://www.objectdb.com/database/issue/new
com.objectdb.o.InternalException: Unexpected request domain.NormalUser:'admin'
com.objectdb.o.InternalException: Unexpected request domain.NormalUser:'admin'
	at com.objectdb.o.LDR.Vz(LDR.java:1030)
	at com.objectdb.o.RTT.G(RTT.java:267)
	at com.objectdb.o.RTT.F(RTT.java:249)
	at com.objectdb.o.RRT.C(RRT.java:288)
	at com.objectdb.o.RTT.l(RTT.java:134)
	at com.objectdb.o.RRT.l(RRT.java:32)
	at com.objectdb.o.TSK.i(TSK.java:145)
	at com.objectdb.o.TSK.f(TSK.java:95)
	at com.objectdb.o.TSM.e(TSM.java:86)
	at com.objectdb.o.MST.a1(MST.java:707)
	at com.objectdb.o.MST.aY(MST.java:476)
	at com.objectdb.o.MST.U6(MST.java:442)
	at com.objectdb.o.WRA.U6(WRA.java:266)
	at com.objectdb.o.LDR.G(LDR.java:556)
	at com.objectdb.o.LDR.F(LDR.java:473)
	at com.objectdb.o.LDR.A(LDR.java:272)
	at com.objectdb.o.OBC.aO(OBC.java:1061)
	at com.objectdb.o.OBC.aM(OBC.java:979)
	at com.objectdb.jpa.EMImpl.find(EMImpl.java:599)
	at com.objectdb.jpa.EMImpl.find(EMImpl.java:519)
	at dataAccess.DataAccess.erabiltzaileaLortu(DataAccess.java:251)
	at businessLogic.BLFacadeImplementation.lortuErab(BLFacadeImplementation.java:126)
	at gui.Login$4.actionPerformed(Login.java:97)
	at javax.swing.AbstractButton.fireActionPerformed(Unknown Source)
	at javax.swing.AbstractButton$Handler.actionPerformed(Unknown Source)
	at javax.swing.DefaultButtonModel.fireActionPerformed(Unknown Source)
	at javax.swing.DefaultButtonModel.setPressed(Unknown Source)
	at javax.swing.plaf.basic.BasicButtonListener.mouseReleased(Unknown Source)
	at java.awt.Component.processMouseEvent(Unknown Source)
	at javax.swing.JComponent.processMouseEvent(Unknown Source)
	at java.awt.Component.processEvent(Unknown Source)
	at java.awt.Container.processEvent(Unknown Source)
	at java.awt.Component.dispatchEventImpl(Unknown Source)
	at java.awt.Container.dispatchEventImpl(Unknown Source)
	at java.awt.Component.dispatchEvent(Unknown Source)
	at java.awt.LightweightDispatcher.retargetMouseEvent(Unknown Source)
	at java.awt.LightweightDispatcher.processMouseEvent(Unknown Source)
	at java.awt.LightweightDispatcher.dispatchEvent(Unknown Source)
	at java.awt.Container.dispatchEventImpl(Unknown Source)
	at java.awt.Window.dispatchEventImpl(Unknown Source)
	at java.awt.Component.dispatchEvent(Unknown Source)
	at java.awt.EventQueue.dispatchEventImpl(Unknown Source)
	at java.awt.EventQueue.access$500(Unknown Source)
	at java.awt.EventQueue$3.run(Unknown Source)
	at java.awt.EventQueue$3.run(Unknown Source)
	at java.security.AccessController.doPrivileged(Native Method)
	at java.security.ProtectionDomain$JavaSecurityAccessImpl.doIntersectionPrivilege(Unknown Source)
	at java.security.ProtectionDomain$JavaSecurityAccessImpl.doIntersectionPrivilege(Unknown Source)
	at java.awt.EventQueue$4.run(Unknown Source)
	at java.awt.EventQueue$4.run(Unknown Source)
	at java.security.AccessController.doPrivileged(Native Method)
	at java.security.ProtectionDomain$JavaSecurityAccessImpl.doIntersectionPrivilege(Unknown Source)
	at java.awt.EventQueue.dispatchEvent(Unknown Source)
	at java.awt.EventDispatchThread.pumpOneEventForFilters(Unknown Source)
	at java.awt.EventDispatchThread.pumpEventsForFilter(Unknown Source)
	at java.awt.EventDispatchThread.pumpEventsForHierarchy(Unknown Source)
	at java.awt.EventDispatchThread.pumpEvents(Unknown Source)
	at java.awt.EventDispatchThread.pumpEvents(Unknown Source)
	at java.awt.EventDispatchThread.run(Unknown Source)

[2020-03-18 17:58:28 #11 load] 
Request set: {}

------------------------------------------------------------------------------------------------------------------------

[2020-03-18 18:04:27 #1 store] 
Database 'C:\Users\asier\eclipse-workspace\Bets2020-Master\src\main\resources\bets.temp' is opened by 20172@DESKTOP-UOETFC7

[2020-03-18 18:04:27 #2 type] 
Type domain.Question is not enhanced.

[2020-03-18 18:04:27 #3 type] 
Type domain.Event is not enhanced.

[2020-03-18 18:04:27 #4 type] 
Type domain.user is not enhanced.

[2020-03-18 18:04:27 #5 type] 
Type domain.Kuota is not enhanced.

[2020-03-18 18:04:27 #6 type] 
Type domain.Admin is not enhanced.

[2020-03-18 18:04:27 #7 type] 
Type domain.NormalUser is not enhanced.

[2020-03-18 18:04:37 #8 load] 
[ObjectDB 2.6.9_09] Unexpected exception (Error 990)
  Generated by Java HotSpot(TM) 64-Bit Server VM 1.8.0_202 (on Windows 10 10.0).
Please report this error on http://www.objectdb.com/database/issue/new
com.objectdb.o.InternalException: Unexpected request domain.NormalUser:'admin'
com.objectdb.o.InternalException: Unexpected request domain.NormalUser:'admin'
	at com.objectdb.o.LDR.Vz(LDR.java:1030)
	at com.objectdb.o.RTT.G(RTT.java:267)
	at com.objectdb.o.RTT.F(RTT.java:249)
	at com.objectdb.o.RRT.C(RRT.java:288)
	at com.objectdb.o.RTT.l(RTT.java:134)
	at com.objectdb.o.RRT.l(RRT.java:32)
	at com.objectdb.o.TSK.i(TSK.java:145)
	at com.objectdb.o.TSK.f(TSK.java:95)
	at com.objectdb.o.TSM.e(TSM.java:86)
	at com.objectdb.o.MST.a1(MST.java:707)
	at com.objectdb.o.MST.aY(MST.java:476)
	at com.objectdb.o.MST.U6(MST.java:442)
	at com.objectdb.o.WRA.U6(WRA.java:266)
	at com.objectdb.o.LDR.G(LDR.java:556)
	at com.objectdb.o.LDR.F(LDR.java:473)
	at com.objectdb.o.LDR.A(LDR.java:272)
	at com.objectdb.o.OBC.aO(OBC.java:1061)
	at com.objectdb.o.OBC.aM(OBC.java:979)
	at com.objectdb.jpa.EMImpl.find(EMImpl.java:599)
	at com.objectdb.jpa.EMImpl.find(EMImpl.java:519)
	at dataAccess.DataAccess.egiaztatuErabiltzailea(DataAccess.java:270)
	at businessLogic.BLFacadeImplementation.egiaztatuErab(BLFacadeImplementation.java:112)
	at gui.Login$4.actionPerformed(Login.java:93)
	at javax.swing.AbstractButton.fireActionPerformed(Unknown Source)
	at javax.swing.AbstractButton$Handler.actionPerformed(Unknown Source)
	at javax.swing.DefaultButtonModel.fireActionPerformed(Unknown Source)
	at javax.swing.DefaultButtonModel.setPressed(Unknown Source)
	at javax.swing.plaf.basic.BasicButtonListener.mouseReleased(Unknown Source)
	at java.awt.Component.processMouseEvent(Unknown Source)
	at javax.swing.JComponent.processMouseEvent(Unknown Source)
	at java.awt.Component.processEvent(Unknown Source)
	at java.awt.Container.processEvent(Unknown Source)
	at java.awt.Component.dispatchEventImpl(Unknown Source)
	at java.awt.Container.dispatchEventImpl(Unknown Source)
	at java.awt.Component.dispatchEvent(Unknown Source)
	at java.awt.LightweightDispatcher.retargetMouseEvent(Unknown Source)
	at java.awt.LightweightDispatcher.processMouseEvent(Unknown Source)
	at java.awt.LightweightDispatcher.dispatchEvent(Unknown Source)
	at java.awt.Container.dispatchEventImpl(Unknown Source)
	at java.awt.Window.dispatchEventImpl(Unknown Source)
	at java.awt.Component.dispatchEvent(Unknown Source)
	at java.awt.EventQueue.dispatchEventImpl(Unknown Source)
	at java.awt.EventQueue.access$500(Unknown Source)
	at java.awt.EventQueue$3.run(Unknown Source)
	at java.awt.EventQueue$3.run(Unknown Source)
	at java.security.AccessController.doPrivileged(Native Method)
	at java.security.ProtectionDomain$JavaSecurityAccessImpl.doIntersectionPrivilege(Unknown Source)
	at java.security.ProtectionDomain$JavaSecurityAccessImpl.doIntersectionPrivilege(Unknown Source)
	at java.awt.EventQueue$4.run(Unknown Source)
	at java.awt.EventQueue$4.run(Unknown Source)
	at java.security.AccessController.doPrivileged(Native Method)
	at java.security.ProtectionDomain$JavaSecurityAccessImpl.doIntersectionPrivilege(Unknown Source)
	at java.awt.EventQueue.dispatchEvent(Unknown Source)
	at java.awt.EventDispatchThread.pumpOneEventForFilters(Unknown Source)
	at java.awt.EventDispatchThread.pumpEventsForFilter(Unknown Source)
	at java.awt.EventDispatchThread.pumpEventsForHierarchy(Unknown Source)
	at java.awt.EventDispatchThread.pumpEvents(Unknown Source)
	at java.awt.EventDispatchThread.pumpEvents(Unknown Source)
	at java.awt.EventDispatchThread.run(Unknown Source)

[2020-03-18 18:04:37 #9 load] 
Request set: {}

[2020-03-18 18:04:37 #10 load] 
[ObjectDB 2.6.9_09] Unexpected exception (Error 990)
  Generated by Java HotSpot(TM) 64-Bit Server VM 1.8.0_202 (on Windows 10 10.0).
Please report this error on http://www.objectdb.com/database/issue/new
com.objectdb.o.InternalException: Unexpected request domain.NormalUser:'admin'
com.objectdb.o.InternalException: Unexpected request domain.NormalUser:'admin'
	at com.objectdb.o.LDR.Vz(LDR.java:1030)
	at com.objectdb.o.RTT.G(RTT.java:267)
	at com.objectdb.o.RTT.F(RTT.java:249)
	at com.objectdb.o.RRT.C(RRT.java:288)
	at com.objectdb.o.RTT.l(RTT.java:134)
	at com.objectdb.o.RRT.l(RRT.java:32)
	at com.objectdb.o.TSK.i(TSK.java:145)
	at com.objectdb.o.TSK.f(TSK.java:95)
	at com.objectdb.o.TSM.e(TSM.java:86)
	at com.objectdb.o.MST.a1(MST.java:707)
	at com.objectdb.o.MST.aY(MST.java:476)
	at com.objectdb.o.MST.U6(MST.java:442)
	at com.objectdb.o.WRA.U6(WRA.java:266)
	at com.objectdb.o.LDR.G(LDR.java:556)
	at com.objectdb.o.LDR.F(LDR.java:473)
	at com.objectdb.o.LDR.A(LDR.java:272)
	at com.objectdb.o.OBC.aO(OBC.java:1061)
	at com.objectdb.o.OBC.aM(OBC.java:979)
	at com.objectdb.jpa.EMImpl.find(EMImpl.java:599)
	at com.objectdb.jpa.EMImpl.find(EMImpl.java:519)
	at dataAccess.DataAccess.erabiltzaileaLortu(DataAccess.java:251)
	at businessLogic.BLFacadeImplementation.lortuErab(BLFacadeImplementation.java:126)
	at gui.Login$4.actionPerformed(Login.java:97)
	at javax.swing.AbstractButton.fireActionPerformed(Unknown Source)
	at javax.swing.AbstractButton$Handler.actionPerformed(Unknown Source)
	at javax.swing.DefaultButtonModel.fireActionPerformed(Unknown Source)
	at javax.swing.DefaultButtonModel.setPressed(Unknown Source)
	at javax.swing.plaf.basic.BasicButtonListener.mouseReleased(Unknown Source)
	at java.awt.Component.processMouseEvent(Unknown Source)
	at javax.swing.JComponent.processMouseEvent(Unknown Source)
	at java.awt.Component.processEvent(Unknown Source)
	at java.awt.Container.processEvent(Unknown Source)
	at java.awt.Component.dispatchEventImpl(Unknown Source)
	at java.awt.Container.dispatchEventImpl(Unknown Source)
	at java.awt.Component.dispatchEvent(Unknown Source)
	at java.awt.LightweightDispatcher.retargetMouseEvent(Unknown Source)
	at java.awt.LightweightDispatcher.processMouseEvent(Unknown Source)
	at java.awt.LightweightDispatcher.dispatchEvent(Unknown Source)
	at java.awt.Container.dispatchEventImpl(Unknown Source)
	at java.awt.Window.dispatchEventImpl(Unknown Source)
	at java.awt.Component.dispatchEvent(Unknown Source)
	at java.awt.EventQueue.dispatchEventImpl(Unknown Source)
	at java.awt.EventQueue.access$500(Unknown Source)
	at java.awt.EventQueue$3.run(Unknown Source)
	at java.awt.EventQueue$3.run(Unknown Source)
	at java.security.AccessController.doPrivileged(Native Method)
	at java.security.ProtectionDomain$JavaSecurityAccessImpl.doIntersectionPrivilege(Unknown Source)
	at java.security.ProtectionDomain$JavaSecurityAccessImpl.doIntersectionPrivilege(Unknown Source)
	at java.awt.EventQueue$4.run(Unknown Source)
	at java.awt.EventQueue$4.run(Unknown Source)
	at java.security.AccessController.doPrivileged(Native Method)
	at java.security.ProtectionDomain$JavaSecurityAccessImpl.doIntersectionPrivilege(Unknown Source)
	at java.awt.EventQueue.dispatchEvent(Unknown Source)
	at java.awt.EventDispatchThread.pumpOneEventForFilters(Unknown Source)
	at java.awt.EventDispatchThread.pumpEventsForFilter(Unknown Source)
	at java.awt.EventDispatchThread.pumpEventsForHierarchy(Unknown Source)
	at java.awt.EventDispatchThread.pumpEvents(Unknown Source)
	at java.awt.EventDispatchThread.pumpEvents(Unknown Source)
	at java.awt.EventDispatchThread.run(Unknown Source)

[2020-03-18 18:04:37 #11 load] 
Request set: {}

------------------------------------------------------------------------------------------------------------------------

[2020-03-18 18:08:13 #1 store] 
Database 'C:\Users\asier\eclipse-workspace\Bets2020-Master\src\main\resources\bets.temp' is opened by 6456@DESKTOP-UOETFC7

[2020-03-18 18:08:14 #2 type] 
Type domain.Question is not enhanced.

[2020-03-18 18:08:14 #3 type] 
Type domain.Event is not enhanced.

[2020-03-18 18:08:14 #4 type] 
Type domain.user is not enhanced.

[2020-03-18 18:08:14 #5 type] 
Type domain.Kuota is not enhanced.

[2020-03-18 18:08:14 #6 type] 
Type domain.Admin is not enhanced.

[2020-03-18 18:08:14 #7 type] 
Type domain.NormalUser is not enhanced.

[2020-03-18 18:08:14 #8 load] 
[ObjectDB 2.6.9_09] Unexpected exception (Error 990)
  Generated by Java HotSpot(TM) 64-Bit Server VM 1.8.0_202 (on Windows 10 10.0).
Please report this error on http://www.objectdb.com/database/issue/new
com.objectdb.o.InternalException: Unexpected request domain.NormalUser:'admin'
com.objectdb.o.InternalException: Unexpected request domain.NormalUser:'admin'
	at com.objectdb.o.LDR.Vz(LDR.java:1030)
	at com.objectdb.o.RTT.G(RTT.java:267)
	at com.objectdb.o.RTT.F(RTT.java:249)
	at com.objectdb.o.RRT.C(RRT.java:288)
	at com.objectdb.o.RTT.l(RTT.java:134)
	at com.objectdb.o.RRT.l(RRT.java:32)
	at com.objectdb.o.TSK.i(TSK.java:145)
	at com.objectdb.o.TSK.f(TSK.java:95)
	at com.objectdb.o.TSM.e(TSM.java:86)
	at com.objectdb.o.MST.a1(MST.java:707)
	at com.objectdb.o.MST.aY(MST.java:476)
	at com.objectdb.o.MST.U6(MST.java:442)
	at com.objectdb.o.WRA.U6(WRA.java:266)
	at com.objectdb.o.LDR.G(LDR.java:556)
	at com.objectdb.o.LDR.F(LDR.java:473)
	at com.objectdb.o.LDR.A(LDR.java:272)
	at com.objectdb.o.OBC.aO(OBC.java:1061)
	at com.objectdb.o.OBC.aM(OBC.java:979)
	at com.objectdb.jpa.EMImpl.find(EMImpl.java:599)
	at com.objectdb.jpa.EMImpl.find(EMImpl.java:519)
	at dataAccess.DataAccess.egiaztatuErabiltzailea(DataAccess.java:270)
	at businessLogic.BLFacadeImplementation.egiaztatuErab(BLFacadeImplementation.java:112)
	at gui.Login$4.actionPerformed(Login.java:93)
	at javax.swing.AbstractButton.fireActionPerformed(Unknown Source)
	at javax.swing.AbstractButton$Handler.actionPerformed(Unknown Source)
	at javax.swing.DefaultButtonModel.fireActionPerformed(Unknown Source)
	at javax.swing.DefaultButtonModel.setPressed(Unknown Source)
	at javax.swing.plaf.basic.BasicButtonListener.mouseReleased(Unknown Source)
	at java.awt.Component.processMouseEvent(Unknown Source)
	at javax.swing.JComponent.processMouseEvent(Unknown Source)
	at java.awt.Component.processEvent(Unknown Source)
	at java.awt.Container.processEvent(Unknown Source)
	at java.awt.Component.dispatchEventImpl(Unknown Source)
	at java.awt.Container.dispatchEventImpl(Unknown Source)
	at java.awt.Component.dispatchEvent(Unknown Source)
	at java.awt.LightweightDispatcher.retargetMouseEvent(Unknown Source)
	at java.awt.LightweightDispatcher.processMouseEvent(Unknown Source)
	at java.awt.LightweightDispatcher.dispatchEvent(Unknown Source)
	at java.awt.Container.dispatchEventImpl(Unknown Source)
	at java.awt.Window.dispatchEventImpl(Unknown Source)
	at java.awt.Component.dispatchEvent(Unknown Source)
	at java.awt.EventQueue.dispatchEventImpl(Unknown Source)
	at java.awt.EventQueue.access$500(Unknown Source)
	at java.awt.EventQueue$3.run(Unknown Source)
	at java.awt.EventQueue$3.run(Unknown Source)
	at java.security.AccessController.doPrivileged(Native Method)
	at java.security.ProtectionDomain$JavaSecurityAccessImpl.doIntersectionPrivilege(Unknown Source)
	at java.security.ProtectionDomain$JavaSecurityAccessImpl.doIntersectionPrivilege(Unknown Source)
	at java.awt.EventQueue$4.run(Unknown Source)
	at java.awt.EventQueue$4.run(Unknown Source)
	at java.security.AccessController.doPrivileged(Native Method)
	at java.security.ProtectionDomain$JavaSecurityAccessImpl.doIntersectionPrivilege(Unknown Source)
	at java.awt.EventQueue.dispatchEvent(Unknown Source)
	at java.awt.EventDispatchThread.pumpOneEventForFilters(Unknown Source)
	at java.awt.EventDispatchThread.pumpEventsForFilter(Unknown Source)
	at java.awt.EventDispatchThread.pumpEventsForHierarchy(Unknown Source)
	at java.awt.EventDispatchThread.pumpEvents(Unknown Source)
	at java.awt.EventDispatchThread.pumpEvents(Unknown Source)
	at java.awt.EventDispatchThread.run(Unknown Source)

[2020-03-18 18:08:14 #9 load] 
Request set: {}

[2020-03-18 18:08:14 #10 load] 
[ObjectDB 2.6.9_09] Unexpected exception (Error 990)
  Generated by Java HotSpot(TM) 64-Bit Server VM 1.8.0_202 (on Windows 10 10.0).
Please report this error on http://www.objectdb.com/database/issue/new
com.objectdb.o.InternalException: Unexpected request domain.NormalUser:'admin'
com.objectdb.o.InternalException: Unexpected request domain.NormalUser:'admin'
	at com.objectdb.o.LDR.Vz(LDR.java:1030)
	at com.objectdb.o.RTT.G(RTT.java:267)
	at com.objectdb.o.RTT.F(RTT.java:249)
	at com.objectdb.o.RRT.C(RRT.java:288)
	at com.objectdb.o.RTT.l(RTT.java:134)
	at com.objectdb.o.RRT.l(RRT.java:32)
	at com.objectdb.o.TSK.i(TSK.java:145)
	at com.objectdb.o.TSK.f(TSK.java:95)
	at com.objectdb.o.TSM.e(TSM.java:86)
	at com.objectdb.o.MST.a1(MST.java:707)
	at com.objectdb.o.MST.aY(MST.java:476)
	at com.objectdb.o.MST.U6(MST.java:442)
	at com.objectdb.o.WRA.U6(WRA.java:266)
	at com.objectdb.o.LDR.G(LDR.java:556)
	at com.objectdb.o.LDR.F(LDR.java:473)
	at com.objectdb.o.LDR.A(LDR.java:272)
	at com.objectdb.o.OBC.aO(OBC.java:1061)
	at com.objectdb.o.OBC.aM(OBC.java:979)
	at com.objectdb.jpa.EMImpl.find(EMImpl.java:599)
	at com.objectdb.jpa.EMImpl.find(EMImpl.java:519)
	at dataAccess.DataAccess.erabiltzaileaLortu(DataAccess.java:251)
	at businessLogic.BLFacadeImplementation.lortuErab(BLFacadeImplementation.java:126)
	at gui.Login$4.actionPerformed(Login.java:97)
	at javax.swing.AbstractButton.fireActionPerformed(Unknown Source)
	at javax.swing.AbstractButton$Handler.actionPerformed(Unknown Source)
	at javax.swing.DefaultButtonModel.fireActionPerformed(Unknown Source)
	at javax.swing.DefaultButtonModel.setPressed(Unknown Source)
	at javax.swing.plaf.basic.BasicButtonListener.mouseReleased(Unknown Source)
	at java.awt.Component.processMouseEvent(Unknown Source)
	at javax.swing.JComponent.processMouseEvent(Unknown Source)
	at java.awt.Component.processEvent(Unknown Source)
	at java.awt.Container.processEvent(Unknown Source)
	at java.awt.Component.dispatchEventImpl(Unknown Source)
	at java.awt.Container.dispatchEventImpl(Unknown Source)
	at java.awt.Component.dispatchEvent(Unknown Source)
	at java.awt.LightweightDispatcher.retargetMouseEvent(Unknown Source)
	at java.awt.LightweightDispatcher.processMouseEvent(Unknown Source)
	at java.awt.LightweightDispatcher.dispatchEvent(Unknown Source)
	at java.awt.Container.dispatchEventImpl(Unknown Source)
	at java.awt.Window.dispatchEventImpl(Unknown Source)
	at java.awt.Component.dispatchEvent(Unknown Source)
	at java.awt.EventQueue.dispatchEventImpl(Unknown Source)
	at java.awt.EventQueue.access$500(Unknown Source)
	at java.awt.EventQueue$3.run(Unknown Source)
	at java.awt.EventQueue$3.run(Unknown Source)
	at java.security.AccessController.doPrivileged(Native Method)
	at java.security.ProtectionDomain$JavaSecurityAccessImpl.doIntersectionPrivilege(Unknown Source)
	at java.security.ProtectionDomain$JavaSecurityAccessImpl.doIntersectionPrivilege(Unknown Source)
	at java.awt.EventQueue$4.run(Unknown Source)
	at java.awt.EventQueue$4.run(Unknown Source)
	at java.security.AccessController.doPrivileged(Native Method)
	at java.security.ProtectionDomain$JavaSecurityAccessImpl.doIntersectionPrivilege(Unknown Source)
	at java.awt.EventQueue.dispatchEvent(Unknown Source)
	at java.awt.EventDispatchThread.pumpOneEventForFilters(Unknown Source)
	at java.awt.EventDispatchThread.pumpEventsForFilter(Unknown Source)
	at java.awt.EventDispatchThread.pumpEventsForHierarchy(Unknown Source)
	at java.awt.EventDispatchThread.pumpEvents(Unknown Source)
	at java.awt.EventDispatchThread.pumpEvents(Unknown Source)
	at java.awt.EventDispatchThread.run(Unknown Source)

[2020-03-18 18:08:14 #11 load] 
Request set: {}

------------------------------------------------------------------------------------------------------------------------

[2020-03-18 18:15:04 #1 store] 
Database 'C:\Users\asier\eclipse-workspace\Bets2020-Master\src\main\resources\bets.temp' is opened by 11888@DESKTOP-UOETFC7

[2020-03-18 18:15:04 #2 type] 
Type domain.Question is not enhanced.

[2020-03-18 18:15:04 #3 type] 
Type domain.Event is not enhanced.

[2020-03-18 18:15:04 #4 type] 
Type domain.user is not enhanced.

[2020-03-18 18:15:04 #5 type] 
Type domain.Kuota is not enhanced.

[2020-03-18 18:15:04 #6 type] 
Type domain.Admin is not enhanced.

[2020-03-18 18:15:04 #7 type] 
Type domain.NormalUser is not enhanced.

[2020-03-18 18:15:04 #8 load] 
[ObjectDB 2.6.9_09] Unexpected exception (Error 990)
  Generated by Java HotSpot(TM) 64-Bit Server VM 1.8.0_202 (on Windows 10 10.0).
Please report this error on http://www.objectdb.com/database/issue/new
com.objectdb.o.InternalException: Unexpected request domain.NormalUser:'admin'
com.objectdb.o.InternalException: Unexpected request domain.NormalUser:'admin'
	at com.objectdb.o.LDR.Vz(LDR.java:1030)
	at com.objectdb.o.RTT.G(RTT.java:267)
	at com.objectdb.o.RTT.F(RTT.java:249)
	at com.objectdb.o.RRT.C(RRT.java:288)
	at com.objectdb.o.RTT.l(RTT.java:134)
	at com.objectdb.o.RRT.l(RRT.java:32)
	at com.objectdb.o.TSK.i(TSK.java:145)
	at com.objectdb.o.TSK.f(TSK.java:95)
	at com.objectdb.o.TSM.e(TSM.java:86)
	at com.objectdb.o.MST.a1(MST.java:707)
	at com.objectdb.o.MST.aY(MST.java:476)
	at com.objectdb.o.MST.U6(MST.java:442)
	at com.objectdb.o.WRA.U6(WRA.java:266)
	at com.objectdb.o.LDR.G(LDR.java:556)
	at com.objectdb.o.LDR.F(LDR.java:473)
	at com.objectdb.o.LDR.A(LDR.java:272)
	at com.objectdb.o.OBC.aO(OBC.java:1061)
	at com.objectdb.o.OBC.aM(OBC.java:979)
	at com.objectdb.jpa.EMImpl.find(EMImpl.java:599)
	at com.objectdb.jpa.EMImpl.find(EMImpl.java:519)
	at dataAccess.DataAccess.egiaztatuErabiltzailea(DataAccess.java:270)
	at businessLogic.BLFacadeImplementation.egiaztatuErab(BLFacadeImplementation.java:112)
	at gui.Login$4.actionPerformed(Login.java:93)
	at javax.swing.AbstractButton.fireActionPerformed(Unknown Source)
	at javax.swing.AbstractButton$Handler.actionPerformed(Unknown Source)
	at javax.swing.DefaultButtonModel.fireActionPerformed(Unknown Source)
	at javax.swing.DefaultButtonModel.setPressed(Unknown Source)
	at javax.swing.plaf.basic.BasicButtonListener.mouseReleased(Unknown Source)
	at java.awt.Component.processMouseEvent(Unknown Source)
	at javax.swing.JComponent.processMouseEvent(Unknown Source)
	at java.awt.Component.processEvent(Unknown Source)
	at java.awt.Container.processEvent(Unknown Source)
	at java.awt.Component.dispatchEventImpl(Unknown Source)
	at java.awt.Container.dispatchEventImpl(Unknown Source)
	at java.awt.Component.dispatchEvent(Unknown Source)
	at java.awt.LightweightDispatcher.retargetMouseEvent(Unknown Source)
	at java.awt.LightweightDispatcher.processMouseEvent(Unknown Source)
	at java.awt.LightweightDispatcher.dispatchEvent(Unknown Source)
	at java.awt.Container.dispatchEventImpl(Unknown Source)
	at java.awt.Window.dispatchEventImpl(Unknown Source)
	at java.awt.Component.dispatchEvent(Unknown Source)
	at java.awt.EventQueue.dispatchEventImpl(Unknown Source)
	at java.awt.EventQueue.access$500(Unknown Source)
	at java.awt.EventQueue$3.run(Unknown Source)
	at java.awt.EventQueue$3.run(Unknown Source)
	at java.security.AccessController.doPrivileged(Native Method)
	at java.security.ProtectionDomain$JavaSecurityAccessImpl.doIntersectionPrivilege(Unknown Source)
	at java.security.ProtectionDomain$JavaSecurityAccessImpl.doIntersectionPrivilege(Unknown Source)
	at java.awt.EventQueue$4.run(Unknown Source)
	at java.awt.EventQueue$4.run(Unknown Source)
	at java.security.AccessController.doPrivileged(Native Method)
	at java.security.ProtectionDomain$JavaSecurityAccessImpl.doIntersectionPrivilege(Unknown Source)
	at java.awt.EventQueue.dispatchEvent(Unknown Source)
	at java.awt.EventDispatchThread.pumpOneEventForFilters(Unknown Source)
	at java.awt.EventDispatchThread.pumpEventsForFilter(Unknown Source)
	at java.awt.EventDispatchThread.pumpEventsForHierarchy(Unknown Source)
	at java.awt.EventDispatchThread.pumpEvents(Unknown Source)
	at java.awt.EventDispatchThread.pumpEvents(Unknown Source)
	at java.awt.EventDispatchThread.run(Unknown Source)

[2020-03-18 18:15:04 #9 load] 
Request set: {}

[2020-03-18 18:15:04 #10 load] 
[ObjectDB 2.6.9_09] Unexpected exception (Error 990)
  Generated by Java HotSpot(TM) 64-Bit Server VM 1.8.0_202 (on Windows 10 10.0).
Please report this error on http://www.objectdb.com/database/issue/new
com.objectdb.o.InternalException: Unexpected request domain.NormalUser:'admin'
com.objectdb.o.InternalException: Unexpected request domain.NormalUser:'admin'
	at com.objectdb.o.LDR.Vz(LDR.java:1030)
	at com.objectdb.o.RTT.G(RTT.java:267)
	at com.objectdb.o.RTT.F(RTT.java:249)
	at com.objectdb.o.RRT.C(RRT.java:288)
	at com.objectdb.o.RTT.l(RTT.java:134)
	at com.objectdb.o.RRT.l(RRT.java:32)
	at com.objectdb.o.TSK.i(TSK.java:145)
	at com.objectdb.o.TSK.f(TSK.java:95)
	at com.objectdb.o.TSM.e(TSM.java:86)
	at com.objectdb.o.MST.a1(MST.java:707)
	at com.objectdb.o.MST.aY(MST.java:476)
	at com.objectdb.o.MST.U6(MST.java:442)
	at com.objectdb.o.WRA.U6(WRA.java:266)
	at com.objectdb.o.LDR.G(LDR.java:556)
	at com.objectdb.o.LDR.F(LDR.java:473)
	at com.objectdb.o.LDR.A(LDR.java:272)
	at com.objectdb.o.OBC.aO(OBC.java:1061)
	at com.objectdb.o.OBC.aM(OBC.java:979)
	at com.objectdb.jpa.EMImpl.find(EMImpl.java:599)
	at com.objectdb.jpa.EMImpl.find(EMImpl.java:519)
	at dataAccess.DataAccess.erabiltzaileaLortu(DataAccess.java:251)
	at businessLogic.BLFacadeImplementation.lortuErab(BLFacadeImplementation.java:126)
	at gui.Login$4.actionPerformed(Login.java:97)
	at javax.swing.AbstractButton.fireActionPerformed(Unknown Source)
	at javax.swing.AbstractButton$Handler.actionPerformed(Unknown Source)
	at javax.swing.DefaultButtonModel.fireActionPerformed(Unknown Source)
	at javax.swing.DefaultButtonModel.setPressed(Unknown Source)
	at javax.swing.plaf.basic.BasicButtonListener.mouseReleased(Unknown Source)
	at java.awt.Component.processMouseEvent(Unknown Source)
	at javax.swing.JComponent.processMouseEvent(Unknown Source)
	at java.awt.Component.processEvent(Unknown Source)
	at java.awt.Container.processEvent(Unknown Source)
	at java.awt.Component.dispatchEventImpl(Unknown Source)
	at java.awt.Container.dispatchEventImpl(Unknown Source)
	at java.awt.Component.dispatchEvent(Unknown Source)
	at java.awt.LightweightDispatcher.retargetMouseEvent(Unknown Source)
	at java.awt.LightweightDispatcher.processMouseEvent(Unknown Source)
	at java.awt.LightweightDispatcher.dispatchEvent(Unknown Source)
	at java.awt.Container.dispatchEventImpl(Unknown Source)
	at java.awt.Window.dispatchEventImpl(Unknown Source)
	at java.awt.Component.dispatchEvent(Unknown Source)
	at java.awt.EventQueue.dispatchEventImpl(Unknown Source)
	at java.awt.EventQueue.access$500(Unknown Source)
	at java.awt.EventQueue$3.run(Unknown Source)
	at java.awt.EventQueue$3.run(Unknown Source)
	at java.security.AccessController.doPrivileged(Native Method)
	at java.security.ProtectionDomain$JavaSecurityAccessImpl.doIntersectionPrivilege(Unknown Source)
	at java.security.ProtectionDomain$JavaSecurityAccessImpl.doIntersectionPrivilege(Unknown Source)
	at java.awt.EventQueue$4.run(Unknown Source)
	at java.awt.EventQueue$4.run(Unknown Source)
	at java.security.AccessController.doPrivileged(Native Method)
	at java.security.ProtectionDomain$JavaSecurityAccessImpl.doIntersectionPrivilege(Unknown Source)
	at java.awt.EventQueue.dispatchEvent(Unknown Source)
	at java.awt.EventDispatchThread.pumpOneEventForFilters(Unknown Source)
	at java.awt.EventDispatchThread.pumpEventsForFilter(Unknown Source)
	at java.awt.EventDispatchThread.pumpEventsForHierarchy(Unknown Source)
	at java.awt.EventDispatchThread.pumpEvents(Unknown Source)
	at java.awt.EventDispatchThread.pumpEvents(Unknown Source)
	at java.awt.EventDispatchThread.run(Unknown Source)

[2020-03-18 18:15:04 #11 load] 
Request set: {}

------------------------------------------------------------------------------------------------------------------------

[2020-03-18 18:17:37 #1 store] 
Database 'C:\Users\asier\eclipse-workspace\Bets2020-Master\src\main\resources\bets.temp' is opened by 3492@DESKTOP-UOETFC7

[2020-03-18 18:17:37 #2 type] 
Type domain.Question is not enhanced.

[2020-03-18 18:17:37 #3 type] 
Type domain.Event is not enhanced.

[2020-03-18 18:17:37 #4 type] 
Type domain.user is not enhanced.

[2020-03-18 18:17:37 #5 type] 
Type domain.Kuota is not enhanced.

[2020-03-18 18:17:37 #6 type] 
Type domain.Admin is not enhanced.

[2020-03-18 18:17:37 #7 type] 
Type domain.NormalUser is not enhanced.

[2020-03-18 18:17:37 #8 load] 
[ObjectDB 2.6.9_09] Unexpected exception (Error 990)
  Generated by Java HotSpot(TM) 64-Bit Server VM 1.8.0_202 (on Windows 10 10.0).
Please report this error on http://www.objectdb.com/database/issue/new
com.objectdb.o.InternalException: Unexpected request domain.NormalUser:'admin'
com.objectdb.o.InternalException: Unexpected request domain.NormalUser:'admin'
	at com.objectdb.o.LDR.Vz(LDR.java:1030)
	at com.objectdb.o.RTT.G(RTT.java:267)
	at com.objectdb.o.RTT.F(RTT.java:249)
	at com.objectdb.o.RRT.C(RRT.java:288)
	at com.objectdb.o.RTT.l(RTT.java:134)
	at com.objectdb.o.RRT.l(RRT.java:32)
	at com.objectdb.o.TSK.i(TSK.java:145)
	at com.objectdb.o.TSK.f(TSK.java:95)
	at com.objectdb.o.TSM.e(TSM.java:86)
	at com.objectdb.o.MST.a1(MST.java:707)
	at com.objectdb.o.MST.aY(MST.java:476)
	at com.objectdb.o.MST.U6(MST.java:442)
	at com.objectdb.o.WRA.U6(WRA.java:266)
	at com.objectdb.o.LDR.G(LDR.java:556)
	at com.objectdb.o.LDR.F(LDR.java:473)
	at com.objectdb.o.LDR.A(LDR.java:272)
	at com.objectdb.o.OBC.aO(OBC.java:1061)
	at com.objectdb.o.OBC.aM(OBC.java:979)
	at com.objectdb.jpa.EMImpl.find(EMImpl.java:599)
	at com.objectdb.jpa.EMImpl.find(EMImpl.java:519)
	at dataAccess.DataAccess.egiaztatuErabiltzailea(DataAccess.java:270)
	at businessLogic.BLFacadeImplementation.egiaztatuErab(BLFacadeImplementation.java:112)
	at gui.Login$4.actionPerformed(Login.java:93)
	at javax.swing.AbstractButton.fireActionPerformed(Unknown Source)
	at javax.swing.AbstractButton$Handler.actionPerformed(Unknown Source)
	at javax.swing.DefaultButtonModel.fireActionPerformed(Unknown Source)
	at javax.swing.DefaultButtonModel.setPressed(Unknown Source)
	at javax.swing.plaf.basic.BasicButtonListener.mouseReleased(Unknown Source)
	at java.awt.Component.processMouseEvent(Unknown Source)
	at javax.swing.JComponent.processMouseEvent(Unknown Source)
	at java.awt.Component.processEvent(Unknown Source)
	at java.awt.Container.processEvent(Unknown Source)
	at java.awt.Component.dispatchEventImpl(Unknown Source)
	at java.awt.Container.dispatchEventImpl(Unknown Source)
	at java.awt.Component.dispatchEvent(Unknown Source)
	at java.awt.LightweightDispatcher.retargetMouseEvent(Unknown Source)
	at java.awt.LightweightDispatcher.processMouseEvent(Unknown Source)
	at java.awt.LightweightDispatcher.dispatchEvent(Unknown Source)
	at java.awt.Container.dispatchEventImpl(Unknown Source)
	at java.awt.Window.dispatchEventImpl(Unknown Source)
	at java.awt.Component.dispatchEvent(Unknown Source)
	at java.awt.EventQueue.dispatchEventImpl(Unknown Source)
	at java.awt.EventQueue.access$500(Unknown Source)
	at java.awt.EventQueue$3.run(Unknown Source)
	at java.awt.EventQueue$3.run(Unknown Source)
	at java.security.AccessController.doPrivileged(Native Method)
	at java.security.ProtectionDomain$JavaSecurityAccessImpl.doIntersectionPrivilege(Unknown Source)
	at java.security.ProtectionDomain$JavaSecurityAccessImpl.doIntersectionPrivilege(Unknown Source)
	at java.awt.EventQueue$4.run(Unknown Source)
	at java.awt.EventQueue$4.run(Unknown Source)
	at java.security.AccessController.doPrivileged(Native Method)
	at java.security.ProtectionDomain$JavaSecurityAccessImpl.doIntersectionPrivilege(Unknown Source)
	at java.awt.EventQueue.dispatchEvent(Unknown Source)
	at java.awt.EventDispatchThread.pumpOneEventForFilters(Unknown Source)
	at java.awt.EventDispatchThread.pumpEventsForFilter(Unknown Source)
	at java.awt.EventDispatchThread.pumpEventsForHierarchy(Unknown Source)
	at java.awt.EventDispatchThread.pumpEvents(Unknown Source)
	at java.awt.EventDispatchThread.pumpEvents(Unknown Source)
	at java.awt.EventDispatchThread.run(Unknown Source)

[2020-03-18 18:17:37 #9 load] 
Request set: {}

[2020-03-18 18:17:37 #10 load] 
[ObjectDB 2.6.9_09] Unexpected exception (Error 990)
  Generated by Java HotSpot(TM) 64-Bit Server VM 1.8.0_202 (on Windows 10 10.0).
Please report this error on http://www.objectdb.com/database/issue/new
com.objectdb.o.InternalException: Unexpected request domain.NormalUser:'admin'
com.objectdb.o.InternalException: Unexpected request domain.NormalUser:'admin'
	at com.objectdb.o.LDR.Vz(LDR.java:1030)
	at com.objectdb.o.RTT.G(RTT.java:267)
	at com.objectdb.o.RTT.F(RTT.java:249)
	at com.objectdb.o.RRT.C(RRT.java:288)
	at com.objectdb.o.RTT.l(RTT.java:134)
	at com.objectdb.o.RRT.l(RRT.java:32)
	at com.objectdb.o.TSK.i(TSK.java:145)
	at com.objectdb.o.TSK.f(TSK.java:95)
	at com.objectdb.o.TSM.e(TSM.java:86)
	at com.objectdb.o.MST.a1(MST.java:707)
	at com.objectdb.o.MST.aY(MST.java:476)
	at com.objectdb.o.MST.U6(MST.java:442)
	at com.objectdb.o.WRA.U6(WRA.java:266)
	at com.objectdb.o.LDR.G(LDR.java:556)
	at com.objectdb.o.LDR.F(LDR.java:473)
	at com.objectdb.o.LDR.A(LDR.java:272)
	at com.objectdb.o.OBC.aO(OBC.java:1061)
	at com.objectdb.o.OBC.aM(OBC.java:979)
	at com.objectdb.jpa.EMImpl.find(EMImpl.java:599)
	at com.objectdb.jpa.EMImpl.find(EMImpl.java:519)
	at dataAccess.DataAccess.erabiltzaileaLortu(DataAccess.java:251)
	at businessLogic.BLFacadeImplementation.lortuErab(BLFacadeImplementation.java:126)
	at gui.Login$4.actionPerformed(Login.java:97)
	at javax.swing.AbstractButton.fireActionPerformed(Unknown Source)
	at javax.swing.AbstractButton$Handler.actionPerformed(Unknown Source)
	at javax.swing.DefaultButtonModel.fireActionPerformed(Unknown Source)
	at javax.swing.DefaultButtonModel.setPressed(Unknown Source)
	at javax.swing.plaf.basic.BasicButtonListener.mouseReleased(Unknown Source)
	at java.awt.Component.processMouseEvent(Unknown Source)
	at javax.swing.JComponent.processMouseEvent(Unknown Source)
	at java.awt.Component.processEvent(Unknown Source)
	at java.awt.Container.processEvent(Unknown Source)
	at java.awt.Component.dispatchEventImpl(Unknown Source)
	at java.awt.Container.dispatchEventImpl(Unknown Source)
	at java.awt.Component.dispatchEvent(Unknown Source)
	at java.awt.LightweightDispatcher.retargetMouseEvent(Unknown Source)
	at java.awt.LightweightDispatcher.processMouseEvent(Unknown Source)
	at java.awt.LightweightDispatcher.dispatchEvent(Unknown Source)
	at java.awt.Container.dispatchEventImpl(Unknown Source)
	at java.awt.Window.dispatchEventImpl(Unknown Source)
	at java.awt.Component.dispatchEvent(Unknown Source)
	at java.awt.EventQueue.dispatchEventImpl(Unknown Source)
	at java.awt.EventQueue.access$500(Unknown Source)
	at java.awt.EventQueue$3.run(Unknown Source)
	at java.awt.EventQueue$3.run(Unknown Source)
	at java.security.AccessController.doPrivileged(Native Method)
	at java.security.ProtectionDomain$JavaSecurityAccessImpl.doIntersectionPrivilege(Unknown Source)
	at java.security.ProtectionDomain$JavaSecurityAccessImpl.doIntersectionPrivilege(Unknown Source)
	at java.awt.EventQueue$4.run(Unknown Source)
	at java.awt.EventQueue$4.run(Unknown Source)
	at java.security.AccessController.doPrivileged(Native Method)
	at java.security.ProtectionDomain$JavaSecurityAccessImpl.doIntersectionPrivilege(Unknown Source)
	at java.awt.EventQueue.dispatchEvent(Unknown Source)
	at java.awt.EventDispatchThread.pumpOneEventForFilters(Unknown Source)
	at java.awt.EventDispatchThread.pumpEventsForFilter(Unknown Source)
	at java.awt.EventDispatchThread.pumpEventsForHierarchy(Unknown Source)
	at java.awt.EventDispatchThread.pumpEvents(Unknown Source)
	at java.awt.EventDispatchThread.pumpEvents(Unknown Source)
	at java.awt.EventDispatchThread.run(Unknown Source)

[2020-03-18 18:17:37 #11 load] 
Request set: {}

------------------------------------------------------------------------------------------------------------------------

[2020-03-18 18:19:39 #1 store] 
Database 'C:\Users\asier\eclipse-workspace\Bets2020-Master\src\main\resources\bets.temp' has been recovered (tr. 82-82)

[2020-03-18 18:19:39 #2 store] 
Database 'C:\Users\asier\eclipse-workspace\Bets2020-Master\src\main\resources\bets.temp' is opened by 15232@DESKTOP-UOETFC7

[2020-03-18 18:19:39 #3 type] 
Type domain.Question is not enhanced.

[2020-03-18 18:19:39 #4 type] 
Type domain.Event is not enhanced.

[2020-03-18 18:19:39 #5 type] 
Type domain.user is not enhanced.

[2020-03-18 18:19:39 #6 type] 
Type domain.Kuota is not enhanced.

[2020-03-18 18:19:39 #7 type] 
Type domain.Admin is not enhanced.

[2020-03-18 18:19:39 #8 type] 
Type domain.NormalUser is not enhanced.

[2020-03-18 18:19:40 #9 load] 
[ObjectDB 2.6.9_09] Unexpected exception (Error 990)
  Generated by Java HotSpot(TM) 64-Bit Server VM 1.8.0_202 (on Windows 10 10.0).
Please report this error on http://www.objectdb.com/database/issue/new
com.objectdb.o.InternalException: Unexpected request domain.NormalUser:'admin'
com.objectdb.o.InternalException: Unexpected request domain.NormalUser:'admin'
	at com.objectdb.o.LDR.Vz(LDR.java:1030)
	at com.objectdb.o.RTT.G(RTT.java:267)
	at com.objectdb.o.RTT.F(RTT.java:249)
	at com.objectdb.o.RRT.C(RRT.java:288)
	at com.objectdb.o.RTT.l(RTT.java:134)
	at com.objectdb.o.RRT.l(RRT.java:32)
	at com.objectdb.o.TSK.i(TSK.java:145)
	at com.objectdb.o.TSK.f(TSK.java:95)
	at com.objectdb.o.TSM.e(TSM.java:86)
	at com.objectdb.o.MST.a1(MST.java:707)
	at com.objectdb.o.MST.aY(MST.java:476)
	at com.objectdb.o.MST.U6(MST.java:442)
	at com.objectdb.o.WRA.U6(WRA.java:266)
	at com.objectdb.o.LDR.G(LDR.java:556)
	at com.objectdb.o.LDR.F(LDR.java:473)
	at com.objectdb.o.LDR.A(LDR.java:272)
	at com.objectdb.o.OBC.aO(OBC.java:1061)
	at com.objectdb.o.OBC.aM(OBC.java:979)
	at com.objectdb.jpa.EMImpl.find(EMImpl.java:599)
	at com.objectdb.jpa.EMImpl.find(EMImpl.java:519)
	at dataAccess.DataAccess.egiaztatuErabiltzailea(DataAccess.java:270)
	at businessLogic.BLFacadeImplementation.egiaztatuErab(BLFacadeImplementation.java:112)
	at gui.Login$4.actionPerformed(Login.java:93)
	at javax.swing.AbstractButton.fireActionPerformed(Unknown Source)
	at javax.swing.AbstractButton$Handler.actionPerformed(Unknown Source)
	at javax.swing.DefaultButtonModel.fireActionPerformed(Unknown Source)
	at javax.swing.DefaultButtonModel.setPressed(Unknown Source)
	at javax.swing.plaf.basic.BasicButtonListener.mouseReleased(Unknown Source)
	at java.awt.Component.processMouseEvent(Unknown Source)
	at javax.swing.JComponent.processMouseEvent(Unknown Source)
	at java.awt.Component.processEvent(Unknown Source)
	at java.awt.Container.processEvent(Unknown Source)
	at java.awt.Component.dispatchEventImpl(Unknown Source)
	at java.awt.Container.dispatchEventImpl(Unknown Source)
	at java.awt.Component.dispatchEvent(Unknown Source)
	at java.awt.LightweightDispatcher.retargetMouseEvent(Unknown Source)
	at java.awt.LightweightDispatcher.processMouseEvent(Unknown Source)
	at java.awt.LightweightDispatcher.dispatchEvent(Unknown Source)
	at java.awt.Container.dispatchEventImpl(Unknown Source)
	at java.awt.Window.dispatchEventImpl(Unknown Source)
	at java.awt.Component.dispatchEvent(Unknown Source)
	at java.awt.EventQueue.dispatchEventImpl(Unknown Source)
	at java.awt.EventQueue.access$500(Unknown Source)
	at java.awt.EventQueue$3.run(Unknown Source)
	at java.awt.EventQueue$3.run(Unknown Source)
	at java.security.AccessController.doPrivileged(Native Method)
	at java.security.ProtectionDomain$JavaSecurityAccessImpl.doIntersectionPrivilege(Unknown Source)
	at java.security.ProtectionDomain$JavaSecurityAccessImpl.doIntersectionPrivilege(Unknown Source)
	at java.awt.EventQueue$4.run(Unknown Source)
	at java.awt.EventQueue$4.run(Unknown Source)
	at java.security.AccessController.doPrivileged(Native Method)
	at java.security.ProtectionDomain$JavaSecurityAccessImpl.doIntersectionPrivilege(Unknown Source)
	at java.awt.EventQueue.dispatchEvent(Unknown Source)
	at java.awt.EventDispatchThread.pumpOneEventForFilters(Unknown Source)
	at java.awt.EventDispatchThread.pumpEventsForFilter(Unknown Source)
	at java.awt.EventDispatchThread.pumpEventsForHierarchy(Unknown Source)
	at java.awt.EventDispatchThread.pumpEvents(Unknown Source)
	at java.awt.EventDispatchThread.pumpEvents(Unknown Source)
	at java.awt.EventDispatchThread.run(Unknown Source)

[2020-03-18 18:19:40 #10 load] 
Request set: {}

[2020-03-18 18:19:40 #11 load] 
[ObjectDB 2.6.9_09] Unexpected exception (Error 990)
  Generated by Java HotSpot(TM) 64-Bit Server VM 1.8.0_202 (on Windows 10 10.0).
Please report this error on http://www.objectdb.com/database/issue/new
com.objectdb.o.InternalException: Unexpected request domain.NormalUser:'admin'
com.objectdb.o.InternalException: Unexpected request domain.NormalUser:'admin'
	at com.objectdb.o.LDR.Vz(LDR.java:1030)
	at com.objectdb.o.RTT.G(RTT.java:267)
	at com.objectdb.o.RTT.F(RTT.java:249)
	at com.objectdb.o.RRT.C(RRT.java:288)
	at com.objectdb.o.RTT.l(RTT.java:134)
	at com.objectdb.o.RRT.l(RRT.java:32)
	at com.objectdb.o.TSK.i(TSK.java:145)
	at com.objectdb.o.TSK.f(TSK.java:95)
	at com.objectdb.o.TSM.e(TSM.java:86)
	at com.objectdb.o.MST.a1(MST.java:707)
	at com.objectdb.o.MST.aY(MST.java:476)
	at com.objectdb.o.MST.U6(MST.java:442)
	at com.objectdb.o.WRA.U6(WRA.java:266)
	at com.objectdb.o.LDR.G(LDR.java:556)
	at com.objectdb.o.LDR.F(LDR.java:473)
	at com.objectdb.o.LDR.A(LDR.java:272)
	at com.objectdb.o.OBC.aO(OBC.java:1061)
	at com.objectdb.o.OBC.aM(OBC.java:979)
	at com.objectdb.jpa.EMImpl.find(EMImpl.java:599)
	at com.objectdb.jpa.EMImpl.find(EMImpl.java:519)
	at dataAccess.DataAccess.erabiltzaileaLortu(DataAccess.java:251)
	at businessLogic.BLFacadeImplementation.lortuErab(BLFacadeImplementation.java:126)
	at gui.Login$4.actionPerformed(Login.java:97)
	at javax.swing.AbstractButton.fireActionPerformed(Unknown Source)
	at javax.swing.AbstractButton$Handler.actionPerformed(Unknown Source)
	at javax.swing.DefaultButtonModel.fireActionPerformed(Unknown Source)
	at javax.swing.DefaultButtonModel.setPressed(Unknown Source)
	at javax.swing.plaf.basic.BasicButtonListener.mouseReleased(Unknown Source)
	at java.awt.Component.processMouseEvent(Unknown Source)
	at javax.swing.JComponent.processMouseEvent(Unknown Source)
	at java.awt.Component.processEvent(Unknown Source)
	at java.awt.Container.processEvent(Unknown Source)
	at java.awt.Component.dispatchEventImpl(Unknown Source)
	at java.awt.Container.dispatchEventImpl(Unknown Source)
	at java.awt.Component.dispatchEvent(Unknown Source)
	at java.awt.LightweightDispatcher.retargetMouseEvent(Unknown Source)
	at java.awt.LightweightDispatcher.processMouseEvent(Unknown Source)
	at java.awt.LightweightDispatcher.dispatchEvent(Unknown Source)
	at java.awt.Container.dispatchEventImpl(Unknown Source)
	at java.awt.Window.dispatchEventImpl(Unknown Source)
	at java.awt.Component.dispatchEvent(Unknown Source)
	at java.awt.EventQueue.dispatchEventImpl(Unknown Source)
	at java.awt.EventQueue.access$500(Unknown Source)
	at java.awt.EventQueue$3.run(Unknown Source)
	at java.awt.EventQueue$3.run(Unknown Source)
	at java.security.AccessController.doPrivileged(Native Method)
	at java.security.ProtectionDomain$JavaSecurityAccessImpl.doIntersectionPrivilege(Unknown Source)
	at java.security.ProtectionDomain$JavaSecurityAccessImpl.doIntersectionPrivilege(Unknown Source)
	at java.awt.EventQueue$4.run(Unknown Source)
	at java.awt.EventQueue$4.run(Unknown Source)
	at java.security.AccessController.doPrivileged(Native Method)
	at java.security.ProtectionDomain$JavaSecurityAccessImpl.doIntersectionPrivilege(Unknown Source)
	at java.awt.EventQueue.dispatchEvent(Unknown Source)
	at java.awt.EventDispatchThread.pumpOneEventForFilters(Unknown Source)
	at java.awt.EventDispatchThread.pumpEventsForFilter(Unknown Source)
	at java.awt.EventDispatchThread.pumpEventsForHierarchy(Unknown Source)
	at java.awt.EventDispatchThread.pumpEvents(Unknown Source)
	at java.awt.EventDispatchThread.pumpEvents(Unknown Source)
	at java.awt.EventDispatchThread.run(Unknown Source)

[2020-03-18 18:19:40 #12 load] 
Request set: {}

------------------------------------------------------------------------------------------------------------------------

[2020-03-18 18:20:29 #1 store] 
Database 'C:\Users\asier\eclipse-workspace\Bets2020-Master\src\main\resources\bets.temp' has been recovered (tr. 83-83)

[2020-03-18 18:20:29 #2 store] 
Database 'C:\Users\asier\eclipse-workspace\Bets2020-Master\src\main\resources\bets.temp' is opened by 20448@DESKTOP-UOETFC7

[2020-03-18 18:20:29 #3 type] 
Type domain.Question is not enhanced.

[2020-03-18 18:20:29 #4 type] 
Type domain.Event is not enhanced.

[2020-03-18 18:20:29 #5 type] 
Type domain.user is not enhanced.

[2020-03-18 18:20:29 #6 type] 
Type domain.Kuota is not enhanced.

[2020-03-18 18:20:29 #7 type] 
Type domain.Admin is not enhanced.

[2020-03-18 18:20:29 #8 type] 
Type domain.NormalUser is not enhanced.

------------------------------------------------------------------------------------------------------------------------

[2020-03-18 18:23:08 #1 store] 
Database 'C:\Users\asier\eclipse-workspace\Bets2020-Master\src\main\resources\bets.temp' is opened by 13860@DESKTOP-UOETFC7

[2020-03-18 18:23:08 #2 type] 
Type domain.Question is not enhanced.

[2020-03-18 18:23:08 #3 type] 
Type domain.Event is not enhanced.

[2020-03-18 18:23:08 #4 type] 
Type domain.user is not enhanced.

[2020-03-18 18:23:08 #5 type] 
Type domain.Kuota is not enhanced.

[2020-03-18 18:23:08 #6 type] 
Type domain.Admin is not enhanced.

[2020-03-18 18:23:08 #7 type] 
Type domain.NormalUser is not enhanced.

------------------------------------------------------------------------------------------------------------------------

[2020-03-18 18:25:19 #1 store] 
Database 'C:\Users\asier\eclipse-workspace\Bets2020-Master\src\main\resources\bets.temp' is opened by 19184@DESKTOP-UOETFC7

[2020-03-18 18:25:19 #2 type] 
Type domain.Question is not enhanced.

[2020-03-18 18:25:19 #3 type] 
Type domain.Event is not enhanced.

[2020-03-18 18:25:19 #4 type] 
Type domain.user is not enhanced.

[2020-03-18 18:25:19 #5 type] 
Type domain.Kuota is not enhanced.

[2020-03-18 18:25:19 #6 type] 
Type domain.Admin is not enhanced.

[2020-03-18 18:25:19 #7 type] 
Type domain.NormalUser is not enhanced.

------------------------------------------------------------------------------------------------------------------------

[2020-03-18 18:26:49 #1 store] 
Database 'C:\Users\asier\eclipse-workspace\Bets2020-Master\src\main\resources\bets.temp' is opened by 19964@DESKTOP-UOETFC7

[2020-03-18 18:26:50 #2 type] 
Type domain.Question is not enhanced.

[2020-03-18 18:26:50 #3 type] 
Type domain.Event is not enhanced.

[2020-03-18 18:26:50 #4 type] 
Type domain.user is not enhanced.

[2020-03-18 18:26:50 #5 type] 
Type domain.Kuota is not enhanced.

[2020-03-18 18:26:50 #6 type] 
Type domain.Admin is not enhanced.

[2020-03-18 18:26:50 #7 type] 
Type domain.NormalUser is not enhanced.

------------------------------------------------------------------------------------------------------------------------

[2020-03-18 18:38:26 #1 store] 
Database 'C:\Users\asier\eclipse-workspace\Bets2020-Master\src\main\resources\bets.temp' is opened by 5492@DESKTOP-UOETFC7

[2020-03-18 18:38:26 #2 type] 
Type domain.Question is not enhanced.

[2020-03-18 18:38:26 #3 type] 
Type domain.Event is not enhanced.

[2020-03-18 18:38:26 #4 type] 
Type domain.user is not enhanced.

[2020-03-18 18:38:26 #5 type] 
Type domain.Kuota is not enhanced.

[2020-03-18 18:38:26 #6 type] 
Type domain.Admin is not enhanced.

[2020-03-18 18:38:26 #7 type] 
Type domain.NormalUser is not enhanced.

------------------------------------------------------------------------------------------------------------------------

[2020-03-18 18:39:12 #1 store] 
Database 'C:\Users\asier\eclipse-workspace\Bets2020-Master\src\main\resources\bets.temp' is opened by 4360@DESKTOP-UOETFC7

[2020-03-18 18:39:12 #2 type] 
Type domain.Question is not enhanced.

[2020-03-18 18:39:12 #3 type] 
Type domain.Event is not enhanced.

[2020-03-18 18:39:12 #4 type] 
Type domain.user is not enhanced.

[2020-03-18 18:39:12 #5 type] 
Type domain.Kuota is not enhanced.

[2020-03-18 18:39:12 #6 type] 
Type domain.Admin is not enhanced.

[2020-03-18 18:39:12 #7 type] 
Type domain.NormalUser is not enhanced.

------------------------------------------------------------------------------------------------------------------------

[2020-03-18 18:42:15 #1 store] 
Database 'C:\Users\asier\eclipse-workspace\Bets2020-Master\src\main\resources\bets.temp' is opened by 9348@DESKTOP-UOETFC7

[2020-03-18 18:42:15 #2 type] 
Type domain.Question is not enhanced.

[2020-03-18 18:42:15 #3 type] 
Type domain.Event is not enhanced.

[2020-03-18 18:42:15 #4 type] 
Type domain.user is not enhanced.

[2020-03-18 18:42:15 #5 type] 
Type domain.Kuota is not enhanced.

[2020-03-18 18:42:15 #6 type] 
Type domain.Admin is not enhanced.

[2020-03-18 18:42:15 #7 type] 
Type domain.NormalUser is not enhanced.

------------------------------------------------------------------------------------------------------------------------

[2020-03-18 18:46:28 #1 store] 
Database 'C:\Users\asier\eclipse-workspace\Bets2020-Master\src\main\resources\bets.temp' is opened by 2752@DESKTOP-UOETFC7

[2020-03-18 18:46:29 #2 type] 
Type domain.Question is not enhanced.

[2020-03-18 18:46:29 #3 type] 
Type domain.Event is not enhanced.

[2020-03-18 18:46:29 #4 type] 
Type domain.user is not enhanced.

[2020-03-18 18:46:29 #5 type] 
Type domain.Kuota is not enhanced.

[2020-03-18 18:46:29 #6 type] 
Type domain.Admin is not enhanced.

[2020-03-18 18:46:29 #7 type] 
Type domain.NormalUser is not enhanced.

------------------------------------------------------------------------------------------------------------------------

[2020-03-18 18:47:52 #1 store] 
Database 'C:\Users\asier\eclipse-workspace\Bets2020-Master\src\main\resources\bets.temp' is opened by 18296@DESKTOP-UOETFC7

[2020-03-18 18:47:52 #2 type] 
Type domain.Question is not enhanced.

[2020-03-18 18:47:52 #3 type] 
Type domain.Event is not enhanced.

[2020-03-18 18:47:52 #4 type] 
Type domain.user is not enhanced.

[2020-03-18 18:47:52 #5 type] 
Type domain.Kuota is not enhanced.

[2020-03-18 18:47:52 #6 type] 
Type domain.Admin is not enhanced.

[2020-03-18 18:47:52 #7 type] 
Type domain.NormalUser is not enhanced.

------------------------------------------------------------------------------------------------------------------------

[2020-03-18 18:50:28 #1 store] 
Database 'C:\Users\asier\eclipse-workspace\Bets2020-Master\src\main\resources\bets.temp' is opened by 16084@DESKTOP-UOETFC7

[2020-03-18 18:50:28 #2 type] 
Type domain.Question is not enhanced.

[2020-03-18 18:50:28 #3 type] 
Type domain.Event is not enhanced.

[2020-03-18 18:50:28 #4 type] 
Type domain.user is not enhanced.

[2020-03-18 18:50:28 #5 type] 
Type domain.Kuota is not enhanced.

[2020-03-18 18:50:28 #6 type] 
Type domain.Admin is not enhanced.

[2020-03-18 18:50:28 #7 type] 
Type domain.NormalUser is not enhanced.

------------------------------------------------------------------------------------------------------------------------

[2020-03-18 18:51:37 #1 store] 
Database 'C:\Users\asier\eclipse-workspace\Bets2020-Master\src\main\resources\bets.temp' is opened by 7216@DESKTOP-UOETFC7

[2020-03-18 18:51:38 #2 type] 
Type domain.Question is not enhanced.

[2020-03-18 18:51:38 #3 type] 
Type domain.Event is not enhanced.

[2020-03-18 18:51:38 #4 type] 
Type domain.user is not enhanced.

[2020-03-18 18:51:38 #5 type] 
Type domain.Kuota is not enhanced.

[2020-03-18 18:51:38 #6 type] 
Type domain.Admin is not enhanced.

[2020-03-18 18:51:38 #7 type] 
Type domain.NormalUser is not enhanced.

------------------------------------------------------------------------------------------------------------------------

[2020-03-18 18:53:43 #1 store] 
Database 'C:\Users\asier\eclipse-workspace\Bets2020-Master\src\main\resources\bets.temp' is opened by 16544@DESKTOP-UOETFC7

[2020-03-18 18:53:43 #2 type] 
Type domain.Question is not enhanced.

[2020-03-18 18:53:43 #3 type] 
Type domain.Event is not enhanced.

[2020-03-18 18:53:43 #4 type] 
Type domain.user is not enhanced.

[2020-03-18 18:53:43 #5 type] 
Type domain.Kuota is not enhanced.

[2020-03-18 18:53:43 #6 type] 
Type domain.Admin is not enhanced.

[2020-03-18 18:53:43 #7 type] 
Type domain.NormalUser is not enhanced.

------------------------------------------------------------------------------------------------------------------------

[2020-03-18 18:56:08 #1 store] 
Database 'C:\Users\asier\eclipse-workspace\Bets2020-Master\src\main\resources\bets.temp' is opened by 2496@DESKTOP-UOETFC7

[2020-03-18 18:56:08 #2 type] 
Type domain.Question is not enhanced.

[2020-03-18 18:56:08 #3 type] 
Type domain.Event is not enhanced.

[2020-03-18 18:56:08 #4 type] 
Type domain.user is not enhanced.

[2020-03-18 18:56:08 #5 type] 
Type domain.Kuota is not enhanced.

[2020-03-18 18:56:08 #6 type] 
Type domain.Admin is not enhanced.

[2020-03-18 18:56:08 #7 type] 
Type domain.NormalUser is not enhanced.

------------------------------------------------------------------------------------------------------------------------

[2020-03-18 18:57:22 #1 store] 
Database 'C:\Users\asier\eclipse-workspace\Bets2020-Master\src\main\resources\bets.temp' is opened by 10688@DESKTOP-UOETFC7

[2020-03-18 18:57:22 #2 type] 
Type domain.Question is not enhanced.

[2020-03-18 18:57:22 #3 type] 
Type domain.Event is not enhanced.

[2020-03-18 18:57:22 #4 type] 
Type domain.user is not enhanced.

[2020-03-18 18:57:22 #5 type] 
Type domain.Kuota is not enhanced.

[2020-03-18 18:57:22 #6 type] 
Type domain.Admin is not enhanced.

[2020-03-18 18:57:22 #7 type] 
Type domain.NormalUser is not enhanced.

------------------------------------------------------------------------------------------------------------------------

[2020-03-18 18:58:06 #1 store] 
Database 'C:\Users\asier\eclipse-workspace\Bets2020-Master\src\main\resources\bets.temp' is opened by 18484@DESKTOP-UOETFC7

[2020-03-18 18:58:06 #2 type] 
Type domain.Question is not enhanced.

[2020-03-18 18:58:06 #3 type] 
Type domain.Event is not enhanced.

[2020-03-18 18:58:06 #4 type] 
Type domain.user is not enhanced.

[2020-03-18 18:58:06 #5 type] 
Type domain.Kuota is not enhanced.

[2020-03-18 18:58:06 #6 type] 
Type domain.Admin is not enhanced.

[2020-03-18 18:58:06 #7 type] 
Type domain.NormalUser is not enhanced.

------------------------------------------------------------------------------------------------------------------------

[2020-03-18 18:58:48 #1 store] 
Database 'C:\Users\asier\eclipse-workspace\Bets2020-Master\src\main\resources\bets.temp' is opened by 12844@DESKTOP-UOETFC7

[2020-03-18 18:58:48 #2 type] 
Type domain.Question is not enhanced.

[2020-03-18 18:58:48 #3 type] 
Type domain.Event is not enhanced.

[2020-03-18 18:58:48 #4 type] 
Type domain.user is not enhanced.

[2020-03-18 18:58:48 #5 type] 
Type domain.Kuota is not enhanced.

[2020-03-18 18:58:48 #6 type] 
Type domain.Admin is not enhanced.

[2020-03-18 18:58:48 #7 type] 
Type domain.NormalUser is not enhanced.

------------------------------------------------------------------------------------------------------------------------

[2020-03-18 19:00:11 #1 store] 
Database 'C:\Users\asier\eclipse-workspace\Bets2020-Master\src\main\resources\bets.temp' is opened by 13452@DESKTOP-UOETFC7

[2020-03-18 19:00:11 #2 type] 
Type domain.Question is not enhanced.

[2020-03-18 19:00:11 #3 type] 
Type domain.Event is not enhanced.

[2020-03-18 19:00:11 #4 type] 
Type domain.user is not enhanced.

[2020-03-18 19:00:11 #5 type] 
Type domain.Kuota is not enhanced.

[2020-03-18 19:00:11 #6 type] 
Type domain.Admin is not enhanced.

[2020-03-18 19:00:11 #7 type] 
Type domain.NormalUser is not enhanced.

------------------------------------------------------------------------------------------------------------------------

[2020-03-18 19:00:50 #1 store] 
Database 'C:\Users\asier\eclipse-workspace\Bets2020-Master\src\main\resources\bets.temp' is opened by 6172@DESKTOP-UOETFC7

[2020-03-18 19:00:50 #2 type] 
Type domain.Question is not enhanced.

[2020-03-18 19:00:50 #3 type] 
Type domain.Event is not enhanced.

[2020-03-18 19:00:50 #4 type] 
Type domain.user is not enhanced.

[2020-03-18 19:00:50 #5 type] 
Type domain.Kuota is not enhanced.

[2020-03-18 19:00:50 #6 type] 
Type domain.Admin is not enhanced.

[2020-03-18 19:00:50 #7 type] 
Type domain.NormalUser is not enhanced.

------------------------------------------------------------------------------------------------------------------------

[2020-03-18 19:01:22 #1 store] 
Database 'C:\Users\asier\eclipse-workspace\Bets2020-Master\src\main\resources\bets.temp' is opened by 8760@DESKTOP-UOETFC7

[2020-03-18 19:01:22 #2 type] 
Type domain.Question is not enhanced.

[2020-03-18 19:01:22 #3 type] 
Type domain.Event is not enhanced.

[2020-03-18 19:01:22 #4 type] 
Type domain.user is not enhanced.

[2020-03-18 19:01:22 #5 type] 
Type domain.Kuota is not enhanced.

[2020-03-18 19:01:22 #6 type] 
Type domain.Admin is not enhanced.

[2020-03-18 19:01:22 #7 type] 
Type domain.NormalUser is not enhanced.

