------------------------------------------------------------------------------------------------------------------------

[2020-05-06 14:32:11 #1 store] 
Database 'C:\Users\asier\git\2.Iterazioa\AsierFernjandez_2_Iterazioa\src\main\resources\bets.temp' is opened by 14152@DESKTOP-UOETFC7

[2020-05-06 14:32:12 #2 type] 
Type domain.Question is not enhanced.

[2020-05-06 14:32:12 #3 type] 
Type domain.Event is not enhanced.

[2020-05-06 14:32:12 #4 type] 
Type domain.user is not enhanced.

[2020-05-06 14:32:12 #5 type] 
Type domain.Kuota is not enhanced.

[2020-05-06 14:32:12 #6 type] 
Type domain.Admin is not enhanced.

[2020-05-06 14:32:12 #7 type] 
Type domain.NormalUser is not enhanced.

[2020-05-06 14:32:12 #8 type] 
Type domain.Apustua is not enhanced.

------------------------------------------------------------------------------------------------------------------------

[2020-05-06 16:20:21 #1 store] 
Database 'C:\Users\asier\git\2.Iterazioa\AsierFernjandez_2_Iterazioa\src\main\resources\bets.temp' is opened by 5912@DESKTOP-UOETFC7

[2020-05-06 16:20:22 #2 type] 
Type domain.Question is not enhanced.

[2020-05-06 16:20:22 #3 type] 
Type domain.Event is not enhanced.

[2020-05-06 16:20:22 #4 type] 
Type domain.user is not enhanced.

[2020-05-06 16:20:22 #5 type] 
Type domain.Kuota is not enhanced.

[2020-05-06 16:20:22 #6 type] 
Type domain.Admin is not enhanced.

[2020-05-06 16:20:22 #7 type] 
Type domain.NormalUser is not enhanced.

[2020-05-06 16:20:22 #8 type] 
Type domain.Apustua is not enhanced.

------------------------------------------------------------------------------------------------------------------------

[2020-05-06 16:27:27 #1 store] 
Database 'C:\Users\asier\git\2.Iterazioa\AsierFernjandez_2_Iterazioa\src\main\resources\bets.temp' is opened by 17008@DESKTOP-UOETFC7

[2020-05-06 16:27:27 #2 type] 
Type domain.Question is not enhanced.

[2020-05-06 16:27:27 #3 type] 
Type domain.Event is not enhanced.

[2020-05-06 16:27:27 #4 type] 
Type domain.user is not enhanced.

[2020-05-06 16:27:27 #5 type] 
Type domain.Kuota is not enhanced.

[2020-05-06 16:27:27 #6 type] 
Type domain.Admin is not enhanced.

[2020-05-06 16:27:27 #7 type] 
Type domain.NormalUser is not enhanced.

[2020-05-06 16:27:27 #8 type] 
Type domain.Apustua is not enhanced.

------------------------------------------------------------------------------------------------------------------------

[2020-05-06 16:39:31 #1 store] 
Database 'C:\Users\asier\git\2.Iterazioa\AsierFernjandez_2_Iterazioa\src\main\resources\bets.temp' is opened by 3592@DESKTOP-UOETFC7

[2020-05-06 16:39:31 #2 type] 
Type domain.Question is not enhanced.

[2020-05-06 16:39:31 #3 type] 
Type domain.Event is not enhanced.

[2020-05-06 16:39:31 #4 type] 
Type domain.user is not enhanced.

[2020-05-06 16:39:31 #5 type] 
Type domain.Kuota is not enhanced.

[2020-05-06 16:39:31 #6 type] 
Type domain.Admin is not enhanced.

[2020-05-06 16:39:31 #7 type] 
Type domain.NormalUser is not enhanced.

[2020-05-06 16:39:31 #8 type] 
Type domain.Apustua is not enhanced.

------------------------------------------------------------------------------------------------------------------------

[2020-05-06 18:17:24 #1 store] 
Database 'C:\Users\asier\git\2.Iterazioa\AsierFernjandez_2_Iterazioa\src\main\resources\bets.temp' is opened by 5404@DESKTOP-UOETFC7

[2020-05-06 18:17:24 #2 type] 
Type domain.Question is not enhanced.

[2020-05-06 18:17:24 #3 type] 
Type domain.Event is not enhanced.

[2020-05-06 18:17:24 #4 type] 
Type domain.user is not enhanced.

[2020-05-06 18:17:24 #5 type] 
Type domain.Kuota is not enhanced.

[2020-05-06 18:17:24 #6 type] 
Type domain.Admin is not enhanced.

[2020-05-06 18:17:24 #7 type] 
Type domain.NormalUser is not enhanced.

[2020-05-06 18:17:24 #8 type] 
Type domain.Apustua is not enhanced.

------------------------------------------------------------------------------------------------------------------------

[2020-05-06 18:25:52 #1 store] 
Database 'C:\Users\asier\git\2.Iterazioa\AsierFernjandez_2_Iterazioa\src\main\resources\bets.temp' is opened by 15504@DESKTOP-UOETFC7

[2020-05-06 18:25:52 #2 type] 
Type domain.Question is not enhanced.

[2020-05-06 18:25:52 #3 type] 
Type domain.Event is not enhanced.

[2020-05-06 18:25:52 #4 type] 
Type domain.user is not enhanced.

[2020-05-06 18:25:52 #5 type] 
Type domain.Kuota is not enhanced.

[2020-05-06 18:25:52 #6 type] 
Type domain.Admin is not enhanced.

[2020-05-06 18:25:52 #7 type] 
Type domain.NormalUser is not enhanced.

[2020-05-06 18:25:52 #8 type] 
Type domain.Apustua is not enhanced.

------------------------------------------------------------------------------------------------------------------------

[2020-05-06 18:30:43 #1 store] 
Database 'C:\Users\asier\git\2.Iterazioa\AsierFernjandez_2_Iterazioa\src\main\resources\bets.temp' is opened by 1488@DESKTOP-UOETFC7

[2020-05-06 18:30:43 #2 type] 
Type domain.Question is not enhanced.

[2020-05-06 18:30:43 #3 type] 
Type domain.Event is not enhanced.

[2020-05-06 18:30:43 #4 type] 
Type domain.user is not enhanced.

[2020-05-06 18:30:43 #5 type] 
Type domain.Kuota is not enhanced.

[2020-05-06 18:30:43 #6 type] 
Type domain.Admin is not enhanced.

[2020-05-06 18:30:43 #7 type] 
Type domain.NormalUser is not enhanced.

[2020-05-06 18:30:43 #8 type] 
Type domain.Apustua is not enhanced.

------------------------------------------------------------------------------------------------------------------------

[2020-05-06 18:31:20 #1 store] 
Database 'C:\Users\asier\git\2.Iterazioa\AsierFernjandez_2_Iterazioa\src\main\resources\bets.temp' is opened by 3300@DESKTOP-UOETFC7

[2020-05-06 18:31:20 #2 type] 
Type domain.Question is not enhanced.

[2020-05-06 18:31:20 #3 type] 
Type domain.Event is not enhanced.

[2020-05-06 18:31:20 #4 type] 
Type domain.user is not enhanced.

[2020-05-06 18:31:20 #5 type] 
Type domain.Kuota is not enhanced.

[2020-05-06 18:31:20 #6 type] 
Type domain.Admin is not enhanced.

[2020-05-06 18:31:20 #7 type] 
Type domain.NormalUser is not enhanced.

[2020-05-06 18:31:20 #8 type] 
Type domain.Apustua is not enhanced.

------------------------------------------------------------------------------------------------------------------------

[2020-05-06 18:39:42 #1 type.registry] 
New type domain.Question

[2020-05-06 18:39:42 #2 type] 
Type domain.Question is not enhanced.

[2020-05-06 18:39:42 #3 type.registry] 
New type domain.Event

[2020-05-06 18:39:42 #4 type.registry] 
New type domain.Kuota

[2020-05-06 18:39:42 #5 type.registry] 
New type java.util.ArrayList<domain.Kuota>

[2020-05-06 18:39:42 #6 type] 
Type domain.Event is not enhanced.

[2020-05-06 18:39:42 #7 type.registry] 
New type java.util.Vector<domain.Question>

[2020-05-06 18:39:42 #8 type] 
Type domain.Kuota is not enhanced.

[2020-05-06 18:39:42 #9 type.registry] 
New type java.util.ArrayList<java.lang.Object>

[2020-05-06 18:39:42 #10 type.registry] 
New type java.util.Vector<java.lang.Object>

------------------------------------------------------------------------------------------------------------------------

[2020-05-06 18:50:16 #1 store] 
Database 'C:\Users\asier\git\2.Iterazioa\AsierFernjandez_2_Iterazioa\src\main\resources\bets.temp' is opened by 15028@DESKTOP-UOETFC7

[2020-05-06 18:50:16 #2 type] 
Type domain.Question is not enhanced.

[2020-05-06 18:50:16 #3 type] 
Type domain.Event is not enhanced.

[2020-05-06 18:50:16 #4 type] 
Type domain.user is not enhanced.

[2020-05-06 18:50:16 #5 type] 
Type domain.Kuota is not enhanced.

[2020-05-06 18:50:16 #6 type] 
Type domain.Admin is not enhanced.

[2020-05-06 18:50:16 #7 type] 
Type domain.NormalUser is not enhanced.

[2020-05-06 18:50:16 #8 type] 
Type domain.Apustua is not enhanced.

------------------------------------------------------------------------------------------------------------------------

[2020-05-06 18:51:57 #1 store] 
Database 'C:\Users\asier\git\2.Iterazioa\AsierFernjandez_2_Iterazioa\src\main\resources\bets.temp' is opened by 13712@DESKTOP-UOETFC7

[2020-05-06 18:51:57 #2 type] 
Type domain.Question is not enhanced.

[2020-05-06 18:51:57 #3 type] 
Type domain.Event is not enhanced.

[2020-05-06 18:51:57 #4 type] 
Type domain.user is not enhanced.

[2020-05-06 18:51:57 #5 type] 
Type domain.Kuota is not enhanced.

[2020-05-06 18:51:57 #6 type] 
Type domain.Admin is not enhanced.

[2020-05-06 18:51:57 #7 type] 
Type domain.NormalUser is not enhanced.

[2020-05-06 18:51:57 #8 type] 
Type domain.Apustua is not enhanced.

------------------------------------------------------------------------------------------------------------------------

[2020-05-06 18:52:37 #1 store] 
Database 'C:\Users\asier\git\2.Iterazioa\AsierFernjandez_2_Iterazioa\src\main\resources\bets.temp' is opened by 14952@DESKTOP-UOETFC7

[2020-05-06 18:52:37 #2 type] 
Type domain.Question is not enhanced.

[2020-05-06 18:52:37 #3 type] 
Type domain.Event is not enhanced.

[2020-05-06 18:52:37 #4 type] 
Type domain.user is not enhanced.

[2020-05-06 18:52:37 #5 type] 
Type domain.Kuota is not enhanced.

[2020-05-06 18:52:37 #6 type] 
Type domain.Admin is not enhanced.

[2020-05-06 18:52:37 #7 type] 
Type domain.NormalUser is not enhanced.

[2020-05-06 18:52:37 #8 type] 
Type domain.Apustua is not enhanced.

------------------------------------------------------------------------------------------------------------------------

[2020-05-06 18:55:48 #1 store] 
Database 'C:\Users\asier\git\2.Iterazioa\AsierFernjandez_2_Iterazioa\src\main\resources\bets.temp' is opened by 10648@DESKTOP-UOETFC7

[2020-05-06 18:55:48 #2 type] 
Type domain.Question is not enhanced.

[2020-05-06 18:55:48 #3 type] 
Type domain.Event is not enhanced.

[2020-05-06 18:55:48 #4 type] 
Type domain.user is not enhanced.

[2020-05-06 18:55:48 #5 type] 
Type domain.Kuota is not enhanced.

[2020-05-06 18:55:48 #6 type] 
Type domain.Admin is not enhanced.

[2020-05-06 18:55:48 #7 type] 
Type domain.NormalUser is not enhanced.

[2020-05-06 18:55:48 #8 type] 
Type domain.Apustua is not enhanced.

------------------------------------------------------------------------------------------------------------------------

[2020-05-06 19:08:17 #1 store] 
Database 'C:\Users\asier\git\2.Iterazioa\AsierFernjandez_2_Iterazioa\src\main\resources\bets.temp' is opened by 7920@DESKTOP-UOETFC7

[2020-05-06 19:08:17 #2 type] 
Type domain.Question is not enhanced.

[2020-05-06 19:08:17 #3 type] 
Type domain.Event is not enhanced.

[2020-05-06 19:08:17 #4 type] 
Type domain.user is not enhanced.

[2020-05-06 19:08:17 #5 type] 
Type domain.Kuota is not enhanced.

[2020-05-06 19:08:17 #6 type] 
Type domain.Admin is not enhanced.

[2020-05-06 19:08:17 #7 type] 
Type domain.NormalUser is not enhanced.

[2020-05-06 19:08:17 #8 type] 
Type domain.Apustua is not enhanced.

------------------------------------------------------------------------------------------------------------------------

[2020-05-06 19:10:43 #1 store] 
Database 'C:\Users\asier\git\2.Iterazioa\AsierFernjandez_2_Iterazioa\src\main\resources\bets.temp' is opened by 5168@DESKTOP-UOETFC7

[2020-05-06 19:10:43 #2 type] 
Type domain.Question is not enhanced.

[2020-05-06 19:10:43 #3 type] 
Type domain.Event is not enhanced.

[2020-05-06 19:10:43 #4 type] 
Type domain.user is not enhanced.

[2020-05-06 19:10:43 #5 type] 
Type domain.Kuota is not enhanced.

[2020-05-06 19:10:43 #6 type] 
Type domain.Admin is not enhanced.

[2020-05-06 19:10:43 #7 type] 
Type domain.NormalUser is not enhanced.

[2020-05-06 19:10:43 #8 type] 
Type domain.Apustua is not enhanced.

------------------------------------------------------------------------------------------------------------------------

[2020-05-06 19:12:16 #1 store] 
Database 'C:\Users\asier\git\2.Iterazioa\AsierFernjandez_2_Iterazioa\src\main\resources\bets.temp' has been recovered (tr. 795-796)

[2020-05-06 19:12:16 #2 store] 
Database 'C:\Users\asier\git\2.Iterazioa\AsierFernjandez_2_Iterazioa\src\main\resources\bets.temp' is opened by 6424@DESKTOP-UOETFC7

[2020-05-06 19:12:16 #3 type] 
Type domain.Question is not enhanced.

[2020-05-06 19:12:16 #4 type] 
Type domain.Event is not enhanced.

[2020-05-06 19:12:16 #5 type] 
Type domain.user is not enhanced.

[2020-05-06 19:12:16 #6 type] 
Type domain.Kuota is not enhanced.

[2020-05-06 19:12:16 #7 type] 
Type domain.Admin is not enhanced.

[2020-05-06 19:12:16 #8 type] 
Type domain.NormalUser is not enhanced.

[2020-05-06 19:12:16 #9 type] 
Type domain.Apustua is not enhanced.

------------------------------------------------------------------------------------------------------------------------

[2020-05-06 19:16:13 #1 store] 
Database 'C:\Users\asier\git\2.Iterazioa\AsierFernjandez_2_Iterazioa\src\main\resources\bets.temp' has been recovered (tr. 797-797)

[2020-05-06 19:16:13 #2 store] 
Database 'C:\Users\asier\git\2.Iterazioa\AsierFernjandez_2_Iterazioa\src\main\resources\bets.temp' is opened by 268@DESKTOP-UOETFC7

[2020-05-06 19:16:13 #3 type] 
Type domain.Question is not enhanced.

[2020-05-06 19:16:13 #4 type] 
Type domain.Event is not enhanced.

[2020-05-06 19:16:13 #5 type] 
Type domain.user is not enhanced.

[2020-05-06 19:16:13 #6 type] 
Type domain.Kuota is not enhanced.

[2020-05-06 19:16:13 #7 type] 
Type domain.Admin is not enhanced.

[2020-05-06 19:16:13 #8 type] 
Type domain.NormalUser is not enhanced.

[2020-05-06 19:16:13 #9 type] 
Type domain.Apustua is not enhanced.

------------------------------------------------------------------------------------------------------------------------

[2020-05-06 19:31:51 #1 store] 
Database 'C:\Users\asier\git\2.Iterazioa\AsierFernjandez_2_Iterazioa\src\main\resources\bets.temp' has been recovered (tr. 798-802)

[2020-05-06 19:31:52 #2 store] 
Database 'C:\Users\asier\git\2.Iterazioa\AsierFernjandez_2_Iterazioa\src\main\resources\bets.temp' is opened by 13256@DESKTOP-UOETFC7

[2020-05-06 19:31:52 #3 type] 
Type domain.Question is not enhanced.

[2020-05-06 19:31:52 #4 type] 
Type domain.Event is not enhanced.

[2020-05-06 19:31:52 #5 type] 
Type domain.user is not enhanced.

[2020-05-06 19:31:52 #6 type] 
Type domain.Kuota is not enhanced.

[2020-05-06 19:31:52 #7 type] 
Type domain.Admin is not enhanced.

[2020-05-06 19:31:52 #8 type] 
Type domain.NormalUser is not enhanced.

[2020-05-06 19:31:52 #9 type] 
Type domain.Apustua is not enhanced.

------------------------------------------------------------------------------------------------------------------------

[2020-05-06 19:34:26 #1 store] 
Database 'C:\Users\asier\git\2.Iterazioa\AsierFernjandez_2_Iterazioa\src\main\resources\bets.temp' is opened by 7256@DESKTOP-UOETFC7

[2020-05-06 19:34:26 #2 type] 
Type domain.Question is not enhanced.

[2020-05-06 19:34:26 #3 type] 
Type domain.Event is not enhanced.

[2020-05-06 19:34:26 #4 type] 
Type domain.user is not enhanced.

[2020-05-06 19:34:26 #5 type] 
Type domain.Kuota is not enhanced.

[2020-05-06 19:34:26 #6 type] 
Type domain.Admin is not enhanced.

[2020-05-06 19:34:26 #7 type] 
Type domain.NormalUser is not enhanced.

[2020-05-06 19:34:26 #8 type] 
Type domain.Apustua is not enhanced.

------------------------------------------------------------------------------------------------------------------------

[2020-05-06 19:42:49 #1 store] 
Database 'C:\Users\asier\git\2.Iterazioa\AsierFernjandez_2_Iterazioa\src\main\resources\bets.temp' is opened by 4400@DESKTOP-UOETFC7

[2020-05-06 19:42:49 #2 type] 
Type domain.Question is not enhanced.

[2020-05-06 19:42:49 #3 type] 
Type domain.Event is not enhanced.

[2020-05-06 19:42:49 #4 type] 
Type domain.user is not enhanced.

[2020-05-06 19:42:49 #5 type] 
Type domain.Kuota is not enhanced.

[2020-05-06 19:42:49 #6 type] 
Type domain.Admin is not enhanced.

[2020-05-06 19:42:49 #7 type] 
Type domain.NormalUser is not enhanced.

[2020-05-06 19:42:49 #8 type] 
Type domain.Apustua is not enhanced.

------------------------------------------------------------------------------------------------------------------------

[2020-05-06 19:53:02 #1 store] 
Database 'C:\Users\asier\git\2.Iterazioa\AsierFernjandez_2_Iterazioa\src\main\resources\bets.temp' is opened by 15108@DESKTOP-UOETFC7

[2020-05-06 19:53:02 #2 type] 
Type domain.Question is not enhanced.

[2020-05-06 19:53:02 #3 type] 
Type domain.Event is not enhanced.

[2020-05-06 19:53:02 #4 type] 
Type domain.user is not enhanced.

[2020-05-06 19:53:02 #5 type] 
Type domain.Kuota is not enhanced.

[2020-05-06 19:53:02 #6 type] 
Type domain.Admin is not enhanced.

[2020-05-06 19:53:02 #7 type] 
Type domain.NormalUser is not enhanced.

[2020-05-06 19:53:02 #8 type] 
Type domain.Apustua is not enhanced.

------------------------------------------------------------------------------------------------------------------------

[2020-05-06 19:55:28 #1 store] 
Database 'C:\Users\asier\git\2.Iterazioa\AsierFernjandez_2_Iterazioa\src\main\resources\bets.temp' is opened by 17152@DESKTOP-UOETFC7

[2020-05-06 19:55:28 #2 type] 
Type domain.Question is not enhanced.

[2020-05-06 19:55:28 #3 type] 
Type domain.Event is not enhanced.

[2020-05-06 19:55:28 #4 type] 
Type domain.user is not enhanced.

[2020-05-06 19:55:28 #5 type] 
Type domain.Kuota is not enhanced.

[2020-05-06 19:55:28 #6 type] 
Type domain.Admin is not enhanced.

[2020-05-06 19:55:28 #7 type] 
Type domain.NormalUser is not enhanced.

[2020-05-06 19:55:28 #8 type] 
Type domain.Apustua is not enhanced.

------------------------------------------------------------------------------------------------------------------------

[2020-05-06 20:40:40 #1 store] 
Database 'C:\Users\asier\git\2.Iterazioa\AsierFernjandez_2_Iterazioa\src\main\resources\bets.temp' is opened by 14132@DESKTOP-UOETFC7

[2020-05-06 20:40:40 #2 type] 
Type domain.Question is not enhanced.

[2020-05-06 20:40:40 #3 type] 
Type domain.Event is not enhanced.

[2020-05-06 20:40:40 #4 type] 
Type domain.user is not enhanced.

[2020-05-06 20:40:40 #5 type] 
Type domain.Kuota is not enhanced.

[2020-05-06 20:40:40 #6 type] 
Type domain.Admin is not enhanced.

[2020-05-06 20:40:40 #7 type] 
Type domain.NormalUser is not enhanced.

[2020-05-06 20:40:40 #8 type] 
Type domain.Apustua is not enhanced.

