------------------------------------------------------------------------------------------------------------------------

[2020-05-10 14:20:11 #1 store] 
Database 'C:\Users\asier\git\2.Iterazioa\AsierFernjandez_2_Iterazioa\src\main\resources\bets.temp' is opened by 9904@DESKTOP-UOETFC7

[2020-05-10 14:20:12 #2 type] 
Type domain.Question is not enhanced.

[2020-05-10 14:20:12 #3 type] 
Type domain.Event is not enhanced.

[2020-05-10 14:20:12 #4 type] 
Type domain.user is not enhanced.

[2020-05-10 14:20:12 #5 type] 
Type domain.Kuota is not enhanced.

[2020-05-10 14:20:12 #6 type] 
Type domain.Admin is not enhanced.

[2020-05-10 14:20:12 #7 type] 
Type domain.NormalUser is not enhanced.

[2020-05-10 14:20:12 #8 type] 
Type domain.Apustua is not enhanced.

------------------------------------------------------------------------------------------------------------------------

[2020-05-10 16:41:19 #1 store] 
Database 'C:\Users\asier\git\2.Iterazioa\AsierFernjandez_2_Iterazioa\src\main\resources\bets.temp' is opened by 6932@DESKTOP-UOETFC7

[2020-05-10 16:41:19 #2 type] 
Type domain.Question is not enhanced.

[2020-05-10 16:41:19 #3 type] 
Type domain.Event is not enhanced.

[2020-05-10 16:41:19 #4 type] 
Type domain.user is not enhanced.

[2020-05-10 16:41:19 #5 type] 
Type domain.Kuota is not enhanced.

[2020-05-10 16:41:19 #6 type] 
Type domain.Admin is not enhanced.

[2020-05-10 16:41:19 #7 type] 
Type domain.NormalUser is not enhanced.

[2020-05-10 16:41:19 #8 type] 
Type domain.Apustua is not enhanced.

------------------------------------------------------------------------------------------------------------------------

[2020-05-10 18:11:38 #1 store] 
Database 'C:\Users\asier\git\2.Iterazioa\AsierFernjandez_2_Iterazioa\src\main\resources\bets.temp' has been recovered (tr. 808-810)

[2020-05-10 18:11:38 #2 store] 
Database 'C:\Users\asier\git\2.Iterazioa\AsierFernjandez_2_Iterazioa\src\main\resources\bets.temp' is opened by 14416@DESKTOP-UOETFC7

[2020-05-10 18:11:38 #3 type] 
Type domain.Question is not enhanced.

[2020-05-10 18:11:38 #4 type] 
Type domain.Event is not enhanced.

[2020-05-10 18:11:38 #5 type] 
Type domain.user is not enhanced.

[2020-05-10 18:11:38 #6 type] 
Type domain.Kuota is not enhanced.

[2020-05-10 18:11:38 #7 type] 
Type domain.Admin is not enhanced.

[2020-05-10 18:11:38 #8 type] 
Type domain.NormalUser is not enhanced.

[2020-05-10 18:11:38 #9 type] 
Type domain.Apustua is not enhanced.

------------------------------------------------------------------------------------------------------------------------

[2020-05-10 19:02:05 #1 type] 
Type domain.Question is not enhanced.

[2020-05-10 19:02:05 #2 type] 
Type domain.Event is not enhanced.

[2020-05-10 19:02:05 #3 type] 
Type domain.user is not enhanced.

[2020-05-10 19:02:05 #4 type] 
Type domain.Kuota is not enhanced.

[2020-05-10 19:02:05 #5 type] 
Type domain.Admin is not enhanced.

[2020-05-10 19:02:05 #6 type] 
Type domain.NormalUser is not enhanced.

[2020-05-10 19:02:05 #7 type] 
Type domain.Apustua is not enhanced.

------------------------------------------------------------------------------------------------------------------------

[2020-05-10 19:04:53 #1 type] 
Type domain.Question is not enhanced.

[2020-05-10 19:04:53 #2 type] 
Type domain.Event is not enhanced.

[2020-05-10 19:04:53 #3 type] 
Type domain.user is not enhanced.

[2020-05-10 19:04:53 #4 type] 
Type domain.Kuota is not enhanced.

[2020-05-10 19:04:53 #5 type] 
Type domain.Admin is not enhanced.

[2020-05-10 19:04:53 #6 type] 
Type domain.NormalUser is not enhanced.

[2020-05-10 19:04:53 #7 type] 
Type domain.Apustua is not enhanced.

------------------------------------------------------------------------------------------------------------------------

[2020-05-10 19:06:46 #1 type] 
Type domain.Question is not enhanced.

[2020-05-10 19:06:46 #2 type] 
Type domain.Event is not enhanced.

[2020-05-10 19:06:46 #3 type] 
Type domain.user is not enhanced.

[2020-05-10 19:06:46 #4 type] 
Type domain.Kuota is not enhanced.

[2020-05-10 19:06:46 #5 type] 
Type domain.Admin is not enhanced.

[2020-05-10 19:06:46 #6 type] 
Type domain.NormalUser is not enhanced.

[2020-05-10 19:06:46 #7 type] 
Type domain.Apustua is not enhanced.

------------------------------------------------------------------------------------------------------------------------

[2020-05-10 19:10:30 #1 type] 
Type domain.Question is not enhanced.

[2020-05-10 19:10:30 #2 type] 
Type domain.Event is not enhanced.

[2020-05-10 19:10:30 #3 type] 
Type domain.user is not enhanced.

[2020-05-10 19:10:30 #4 type] 
Type domain.Kuota is not enhanced.

[2020-05-10 19:10:30 #5 type] 
Type domain.Admin is not enhanced.

[2020-05-10 19:10:30 #6 type] 
Type domain.NormalUser is not enhanced.

[2020-05-10 19:10:30 #7 type] 
Type domain.Apustua is not enhanced.

------------------------------------------------------------------------------------------------------------------------

[2020-05-10 19:19:20 #1 type] 
Type domain.Question is not enhanced.

[2020-05-10 19:19:20 #2 type] 
Type domain.Event is not enhanced.

[2020-05-10 19:19:20 #3 type] 
Type domain.user is not enhanced.

[2020-05-10 19:19:20 #4 type] 
Type domain.Kuota is not enhanced.

[2020-05-10 19:19:20 #5 type] 
Type domain.Admin is not enhanced.

[2020-05-10 19:19:20 #6 type] 
Type domain.NormalUser is not enhanced.

[2020-05-10 19:19:20 #7 type] 
Type domain.Apustua is not enhanced.

------------------------------------------------------------------------------------------------------------------------

[2020-05-10 19:24:33 #1 type] 
Type domain.Question is not enhanced.

[2020-05-10 19:24:33 #2 type] 
Type domain.Event is not enhanced.

[2020-05-10 19:24:33 #3 type] 
Type domain.user is not enhanced.

[2020-05-10 19:24:33 #4 type] 
Type domain.Kuota is not enhanced.

[2020-05-10 19:24:33 #5 type] 
Type domain.Admin is not enhanced.

[2020-05-10 19:24:33 #6 type] 
Type domain.NormalUser is not enhanced.

[2020-05-10 19:24:33 #7 type] 
Type domain.Apustua is not enhanced.

------------------------------------------------------------------------------------------------------------------------

[2020-05-10 19:28:15 #1 store] 
Database 'C:\Users\asier\git\2.Iterazioa\AsierFernjandez_2_Iterazioa\src\main\resources\bets.temp' is opened by 6896@DESKTOP-UOETFC7

[2020-05-10 19:28:15 #2 type] 
Type domain.Question is not enhanced.

[2020-05-10 19:28:15 #3 type] 
Type domain.Event is not enhanced.

[2020-05-10 19:28:15 #4 type] 
Type domain.user is not enhanced.

[2020-05-10 19:28:15 #5 type] 
Type domain.Kuota is not enhanced.

[2020-05-10 19:28:15 #6 type] 
Type domain.Admin is not enhanced.

[2020-05-10 19:28:15 #7 type] 
Type domain.NormalUser is not enhanced.

[2020-05-10 19:28:15 #8 type] 
Type domain.Apustua is not enhanced.

------------------------------------------------------------------------------------------------------------------------

[2020-05-10 19:30:20 #1 store] 
Database 'C:\Users\asier\git\2.Iterazioa\AsierFernjandez_2_Iterazioa\src\main\resources\bets.temp' is opened by 11960@DESKTOP-UOETFC7

[2020-05-10 19:30:20 #2 type] 
Type domain.Question is not enhanced.

[2020-05-10 19:30:20 #3 type] 
Type domain.Event is not enhanced.

[2020-05-10 19:30:20 #4 type] 
Type domain.user is not enhanced.

[2020-05-10 19:30:20 #5 type] 
Type domain.Kuota is not enhanced.

[2020-05-10 19:30:20 #6 type] 
Type domain.Admin is not enhanced.

[2020-05-10 19:30:20 #7 type] 
Type domain.NormalUser is not enhanced.

[2020-05-10 19:30:20 #8 type] 
Type domain.Apustua is not enhanced.

------------------------------------------------------------------------------------------------------------------------

[2020-05-10 19:37:27 #1 store] 
Database 'C:\Users\asier\git\2.Iterazioa\AsierFernjandez_2_Iterazioa\src\main\resources\bets.temp' is opened by 16976@DESKTOP-UOETFC7

[2020-05-10 19:37:28 #2 type] 
Type domain.Question is not enhanced.

[2020-05-10 19:37:28 #3 type] 
Type domain.Event is not enhanced.

[2020-05-10 19:37:28 #4 type] 
Type domain.user is not enhanced.

[2020-05-10 19:37:28 #5 type] 
Type domain.Kuota is not enhanced.

[2020-05-10 19:37:28 #6 type] 
Type domain.Admin is not enhanced.

[2020-05-10 19:37:28 #7 type] 
Type domain.NormalUser is not enhanced.

[2020-05-10 19:37:28 #8 type] 
Type domain.Apustua is not enhanced.

------------------------------------------------------------------------------------------------------------------------

[2020-05-10 20:17:41 #1 store] 
Database 'C:\Users\asier\eclipse-workspace\3.iterazioa\src\main\resources\bets.temp' is opened by 12280@DESKTOP-UOETFC7

[2020-05-10 20:17:41 #2 type] 
Type domain.Question is not enhanced.

[2020-05-10 20:17:41 #3 type] 
Type domain.Event is not enhanced.

[2020-05-10 20:17:41 #4 type] 
Type domain.user is not enhanced.

[2020-05-10 20:17:41 #5 type] 
Type domain.Kuota is not enhanced.

[2020-05-10 20:17:41 #6 type] 
Type domain.Admin is not enhanced.

[2020-05-10 20:17:41 #7 type] 
Type domain.NormalUser is not enhanced.

[2020-05-10 20:17:41 #8 type] 
Type domain.Apustua is not enhanced.

