------------------------------------------------------------------------------------------------------------------------

[2020-03-19 13:56:21 #1 store] 
Database 'C:\Users\asier\eclipse-workspace\Bets2020-Master\src\main\resources\bets.temp' is opened by 20296@DESKTOP-UOETFC7

[2020-03-19 13:56:22 #2 type] 
Type domain.Question is not enhanced.

[2020-03-19 13:56:22 #3 type] 
Type domain.Event is not enhanced.

[2020-03-19 13:56:22 #4 type] 
Type domain.user is not enhanced.

[2020-03-19 13:56:22 #5 type] 
Type domain.Kuota is not enhanced.

[2020-03-19 13:56:22 #6 type] 
Type domain.Admin is not enhanced.

[2020-03-19 13:56:22 #7 type] 
Type domain.NormalUser is not enhanced.

------------------------------------------------------------------------------------------------------------------------

[2020-03-19 13:56:55 #1 store] 
Database 'C:\Users\asier\eclipse-workspace\Bets2020-Master\src\main\resources\bets.temp' is opened by 13164@DESKTOP-UOETFC7

[2020-03-19 13:56:55 #2 type] 
Type domain.Question is not enhanced.

[2020-03-19 13:56:55 #3 type] 
Type domain.Event is not enhanced.

[2020-03-19 13:56:55 #4 type] 
Type domain.user is not enhanced.

[2020-03-19 13:56:55 #5 type] 
Type domain.Kuota is not enhanced.

[2020-03-19 13:56:55 #6 type] 
Type domain.Admin is not enhanced.

[2020-03-19 13:56:55 #7 type] 
Type domain.NormalUser is not enhanced.

------------------------------------------------------------------------------------------------------------------------

[2020-03-19 13:57:43 #1 store] 
Database 'C:\Users\asier\eclipse-workspace\Bets2020-Master\src\main\resources\bets.temp' is opened by 12496@DESKTOP-UOETFC7

[2020-03-19 13:57:43 #2 type] 
Type domain.Question is not enhanced.

[2020-03-19 13:57:43 #3 type] 
Type domain.Event is not enhanced.

[2020-03-19 13:57:43 #4 type] 
Type domain.user is not enhanced.

[2020-03-19 13:57:43 #5 type] 
Type domain.Kuota is not enhanced.

[2020-03-19 13:57:43 #6 type] 
Type domain.Admin is not enhanced.

[2020-03-19 13:57:43 #7 type] 
Type domain.NormalUser is not enhanced.

------------------------------------------------------------------------------------------------------------------------

[2020-03-19 13:58:22 #1 store] 
Database 'C:\Users\asier\eclipse-workspace\Bets2020-Master\src\main\resources\bets.temp' is opened by 7932@DESKTOP-UOETFC7

[2020-03-19 13:58:22 #2 type] 
Type domain.Question is not enhanced.

[2020-03-19 13:58:22 #3 type] 
Type domain.Event is not enhanced.

[2020-03-19 13:58:22 #4 type] 
Type domain.user is not enhanced.

[2020-03-19 13:58:22 #5 type] 
Type domain.Kuota is not enhanced.

[2020-03-19 13:58:22 #6 type] 
Type domain.Admin is not enhanced.

[2020-03-19 13:58:22 #7 type] 
Type domain.NormalUser is not enhanced.

------------------------------------------------------------------------------------------------------------------------

[2020-03-19 13:58:52 #1 store] 
Database 'C:\Users\asier\eclipse-workspace\Bets2020-Master\src\main\resources\bets.temp' is opened by 14088@DESKTOP-UOETFC7

[2020-03-19 13:58:53 #2 type] 
Type domain.Question is not enhanced.

[2020-03-19 13:58:53 #3 type] 
Type domain.Event is not enhanced.

[2020-03-19 13:58:53 #4 type] 
Type domain.user is not enhanced.

[2020-03-19 13:58:53 #5 type] 
Type domain.Kuota is not enhanced.

[2020-03-19 13:58:53 #6 type] 
Type domain.Admin is not enhanced.

[2020-03-19 13:58:53 #7 type] 
Type domain.NormalUser is not enhanced.

------------------------------------------------------------------------------------------------------------------------

[2020-03-19 13:59:22 #1 store] 
Database 'C:\Users\asier\eclipse-workspace\Bets2020-Master\src\main\resources\bets.temp' is opened by 19500@DESKTOP-UOETFC7

[2020-03-19 13:59:22 #2 type] 
Type domain.Question is not enhanced.

[2020-03-19 13:59:22 #3 type] 
Type domain.Event is not enhanced.

[2020-03-19 13:59:22 #4 type] 
Type domain.user is not enhanced.

[2020-03-19 13:59:22 #5 type] 
Type domain.Kuota is not enhanced.

[2020-03-19 13:59:22 #6 type] 
Type domain.Admin is not enhanced.

[2020-03-19 13:59:22 #7 type] 
Type domain.NormalUser is not enhanced.

