------------------------------------------------------------------------------------------------------------------------

[2020-04-24 17:15:37 #1 store] 
Database 'C:\Users\asier\git\2.Iterazioa\AsierFernjandez_2_Iterazioa\src\main\resources\bets.temp' is opened by 8416@DESKTOP-UOETFC7

[2020-04-24 17:15:37 #2 type] 
Type domain.Question is not enhanced.

[2020-04-24 17:15:37 #3 type] 
Type domain.Event is not enhanced.

[2020-04-24 17:15:37 #4 type] 
Type domain.user is not enhanced.

[2020-04-24 17:15:37 #5 type] 
Type domain.Kuota is not enhanced.

[2020-04-24 17:15:37 #6 type] 
Type domain.Admin is not enhanced.

[2020-04-24 17:15:37 #7 type] 
Type domain.NormalUser is not enhanced.

[2020-04-24 17:15:37 #8 type] 
Type domain.Apustua is not enhanced.

------------------------------------------------------------------------------------------------------------------------

[2020-04-24 17:39:33 #1 store] 
Database 'C:\Users\asier\git\2.Iterazioa\AsierFernjandez_2_Iterazioa\src\main\resources\bets.temp' is opened by 17024@DESKTOP-UOETFC7

[2020-04-24 17:39:34 #2 type] 
Type domain.Question is not enhanced.

[2020-04-24 17:39:34 #3 type] 
Type domain.Event is not enhanced.

[2020-04-24 17:39:34 #4 type] 
Type domain.user is not enhanced.

[2020-04-24 17:39:34 #5 type] 
Type domain.Kuota is not enhanced.

[2020-04-24 17:39:34 #6 type] 
Type domain.Admin is not enhanced.

[2020-04-24 17:39:34 #7 type] 
Type domain.NormalUser is not enhanced.

[2020-04-24 17:39:34 #8 type] 
Type domain.Apustua is not enhanced.

------------------------------------------------------------------------------------------------------------------------

[2020-04-24 17:42:36 #1 store] 
Database 'C:\Users\asier\git\2.Iterazioa\AsierFernjandez_2_Iterazioa\src\main\resources\bets.temp' is opened by 17804@DESKTOP-UOETFC7

[2020-04-24 17:42:36 #2 type] 
Type domain.Question is not enhanced.

[2020-04-24 17:42:36 #3 type] 
Type domain.Event is not enhanced.

[2020-04-24 17:42:36 #4 type] 
Type domain.user is not enhanced.

[2020-04-24 17:42:36 #5 type] 
Type domain.Kuota is not enhanced.

[2020-04-24 17:42:36 #6 type] 
Type domain.Admin is not enhanced.

[2020-04-24 17:42:36 #7 type] 
Type domain.NormalUser is not enhanced.

[2020-04-24 17:42:36 #8 type] 
Type domain.Apustua is not enhanced.

------------------------------------------------------------------------------------------------------------------------

[2020-04-24 17:55:19 #1 store] 
Database 'C:\Users\asier\git\2.Iterazioa\AsierFernjandez_2_Iterazioa\src\main\resources\bets.temp' has been recovered (tr. 606-607)

[2020-04-24 17:55:19 #2 store] 
Database 'C:\Users\asier\git\2.Iterazioa\AsierFernjandez_2_Iterazioa\src\main\resources\bets.temp' is opened by 19192@DESKTOP-UOETFC7

[2020-04-24 17:55:19 #3 type] 
Type domain.Question is not enhanced.

[2020-04-24 17:55:19 #4 type] 
Type domain.Event is not enhanced.

[2020-04-24 17:55:19 #5 type] 
Type domain.user is not enhanced.

[2020-04-24 17:55:19 #6 type] 
Type domain.Kuota is not enhanced.

[2020-04-24 17:55:19 #7 type] 
Type domain.Admin is not enhanced.

[2020-04-24 17:55:19 #8 type] 
Type domain.NormalUser is not enhanced.

[2020-04-24 17:55:19 #9 type] 
Type domain.Apustua is not enhanced.

------------------------------------------------------------------------------------------------------------------------

[2020-04-24 18:00:06 #1 store] 
Database 'C:\Users\asier\git\2.Iterazioa\AsierFernjandez_2_Iterazioa\src\main\resources\bets.temp' has been recovered (tr. 608-612)

[2020-04-24 18:00:06 #2 store] 
Database 'C:\Users\asier\git\2.Iterazioa\AsierFernjandez_2_Iterazioa\src\main\resources\bets.temp' is opened by 1388@DESKTOP-UOETFC7

[2020-04-24 18:00:06 #3 type] 
Type domain.Question is not enhanced.

[2020-04-24 18:00:06 #4 type] 
Type domain.Event is not enhanced.

[2020-04-24 18:00:06 #5 type] 
Type domain.user is not enhanced.

[2020-04-24 18:00:06 #6 type] 
Type domain.Kuota is not enhanced.

[2020-04-24 18:00:06 #7 type] 
Type domain.Admin is not enhanced.

[2020-04-24 18:00:06 #8 type] 
Type domain.NormalUser is not enhanced.

[2020-04-24 18:00:06 #9 type] 
Type domain.Apustua is not enhanced.

------------------------------------------------------------------------------------------------------------------------

[2020-04-24 18:29:20 #1 store] 
Database 'C:\Users\asier\git\2.Iterazioa\AsierFernjandez_2_Iterazioa\src\main\resources\bets.temp' has been recovered (tr. 613-628)

[2020-04-24 18:29:20 #2 store] 
Database 'C:\Users\asier\git\2.Iterazioa\AsierFernjandez_2_Iterazioa\src\main\resources\bets.temp' is opened by 6640@DESKTOP-UOETFC7

[2020-04-24 18:29:20 #3 type] 
Type domain.Question is not enhanced.

[2020-04-24 18:29:20 #4 type] 
Type domain.Event is not enhanced.

[2020-04-24 18:29:20 #5 type] 
Type domain.user is not enhanced.

[2020-04-24 18:29:20 #6 type] 
Type domain.Kuota is not enhanced.

[2020-04-24 18:29:20 #7 type] 
Type domain.Admin is not enhanced.

[2020-04-24 18:29:20 #8 type] 
Type domain.NormalUser is not enhanced.

[2020-04-24 18:29:20 #9 type] 
Type domain.Apustua is not enhanced.

------------------------------------------------------------------------------------------------------------------------

[2020-04-24 18:32:29 #1 store] 
Database 'C:\Users\asier\git\2.Iterazioa\AsierFernjandez_2_Iterazioa\src\main\resources\bets.temp' has been recovered (tr. 629-629)

[2020-04-24 18:32:29 #2 store] 
Database 'C:\Users\asier\git\2.Iterazioa\AsierFernjandez_2_Iterazioa\src\main\resources\bets.temp' is opened by 12864@DESKTOP-UOETFC7

[2020-04-24 18:32:30 #3 type] 
Type domain.Question is not enhanced.

[2020-04-24 18:32:30 #4 type] 
Type domain.Event is not enhanced.

[2020-04-24 18:32:30 #5 type] 
Type domain.user is not enhanced.

[2020-04-24 18:32:30 #6 type] 
Type domain.Kuota is not enhanced.

[2020-04-24 18:32:30 #7 type] 
Type domain.Admin is not enhanced.

[2020-04-24 18:32:30 #8 type] 
Type domain.NormalUser is not enhanced.

[2020-04-24 18:32:30 #9 type] 
Type domain.Apustua is not enhanced.

------------------------------------------------------------------------------------------------------------------------

[2020-04-24 18:41:22 #1 store] 
Database 'C:\Users\asier\git\2.Iterazioa\AsierFernjandez_2_Iterazioa\src\main\resources\bets.temp' is opened by 7568@DESKTOP-UOETFC7

[2020-04-24 18:41:23 #2 type] 
Type domain.Question is not enhanced.

[2020-04-24 18:41:23 #3 type] 
Type domain.Event is not enhanced.

[2020-04-24 18:41:23 #4 type] 
Type domain.user is not enhanced.

[2020-04-24 18:41:23 #5 type] 
Type domain.Kuota is not enhanced.

[2020-04-24 18:41:23 #6 type] 
Type domain.Admin is not enhanced.

[2020-04-24 18:41:23 #7 type] 
Type domain.NormalUser is not enhanced.

[2020-04-24 18:41:23 #8 type] 
Type domain.Apustua is not enhanced.

------------------------------------------------------------------------------------------------------------------------

[2020-04-24 18:42:01 #1 store] 
Database 'C:\Users\asier\git\2.Iterazioa\AsierFernjandez_2_Iterazioa\src\main\resources\bets.temp' is opened by 19632@DESKTOP-UOETFC7

[2020-04-24 18:42:01 #2 type] 
Type domain.Question is not enhanced.

[2020-04-24 18:42:01 #3 type] 
Type domain.Event is not enhanced.

[2020-04-24 18:42:01 #4 type] 
Type domain.user is not enhanced.

[2020-04-24 18:42:01 #5 type] 
Type domain.Kuota is not enhanced.

[2020-04-24 18:42:01 #6 type] 
Type domain.Admin is not enhanced.

[2020-04-24 18:42:01 #7 type] 
Type domain.NormalUser is not enhanced.

[2020-04-24 18:42:01 #8 type] 
Type domain.Apustua is not enhanced.

------------------------------------------------------------------------------------------------------------------------

[2020-04-24 18:43:10 #1 store] 
Database 'C:\Users\asier\git\2.Iterazioa\AsierFernjandez_2_Iterazioa\src\main\resources\bets.temp' is opened by 13640@DESKTOP-UOETFC7

[2020-04-24 18:43:10 #2 type] 
Type domain.Question is not enhanced.

[2020-04-24 18:43:10 #3 type] 
Type domain.Event is not enhanced.

[2020-04-24 18:43:10 #4 type] 
Type domain.user is not enhanced.

[2020-04-24 18:43:10 #5 type] 
Type domain.Kuota is not enhanced.

[2020-04-24 18:43:10 #6 type] 
Type domain.Admin is not enhanced.

[2020-04-24 18:43:10 #7 type] 
Type domain.NormalUser is not enhanced.

[2020-04-24 18:43:10 #8 type] 
Type domain.Apustua is not enhanced.

------------------------------------------------------------------------------------------------------------------------

[2020-04-24 18:45:02 #1 store] 
Database 'C:\Users\asier\git\2.Iterazioa\AsierFernjandez_2_Iterazioa\src\main\resources\bets.temp' is opened by 4188@DESKTOP-UOETFC7

[2020-04-24 18:45:03 #2 type] 
Type domain.Question is not enhanced.

[2020-04-24 18:45:03 #3 type] 
Type domain.Event is not enhanced.

[2020-04-24 18:45:03 #4 type] 
Type domain.user is not enhanced.

[2020-04-24 18:45:03 #5 type] 
Type domain.Kuota is not enhanced.

[2020-04-24 18:45:03 #6 type] 
Type domain.Admin is not enhanced.

[2020-04-24 18:45:03 #7 type] 
Type domain.NormalUser is not enhanced.

[2020-04-24 18:45:03 #8 type] 
Type domain.Apustua is not enhanced.

------------------------------------------------------------------------------------------------------------------------

[2020-04-24 18:49:11 #1 store] 
Database 'C:\Users\asier\git\2.Iterazioa\AsierFernjandez_2_Iterazioa\src\main\resources\bets.temp' is opened by 6872@DESKTOP-UOETFC7

[2020-04-24 18:49:11 #2 type] 
Type domain.Question is not enhanced.

[2020-04-24 18:49:11 #3 type] 
Type domain.Event is not enhanced.

[2020-04-24 18:49:11 #4 type] 
Type domain.user is not enhanced.

[2020-04-24 18:49:11 #5 type] 
Type domain.Kuota is not enhanced.

[2020-04-24 18:49:11 #6 type] 
Type domain.Admin is not enhanced.

[2020-04-24 18:49:11 #7 type] 
Type domain.NormalUser is not enhanced.

[2020-04-24 18:49:11 #8 type] 
Type domain.Apustua is not enhanced.

------------------------------------------------------------------------------------------------------------------------

[2020-04-24 18:51:43 #1 store] 
Database 'C:\Users\asier\git\2.Iterazioa\AsierFernjandez_2_Iterazioa\src\main\resources\bets.temp' is opened by 11128@DESKTOP-UOETFC7

[2020-04-24 18:51:43 #2 type] 
Type domain.Question is not enhanced.

[2020-04-24 18:51:43 #3 type] 
Type domain.Event is not enhanced.

[2020-04-24 18:51:43 #4 type] 
Type domain.user is not enhanced.

[2020-04-24 18:51:43 #5 type] 
Type domain.Kuota is not enhanced.

[2020-04-24 18:51:43 #6 type] 
Type domain.Admin is not enhanced.

[2020-04-24 18:51:43 #7 type] 
Type domain.NormalUser is not enhanced.

[2020-04-24 18:51:43 #8 type] 
Type domain.Apustua is not enhanced.

------------------------------------------------------------------------------------------------------------------------

[2020-04-24 18:54:07 #1 store] 
Database 'C:\Users\asier\git\2.Iterazioa\AsierFernjandez_2_Iterazioa\src\main\resources\bets.temp' is opened by 2868@DESKTOP-UOETFC7

[2020-04-24 18:54:07 #2 type] 
Type domain.Question is not enhanced.

[2020-04-24 18:54:07 #3 type] 
Type domain.Event is not enhanced.

[2020-04-24 18:54:07 #4 type] 
Type domain.user is not enhanced.

[2020-04-24 18:54:07 #5 type] 
Type domain.Kuota is not enhanced.

[2020-04-24 18:54:07 #6 type] 
Type domain.Admin is not enhanced.

[2020-04-24 18:54:07 #7 type] 
Type domain.NormalUser is not enhanced.

[2020-04-24 18:54:07 #8 type] 
Type domain.Apustua is not enhanced.

------------------------------------------------------------------------------------------------------------------------

[2020-04-24 18:57:12 #1 store] 
Database 'C:\Users\asier\git\2.Iterazioa\AsierFernjandez_2_Iterazioa\src\main\resources\bets.temp' is opened by 6592@DESKTOP-UOETFC7

[2020-04-24 18:57:12 #2 type] 
Type domain.Question is not enhanced.

[2020-04-24 18:57:12 #3 type] 
Type domain.Event is not enhanced.

[2020-04-24 18:57:12 #4 type] 
Type domain.user is not enhanced.

[2020-04-24 18:57:12 #5 type] 
Type domain.Kuota is not enhanced.

[2020-04-24 18:57:12 #6 type] 
Type domain.Admin is not enhanced.

[2020-04-24 18:57:12 #7 type] 
Type domain.NormalUser is not enhanced.

[2020-04-24 18:57:12 #8 type] 
Type domain.Apustua is not enhanced.

------------------------------------------------------------------------------------------------------------------------

[2020-04-24 19:01:03 #1 store] 
Database 'C:\Users\asier\git\2.Iterazioa\AsierFernjandez_2_Iterazioa\src\main\resources\bets.temp' is opened by 6964@DESKTOP-UOETFC7

[2020-04-24 19:01:03 #2 type] 
Type domain.Question is not enhanced.

[2020-04-24 19:01:03 #3 type] 
Type domain.Event is not enhanced.

[2020-04-24 19:01:03 #4 type] 
Type domain.user is not enhanced.

[2020-04-24 19:01:03 #5 type] 
Type domain.Kuota is not enhanced.

[2020-04-24 19:01:03 #6 type] 
Type domain.Admin is not enhanced.

[2020-04-24 19:01:03 #7 type] 
Type domain.NormalUser is not enhanced.

[2020-04-24 19:01:03 #8 type] 
Type domain.Apustua is not enhanced.

------------------------------------------------------------------------------------------------------------------------

[2020-04-24 19:01:57 #1 store] 
Database 'C:\Users\asier\git\2.Iterazioa\AsierFernjandez_2_Iterazioa\src\main\resources\bets.temp' is opened by 17236@DESKTOP-UOETFC7

[2020-04-24 19:01:57 #2 type] 
Type domain.Question is not enhanced.

[2020-04-24 19:01:57 #3 type] 
Type domain.Event is not enhanced.

[2020-04-24 19:01:57 #4 type] 
Type domain.user is not enhanced.

[2020-04-24 19:01:57 #5 type] 
Type domain.Kuota is not enhanced.

[2020-04-24 19:01:57 #6 type] 
Type domain.Admin is not enhanced.

[2020-04-24 19:01:57 #7 type] 
Type domain.NormalUser is not enhanced.

[2020-04-24 19:01:57 #8 type] 
Type domain.Apustua is not enhanced.

------------------------------------------------------------------------------------------------------------------------

[2020-04-24 19:10:36 #1 store] 
Database 'C:\Users\asier\git\2.Iterazioa\AsierFernjandez_2_Iterazioa\src\main\resources\bets.temp' is opened by 19984@DESKTOP-UOETFC7

[2020-04-24 19:10:37 #2 type] 
Type domain.Question is not enhanced.

[2020-04-24 19:10:37 #3 type] 
Type domain.Event is not enhanced.

[2020-04-24 19:10:37 #4 type] 
Type domain.user is not enhanced.

[2020-04-24 19:10:37 #5 type] 
Type domain.Kuota is not enhanced.

[2020-04-24 19:10:37 #6 type] 
Type domain.Admin is not enhanced.

[2020-04-24 19:10:37 #7 type] 
Type domain.NormalUser is not enhanced.

[2020-04-24 19:10:37 #8 type] 
Type domain.Apustua is not enhanced.

------------------------------------------------------------------------------------------------------------------------

[2020-04-24 19:15:26 #1 store] 
Database 'C:\Users\asier\git\2.Iterazioa\AsierFernjandez_2_Iterazioa\src\main\resources\bets.temp' has been recovered (tr. 632-632)

[2020-04-24 19:15:26 #2 store] 
Database 'C:\Users\asier\git\2.Iterazioa\AsierFernjandez_2_Iterazioa\src\main\resources\bets.temp' is opened by 14476@DESKTOP-UOETFC7

[2020-04-24 19:15:26 #3 type] 
Type domain.Question is not enhanced.

[2020-04-24 19:15:26 #4 type] 
Type domain.Event is not enhanced.

[2020-04-24 19:15:26 #5 type] 
Type domain.user is not enhanced.

[2020-04-24 19:15:26 #6 type] 
Type domain.Kuota is not enhanced.

[2020-04-24 19:15:26 #7 type] 
Type domain.Admin is not enhanced.

[2020-04-24 19:15:26 #8 type] 
Type domain.NormalUser is not enhanced.

[2020-04-24 19:15:26 #9 type] 
Type domain.Apustua is not enhanced.

------------------------------------------------------------------------------------------------------------------------

[2020-04-24 19:17:42 #1 store] 
Database 'C:\Users\asier\git\2.Iterazioa\AsierFernjandez_2_Iterazioa\src\main\resources\bets.temp' is opened by 13284@DESKTOP-UOETFC7

[2020-04-24 19:17:42 #2 type] 
Type domain.Question is not enhanced.

[2020-04-24 19:17:42 #3 type] 
Type domain.Event is not enhanced.

[2020-04-24 19:17:42 #4 type] 
Type domain.user is not enhanced.

[2020-04-24 19:17:42 #5 type] 
Type domain.Kuota is not enhanced.

[2020-04-24 19:17:42 #6 type] 
Type domain.Admin is not enhanced.

[2020-04-24 19:17:42 #7 type] 
Type domain.NormalUser is not enhanced.

[2020-04-24 19:17:42 #8 type] 
Type domain.Apustua is not enhanced.

------------------------------------------------------------------------------------------------------------------------

[2020-04-24 19:20:07 #1 store] 
Database 'C:\Users\asier\git\2.Iterazioa\AsierFernjandez_2_Iterazioa\src\main\resources\bets.temp' has been recovered (tr. 633-633)

[2020-04-24 19:20:07 #2 store] 
Database 'C:\Users\asier\git\2.Iterazioa\AsierFernjandez_2_Iterazioa\src\main\resources\bets.temp' is opened by 18140@DESKTOP-UOETFC7

[2020-04-24 19:20:07 #3 type] 
Type domain.Question is not enhanced.

[2020-04-24 19:20:07 #4 type] 
Type domain.Event is not enhanced.

[2020-04-24 19:20:07 #5 type] 
Type domain.user is not enhanced.

[2020-04-24 19:20:07 #6 type] 
Type domain.Kuota is not enhanced.

[2020-04-24 19:20:07 #7 type] 
Type domain.Admin is not enhanced.

[2020-04-24 19:20:07 #8 type] 
Type domain.NormalUser is not enhanced.

[2020-04-24 19:20:07 #9 type] 
Type domain.Apustua is not enhanced.

------------------------------------------------------------------------------------------------------------------------

[2020-04-24 19:21:12 #1 store] 
Database 'C:\Users\asier\git\2.Iterazioa\AsierFernjandez_2_Iterazioa\src\main\resources\bets.temp' is opened by 15156@DESKTOP-UOETFC7

[2020-04-24 19:21:12 #2 type] 
Type domain.Question is not enhanced.

[2020-04-24 19:21:12 #3 type] 
Type domain.Event is not enhanced.

[2020-04-24 19:21:12 #4 type] 
Type domain.user is not enhanced.

[2020-04-24 19:21:12 #5 type] 
Type domain.Kuota is not enhanced.

[2020-04-24 19:21:12 #6 type] 
Type domain.Admin is not enhanced.

[2020-04-24 19:21:12 #7 type] 
Type domain.NormalUser is not enhanced.

[2020-04-24 19:21:12 #8 type] 
Type domain.Apustua is not enhanced.

------------------------------------------------------------------------------------------------------------------------

[2020-04-24 19:22:50 #1 store] 
Database 'C:\Users\asier\git\2.Iterazioa\AsierFernjandez_2_Iterazioa\src\main\resources\bets.temp' is opened by 15124@DESKTOP-UOETFC7

[2020-04-24 19:22:50 #2 type] 
Type domain.Question is not enhanced.

[2020-04-24 19:22:50 #3 type] 
Type domain.Event is not enhanced.

[2020-04-24 19:22:50 #4 type] 
Type domain.user is not enhanced.

[2020-04-24 19:22:50 #5 type] 
Type domain.Kuota is not enhanced.

[2020-04-24 19:22:50 #6 type] 
Type domain.Admin is not enhanced.

[2020-04-24 19:22:50 #7 type] 
Type domain.NormalUser is not enhanced.

[2020-04-24 19:22:50 #8 type] 
Type domain.Apustua is not enhanced.

------------------------------------------------------------------------------------------------------------------------

[2020-04-24 19:24:02 #1 store] 
Database 'C:\Users\asier\git\2.Iterazioa\AsierFernjandez_2_Iterazioa\src\main\resources\bets.temp' is opened by 14772@DESKTOP-UOETFC7

[2020-04-24 19:24:03 #2 type] 
Type domain.Question is not enhanced.

[2020-04-24 19:24:03 #3 type] 
Type domain.Event is not enhanced.

[2020-04-24 19:24:03 #4 type] 
Type domain.user is not enhanced.

[2020-04-24 19:24:03 #5 type] 
Type domain.Kuota is not enhanced.

[2020-04-24 19:24:03 #6 type] 
Type domain.Admin is not enhanced.

[2020-04-24 19:24:03 #7 type] 
Type domain.NormalUser is not enhanced.

[2020-04-24 19:24:03 #8 type] 
Type domain.Apustua is not enhanced.

------------------------------------------------------------------------------------------------------------------------

[2020-04-24 19:27:20 #1 store] 
Database 'C:\Users\asier\git\2.Iterazioa\AsierFernjandez_2_Iterazioa\src\main\resources\bets.temp' is opened by 13164@DESKTOP-UOETFC7

[2020-04-24 19:27:20 #2 type] 
Type domain.Question is not enhanced.

[2020-04-24 19:27:20 #3 type] 
Type domain.Event is not enhanced.

[2020-04-24 19:27:20 #4 type] 
Type domain.user is not enhanced.

[2020-04-24 19:27:20 #5 type] 
Type domain.Kuota is not enhanced.

[2020-04-24 19:27:20 #6 type] 
Type domain.Admin is not enhanced.

[2020-04-24 19:27:20 #7 type] 
Type domain.NormalUser is not enhanced.

[2020-04-24 19:27:20 #8 type] 
Type domain.Apustua is not enhanced.

------------------------------------------------------------------------------------------------------------------------

[2020-04-24 19:30:08 #1 store] 
Database 'C:\Users\asier\git\2.Iterazioa\AsierFernjandez_2_Iterazioa\src\main\resources\bets.temp' is opened by 13992@DESKTOP-UOETFC7

[2020-04-24 19:30:08 #2 type] 
Type domain.Question is not enhanced.

[2020-04-24 19:30:08 #3 type] 
Type domain.Event is not enhanced.

[2020-04-24 19:30:08 #4 type] 
Type domain.user is not enhanced.

[2020-04-24 19:30:08 #5 type] 
Type domain.Kuota is not enhanced.

[2020-04-24 19:30:08 #6 type] 
Type domain.Admin is not enhanced.

[2020-04-24 19:30:08 #7 type] 
Type domain.NormalUser is not enhanced.

[2020-04-24 19:30:08 #8 type] 
Type domain.Apustua is not enhanced.

------------------------------------------------------------------------------------------------------------------------

[2020-04-24 19:34:25 #1 store] 
Database 'C:\Users\asier\git\2.Iterazioa\AsierFernjandez_2_Iterazioa\src\main\resources\bets.temp' is opened by 18644@DESKTOP-UOETFC7

[2020-04-24 19:34:25 #2 type] 
Type domain.Question is not enhanced.

[2020-04-24 19:34:25 #3 type] 
Type domain.Event is not enhanced.

[2020-04-24 19:34:25 #4 type] 
Type domain.user is not enhanced.

[2020-04-24 19:34:25 #5 type] 
Type domain.Kuota is not enhanced.

[2020-04-24 19:34:25 #6 type] 
Type domain.Admin is not enhanced.

[2020-04-24 19:34:25 #7 type] 
Type domain.NormalUser is not enhanced.

[2020-04-24 19:34:25 #8 type] 
Type domain.Apustua is not enhanced.

------------------------------------------------------------------------------------------------------------------------

[2020-04-24 19:35:49 #1 store] 
Database 'C:\Users\asier\git\2.Iterazioa\AsierFernjandez_2_Iterazioa\src\main\resources\bets.temp' is opened by 14180@DESKTOP-UOETFC7

[2020-04-24 19:35:49 #2 type] 
Type domain.Question is not enhanced.

[2020-04-24 19:35:49 #3 type] 
Type domain.Event is not enhanced.

[2020-04-24 19:35:49 #4 type] 
Type domain.user is not enhanced.

[2020-04-24 19:35:49 #5 type] 
Type domain.Kuota is not enhanced.

[2020-04-24 19:35:49 #6 type] 
Type domain.Admin is not enhanced.

[2020-04-24 19:35:49 #7 type] 
Type domain.NormalUser is not enhanced.

[2020-04-24 19:35:49 #8 type] 
Type domain.Apustua is not enhanced.

------------------------------------------------------------------------------------------------------------------------

[2020-04-24 19:38:06 #1 store] 
Database 'C:\Users\asier\git\2.Iterazioa\AsierFernjandez_2_Iterazioa\src\main\resources\bets.temp' is opened by 3344@DESKTOP-UOETFC7

[2020-04-24 19:38:06 #2 type] 
Type domain.Question is not enhanced.

[2020-04-24 19:38:06 #3 type] 
Type domain.Event is not enhanced.

[2020-04-24 19:38:06 #4 type] 
Type domain.user is not enhanced.

[2020-04-24 19:38:06 #5 type] 
Type domain.Kuota is not enhanced.

[2020-04-24 19:38:06 #6 type] 
Type domain.Admin is not enhanced.

[2020-04-24 19:38:06 #7 type] 
Type domain.NormalUser is not enhanced.

[2020-04-24 19:38:06 #8 type] 
Type domain.Apustua is not enhanced.

------------------------------------------------------------------------------------------------------------------------

[2020-04-24 19:39:58 #1 store] 
Database 'C:\Users\asier\git\2.Iterazioa\AsierFernjandez_2_Iterazioa\src\main\resources\bets.temp' is opened by 8160@DESKTOP-UOETFC7

[2020-04-24 19:39:58 #2 type] 
Type domain.Question is not enhanced.

[2020-04-24 19:39:58 #3 type] 
Type domain.Event is not enhanced.

[2020-04-24 19:39:58 #4 type] 
Type domain.user is not enhanced.

[2020-04-24 19:39:58 #5 type] 
Type domain.Kuota is not enhanced.

[2020-04-24 19:39:58 #6 type] 
Type domain.Admin is not enhanced.

[2020-04-24 19:39:58 #7 type] 
Type domain.NormalUser is not enhanced.

[2020-04-24 19:39:58 #8 type] 
Type domain.Apustua is not enhanced.

------------------------------------------------------------------------------------------------------------------------

[2020-04-24 19:48:15 #1 store] 
Database 'C:\Users\asier\git\2.Iterazioa\AsierFernjandez_2_Iterazioa\src\main\resources\bets.temp' is opened by 16608@DESKTOP-UOETFC7

[2020-04-24 19:48:15 #2 type] 
Type domain.Question is not enhanced.

[2020-04-24 19:48:15 #3 type] 
Type domain.Event is not enhanced.

[2020-04-24 19:48:15 #4 type] 
Type domain.user is not enhanced.

[2020-04-24 19:48:15 #5 type] 
Type domain.Kuota is not enhanced.

[2020-04-24 19:48:15 #6 type] 
Type domain.Admin is not enhanced.

[2020-04-24 19:48:15 #7 type] 
Type domain.NormalUser is not enhanced.

[2020-04-24 19:48:15 #8 type] 
Type domain.Apustua is not enhanced.

------------------------------------------------------------------------------------------------------------------------

[2020-04-24 19:52:51 #1 store] 
Database 'C:\Users\asier\git\2.Iterazioa\AsierFernjandez_2_Iterazioa\src\main\resources\bets.temp' is opened by 10056@DESKTOP-UOETFC7

[2020-04-24 19:52:51 #2 type] 
Type domain.Question is not enhanced.

[2020-04-24 19:52:51 #3 type] 
Type domain.Event is not enhanced.

[2020-04-24 19:52:51 #4 type] 
Type domain.user is not enhanced.

[2020-04-24 19:52:51 #5 type] 
Type domain.Kuota is not enhanced.

[2020-04-24 19:52:51 #6 type] 
Type domain.Admin is not enhanced.

[2020-04-24 19:52:51 #7 type] 
Type domain.NormalUser is not enhanced.

[2020-04-24 19:52:51 #8 type] 
Type domain.Apustua is not enhanced.

------------------------------------------------------------------------------------------------------------------------

[2020-04-24 19:54:33 #1 store] 
Database 'C:\Users\asier\git\2.Iterazioa\AsierFernjandez_2_Iterazioa\src\main\resources\bets.temp' is opened by 15716@DESKTOP-UOETFC7

[2020-04-24 19:54:33 #2 type] 
Type domain.Question is not enhanced.

[2020-04-24 19:54:33 #3 type] 
Type domain.Event is not enhanced.

[2020-04-24 19:54:33 #4 type] 
Type domain.user is not enhanced.

[2020-04-24 19:54:33 #5 type] 
Type domain.Kuota is not enhanced.

[2020-04-24 19:54:33 #6 type] 
Type domain.Admin is not enhanced.

[2020-04-24 19:54:33 #7 type] 
Type domain.NormalUser is not enhanced.

[2020-04-24 19:54:33 #8 type] 
Type domain.Apustua is not enhanced.

------------------------------------------------------------------------------------------------------------------------

[2020-04-24 19:57:21 #1 store] 
Database 'C:\Users\asier\git\2.Iterazioa\AsierFernjandez_2_Iterazioa\src\main\resources\bets.temp' is opened by 16732@DESKTOP-UOETFC7

[2020-04-24 19:57:21 #2 type] 
Type domain.Question is not enhanced.

[2020-04-24 19:57:21 #3 type] 
Type domain.Event is not enhanced.

[2020-04-24 19:57:21 #4 type] 
Type domain.user is not enhanced.

[2020-04-24 19:57:21 #5 type] 
Type domain.Kuota is not enhanced.

[2020-04-24 19:57:21 #6 type] 
Type domain.Admin is not enhanced.

[2020-04-24 19:57:21 #7 type] 
Type domain.NormalUser is not enhanced.

[2020-04-24 19:57:21 #8 type] 
Type domain.Apustua is not enhanced.

------------------------------------------------------------------------------------------------------------------------

[2020-04-24 19:59:41 #1 store] 
Database 'C:\Users\asier\git\2.Iterazioa\AsierFernjandez_2_Iterazioa\src\main\resources\bets.temp' is opened by 12668@DESKTOP-UOETFC7

[2020-04-24 19:59:41 #2 type] 
Type domain.Question is not enhanced.

[2020-04-24 19:59:41 #3 type] 
Type domain.Event is not enhanced.

[2020-04-24 19:59:41 #4 type] 
Type domain.user is not enhanced.

[2020-04-24 19:59:41 #5 type] 
Type domain.Kuota is not enhanced.

[2020-04-24 19:59:41 #6 type] 
Type domain.Admin is not enhanced.

[2020-04-24 19:59:41 #7 type] 
Type domain.NormalUser is not enhanced.

[2020-04-24 19:59:41 #8 type] 
Type domain.Apustua is not enhanced.

------------------------------------------------------------------------------------------------------------------------

[2020-04-24 20:01:16 #1 store] 
Database 'C:\Users\asier\git\2.Iterazioa\AsierFernjandez_2_Iterazioa\src\main\resources\bets.temp' is opened by 19136@DESKTOP-UOETFC7

[2020-04-24 20:01:16 #2 type] 
Type domain.Question is not enhanced.

[2020-04-24 20:01:16 #3 type] 
Type domain.Event is not enhanced.

[2020-04-24 20:01:16 #4 type] 
Type domain.user is not enhanced.

[2020-04-24 20:01:16 #5 type] 
Type domain.Kuota is not enhanced.

[2020-04-24 20:01:16 #6 type] 
Type domain.Admin is not enhanced.

[2020-04-24 20:01:16 #7 type] 
Type domain.NormalUser is not enhanced.

[2020-04-24 20:01:16 #8 type] 
Type domain.Apustua is not enhanced.

------------------------------------------------------------------------------------------------------------------------

[2020-04-24 20:03:13 #1 store] 
Database 'C:\Users\asier\git\2.Iterazioa\AsierFernjandez_2_Iterazioa\src\main\resources\bets.temp' is opened by 15384@DESKTOP-UOETFC7

[2020-04-24 20:03:13 #2 type] 
Type domain.Question is not enhanced.

[2020-04-24 20:03:13 #3 type] 
Type domain.Event is not enhanced.

[2020-04-24 20:03:13 #4 type] 
Type domain.user is not enhanced.

[2020-04-24 20:03:13 #5 type] 
Type domain.Kuota is not enhanced.

[2020-04-24 20:03:13 #6 type] 
Type domain.Admin is not enhanced.

[2020-04-24 20:03:13 #7 type] 
Type domain.NormalUser is not enhanced.

[2020-04-24 20:03:13 #8 type] 
Type domain.Apustua is not enhanced.

------------------------------------------------------------------------------------------------------------------------

[2020-04-24 20:04:58 #1 store] 
Database 'C:\Users\asier\git\2.Iterazioa\AsierFernjandez_2_Iterazioa\src\main\resources\bets.temp' is opened by 4212@DESKTOP-UOETFC7

[2020-04-24 20:04:59 #2 type] 
Type domain.Question is not enhanced.

[2020-04-24 20:04:59 #3 type] 
Type domain.Event is not enhanced.

[2020-04-24 20:04:59 #4 type] 
Type domain.user is not enhanced.

[2020-04-24 20:04:59 #5 type] 
Type domain.Kuota is not enhanced.

[2020-04-24 20:04:59 #6 type] 
Type domain.Admin is not enhanced.

[2020-04-24 20:04:59 #7 type] 
Type domain.NormalUser is not enhanced.

[2020-04-24 20:04:59 #8 type] 
Type domain.Apustua is not enhanced.

------------------------------------------------------------------------------------------------------------------------

[2020-04-24 20:10:59 #1 store] 
Database 'C:\Users\asier\git\2.Iterazioa\AsierFernjandez_2_Iterazioa\src\main\resources\bets.temp' is opened by 8020@DESKTOP-UOETFC7

[2020-04-24 20:10:59 #2 type] 
Type domain.Question is not enhanced.

[2020-04-24 20:10:59 #3 type] 
Type domain.Event is not enhanced.

[2020-04-24 20:10:59 #4 type] 
Type domain.user is not enhanced.

[2020-04-24 20:10:59 #5 type] 
Type domain.Kuota is not enhanced.

[2020-04-24 20:10:59 #6 type] 
Type domain.Admin is not enhanced.

[2020-04-24 20:10:59 #7 type] 
Type domain.NormalUser is not enhanced.

[2020-04-24 20:10:59 #8 type] 
Type domain.Apustua is not enhanced.

------------------------------------------------------------------------------------------------------------------------

[2020-04-24 20:15:53 #1 store] 
Database 'C:\Users\asier\git\2.Iterazioa\AsierFernjandez_2_Iterazioa\src\main\resources\bets.temp' is opened by 19188@DESKTOP-UOETFC7

[2020-04-24 20:15:54 #2 type] 
Type domain.Question is not enhanced.

[2020-04-24 20:15:54 #3 type] 
Type domain.Event is not enhanced.

[2020-04-24 20:15:54 #4 type] 
Type domain.user is not enhanced.

[2020-04-24 20:15:54 #5 type] 
Type domain.Kuota is not enhanced.

[2020-04-24 20:15:54 #6 type] 
Type domain.Admin is not enhanced.

[2020-04-24 20:15:54 #7 type] 
Type domain.NormalUser is not enhanced.

[2020-04-24 20:15:54 #8 type] 
Type domain.Apustua is not enhanced.

------------------------------------------------------------------------------------------------------------------------

[2020-04-24 20:31:14 #1 store] 
Database 'C:\Users\asier\git\2.Iterazioa\AsierFernjandez_2_Iterazioa\src\main\resources\bets.temp' is opened by 13908@DESKTOP-UOETFC7

[2020-04-24 20:31:14 #2 type] 
Type domain.Question is not enhanced.

[2020-04-24 20:31:14 #3 type] 
Type domain.Event is not enhanced.

[2020-04-24 20:31:14 #4 type] 
Type domain.user is not enhanced.

[2020-04-24 20:31:14 #5 type] 
Type domain.Kuota is not enhanced.

[2020-04-24 20:31:14 #6 type] 
Type domain.Admin is not enhanced.

[2020-04-24 20:31:14 #7 type] 
Type domain.NormalUser is not enhanced.

[2020-04-24 20:31:14 #8 type] 
Type domain.Apustua is not enhanced.

------------------------------------------------------------------------------------------------------------------------

[2020-04-24 20:35:34 #1 store] 
Database 'C:\Users\asier\git\2.Iterazioa\AsierFernjandez_2_Iterazioa\src\main\resources\bets.temp' is opened by 4260@DESKTOP-UOETFC7

[2020-04-24 20:35:34 #2 type] 
Type domain.Question is not enhanced.

[2020-04-24 20:35:34 #3 type] 
Type domain.Event is not enhanced.

[2020-04-24 20:35:34 #4 type] 
Type domain.user is not enhanced.

[2020-04-24 20:35:34 #5 type] 
Type domain.Kuota is not enhanced.

[2020-04-24 20:35:34 #6 type] 
Type domain.Admin is not enhanced.

[2020-04-24 20:35:34 #7 type] 
Type domain.NormalUser is not enhanced.

[2020-04-24 20:35:34 #8 type] 
Type domain.Apustua is not enhanced.

------------------------------------------------------------------------------------------------------------------------

[2020-04-24 20:37:34 #1 store] 
Database 'C:\Users\asier\git\2.Iterazioa\AsierFernjandez_2_Iterazioa\src\main\resources\bets.temp' is opened by 8512@DESKTOP-UOETFC7

[2020-04-24 20:37:34 #2 type] 
Type domain.Question is not enhanced.

[2020-04-24 20:37:34 #3 type] 
Type domain.Event is not enhanced.

[2020-04-24 20:37:34 #4 type] 
Type domain.user is not enhanced.

[2020-04-24 20:37:34 #5 type] 
Type domain.Kuota is not enhanced.

[2020-04-24 20:37:34 #6 type] 
Type domain.Admin is not enhanced.

[2020-04-24 20:37:34 #7 type] 
Type domain.NormalUser is not enhanced.

[2020-04-24 20:37:34 #8 type] 
Type domain.Apustua is not enhanced.

------------------------------------------------------------------------------------------------------------------------

[2020-04-24 20:39:17 #1 store] 
Database 'C:\Users\asier\git\2.Iterazioa\AsierFernjandez_2_Iterazioa\src\main\resources\bets.temp' is opened by 5028@DESKTOP-UOETFC7

[2020-04-24 20:39:17 #2 type] 
Type domain.Question is not enhanced.

[2020-04-24 20:39:17 #3 type] 
Type domain.Event is not enhanced.

[2020-04-24 20:39:17 #4 type] 
Type domain.user is not enhanced.

[2020-04-24 20:39:17 #5 type] 
Type domain.Kuota is not enhanced.

[2020-04-24 20:39:17 #6 type] 
Type domain.Admin is not enhanced.

[2020-04-24 20:39:17 #7 type] 
Type domain.NormalUser is not enhanced.

[2020-04-24 20:39:17 #8 type] 
Type domain.Apustua is not enhanced.

------------------------------------------------------------------------------------------------------------------------

[2020-04-24 20:42:16 #1 store] 
Database 'C:\Users\asier\git\2.Iterazioa\AsierFernjandez_2_Iterazioa\src\main\resources\bets.temp' is opened by 4176@DESKTOP-UOETFC7

[2020-04-24 20:42:16 #2 type] 
Type domain.Question is not enhanced.

[2020-04-24 20:42:16 #3 type] 
Type domain.Event is not enhanced.

[2020-04-24 20:42:16 #4 type] 
Type domain.user is not enhanced.

[2020-04-24 20:42:16 #5 type] 
Type domain.Kuota is not enhanced.

[2020-04-24 20:42:16 #6 type] 
Type domain.Admin is not enhanced.

[2020-04-24 20:42:16 #7 type] 
Type domain.NormalUser is not enhanced.

[2020-04-24 20:42:16 #8 type] 
Type domain.Apustua is not enhanced.

------------------------------------------------------------------------------------------------------------------------

[2020-04-24 20:48:32 #1 store] 
Database 'C:\Users\asier\git\2.Iterazioa\AsierFernjandez_2_Iterazioa\src\main\resources\bets.temp' is opened by 10788@DESKTOP-UOETFC7

[2020-04-24 20:48:32 #2 type] 
Type domain.Question is not enhanced.

[2020-04-24 20:48:32 #3 type] 
Type domain.Event is not enhanced.

[2020-04-24 20:48:32 #4 type] 
Type domain.user is not enhanced.

[2020-04-24 20:48:32 #5 type] 
Type domain.Kuota is not enhanced.

[2020-04-24 20:48:32 #6 type] 
Type domain.Admin is not enhanced.

[2020-04-24 20:48:32 #7 type] 
Type domain.NormalUser is not enhanced.

[2020-04-24 20:48:32 #8 type] 
Type domain.Apustua is not enhanced.

------------------------------------------------------------------------------------------------------------------------

[2020-04-24 20:54:01 #1 store] 
Database 'C:\Users\asier\git\2.Iterazioa\AsierFernjandez_2_Iterazioa\src\main\resources\bets.temp' is opened by 16740@DESKTOP-UOETFC7

[2020-04-24 20:54:01 #2 type] 
Type domain.Question is not enhanced.

[2020-04-24 20:54:01 #3 type] 
Type domain.Event is not enhanced.

[2020-04-24 20:54:01 #4 type] 
Type domain.user is not enhanced.

[2020-04-24 20:54:01 #5 type] 
Type domain.Kuota is not enhanced.

[2020-04-24 20:54:01 #6 type] 
Type domain.Admin is not enhanced.

[2020-04-24 20:54:01 #7 type] 
Type domain.NormalUser is not enhanced.

[2020-04-24 20:54:01 #8 type] 
Type domain.Apustua is not enhanced.

------------------------------------------------------------------------------------------------------------------------

[2020-04-24 21:22:19 #1 store] 
Database 'C:\Users\asier\git\2.Iterazioa\AsierFernjandez_2_Iterazioa\src\main\resources\bets.temp' is opened by 10080@DESKTOP-UOETFC7

[2020-04-24 21:22:19 #2 type] 
Type domain.Question is not enhanced.

[2020-04-24 21:22:19 #3 type] 
Type domain.Event is not enhanced.

[2020-04-24 21:22:19 #4 type] 
Type domain.user is not enhanced.

[2020-04-24 21:22:19 #5 type] 
Type domain.Kuota is not enhanced.

[2020-04-24 21:22:19 #6 type] 
Type domain.Admin is not enhanced.

[2020-04-24 21:22:19 #7 type] 
Type domain.NormalUser is not enhanced.

[2020-04-24 21:22:19 #8 type] 
Type domain.Apustua is not enhanced.

------------------------------------------------------------------------------------------------------------------------

[2020-04-24 22:42:33 #1 store] 
Database 'C:\Users\asier\git\2.Iterazioa\AsierFernjandez_2_Iterazioa\src\main\resources\bets.temp' is opened by 7360@DESKTOP-UOETFC7

[2020-04-24 22:42:33 #2 type] 
Type domain.Question is not enhanced.

[2020-04-24 22:42:33 #3 type] 
Type domain.Event is not enhanced.

[2020-04-24 22:42:33 #4 type] 
Type domain.user is not enhanced.

[2020-04-24 22:42:33 #5 type] 
Type domain.Kuota is not enhanced.

[2020-04-24 22:42:33 #6 type] 
Type domain.Admin is not enhanced.

[2020-04-24 22:42:33 #7 type] 
Type domain.NormalUser is not enhanced.

[2020-04-24 22:42:33 #8 type] 
Type domain.Apustua is not enhanced.

------------------------------------------------------------------------------------------------------------------------

[2020-04-24 22:46:08 #1 store] 
Database 'C:\Users\asier\git\2.Iterazioa\AsierFernjandez_2_Iterazioa\src\main\resources\bets.temp' is opened by 676@DESKTOP-UOETFC7

[2020-04-24 22:46:08 #2 type] 
Type domain.Question is not enhanced.

[2020-04-24 22:46:08 #3 type] 
Type domain.Event is not enhanced.

[2020-04-24 22:46:08 #4 type] 
Type domain.user is not enhanced.

[2020-04-24 22:46:08 #5 type] 
Type domain.Kuota is not enhanced.

[2020-04-24 22:46:08 #6 type] 
Type domain.Admin is not enhanced.

[2020-04-24 22:46:08 #7 type] 
Type domain.NormalUser is not enhanced.

[2020-04-24 22:46:08 #8 type] 
Type domain.Apustua is not enhanced.

------------------------------------------------------------------------------------------------------------------------

[2020-04-24 22:48:27 #1 store] 
Database 'C:\Users\asier\git\2.Iterazioa\AsierFernjandez_2_Iterazioa\src\main\resources\bets.temp' is opened by 11488@DESKTOP-UOETFC7

[2020-04-24 22:48:27 #2 type] 
Type domain.Question is not enhanced.

[2020-04-24 22:48:27 #3 type] 
Type domain.Event is not enhanced.

[2020-04-24 22:48:27 #4 type] 
Type domain.user is not enhanced.

[2020-04-24 22:48:27 #5 type] 
Type domain.Kuota is not enhanced.

[2020-04-24 22:48:27 #6 type] 
Type domain.Admin is not enhanced.

[2020-04-24 22:48:27 #7 type] 
Type domain.NormalUser is not enhanced.

[2020-04-24 22:48:27 #8 type] 
Type domain.Apustua is not enhanced.

------------------------------------------------------------------------------------------------------------------------

[2020-04-24 22:50:02 #1 store] 
Database 'C:\Users\asier\git\2.Iterazioa\AsierFernjandez_2_Iterazioa\src\main\resources\bets.temp' is opened by 3912@DESKTOP-UOETFC7

[2020-04-24 22:50:02 #2 type] 
Type domain.Question is not enhanced.

[2020-04-24 22:50:02 #3 type] 
Type domain.Event is not enhanced.

[2020-04-24 22:50:02 #4 type] 
Type domain.user is not enhanced.

[2020-04-24 22:50:02 #5 type] 
Type domain.Kuota is not enhanced.

[2020-04-24 22:50:02 #6 type] 
Type domain.Admin is not enhanced.

[2020-04-24 22:50:02 #7 type] 
Type domain.NormalUser is not enhanced.

[2020-04-24 22:50:02 #8 type] 
Type domain.Apustua is not enhanced.

------------------------------------------------------------------------------------------------------------------------

[2020-04-24 22:58:23 #1 store] 
Database 'C:\Users\asier\git\2.Iterazioa\AsierFernjandez_2_Iterazioa\src\main\resources\bets.temp' has been recovered (tr. 637-638)

[2020-04-24 22:58:23 #2 store] 
Database 'C:\Users\asier\git\2.Iterazioa\AsierFernjandez_2_Iterazioa\src\main\resources\bets.temp' is opened by 8204@DESKTOP-UOETFC7

[2020-04-24 22:58:23 #3 type] 
Type domain.Question is not enhanced.

[2020-04-24 22:58:23 #4 type] 
Type domain.Event is not enhanced.

[2020-04-24 22:58:23 #5 type] 
Type domain.user is not enhanced.

[2020-04-24 22:58:23 #6 type] 
Type domain.Kuota is not enhanced.

[2020-04-24 22:58:23 #7 type] 
Type domain.Admin is not enhanced.

[2020-04-24 22:58:23 #8 type] 
Type domain.NormalUser is not enhanced.

[2020-04-24 22:58:23 #9 type] 
Type domain.Apustua is not enhanced.

------------------------------------------------------------------------------------------------------------------------

[2020-04-24 22:59:11 #1 store] 
Database 'C:\Users\asier\git\2.Iterazioa\AsierFernjandez_2_Iterazioa\src\main\resources\bets.temp' is opened by 2496@DESKTOP-UOETFC7

[2020-04-24 22:59:11 #2 type] 
Type domain.Question is not enhanced.

[2020-04-24 22:59:11 #3 type] 
Type domain.Event is not enhanced.

[2020-04-24 22:59:11 #4 type] 
Type domain.user is not enhanced.

[2020-04-24 22:59:11 #5 type] 
Type domain.Kuota is not enhanced.

[2020-04-24 22:59:11 #6 type] 
Type domain.Admin is not enhanced.

[2020-04-24 22:59:11 #7 type] 
Type domain.NormalUser is not enhanced.

[2020-04-24 22:59:11 #8 type] 
Type domain.Apustua is not enhanced.

