------------------------------------------------------------------------------------------------------------------------

[2020-05-07 16:35:17 #1 store] 
Database 'C:\Users\asier\git\2.Iterazioa\AsierFernjandez_2_Iterazioa\src\main\resources\bets.temp' is opened by 11560@DESKTOP-UOETFC7

[2020-05-07 16:35:17 #2 type] 
Type domain.Question is not enhanced.

[2020-05-07 16:35:17 #3 type] 
Type domain.Event is not enhanced.

[2020-05-07 16:35:17 #4 type] 
Type domain.user is not enhanced.

[2020-05-07 16:35:17 #5 type] 
Type domain.Kuota is not enhanced.

[2020-05-07 16:35:17 #6 type] 
Type domain.Admin is not enhanced.

[2020-05-07 16:35:17 #7 type] 
Type domain.NormalUser is not enhanced.

[2020-05-07 16:35:17 #8 type] 
Type domain.Apustua is not enhanced.

------------------------------------------------------------------------------------------------------------------------

[2020-05-07 16:36:45 #1 store] 
Database 'C:\Users\asier\git\2.Iterazioa\AsierFernjandez_2_Iterazioa\src\main\resources\bets.temp' is opened by 4808@DESKTOP-UOETFC7

[2020-05-07 16:36:45 #2 type] 
Type domain.Question is not enhanced.

[2020-05-07 16:36:45 #3 type] 
Type domain.Event is not enhanced.

[2020-05-07 16:36:45 #4 type] 
Type domain.user is not enhanced.

[2020-05-07 16:36:45 #5 type] 
Type domain.Kuota is not enhanced.

[2020-05-07 16:36:45 #6 type] 
Type domain.Admin is not enhanced.

[2020-05-07 16:36:45 #7 type] 
Type domain.NormalUser is not enhanced.

[2020-05-07 16:36:45 #8 type] 
Type domain.Apustua is not enhanced.

------------------------------------------------------------------------------------------------------------------------

[2020-05-07 16:39:47 #1 store] 
Database 'C:\Users\asier\git\2.Iterazioa\AsierFernjandez_2_Iterazioa\src\main\resources\bets.temp' is opened by 1980@DESKTOP-UOETFC7

[2020-05-07 16:39:47 #2 type] 
Type domain.Question is not enhanced.

[2020-05-07 16:39:47 #3 type] 
Type domain.Event is not enhanced.

[2020-05-07 16:39:47 #4 type] 
Type domain.user is not enhanced.

[2020-05-07 16:39:48 #5 type] 
Type domain.Kuota is not enhanced.

[2020-05-07 16:39:48 #6 type] 
Type domain.Admin is not enhanced.

[2020-05-07 16:39:48 #7 type] 
Type domain.NormalUser is not enhanced.

[2020-05-07 16:39:48 #8 type] 
Type domain.Apustua is not enhanced.

------------------------------------------------------------------------------------------------------------------------

[2020-05-07 16:45:38 #1 store] 
Database 'C:\Users\asier\git\2.Iterazioa\AsierFernjandez_2_Iterazioa\src\main\resources\bets.temp' is opened by 14388@DESKTOP-UOETFC7

[2020-05-07 16:45:38 #2 type] 
Type domain.Question is not enhanced.

[2020-05-07 16:45:38 #3 type] 
Type domain.Event is not enhanced.

[2020-05-07 16:45:38 #4 type] 
Type domain.user is not enhanced.

[2020-05-07 16:45:38 #5 type] 
Type domain.Kuota is not enhanced.

[2020-05-07 16:45:38 #6 type] 
Type domain.Admin is not enhanced.

[2020-05-07 16:45:38 #7 type] 
Type domain.NormalUser is not enhanced.

[2020-05-07 16:45:38 #8 type] 
Type domain.Apustua is not enhanced.

------------------------------------------------------------------------------------------------------------------------

[2020-05-07 16:46:57 #1 store] 
Database 'C:\Users\asier\git\2.Iterazioa\AsierFernjandez_2_Iterazioa\src\main\resources\bets.temp' is opened by 16856@DESKTOP-UOETFC7

[2020-05-07 16:46:57 #2 type] 
Type domain.Question is not enhanced.

[2020-05-07 16:46:57 #3 type] 
Type domain.Event is not enhanced.

[2020-05-07 16:46:57 #4 type] 
Type domain.user is not enhanced.

[2020-05-07 16:46:57 #5 type] 
Type domain.Kuota is not enhanced.

[2020-05-07 16:46:57 #6 type] 
Type domain.Admin is not enhanced.

[2020-05-07 16:46:57 #7 type] 
Type domain.NormalUser is not enhanced.

[2020-05-07 16:46:57 #8 type] 
Type domain.Apustua is not enhanced.

------------------------------------------------------------------------------------------------------------------------

[2020-05-07 16:48:50 #1 store] 
Database 'C:\Users\asier\git\2.Iterazioa\AsierFernjandez_2_Iterazioa\src\main\resources\bets.temp' is opened by 13568@DESKTOP-UOETFC7

[2020-05-07 16:48:50 #2 type] 
Type domain.Question is not enhanced.

[2020-05-07 16:48:50 #3 type] 
Type domain.Event is not enhanced.

[2020-05-07 16:48:50 #4 type] 
Type domain.user is not enhanced.

[2020-05-07 16:48:50 #5 type] 
Type domain.Kuota is not enhanced.

[2020-05-07 16:48:50 #6 type] 
Type domain.Admin is not enhanced.

[2020-05-07 16:48:50 #7 type] 
Type domain.NormalUser is not enhanced.

[2020-05-07 16:48:50 #8 type] 
Type domain.Apustua is not enhanced.

------------------------------------------------------------------------------------------------------------------------

[2020-05-07 16:54:15 #1 store] 
Database 'C:\Users\asier\git\2.Iterazioa\AsierFernjandez_2_Iterazioa\src\main\resources\bets.temp' is opened by 14448@DESKTOP-UOETFC7

[2020-05-07 16:54:15 #2 type] 
Type domain.Question is not enhanced.

[2020-05-07 16:54:15 #3 type] 
Type domain.Event is not enhanced.

[2020-05-07 16:54:15 #4 type] 
Type domain.user is not enhanced.

[2020-05-07 16:54:15 #5 type] 
Type domain.Kuota is not enhanced.

[2020-05-07 16:54:15 #6 type] 
Type domain.Admin is not enhanced.

[2020-05-07 16:54:15 #7 type] 
Type domain.NormalUser is not enhanced.

[2020-05-07 16:54:15 #8 type] 
Type domain.Apustua is not enhanced.

------------------------------------------------------------------------------------------------------------------------

[2020-05-07 16:57:28 #1 store] 
Database 'C:\Users\asier\git\2.Iterazioa\AsierFernjandez_2_Iterazioa\src\main\resources\bets.temp' has been recovered (tr. 803-807)

[2020-05-07 16:57:28 #2 store] 
Database 'C:\Users\asier\git\2.Iterazioa\AsierFernjandez_2_Iterazioa\src\main\resources\bets.temp' is opened by 16908@DESKTOP-UOETFC7

[2020-05-07 16:57:28 #3 type] 
Type domain.Question is not enhanced.

[2020-05-07 16:57:28 #4 type] 
Type domain.Event is not enhanced.

[2020-05-07 16:57:28 #5 type] 
Type domain.user is not enhanced.

[2020-05-07 16:57:28 #6 type] 
Type domain.Kuota is not enhanced.

[2020-05-07 16:57:28 #7 type] 
Type domain.Admin is not enhanced.

[2020-05-07 16:57:28 #8 type] 
Type domain.NormalUser is not enhanced.

[2020-05-07 16:57:28 #9 type] 
Type domain.Apustua is not enhanced.

------------------------------------------------------------------------------------------------------------------------

[2020-05-07 17:00:58 #1 type] 
Type domain.Question is not enhanced.

[2020-05-07 17:00:58 #2 type] 
Type domain.Event is not enhanced.

[2020-05-07 17:00:58 #3 type] 
Type domain.user is not enhanced.

[2020-05-07 17:00:58 #4 type] 
Type domain.Kuota is not enhanced.

[2020-05-07 17:00:58 #5 type] 
Type domain.Admin is not enhanced.

[2020-05-07 17:00:58 #6 type] 
Type domain.NormalUser is not enhanced.

[2020-05-07 17:00:58 #7 type] 
Type domain.Apustua is not enhanced.

