------------------------------------------------------------------------------------------------------------------------

[2020-10-02 13:42:07 #1 store] 
Database 'C:\Users\asier\eclipse-workspace\3.iterazioa\src\main\resources\bets.temp' is opened by 5912@DESKTOP-C8IPL15

[2020-10-02 13:42:07 #2 type] 
Type domain.Question is not enhanced.

[2020-10-02 13:42:07 #3 type] 
Type domain.Event is not enhanced.

[2020-10-02 13:42:07 #4 type] 
Type domain.user is not enhanced.

[2020-10-02 13:42:07 #5 type] 
Type domain.Kuota is not enhanced.

[2020-10-02 13:42:07 #6 type] 
Type domain.Admin is not enhanced.

[2020-10-02 13:42:07 #7 type] 
Type domain.NormalUser is not enhanced.

[2020-10-02 13:42:07 #8 type] 
Type domain.Apustua is not enhanced.

------------------------------------------------------------------------------------------------------------------------

[2020-10-02 13:42:55 #1 store] 
Database 'C:\Users\asier\eclipse-workspace\3.iterazioa\src\main\resources\bets.temp' is opened by 18012@DESKTOP-C8IPL15

[2020-10-02 13:42:55 #2 type] 
Type domain.Question is not enhanced.

[2020-10-02 13:42:55 #3 type] 
Type domain.Event is not enhanced.

[2020-10-02 13:42:55 #4 type] 
Type domain.user is not enhanced.

[2020-10-02 13:42:55 #5 type] 
Type domain.Kuota is not enhanced.

[2020-10-02 13:42:55 #6 type] 
Type domain.Admin is not enhanced.

[2020-10-02 13:42:55 #7 type] 
Type domain.NormalUser is not enhanced.

[2020-10-02 13:42:55 #8 type] 
Type domain.Apustua is not enhanced.

