------------------------------------------------------------------------------------------------------------------------

[2020-03-25 12:33:38 #1 store] 
Database 'C:\Users\asier\eclipse-workspace\Bets2020-Master\src\main\resources\bets.temp' is opened by 22864@DESKTOP-UOETFC7

[2020-03-25 12:33:38 #2 type] 
Type domain.Question is not enhanced.

[2020-03-25 12:33:38 #3 type] 
Type domain.Event is not enhanced.

[2020-03-25 12:33:38 #4 type] 
Type domain.user is not enhanced.

[2020-03-25 12:33:38 #5 type] 
Type domain.Kuota is not enhanced.

[2020-03-25 12:33:38 #6 type] 
Type domain.Admin is not enhanced.

[2020-03-25 12:33:38 #7 type] 
Type domain.NormalUser is not enhanced.

[2020-03-25 12:33:38 #8 type] 
Type domain.Apustua is not enhanced.

------------------------------------------------------------------------------------------------------------------------

[2020-03-25 12:36:33 #1 store] 
Database 'C:\Users\asier\eclipse-workspace\Bets2020-Master\src\main\resources\bets.temp' has been recovered (tr. 279-280)

[2020-03-25 12:36:33 #2 store] 
Database 'C:\Users\asier\eclipse-workspace\Bets2020-Master\src\main\resources\bets.temp' is opened by 16472@DESKTOP-UOETFC7

[2020-03-25 12:36:34 #3 type] 
Type domain.Question is not enhanced.

[2020-03-25 12:36:34 #4 type] 
Type domain.Event is not enhanced.

[2020-03-25 12:36:34 #5 type] 
Type domain.user is not enhanced.

[2020-03-25 12:36:34 #6 type] 
Type domain.Kuota is not enhanced.

[2020-03-25 12:36:34 #7 type] 
Type domain.Admin is not enhanced.

[2020-03-25 12:36:34 #8 type] 
Type domain.NormalUser is not enhanced.

[2020-03-25 12:36:34 #9 type] 
Type domain.Apustua is not enhanced.

------------------------------------------------------------------------------------------------------------------------

[2020-03-25 12:37:02 #1 store] 
Database 'C:\Users\asier\eclipse-workspace\Bets2020-Master\src\main\resources\bets.temp' has been recovered (tr. 281-282)

[2020-03-25 12:37:02 #2 store] 
Database 'C:\Users\asier\eclipse-workspace\Bets2020-Master\src\main\resources\bets.temp' is opened by 9628@DESKTOP-UOETFC7

[2020-03-25 12:37:02 #3 type] 
Type domain.Question is not enhanced.

[2020-03-25 12:37:02 #4 type] 
Type domain.Event is not enhanced.

[2020-03-25 12:37:02 #5 type] 
Type domain.user is not enhanced.

[2020-03-25 12:37:02 #6 type] 
Type domain.Kuota is not enhanced.

[2020-03-25 12:37:02 #7 type] 
Type domain.Admin is not enhanced.

[2020-03-25 12:37:02 #8 type] 
Type domain.NormalUser is not enhanced.

[2020-03-25 12:37:02 #9 type] 
Type domain.Apustua is not enhanced.

------------------------------------------------------------------------------------------------------------------------

[2020-03-25 12:38:08 #1 store] 
Database 'C:\Users\asier\eclipse-workspace\Bets2020-Master\src\main\resources\bets.temp' is opened by 21468@DESKTOP-UOETFC7

[2020-03-25 12:38:08 #2 type] 
Type domain.Question is not enhanced.

[2020-03-25 12:38:08 #3 type] 
Type domain.Event is not enhanced.

[2020-03-25 12:38:08 #4 type] 
Type domain.user is not enhanced.

[2020-03-25 12:38:08 #5 type] 
Type domain.Kuota is not enhanced.

[2020-03-25 12:38:08 #6 type] 
Type domain.Admin is not enhanced.

[2020-03-25 12:38:08 #7 type] 
Type domain.NormalUser is not enhanced.

[2020-03-25 12:38:08 #8 type] 
Type domain.Apustua is not enhanced.

