------------------------------------------------------------------------------------------------------------------------

[2020-02-20 11:00:13 #1 store] 
Database 'C:\Users\asier\eclipse-workspace\Bets2020-Master\src\main\resources\bets.temp' is opened by 12024@DESKTOP-UOETFC7

[2020-02-20 11:00:13 #2 type.registry] 
New type domain.Question

[2020-02-20 11:00:13 #3 type] 
Type domain.Question is not enhanced.

[2020-02-20 11:00:13 #4 type.registry] 
New type domain.Event

[2020-02-20 11:00:13 #5 type] 
Type domain.Event is not enhanced.

[2020-02-20 11:00:13 #6 type.registry] 
New type java.util.Vector<domain.Question>

[2020-02-20 11:00:13 #7 type.registry] 
New type java.util.Vector<java.lang.Object>

------------------------------------------------------------------------------------------------------------------------

[2020-02-20 19:55:12 #1 store] 
Database 'C:\Users\asier\eclipse-workspace\Bets2020-Master\src\main\resources\bets.temp' is opened by 14668@DESKTOP-UOETFC7

[2020-02-20 19:55:13 #2 type.registry] 
New type domain.Question

[2020-02-20 19:55:13 #3 type] 
Type domain.Question is not enhanced.

[2020-02-20 19:55:13 #4 type.registry] 
New type domain.Event

[2020-02-20 19:55:13 #5 type] 
Type domain.Event is not enhanced.

[2020-02-20 19:55:13 #6 type.registry] 
New type java.util.Vector<domain.Question>

[2020-02-20 19:55:13 #7 type.registry] 
New type java.util.Vector<java.lang.Object>

[2020-02-20 19:55:32 #8 type.registry] 
New type domain.user

[2020-02-20 19:55:32 #9 type] 
Type domain.user is not enhanced.

------------------------------------------------------------------------------------------------------------------------

[2020-02-20 19:59:04 #1 store] 
Database 'C:\Users\asier\eclipse-workspace\Bets2020-Master\src\main\resources\bets.temp' is opened by 10232@DESKTOP-UOETFC7

[2020-02-20 19:59:04 #2 type.registry] 
New type domain.Question

[2020-02-20 19:59:04 #3 type] 
Type domain.Question is not enhanced.

[2020-02-20 19:59:04 #4 type.registry] 
New type domain.Event

[2020-02-20 19:59:04 #5 type] 
Type domain.Event is not enhanced.

[2020-02-20 19:59:04 #6 type.registry] 
New type java.util.Vector<domain.Question>

[2020-02-20 19:59:04 #7 type.registry] 
New type java.util.Vector<java.lang.Object>

------------------------------------------------------------------------------------------------------------------------

[2020-02-20 20:01:51 #1 store] 
Database 'C:\Users\asier\eclipse-workspace\Bets2020-Master\src\main\resources\bets.temp' is opened by 14220@DESKTOP-UOETFC7

[2020-02-20 20:01:51 #2 type.registry] 
New type domain.Question

[2020-02-20 20:01:51 #3 type] 
Type domain.Question is not enhanced.

[2020-02-20 20:01:51 #4 type.registry] 
New type domain.Event

[2020-02-20 20:01:51 #5 type] 
Type domain.Event is not enhanced.

[2020-02-20 20:01:51 #6 type.registry] 
New type java.util.Vector<domain.Question>

[2020-02-20 20:01:51 #7 type.registry] 
New type java.util.Vector<java.lang.Object>

------------------------------------------------------------------------------------------------------------------------

[2020-02-20 20:04:21 #1 store] 
Database 'C:\Users\asier\eclipse-workspace\Bets2020-Master\src\main\resources\bets.temp' is opened by 19416@DESKTOP-UOETFC7

[2020-02-20 20:04:21 #2 type.registry] 
New type domain.Question

[2020-02-20 20:04:21 #3 type] 
Type domain.Question is not enhanced.

[2020-02-20 20:04:21 #4 type.registry] 
New type domain.Event

[2020-02-20 20:04:21 #5 type] 
Type domain.Event is not enhanced.

[2020-02-20 20:04:21 #6 type.registry] 
New type java.util.Vector<domain.Question>

[2020-02-20 20:04:21 #7 type.registry] 
New type java.util.Vector<java.lang.Object>

------------------------------------------------------------------------------------------------------------------------

[2020-02-20 20:05:12 #1 store] 
Database 'C:\Users\asier\eclipse-workspace\Bets2020-Master\src\main\resources\bets.temp' is opened by 7876@DESKTOP-UOETFC7

[2020-02-20 20:05:12 #2 type.registry] 
New type domain.Question

[2020-02-20 20:05:12 #3 type] 
Type domain.Question is not enhanced.

[2020-02-20 20:05:12 #4 type.registry] 
New type domain.Event

[2020-02-20 20:05:12 #5 type] 
Type domain.Event is not enhanced.

[2020-02-20 20:05:12 #6 type.registry] 
New type java.util.Vector<domain.Question>

[2020-02-20 20:05:12 #7 type.registry] 
New type java.util.Vector<java.lang.Object>

------------------------------------------------------------------------------------------------------------------------

[2020-02-20 20:06:47 #1 store] 
Database 'C:\Users\asier\eclipse-workspace\Bets2020-Master\src\main\resources\bets.temp' is opened by 2428@DESKTOP-UOETFC7

[2020-02-20 20:06:47 #2 type.registry] 
New type domain.Question

[2020-02-20 20:06:47 #3 type] 
Type domain.Question is not enhanced.

[2020-02-20 20:06:47 #4 type.registry] 
New type domain.Event

[2020-02-20 20:06:47 #5 type] 
Type domain.Event is not enhanced.

[2020-02-20 20:06:47 #6 type.registry] 
New type java.util.Vector<domain.Question>

[2020-02-20 20:06:47 #7 type.registry] 
New type java.util.Vector<java.lang.Object>

------------------------------------------------------------------------------------------------------------------------

[2020-02-20 20:08:24 #1 store] 
Database 'C:\Users\asier\eclipse-workspace\Bets2020-Master\src\main\resources\bets.temp' is opened by 11040@DESKTOP-UOETFC7

[2020-02-20 20:08:25 #2 type.registry] 
New type domain.Question

[2020-02-20 20:08:25 #3 type] 
Type domain.Question is not enhanced.

[2020-02-20 20:08:25 #4 type.registry] 
New type domain.Event

[2020-02-20 20:08:25 #5 type] 
Type domain.Event is not enhanced.

[2020-02-20 20:08:25 #6 type.registry] 
New type java.util.Vector<domain.Question>

[2020-02-20 20:08:25 #7 type.registry] 
New type java.util.Vector<java.lang.Object>

[2020-02-20 20:08:35 #8 type.registry] 
New type domain.user

[2020-02-20 20:08:35 #9 type] 
Type domain.user is not enhanced.

------------------------------------------------------------------------------------------------------------------------

[2020-02-20 20:13:47 #1 store] 
Database 'C:\Users\asier\eclipse-workspace\Bets2020-Master\src\main\resources\bets.temp' is opened by 14908@DESKTOP-UOETFC7

[2020-02-20 20:13:47 #2 type.registry] 
New type domain.Question

[2020-02-20 20:13:47 #3 type] 
Type domain.Question is not enhanced.

[2020-02-20 20:13:47 #4 type.registry] 
New type domain.Event

[2020-02-20 20:13:47 #5 type] 
Type domain.Event is not enhanced.

[2020-02-20 20:13:47 #6 type.registry] 
New type java.util.Vector<domain.Question>

[2020-02-20 20:13:47 #7 type.registry] 
New type java.util.Vector<java.lang.Object>

[2020-02-20 20:13:54 #8 type.registry] 
New type domain.user

[2020-02-20 20:13:54 #9 type] 
Type domain.user is not enhanced.

------------------------------------------------------------------------------------------------------------------------

[2020-02-20 20:15:00 #1 store] 
Database 'C:\Users\asier\eclipse-workspace\Bets2020-Master\src\main\resources\bets.temp' is opened by 21972@DESKTOP-UOETFC7

[2020-02-20 20:15:00 #2 type.registry] 
New type domain.Question

[2020-02-20 20:15:00 #3 type] 
Type domain.Question is not enhanced.

[2020-02-20 20:15:00 #4 type.registry] 
New type domain.Event

[2020-02-20 20:15:00 #5 type] 
Type domain.Event is not enhanced.

[2020-02-20 20:15:00 #6 type.registry] 
New type java.util.Vector<domain.Question>

[2020-02-20 20:15:00 #7 type.registry] 
New type java.util.Vector<java.lang.Object>

[2020-02-20 20:15:06 #8 type.registry] 
New type domain.user

[2020-02-20 20:15:06 #9 type] 
Type domain.user is not enhanced.

------------------------------------------------------------------------------------------------------------------------

[2020-02-20 20:26:04 #1 store] 
Database 'C:\Users\asier\eclipse-workspace\Bets2020-Master\src\main\resources\bets.temp' is opened by 22160@DESKTOP-UOETFC7

[2020-02-20 20:26:04 #2 type.registry] 
New type domain.Question

[2020-02-20 20:26:04 #3 type] 
Type domain.Question is not enhanced.

[2020-02-20 20:26:04 #4 type.registry] 
New type domain.Event

[2020-02-20 20:26:04 #5 type] 
Type domain.Event is not enhanced.

[2020-02-20 20:26:04 #6 type.registry] 
New type java.util.Vector<domain.Question>

[2020-02-20 20:26:04 #7 type.registry] 
New type java.util.Vector<java.lang.Object>

------------------------------------------------------------------------------------------------------------------------

[2020-02-20 20:26:56 #1 store] 
Database 'C:\Users\asier\eclipse-workspace\Bets2020-Master\src\main\resources\bets.temp' is opened by 22316@DESKTOP-UOETFC7

[2020-02-20 20:26:56 #2 type.registry] 
New type domain.Question

[2020-02-20 20:26:56 #3 type] 
Type domain.Question is not enhanced.

[2020-02-20 20:26:56 #4 type.registry] 
New type domain.Event

[2020-02-20 20:26:56 #5 type] 
Type domain.Event is not enhanced.

[2020-02-20 20:26:56 #6 type.registry] 
New type java.util.Vector<domain.Question>

[2020-02-20 20:26:56 #7 type.registry] 
New type java.util.Vector<java.lang.Object>

------------------------------------------------------------------------------------------------------------------------

[2020-02-20 20:27:53 #1 store] 
Database 'C:\Users\asier\eclipse-workspace\Bets2020-Master\src\main\resources\bets.temp' is opened by 7604@DESKTOP-UOETFC7

[2020-02-20 20:27:53 #2 type.registry] 
New type domain.Question

[2020-02-20 20:27:53 #3 type] 
Type domain.Question is not enhanced.

[2020-02-20 20:27:54 #4 type.registry] 
New type domain.Event

[2020-02-20 20:27:54 #5 type] 
Type domain.Event is not enhanced.

[2020-02-20 20:27:54 #6 type.registry] 
New type java.util.Vector<domain.Question>

[2020-02-20 20:27:54 #7 type.registry] 
New type java.util.Vector<java.lang.Object>

------------------------------------------------------------------------------------------------------------------------

[2020-02-20 20:31:15 #1 store] 
Database 'C:\Users\asier\eclipse-workspace\Bets2020-Master\src\main\resources\bets.temp' is opened by 18340@DESKTOP-UOETFC7

[2020-02-20 20:31:15 #2 type.registry] 
New type domain.Question

[2020-02-20 20:31:15 #3 type] 
Type domain.Question is not enhanced.

[2020-02-20 20:31:15 #4 type.registry] 
New type domain.Event

[2020-02-20 20:31:15 #5 type] 
Type domain.Event is not enhanced.

[2020-02-20 20:31:15 #6 type.registry] 
New type java.util.Vector<domain.Question>

[2020-02-20 20:31:15 #7 type.registry] 
New type java.util.Vector<java.lang.Object>

[2020-02-20 20:31:24 #8 type.registry] 
New type domain.user

[2020-02-20 20:31:24 #9 type] 
Type domain.user is not enhanced.

------------------------------------------------------------------------------------------------------------------------

[2020-02-20 20:33:52 #1 store] 
Database 'C:\Users\asier\eclipse-workspace\Bets2020-Master\src\main\resources\bets.temp' is opened by 11876@DESKTOP-UOETFC7

[2020-02-20 20:33:53 #2 type.registry] 
New type domain.Question

[2020-02-20 20:33:53 #3 type] 
Type domain.Question is not enhanced.

[2020-02-20 20:33:53 #4 type.registry] 
New type domain.Event

[2020-02-20 20:33:53 #5 type] 
Type domain.Event is not enhanced.

[2020-02-20 20:33:53 #6 type.registry] 
New type java.util.Vector<domain.Question>

[2020-02-20 20:33:53 #7 type.registry] 
New type java.util.Vector<java.lang.Object>

[2020-02-20 20:33:58 #8 type.registry] 
New type domain.user

[2020-02-20 20:33:58 #9 type] 
Type domain.user is not enhanced.

------------------------------------------------------------------------------------------------------------------------

[2020-02-20 20:34:13 #1 store] 
Database 'C:\Users\asier\eclipse-workspace\Bets2020-Master\src\main\resources\bets.temp' is opened by 13012@DESKTOP-UOETFC7

[2020-02-20 20:34:13 #2 type.registry] 
New type domain.Question

[2020-02-20 20:34:13 #3 type] 
Type domain.Question is not enhanced.

[2020-02-20 20:34:13 #4 type.registry] 
New type domain.Event

[2020-02-20 20:34:13 #5 type] 
Type domain.Event is not enhanced.

[2020-02-20 20:34:13 #6 type.registry] 
New type java.util.Vector<domain.Question>

[2020-02-20 20:34:13 #7 type.registry] 
New type java.util.Vector<java.lang.Object>

------------------------------------------------------------------------------------------------------------------------

[2020-02-20 20:37:17 #1 store] 
Database 'C:\Users\asier\eclipse-workspace\Bets2020-Master\src\main\resources\bets.temp' is opened by 18352@DESKTOP-UOETFC7

[2020-02-20 20:37:18 #2 type.registry] 
New type domain.Question

[2020-02-20 20:37:18 #3 type] 
Type domain.Question is not enhanced.

[2020-02-20 20:37:18 #4 type.registry] 
New type domain.Event

[2020-02-20 20:37:18 #5 type] 
Type domain.Event is not enhanced.

[2020-02-20 20:37:18 #6 type.registry] 
New type java.util.Vector<domain.Question>

[2020-02-20 20:37:18 #7 type.registry] 
New type java.util.Vector<java.lang.Object>

[2020-02-20 20:37:24 #8 type.registry] 
New type domain.user

[2020-02-20 20:37:24 #9 type] 
Type domain.user is not enhanced.

------------------------------------------------------------------------------------------------------------------------

[2020-02-20 20:40:36 #1 store] 
Database 'C:\Users\asier\eclipse-workspace\Bets2020-Master\src\main\resources\bets.temp' is opened by 2400@DESKTOP-UOETFC7

[2020-02-20 20:40:36 #2 type.registry] 
New type domain.Question

[2020-02-20 20:40:36 #3 type] 
Type domain.Question is not enhanced.

[2020-02-20 20:40:36 #4 type.registry] 
New type domain.Event

[2020-02-20 20:40:36 #5 type] 
Type domain.Event is not enhanced.

[2020-02-20 20:40:36 #6 type.registry] 
New type java.util.Vector<domain.Question>

[2020-02-20 20:40:36 #7 type.registry] 
New type java.util.Vector<java.lang.Object>

[2020-02-20 20:40:46 #8 type.registry] 
New type domain.user

[2020-02-20 20:40:46 #9 type] 
Type domain.user is not enhanced.

------------------------------------------------------------------------------------------------------------------------

[2020-02-20 20:42:35 #1 store] 
Database 'C:\Users\asier\eclipse-workspace\Bets2020-Master\src\main\resources\bets.temp' is opened by 17168@DESKTOP-UOETFC7

[2020-02-20 20:42:35 #2 type.registry] 
New type domain.Question

[2020-02-20 20:42:35 #3 type] 
Type domain.Question is not enhanced.

[2020-02-20 20:42:35 #4 type.registry] 
New type domain.Event

[2020-02-20 20:42:35 #5 type] 
Type domain.Event is not enhanced.

[2020-02-20 20:42:35 #6 type.registry] 
New type java.util.Vector<domain.Question>

[2020-02-20 20:42:35 #7 type.registry] 
New type java.util.Vector<java.lang.Object>

[2020-02-20 20:42:43 #8 type.registry] 
New type domain.user

[2020-02-20 20:42:43 #9 type] 
Type domain.user is not enhanced.

------------------------------------------------------------------------------------------------------------------------

[2020-02-20 20:47:50 #1 store] 
Database 'C:\Users\asier\eclipse-workspace\Bets2020-Master\src\main\resources\bets.temp' is opened by 10120@DESKTOP-UOETFC7

[2020-02-20 20:47:50 #2 type.registry] 
New type domain.Question

[2020-02-20 20:47:50 #3 type] 
Type domain.Question is not enhanced.

[2020-02-20 20:47:50 #4 type.registry] 
New type domain.Event

[2020-02-20 20:47:50 #5 type] 
Type domain.Event is not enhanced.

[2020-02-20 20:47:50 #6 type.registry] 
New type java.util.Vector<domain.Question>

[2020-02-20 20:47:50 #7 type.registry] 
New type java.util.Vector<java.lang.Object>

[2020-02-20 20:47:57 #8 type.registry] 
New type domain.user

[2020-02-20 20:47:57 #9 type] 
Type domain.user is not enhanced.

------------------------------------------------------------------------------------------------------------------------

[2020-02-20 20:50:14 #1 store] 
Database 'C:\Users\asier\eclipse-workspace\Bets2020-Master\src\main\resources\bets.temp' is opened by 15232@DESKTOP-UOETFC7

[2020-02-20 20:50:15 #2 type.registry] 
New type domain.Question

[2020-02-20 20:50:15 #3 type] 
Type domain.Question is not enhanced.

[2020-02-20 20:50:15 #4 type.registry] 
New type domain.Event

[2020-02-20 20:50:15 #5 type] 
Type domain.Event is not enhanced.

[2020-02-20 20:50:15 #6 type.registry] 
New type java.util.Vector<domain.Question>

[2020-02-20 20:50:15 #7 type.registry] 
New type java.util.Vector<java.lang.Object>

[2020-02-20 20:50:20 #8 type.registry] 
New type domain.user

[2020-02-20 20:50:20 #9 type] 
Type domain.user is not enhanced.

------------------------------------------------------------------------------------------------------------------------

[2020-02-20 20:53:09 #1 store] 
Database 'C:\Users\asier\eclipse-workspace\Bets2020-Master\src\main\resources\bets.temp' is opened by 15704@DESKTOP-UOETFC7

[2020-02-20 20:53:09 #2 type.registry] 
New type domain.Question

[2020-02-20 20:53:09 #3 type] 
Type domain.Question is not enhanced.

[2020-02-20 20:53:09 #4 type.registry] 
New type domain.Event

[2020-02-20 20:53:09 #5 type] 
Type domain.Event is not enhanced.

[2020-02-20 20:53:09 #6 type.registry] 
New type java.util.Vector<domain.Question>

[2020-02-20 20:53:09 #7 type.registry] 
New type java.util.Vector<java.lang.Object>

[2020-02-20 20:53:15 #8 type.registry] 
New type domain.user

[2020-02-20 20:53:15 #9 type] 
Type domain.user is not enhanced.

------------------------------------------------------------------------------------------------------------------------

[2020-02-20 20:54:11 #1 store] 
Database 'C:\Users\asier\eclipse-workspace\Bets2020-Master\src\main\resources\bets.temp' is opened by 13104@DESKTOP-UOETFC7

[2020-02-20 20:54:11 #2 type.registry] 
New type domain.Question

[2020-02-20 20:54:11 #3 type] 
Type domain.Question is not enhanced.

[2020-02-20 20:54:11 #4 type.registry] 
New type domain.Event

[2020-02-20 20:54:11 #5 type] 
Type domain.Event is not enhanced.

[2020-02-20 20:54:11 #6 type.registry] 
New type java.util.Vector<domain.Question>

[2020-02-20 20:54:11 #7 type.registry] 
New type java.util.Vector<java.lang.Object>

[2020-02-20 20:54:18 #8 type.registry] 
New type domain.user

[2020-02-20 20:54:18 #9 type] 
Type domain.user is not enhanced.

------------------------------------------------------------------------------------------------------------------------

[2020-02-20 20:56:58 #1 store] 
Database 'C:\Users\asier\eclipse-workspace\Bets2020-Master\src\main\resources\bets.temp' is opened by 21124@DESKTOP-UOETFC7

[2020-02-20 20:56:58 #2 type.registry] 
New type domain.Question

[2020-02-20 20:56:58 #3 type] 
Type domain.Question is not enhanced.

[2020-02-20 20:56:58 #4 type.registry] 
New type domain.Event

[2020-02-20 20:56:58 #5 type] 
Type domain.Event is not enhanced.

[2020-02-20 20:56:58 #6 type.registry] 
New type java.util.Vector<domain.Question>

[2020-02-20 20:56:58 #7 type.registry] 
New type java.util.Vector<java.lang.Object>

[2020-02-20 20:57:05 #8 type.registry] 
New type domain.user

[2020-02-20 20:57:05 #9 type] 
Type domain.user is not enhanced.

------------------------------------------------------------------------------------------------------------------------

[2020-02-20 20:58:43 #1 store] 
Database 'C:\Users\asier\eclipse-workspace\Bets2020-Master\src\main\resources\bets.temp' is opened by 6624@DESKTOP-UOETFC7

[2020-02-20 20:58:43 #2 type.registry] 
New type domain.Question

[2020-02-20 20:58:43 #3 type] 
Type domain.Question is not enhanced.

[2020-02-20 20:58:43 #4 type.registry] 
New type domain.Event

[2020-02-20 20:58:43 #5 type] 
Type domain.Event is not enhanced.

[2020-02-20 20:58:43 #6 type.registry] 
New type java.util.Vector<domain.Question>

[2020-02-20 20:58:43 #7 type.registry] 
New type java.util.Vector<java.lang.Object>

[2020-02-20 20:59:11 #8 type.registry] 
New type domain.user

[2020-02-20 20:59:11 #9 type] 
Type domain.user is not enhanced.

------------------------------------------------------------------------------------------------------------------------

[2020-02-20 22:12:17 #1 store] 
Database 'C:\Users\asier\eclipse-workspace\Bets2020-Master\src\main\resources\bets.temp' is opened by 21312@DESKTOP-UOETFC7

[2020-02-20 22:12:17 #2 type.registry] 
New type domain.Question

[2020-02-20 22:12:17 #3 type] 
Type domain.Question is not enhanced.

[2020-02-20 22:12:17 #4 type.registry] 
New type domain.Event

[2020-02-20 22:12:17 #5 type] 
Type domain.Event is not enhanced.

[2020-02-20 22:12:17 #6 type.registry] 
New type java.util.Vector<domain.Question>

[2020-02-20 22:12:17 #7 type.registry] 
New type java.util.Vector<java.lang.Object>

------------------------------------------------------------------------------------------------------------------------

[2020-02-20 22:15:51 #1 store] 
Database 'C:\Users\asier\eclipse-workspace\Bets2020-Master\src\main\resources\bets.temp' is opened by 20484@DESKTOP-UOETFC7

[2020-02-20 22:15:51 #2 type.registry] 
New type domain.Question

[2020-02-20 22:15:51 #3 type] 
Type domain.Question is not enhanced.

[2020-02-20 22:15:51 #4 type.registry] 
New type domain.Event

[2020-02-20 22:15:51 #5 type] 
Type domain.Event is not enhanced.

[2020-02-20 22:15:51 #6 type.registry] 
New type java.util.Vector<domain.Question>

[2020-02-20 22:15:51 #7 type.registry] 
New type java.util.Vector<java.lang.Object>

------------------------------------------------------------------------------------------------------------------------

[2020-02-20 22:17:04 #1 store] 
Database 'C:\Users\asier\eclipse-workspace\Bets2020-Master\src\main\resources\bets.temp' is opened by 2804@DESKTOP-UOETFC7

[2020-02-20 22:17:04 #2 type.registry] 
New type domain.Question

[2020-02-20 22:17:04 #3 type] 
Type domain.Question is not enhanced.

[2020-02-20 22:17:04 #4 type.registry] 
New type domain.Event

[2020-02-20 22:17:04 #5 type] 
Type domain.Event is not enhanced.

[2020-02-20 22:17:04 #6 type.registry] 
New type java.util.Vector<domain.Question>

[2020-02-20 22:17:04 #7 type.registry] 
New type java.util.Vector<java.lang.Object>

------------------------------------------------------------------------------------------------------------------------

[2020-02-20 22:17:49 #1 store] 
Database 'C:\Users\asier\eclipse-workspace\Bets2020-Master\src\main\resources\bets.temp' is opened by 14632@DESKTOP-UOETFC7

[2020-02-20 22:17:49 #2 type.registry] 
New type domain.Question

[2020-02-20 22:17:49 #3 type] 
Type domain.Question is not enhanced.

[2020-02-20 22:17:49 #4 type.registry] 
New type domain.Event

[2020-02-20 22:17:49 #5 type] 
Type domain.Event is not enhanced.

[2020-02-20 22:17:49 #6 type.registry] 
New type java.util.Vector<domain.Question>

[2020-02-20 22:17:49 #7 type.registry] 
New type java.util.Vector<java.lang.Object>

[2020-02-20 22:17:59 #8 type.registry] 
New type domain.user

[2020-02-20 22:17:59 #9 type] 
Type domain.user is not enhanced.

------------------------------------------------------------------------------------------------------------------------

[2020-02-20 22:19:35 #1 store] 
Database 'C:\Users\asier\eclipse-workspace\Bets2020-Master\src\main\resources\bets.temp' is opened by 21460@DESKTOP-UOETFC7

[2020-02-20 22:19:35 #2 type.registry] 
New type domain.Question

[2020-02-20 22:19:35 #3 type] 
Type domain.Question is not enhanced.

[2020-02-20 22:19:35 #4 type.registry] 
New type domain.Event

[2020-02-20 22:19:35 #5 type] 
Type domain.Event is not enhanced.

[2020-02-20 22:19:35 #6 type.registry] 
New type java.util.Vector<domain.Question>

[2020-02-20 22:19:35 #7 type.registry] 
New type java.util.Vector<java.lang.Object>

[2020-02-20 22:19:42 #8 type.registry] 
New type domain.user

[2020-02-20 22:19:42 #9 type] 
Type domain.user is not enhanced.

------------------------------------------------------------------------------------------------------------------------

[2020-02-20 22:20:50 #1 store] 
Database 'C:\Users\asier\eclipse-workspace\Bets2020-Master\src\main\resources\bets.temp' is opened by 18892@DESKTOP-UOETFC7

[2020-02-20 22:20:50 #2 type.registry] 
New type domain.Question

[2020-02-20 22:20:50 #3 type] 
Type domain.Question is not enhanced.

[2020-02-20 22:20:50 #4 type.registry] 
New type domain.Event

[2020-02-20 22:20:50 #5 type] 
Type domain.Event is not enhanced.

[2020-02-20 22:20:50 #6 type.registry] 
New type java.util.Vector<domain.Question>

[2020-02-20 22:20:50 #7 type.registry] 
New type java.util.Vector<java.lang.Object>

[2020-02-20 22:20:58 #8 type.registry] 
New type domain.user

[2020-02-20 22:20:58 #9 type] 
Type domain.user is not enhanced.

------------------------------------------------------------------------------------------------------------------------

[2020-02-20 22:35:59 #1 store] 
Database 'C:\Users\asier\eclipse-workspace\Bets2020-Master\src\main\resources\bets.temp' is opened by 21140@DESKTOP-UOETFC7

[2020-02-20 22:36:00 #2 type.registry] 
New type domain.Question

[2020-02-20 22:36:00 #3 type] 
Type domain.Question is not enhanced.

[2020-02-20 22:36:00 #4 type.registry] 
New type domain.Event

[2020-02-20 22:36:00 #5 type] 
Type domain.Event is not enhanced.

[2020-02-20 22:36:00 #6 type.registry] 
New type java.util.Vector<domain.Question>

[2020-02-20 22:36:00 #7 type.registry] 
New type java.util.Vector<java.lang.Object>

[2020-02-20 22:36:07 #8 type.registry] 
New type domain.user

[2020-02-20 22:36:07 #9 type] 
Type domain.user is not enhanced.

------------------------------------------------------------------------------------------------------------------------

[2020-02-20 22:38:38 #1 store] 
Database 'C:\Users\asier\eclipse-workspace\Bets2020-Master\src\main\resources\bets.temp' is opened by 21728@DESKTOP-UOETFC7

[2020-02-20 22:38:38 #2 type.registry] 
New type domain.Question

[2020-02-20 22:38:38 #3 type] 
Type domain.Question is not enhanced.

[2020-02-20 22:38:38 #4 type.registry] 
New type domain.Event

[2020-02-20 22:38:38 #5 type] 
Type domain.Event is not enhanced.

[2020-02-20 22:38:38 #6 type.registry] 
New type java.util.Vector<domain.Question>

[2020-02-20 22:38:38 #7 type.registry] 
New type java.util.Vector<java.lang.Object>

[2020-02-20 22:38:48 #8 type.registry] 
New type domain.user

[2020-02-20 22:38:48 #9 type] 
Type domain.user is not enhanced.

------------------------------------------------------------------------------------------------------------------------

[2020-02-20 22:39:13 #1 store] 
Database 'C:\Users\asier\eclipse-workspace\Bets2020-Master\src\main\resources\bets.temp' is opened by 16620@DESKTOP-UOETFC7

[2020-02-20 22:39:13 #2 type.registry] 
New type domain.Question

[2020-02-20 22:39:13 #3 type] 
Type domain.Question is not enhanced.

[2020-02-20 22:39:13 #4 type.registry] 
New type domain.Event

[2020-02-20 22:39:13 #5 type] 
Type domain.Event is not enhanced.

[2020-02-20 22:39:13 #6 type.registry] 
New type java.util.Vector<domain.Question>

[2020-02-20 22:39:13 #7 type.registry] 
New type java.util.Vector<java.lang.Object>

[2020-02-20 22:39:27 #8 type.registry] 
New type domain.user

[2020-02-20 22:39:27 #9 type] 
Type domain.user is not enhanced.

