------------------------------------------------------------------------------------------------------------------------

[2020-03-20 12:14:21 #1 store] 
Database 'C:\Users\asier\eclipse-workspace\Bets2020-Master\src\main\resources\bets.temp' is opened by 18740@DESKTOP-UOETFC7

[2020-03-20 12:14:21 #2 type] 
Type domain.Question is not enhanced.

[2020-03-20 12:14:21 #3 type] 
Type domain.Event is not enhanced.

[2020-03-20 12:14:21 #4 type] 
Type domain.user is not enhanced.

[2020-03-20 12:14:21 #5 type] 
Type domain.Kuota is not enhanced.

[2020-03-20 12:14:21 #6 type] 
Type domain.Admin is not enhanced.

[2020-03-20 12:14:21 #7 type] 
Type domain.NormalUser is not enhanced.

[2020-03-20 12:14:21 #8 load] 
[ObjectDB 2.6.9_09] Unexpected exception (Error 990)
  Generated by Java HotSpot(TM) 64-Bit Server VM 1.8.0_202 (on Windows 10 10.0).
Please report this error on http://www.objectdb.com/database/issue/new
com.objectdb.o.InternalException: Unexpected request domain.NormalUser:'admin'
com.objectdb.o.InternalException: Unexpected request domain.NormalUser:'admin'
	at com.objectdb.o.LDR.Vz(LDR.java:1030)
	at com.objectdb.o.RTT.G(RTT.java:267)
	at com.objectdb.o.RTT.F(RTT.java:249)
	at com.objectdb.o.RRT.C(RRT.java:288)
	at com.objectdb.o.RTT.l(RTT.java:134)
	at com.objectdb.o.RRT.l(RRT.java:32)
	at com.objectdb.o.TSK.i(TSK.java:145)
	at com.objectdb.o.TSK.f(TSK.java:95)
	at com.objectdb.o.TSM.e(TSM.java:86)
	at com.objectdb.o.MST.a1(MST.java:707)
	at com.objectdb.o.MST.aY(MST.java:476)
	at com.objectdb.o.MST.U6(MST.java:442)
	at com.objectdb.o.WRA.U6(WRA.java:266)
	at com.objectdb.o.LDR.G(LDR.java:556)
	at com.objectdb.o.LDR.F(LDR.java:473)
	at com.objectdb.o.LDR.A(LDR.java:272)
	at com.objectdb.o.OBC.aO(OBC.java:1061)
	at com.objectdb.o.OBC.aM(OBC.java:979)
	at com.objectdb.jpa.EMImpl.find(EMImpl.java:599)
	at com.objectdb.jpa.EMImpl.find(EMImpl.java:519)
	at dataAccess.DataAccess.egiaztatuErabiltzailea(DataAccess.java:270)
	at businessLogic.BLFacadeImplementation.egiaztatuErab(BLFacadeImplementation.java:112)
	at gui.Login$4.actionPerformed(Login.java:93)
	at javax.swing.AbstractButton.fireActionPerformed(Unknown Source)
	at javax.swing.AbstractButton$Handler.actionPerformed(Unknown Source)
	at javax.swing.DefaultButtonModel.fireActionPerformed(Unknown Source)
	at javax.swing.DefaultButtonModel.setPressed(Unknown Source)
	at javax.swing.plaf.basic.BasicButtonListener.mouseReleased(Unknown Source)
	at java.awt.Component.processMouseEvent(Unknown Source)
	at javax.swing.JComponent.processMouseEvent(Unknown Source)
	at java.awt.Component.processEvent(Unknown Source)
	at java.awt.Container.processEvent(Unknown Source)
	at java.awt.Component.dispatchEventImpl(Unknown Source)
	at java.awt.Container.dispatchEventImpl(Unknown Source)
	at java.awt.Component.dispatchEvent(Unknown Source)
	at java.awt.LightweightDispatcher.retargetMouseEvent(Unknown Source)
	at java.awt.LightweightDispatcher.processMouseEvent(Unknown Source)
	at java.awt.LightweightDispatcher.dispatchEvent(Unknown Source)
	at java.awt.Container.dispatchEventImpl(Unknown Source)
	at java.awt.Window.dispatchEventImpl(Unknown Source)
	at java.awt.Component.dispatchEvent(Unknown Source)
	at java.awt.EventQueue.dispatchEventImpl(Unknown Source)
	at java.awt.EventQueue.access$500(Unknown Source)
	at java.awt.EventQueue$3.run(Unknown Source)
	at java.awt.EventQueue$3.run(Unknown Source)
	at java.security.AccessController.doPrivileged(Native Method)
	at java.security.ProtectionDomain$JavaSecurityAccessImpl.doIntersectionPrivilege(Unknown Source)
	at java.security.ProtectionDomain$JavaSecurityAccessImpl.doIntersectionPrivilege(Unknown Source)
	at java.awt.EventQueue$4.run(Unknown Source)
	at java.awt.EventQueue$4.run(Unknown Source)
	at java.security.AccessController.doPrivileged(Native Method)
	at java.security.ProtectionDomain$JavaSecurityAccessImpl.doIntersectionPrivilege(Unknown Source)
	at java.awt.EventQueue.dispatchEvent(Unknown Source)
	at java.awt.EventDispatchThread.pumpOneEventForFilters(Unknown Source)
	at java.awt.EventDispatchThread.pumpEventsForFilter(Unknown Source)
	at java.awt.EventDispatchThread.pumpEventsForHierarchy(Unknown Source)
	at java.awt.EventDispatchThread.pumpEvents(Unknown Source)
	at java.awt.EventDispatchThread.pumpEvents(Unknown Source)
	at java.awt.EventDispatchThread.run(Unknown Source)

[2020-03-20 12:14:21 #9 load] 
Request set: {}

[2020-03-20 12:14:21 #10 load] 
[ObjectDB 2.6.9_09] Unexpected exception (Error 990)
  Generated by Java HotSpot(TM) 64-Bit Server VM 1.8.0_202 (on Windows 10 10.0).
Please report this error on http://www.objectdb.com/database/issue/new
com.objectdb.o.InternalException: Unexpected request domain.NormalUser:'admin'
com.objectdb.o.InternalException: Unexpected request domain.NormalUser:'admin'
	at com.objectdb.o.LDR.Vz(LDR.java:1030)
	at com.objectdb.o.RTT.G(RTT.java:267)
	at com.objectdb.o.RTT.F(RTT.java:249)
	at com.objectdb.o.RRT.C(RRT.java:288)
	at com.objectdb.o.RTT.l(RTT.java:134)
	at com.objectdb.o.RRT.l(RRT.java:32)
	at com.objectdb.o.TSK.i(TSK.java:145)
	at com.objectdb.o.TSK.f(TSK.java:95)
	at com.objectdb.o.TSM.e(TSM.java:86)
	at com.objectdb.o.MST.a1(MST.java:707)
	at com.objectdb.o.MST.aY(MST.java:476)
	at com.objectdb.o.MST.U6(MST.java:442)
	at com.objectdb.o.WRA.U6(WRA.java:266)
	at com.objectdb.o.LDR.G(LDR.java:556)
	at com.objectdb.o.LDR.F(LDR.java:473)
	at com.objectdb.o.LDR.A(LDR.java:272)
	at com.objectdb.o.OBC.aO(OBC.java:1061)
	at com.objectdb.o.OBC.aM(OBC.java:979)
	at com.objectdb.jpa.EMImpl.find(EMImpl.java:599)
	at com.objectdb.jpa.EMImpl.find(EMImpl.java:519)
	at dataAccess.DataAccess.erabiltzaileaLortu(DataAccess.java:251)
	at businessLogic.BLFacadeImplementation.lortuErab(BLFacadeImplementation.java:126)
	at gui.Login$4.actionPerformed(Login.java:97)
	at javax.swing.AbstractButton.fireActionPerformed(Unknown Source)
	at javax.swing.AbstractButton$Handler.actionPerformed(Unknown Source)
	at javax.swing.DefaultButtonModel.fireActionPerformed(Unknown Source)
	at javax.swing.DefaultButtonModel.setPressed(Unknown Source)
	at javax.swing.plaf.basic.BasicButtonListener.mouseReleased(Unknown Source)
	at java.awt.Component.processMouseEvent(Unknown Source)
	at javax.swing.JComponent.processMouseEvent(Unknown Source)
	at java.awt.Component.processEvent(Unknown Source)
	at java.awt.Container.processEvent(Unknown Source)
	at java.awt.Component.dispatchEventImpl(Unknown Source)
	at java.awt.Container.dispatchEventImpl(Unknown Source)
	at java.awt.Component.dispatchEvent(Unknown Source)
	at java.awt.LightweightDispatcher.retargetMouseEvent(Unknown Source)
	at java.awt.LightweightDispatcher.processMouseEvent(Unknown Source)
	at java.awt.LightweightDispatcher.dispatchEvent(Unknown Source)
	at java.awt.Container.dispatchEventImpl(Unknown Source)
	at java.awt.Window.dispatchEventImpl(Unknown Source)
	at java.awt.Component.dispatchEvent(Unknown Source)
	at java.awt.EventQueue.dispatchEventImpl(Unknown Source)
	at java.awt.EventQueue.access$500(Unknown Source)
	at java.awt.EventQueue$3.run(Unknown Source)
	at java.awt.EventQueue$3.run(Unknown Source)
	at java.security.AccessController.doPrivileged(Native Method)
	at java.security.ProtectionDomain$JavaSecurityAccessImpl.doIntersectionPrivilege(Unknown Source)
	at java.security.ProtectionDomain$JavaSecurityAccessImpl.doIntersectionPrivilege(Unknown Source)
	at java.awt.EventQueue$4.run(Unknown Source)
	at java.awt.EventQueue$4.run(Unknown Source)
	at java.security.AccessController.doPrivileged(Native Method)
	at java.security.ProtectionDomain$JavaSecurityAccessImpl.doIntersectionPrivilege(Unknown Source)
	at java.awt.EventQueue.dispatchEvent(Unknown Source)
	at java.awt.EventDispatchThread.pumpOneEventForFilters(Unknown Source)
	at java.awt.EventDispatchThread.pumpEventsForFilter(Unknown Source)
	at java.awt.EventDispatchThread.pumpEventsForHierarchy(Unknown Source)
	at java.awt.EventDispatchThread.pumpEvents(Unknown Source)
	at java.awt.EventDispatchThread.pumpEvents(Unknown Source)
	at java.awt.EventDispatchThread.run(Unknown Source)

[2020-03-20 12:14:21 #11 load] 
Request set: {}

------------------------------------------------------------------------------------------------------------------------

[2020-03-20 12:17:19 #1 store] 
Database 'C:\Users\asier\eclipse-workspace\Bets2020-Master\src\main\resources\bets.temp' is opened by 7240@DESKTOP-UOETFC7

[2020-03-20 12:17:19 #2 type] 
Type domain.Question is not enhanced.

[2020-03-20 12:17:19 #3 type] 
Type domain.Event is not enhanced.

[2020-03-20 12:17:19 #4 type] 
Type domain.user is not enhanced.

[2020-03-20 12:17:19 #5 type] 
Type domain.Kuota is not enhanced.

[2020-03-20 12:17:19 #6 type] 
Type domain.Admin is not enhanced.

[2020-03-20 12:17:19 #7 type] 
Type domain.NormalUser is not enhanced.

[2020-03-20 12:17:19 #8 load] 
[ObjectDB 2.6.9_09] Unexpected exception (Error 990)
  Generated by Java HotSpot(TM) 64-Bit Server VM 1.8.0_202 (on Windows 10 10.0).
Please report this error on http://www.objectdb.com/database/issue/new
com.objectdb.o.InternalException: Unexpected request domain.NormalUser:'admin'
com.objectdb.o.InternalException: Unexpected request domain.NormalUser:'admin'
	at com.objectdb.o.LDR.Vz(LDR.java:1030)
	at com.objectdb.o.RTT.G(RTT.java:267)
	at com.objectdb.o.RTT.F(RTT.java:249)
	at com.objectdb.o.RRT.C(RRT.java:288)
	at com.objectdb.o.RTT.l(RTT.java:134)
	at com.objectdb.o.RRT.l(RRT.java:32)
	at com.objectdb.o.TSK.i(TSK.java:145)
	at com.objectdb.o.TSK.f(TSK.java:95)
	at com.objectdb.o.TSM.e(TSM.java:86)
	at com.objectdb.o.MST.a1(MST.java:707)
	at com.objectdb.o.MST.aY(MST.java:476)
	at com.objectdb.o.MST.U6(MST.java:442)
	at com.objectdb.o.WRA.U6(WRA.java:266)
	at com.objectdb.o.LDR.G(LDR.java:556)
	at com.objectdb.o.LDR.F(LDR.java:473)
	at com.objectdb.o.LDR.A(LDR.java:272)
	at com.objectdb.o.OBC.aO(OBC.java:1061)
	at com.objectdb.o.OBC.aM(OBC.java:979)
	at com.objectdb.jpa.EMImpl.find(EMImpl.java:599)
	at com.objectdb.jpa.EMImpl.find(EMImpl.java:519)
	at dataAccess.DataAccess.egiaztatuErabiltzailea(DataAccess.java:270)
	at businessLogic.BLFacadeImplementation.egiaztatuErab(BLFacadeImplementation.java:112)
	at gui.Login$4.actionPerformed(Login.java:93)
	at javax.swing.AbstractButton.fireActionPerformed(Unknown Source)
	at javax.swing.AbstractButton$Handler.actionPerformed(Unknown Source)
	at javax.swing.DefaultButtonModel.fireActionPerformed(Unknown Source)
	at javax.swing.DefaultButtonModel.setPressed(Unknown Source)
	at javax.swing.plaf.basic.BasicButtonListener.mouseReleased(Unknown Source)
	at java.awt.Component.processMouseEvent(Unknown Source)
	at javax.swing.JComponent.processMouseEvent(Unknown Source)
	at java.awt.Component.processEvent(Unknown Source)
	at java.awt.Container.processEvent(Unknown Source)
	at java.awt.Component.dispatchEventImpl(Unknown Source)
	at java.awt.Container.dispatchEventImpl(Unknown Source)
	at java.awt.Component.dispatchEvent(Unknown Source)
	at java.awt.LightweightDispatcher.retargetMouseEvent(Unknown Source)
	at java.awt.LightweightDispatcher.processMouseEvent(Unknown Source)
	at java.awt.LightweightDispatcher.dispatchEvent(Unknown Source)
	at java.awt.Container.dispatchEventImpl(Unknown Source)
	at java.awt.Window.dispatchEventImpl(Unknown Source)
	at java.awt.Component.dispatchEvent(Unknown Source)
	at java.awt.EventQueue.dispatchEventImpl(Unknown Source)
	at java.awt.EventQueue.access$500(Unknown Source)
	at java.awt.EventQueue$3.run(Unknown Source)
	at java.awt.EventQueue$3.run(Unknown Source)
	at java.security.AccessController.doPrivileged(Native Method)
	at java.security.ProtectionDomain$JavaSecurityAccessImpl.doIntersectionPrivilege(Unknown Source)
	at java.security.ProtectionDomain$JavaSecurityAccessImpl.doIntersectionPrivilege(Unknown Source)
	at java.awt.EventQueue$4.run(Unknown Source)
	at java.awt.EventQueue$4.run(Unknown Source)
	at java.security.AccessController.doPrivileged(Native Method)
	at java.security.ProtectionDomain$JavaSecurityAccessImpl.doIntersectionPrivilege(Unknown Source)
	at java.awt.EventQueue.dispatchEvent(Unknown Source)
	at java.awt.EventDispatchThread.pumpOneEventForFilters(Unknown Source)
	at java.awt.EventDispatchThread.pumpEventsForFilter(Unknown Source)
	at java.awt.EventDispatchThread.pumpEventsForHierarchy(Unknown Source)
	at java.awt.EventDispatchThread.pumpEvents(Unknown Source)
	at java.awt.EventDispatchThread.pumpEvents(Unknown Source)
	at java.awt.EventDispatchThread.run(Unknown Source)

[2020-03-20 12:17:19 #9 load] 
Request set: {}

[2020-03-20 12:17:19 #10 load] 
[ObjectDB 2.6.9_09] Unexpected exception (Error 990)
  Generated by Java HotSpot(TM) 64-Bit Server VM 1.8.0_202 (on Windows 10 10.0).
Please report this error on http://www.objectdb.com/database/issue/new
com.objectdb.o.InternalException: Unexpected request domain.NormalUser:'admin'
com.objectdb.o.InternalException: Unexpected request domain.NormalUser:'admin'
	at com.objectdb.o.LDR.Vz(LDR.java:1030)
	at com.objectdb.o.RTT.G(RTT.java:267)
	at com.objectdb.o.RTT.F(RTT.java:249)
	at com.objectdb.o.RRT.C(RRT.java:288)
	at com.objectdb.o.RTT.l(RTT.java:134)
	at com.objectdb.o.RRT.l(RRT.java:32)
	at com.objectdb.o.TSK.i(TSK.java:145)
	at com.objectdb.o.TSK.f(TSK.java:95)
	at com.objectdb.o.TSM.e(TSM.java:86)
	at com.objectdb.o.MST.a1(MST.java:707)
	at com.objectdb.o.MST.aY(MST.java:476)
	at com.objectdb.o.MST.U6(MST.java:442)
	at com.objectdb.o.WRA.U6(WRA.java:266)
	at com.objectdb.o.LDR.G(LDR.java:556)
	at com.objectdb.o.LDR.F(LDR.java:473)
	at com.objectdb.o.LDR.A(LDR.java:272)
	at com.objectdb.o.OBC.aO(OBC.java:1061)
	at com.objectdb.o.OBC.aM(OBC.java:979)
	at com.objectdb.jpa.EMImpl.find(EMImpl.java:599)
	at com.objectdb.jpa.EMImpl.find(EMImpl.java:519)
	at dataAccess.DataAccess.erabiltzaileaLortu(DataAccess.java:251)
	at businessLogic.BLFacadeImplementation.lortuErab(BLFacadeImplementation.java:126)
	at gui.Login$4.actionPerformed(Login.java:97)
	at javax.swing.AbstractButton.fireActionPerformed(Unknown Source)
	at javax.swing.AbstractButton$Handler.actionPerformed(Unknown Source)
	at javax.swing.DefaultButtonModel.fireActionPerformed(Unknown Source)
	at javax.swing.DefaultButtonModel.setPressed(Unknown Source)
	at javax.swing.plaf.basic.BasicButtonListener.mouseReleased(Unknown Source)
	at java.awt.Component.processMouseEvent(Unknown Source)
	at javax.swing.JComponent.processMouseEvent(Unknown Source)
	at java.awt.Component.processEvent(Unknown Source)
	at java.awt.Container.processEvent(Unknown Source)
	at java.awt.Component.dispatchEventImpl(Unknown Source)
	at java.awt.Container.dispatchEventImpl(Unknown Source)
	at java.awt.Component.dispatchEvent(Unknown Source)
	at java.awt.LightweightDispatcher.retargetMouseEvent(Unknown Source)
	at java.awt.LightweightDispatcher.processMouseEvent(Unknown Source)
	at java.awt.LightweightDispatcher.dispatchEvent(Unknown Source)
	at java.awt.Container.dispatchEventImpl(Unknown Source)
	at java.awt.Window.dispatchEventImpl(Unknown Source)
	at java.awt.Component.dispatchEvent(Unknown Source)
	at java.awt.EventQueue.dispatchEventImpl(Unknown Source)
	at java.awt.EventQueue.access$500(Unknown Source)
	at java.awt.EventQueue$3.run(Unknown Source)
	at java.awt.EventQueue$3.run(Unknown Source)
	at java.security.AccessController.doPrivileged(Native Method)
	at java.security.ProtectionDomain$JavaSecurityAccessImpl.doIntersectionPrivilege(Unknown Source)
	at java.security.ProtectionDomain$JavaSecurityAccessImpl.doIntersectionPrivilege(Unknown Source)
	at java.awt.EventQueue$4.run(Unknown Source)
	at java.awt.EventQueue$4.run(Unknown Source)
	at java.security.AccessController.doPrivileged(Native Method)
	at java.security.ProtectionDomain$JavaSecurityAccessImpl.doIntersectionPrivilege(Unknown Source)
	at java.awt.EventQueue.dispatchEvent(Unknown Source)
	at java.awt.EventDispatchThread.pumpOneEventForFilters(Unknown Source)
	at java.awt.EventDispatchThread.pumpEventsForFilter(Unknown Source)
	at java.awt.EventDispatchThread.pumpEventsForHierarchy(Unknown Source)
	at java.awt.EventDispatchThread.pumpEvents(Unknown Source)
	at java.awt.EventDispatchThread.pumpEvents(Unknown Source)
	at java.awt.EventDispatchThread.run(Unknown Source)

[2020-03-20 12:17:19 #11 load] 
Request set: {}

------------------------------------------------------------------------------------------------------------------------

[2020-03-20 12:18:36 #1 store] 
Database 'C:\Users\asier\eclipse-workspace\Bets2020-Master\src\main\resources\bets.temp' has been recovered (tr. 88-89)

[2020-03-20 12:18:36 #2 store] 
Database 'C:\Users\asier\eclipse-workspace\Bets2020-Master\src\main\resources\bets.temp' is opened by 17604@DESKTOP-UOETFC7

[2020-03-20 12:18:36 #3 type] 
Type domain.Question is not enhanced.

[2020-03-20 12:18:36 #4 type] 
Type domain.Event is not enhanced.

[2020-03-20 12:18:36 #5 type] 
Type domain.user is not enhanced.

[2020-03-20 12:18:36 #6 type] 
Type domain.Kuota is not enhanced.

[2020-03-20 12:18:36 #7 type] 
Type domain.Admin is not enhanced.

[2020-03-20 12:18:36 #8 type] 
Type domain.NormalUser is not enhanced.

------------------------------------------------------------------------------------------------------------------------

[2020-03-20 16:39:31 #1 store] 
Database 'C:\Users\asier\eclipse-workspace\Bets2020-Master\src\main\resources\bets.temp' is opened by 13164@DESKTOP-UOETFC7

[2020-03-20 16:39:31 #2 type] 
Type domain.Question is not enhanced.

[2020-03-20 16:39:31 #3 type] 
Type domain.Event is not enhanced.

[2020-03-20 16:39:31 #4 type] 
Type domain.user is not enhanced.

[2020-03-20 16:39:31 #5 type] 
Type domain.Kuota is not enhanced.

[2020-03-20 16:39:31 #6 type] 
Type domain.Admin is not enhanced.

[2020-03-20 16:39:31 #7 type] 
Type domain.NormalUser is not enhanced.

[2020-03-20 16:39:31 #8 type.registry] 
New type domain.Apustua

[2020-03-20 16:39:31 #9 type.registry] 
New type java.util.ArrayList<domain.Apustua>

[2020-03-20 16:39:31 #10 type] 
Type domain.Apustua is not enhanced.

[2020-03-20 16:39:31 #11 load] 
[ObjectDB 2.6.9_09] Unexpected exception (Error 990)
  Generated by Java HotSpot(TM) 64-Bit Server VM 1.8.0_202 (on Windows 10 10.0).
Please report this error on http://www.objectdb.com/database/issue/new
com.objectdb.o.InternalException: Unexpected request domain.NormalUser:'admin'
com.objectdb.o.InternalException: Unexpected request domain.NormalUser:'admin'
	at com.objectdb.o.LDR.Vz(LDR.java:1030)
	at com.objectdb.o.RTT.G(RTT.java:267)
	at com.objectdb.o.RTT.F(RTT.java:249)
	at com.objectdb.o.RRT.C(RRT.java:288)
	at com.objectdb.o.RTT.l(RTT.java:134)
	at com.objectdb.o.RRT.l(RRT.java:32)
	at com.objectdb.o.TSK.i(TSK.java:145)
	at com.objectdb.o.TSK.f(TSK.java:95)
	at com.objectdb.o.TSM.e(TSM.java:86)
	at com.objectdb.o.MST.a1(MST.java:707)
	at com.objectdb.o.MST.aY(MST.java:476)
	at com.objectdb.o.MST.U6(MST.java:442)
	at com.objectdb.o.WRA.U6(WRA.java:266)
	at com.objectdb.o.LDR.G(LDR.java:556)
	at com.objectdb.o.LDR.F(LDR.java:473)
	at com.objectdb.o.LDR.A(LDR.java:272)
	at com.objectdb.o.OBC.aO(OBC.java:1061)
	at com.objectdb.o.OBC.aM(OBC.java:979)
	at com.objectdb.jpa.EMImpl.find(EMImpl.java:599)
	at com.objectdb.jpa.EMImpl.find(EMImpl.java:519)
	at dataAccess.DataAccess.egiaztatuErabiltzailea(DataAccess.java:270)
	at businessLogic.BLFacadeImplementation.egiaztatuErab(BLFacadeImplementation.java:113)
	at gui.Login$4.actionPerformed(Login.java:93)
	at javax.swing.AbstractButton.fireActionPerformed(Unknown Source)
	at javax.swing.AbstractButton$Handler.actionPerformed(Unknown Source)
	at javax.swing.DefaultButtonModel.fireActionPerformed(Unknown Source)
	at javax.swing.DefaultButtonModel.setPressed(Unknown Source)
	at javax.swing.plaf.basic.BasicButtonListener.mouseReleased(Unknown Source)
	at java.awt.Component.processMouseEvent(Unknown Source)
	at javax.swing.JComponent.processMouseEvent(Unknown Source)
	at java.awt.Component.processEvent(Unknown Source)
	at java.awt.Container.processEvent(Unknown Source)
	at java.awt.Component.dispatchEventImpl(Unknown Source)
	at java.awt.Container.dispatchEventImpl(Unknown Source)
	at java.awt.Component.dispatchEvent(Unknown Source)
	at java.awt.LightweightDispatcher.retargetMouseEvent(Unknown Source)
	at java.awt.LightweightDispatcher.processMouseEvent(Unknown Source)
	at java.awt.LightweightDispatcher.dispatchEvent(Unknown Source)
	at java.awt.Container.dispatchEventImpl(Unknown Source)
	at java.awt.Window.dispatchEventImpl(Unknown Source)
	at java.awt.Component.dispatchEvent(Unknown Source)
	at java.awt.EventQueue.dispatchEventImpl(Unknown Source)
	at java.awt.EventQueue.access$500(Unknown Source)
	at java.awt.EventQueue$3.run(Unknown Source)
	at java.awt.EventQueue$3.run(Unknown Source)
	at java.security.AccessController.doPrivileged(Native Method)
	at java.security.ProtectionDomain$JavaSecurityAccessImpl.doIntersectionPrivilege(Unknown Source)
	at java.security.ProtectionDomain$JavaSecurityAccessImpl.doIntersectionPrivilege(Unknown Source)
	at java.awt.EventQueue$4.run(Unknown Source)
	at java.awt.EventQueue$4.run(Unknown Source)
	at java.security.AccessController.doPrivileged(Native Method)
	at java.security.ProtectionDomain$JavaSecurityAccessImpl.doIntersectionPrivilege(Unknown Source)
	at java.awt.EventQueue.dispatchEvent(Unknown Source)
	at java.awt.EventDispatchThread.pumpOneEventForFilters(Unknown Source)
	at java.awt.EventDispatchThread.pumpEventsForFilter(Unknown Source)
	at java.awt.EventDispatchThread.pumpEventsForHierarchy(Unknown Source)
	at java.awt.EventDispatchThread.pumpEvents(Unknown Source)
	at java.awt.EventDispatchThread.pumpEvents(Unknown Source)
	at java.awt.EventDispatchThread.run(Unknown Source)

[2020-03-20 16:39:31 #12 load] 
Request set: {}

[2020-03-20 16:39:31 #13 load] 
[ObjectDB 2.6.9_09] Unexpected exception (Error 990)
  Generated by Java HotSpot(TM) 64-Bit Server VM 1.8.0_202 (on Windows 10 10.0).
Please report this error on http://www.objectdb.com/database/issue/new
com.objectdb.o.InternalException: Unexpected request domain.NormalUser:'admin'
com.objectdb.o.InternalException: Unexpected request domain.NormalUser:'admin'
	at com.objectdb.o.LDR.Vz(LDR.java:1030)
	at com.objectdb.o.RTT.G(RTT.java:267)
	at com.objectdb.o.RTT.F(RTT.java:249)
	at com.objectdb.o.RRT.C(RRT.java:288)
	at com.objectdb.o.RTT.l(RTT.java:134)
	at com.objectdb.o.RRT.l(RRT.java:32)
	at com.objectdb.o.TSK.i(TSK.java:145)
	at com.objectdb.o.TSK.f(TSK.java:95)
	at com.objectdb.o.TSM.e(TSM.java:86)
	at com.objectdb.o.MST.a1(MST.java:707)
	at com.objectdb.o.MST.aY(MST.java:476)
	at com.objectdb.o.MST.U6(MST.java:442)
	at com.objectdb.o.WRA.U6(WRA.java:266)
	at com.objectdb.o.LDR.G(LDR.java:556)
	at com.objectdb.o.LDR.F(LDR.java:473)
	at com.objectdb.o.LDR.A(LDR.java:272)
	at com.objectdb.o.OBC.aO(OBC.java:1061)
	at com.objectdb.o.OBC.aM(OBC.java:979)
	at com.objectdb.jpa.EMImpl.find(EMImpl.java:599)
	at com.objectdb.jpa.EMImpl.find(EMImpl.java:519)
	at dataAccess.DataAccess.erabiltzaileaLortu(DataAccess.java:251)
	at businessLogic.BLFacadeImplementation.lortuErab(BLFacadeImplementation.java:127)
	at gui.Login$4.actionPerformed(Login.java:97)
	at javax.swing.AbstractButton.fireActionPerformed(Unknown Source)
	at javax.swing.AbstractButton$Handler.actionPerformed(Unknown Source)
	at javax.swing.DefaultButtonModel.fireActionPerformed(Unknown Source)
	at javax.swing.DefaultButtonModel.setPressed(Unknown Source)
	at javax.swing.plaf.basic.BasicButtonListener.mouseReleased(Unknown Source)
	at java.awt.Component.processMouseEvent(Unknown Source)
	at javax.swing.JComponent.processMouseEvent(Unknown Source)
	at java.awt.Component.processEvent(Unknown Source)
	at java.awt.Container.processEvent(Unknown Source)
	at java.awt.Component.dispatchEventImpl(Unknown Source)
	at java.awt.Container.dispatchEventImpl(Unknown Source)
	at java.awt.Component.dispatchEvent(Unknown Source)
	at java.awt.LightweightDispatcher.retargetMouseEvent(Unknown Source)
	at java.awt.LightweightDispatcher.processMouseEvent(Unknown Source)
	at java.awt.LightweightDispatcher.dispatchEvent(Unknown Source)
	at java.awt.Container.dispatchEventImpl(Unknown Source)
	at java.awt.Window.dispatchEventImpl(Unknown Source)
	at java.awt.Component.dispatchEvent(Unknown Source)
	at java.awt.EventQueue.dispatchEventImpl(Unknown Source)
	at java.awt.EventQueue.access$500(Unknown Source)
	at java.awt.EventQueue$3.run(Unknown Source)
	at java.awt.EventQueue$3.run(Unknown Source)
	at java.security.AccessController.doPrivileged(Native Method)
	at java.security.ProtectionDomain$JavaSecurityAccessImpl.doIntersectionPrivilege(Unknown Source)
	at java.security.ProtectionDomain$JavaSecurityAccessImpl.doIntersectionPrivilege(Unknown Source)
	at java.awt.EventQueue$4.run(Unknown Source)
	at java.awt.EventQueue$4.run(Unknown Source)
	at java.security.AccessController.doPrivileged(Native Method)
	at java.security.ProtectionDomain$JavaSecurityAccessImpl.doIntersectionPrivilege(Unknown Source)
	at java.awt.EventQueue.dispatchEvent(Unknown Source)
	at java.awt.EventDispatchThread.pumpOneEventForFilters(Unknown Source)
	at java.awt.EventDispatchThread.pumpEventsForFilter(Unknown Source)
	at java.awt.EventDispatchThread.pumpEventsForHierarchy(Unknown Source)
	at java.awt.EventDispatchThread.pumpEvents(Unknown Source)
	at java.awt.EventDispatchThread.pumpEvents(Unknown Source)
	at java.awt.EventDispatchThread.run(Unknown Source)

[2020-03-20 16:39:31 #14 load] 
Request set: {}

------------------------------------------------------------------------------------------------------------------------

[2020-03-20 16:41:43 #1 store] 
Database 'C:\Users\asier\eclipse-workspace\Bets2020-Master\src\main\resources\bets.temp' is opened by 3368@DESKTOP-UOETFC7

[2020-03-20 16:41:43 #2 type] 
Type domain.Question is not enhanced.

[2020-03-20 16:41:43 #3 type] 
Type domain.Event is not enhanced.

[2020-03-20 16:41:43 #4 type] 
Type domain.user is not enhanced.

[2020-03-20 16:41:43 #5 type] 
Type domain.Kuota is not enhanced.

[2020-03-20 16:41:43 #6 type] 
Type domain.Admin is not enhanced.

[2020-03-20 16:41:43 #7 type] 
Type domain.NormalUser is not enhanced.

[2020-03-20 16:41:43 #8 type] 
Type domain.Apustua is not enhanced.

------------------------------------------------------------------------------------------------------------------------

[2020-03-20 16:56:33 #1 store] 
Database 'C:\Users\asier\eclipse-workspace\Bets2020-Master\src\main\resources\bets.temp' is opened by 3036@DESKTOP-UOETFC7

[2020-03-20 16:56:33 #2 type] 
Type domain.Question is not enhanced.

[2020-03-20 16:56:33 #3 type] 
Type domain.Event is not enhanced.

[2020-03-20 16:56:33 #4 type] 
Type domain.user is not enhanced.

[2020-03-20 16:56:33 #5 type] 
Type domain.Kuota is not enhanced.

[2020-03-20 16:56:33 #6 type] 
Type domain.Admin is not enhanced.

[2020-03-20 16:56:33 #7 type] 
Type domain.NormalUser is not enhanced.

[2020-03-20 16:56:33 #8 type] 
Type domain.Apustua is not enhanced.

------------------------------------------------------------------------------------------------------------------------

[2020-03-20 16:58:14 #1 store] 
Database 'C:\Users\asier\eclipse-workspace\Bets2020-Master\src\main\resources\bets.temp' is opened by 10392@DESKTOP-UOETFC7

[2020-03-20 16:58:14 #2 type] 
Type domain.Question is not enhanced.

[2020-03-20 16:58:14 #3 type] 
Type domain.Event is not enhanced.

[2020-03-20 16:58:14 #4 type] 
Type domain.user is not enhanced.

[2020-03-20 16:58:14 #5 type] 
Type domain.Kuota is not enhanced.

[2020-03-20 16:58:14 #6 type] 
Type domain.Admin is not enhanced.

[2020-03-20 16:58:14 #7 type] 
Type domain.NormalUser is not enhanced.

[2020-03-20 16:58:14 #8 type] 
Type domain.Apustua is not enhanced.

------------------------------------------------------------------------------------------------------------------------

[2020-03-20 17:02:39 #1 store] 
Database 'C:\Users\asier\eclipse-workspace\Bets2020-Master\src\main\resources\bets.temp' is opened by 13168@DESKTOP-UOETFC7

[2020-03-20 17:02:39 #2 type] 
Type domain.Question is not enhanced.

[2020-03-20 17:02:39 #3 type] 
Type domain.Event is not enhanced.

[2020-03-20 17:02:39 #4 type] 
Type domain.user is not enhanced.

[2020-03-20 17:02:39 #5 type] 
Type domain.Kuota is not enhanced.

[2020-03-20 17:02:39 #6 type] 
Type domain.Admin is not enhanced.

[2020-03-20 17:02:39 #7 type] 
Type domain.NormalUser is not enhanced.

[2020-03-20 17:02:39 #8 type] 
Type domain.Apustua is not enhanced.

------------------------------------------------------------------------------------------------------------------------

[2020-03-20 17:02:54 #1 store] 
Database 'C:\Users\asier\eclipse-workspace\Bets2020-Master\src\main\resources\bets.temp' is opened by 20276@DESKTOP-UOETFC7

[2020-03-20 17:02:54 #2 type] 
Type domain.Question is not enhanced.

[2020-03-20 17:02:54 #3 type] 
Type domain.Event is not enhanced.

[2020-03-20 17:02:54 #4 type] 
Type domain.user is not enhanced.

[2020-03-20 17:02:54 #5 type] 
Type domain.Kuota is not enhanced.

[2020-03-20 17:02:54 #6 type] 
Type domain.Admin is not enhanced.

[2020-03-20 17:02:54 #7 type] 
Type domain.NormalUser is not enhanced.

[2020-03-20 17:02:54 #8 type] 
Type domain.Apustua is not enhanced.

------------------------------------------------------------------------------------------------------------------------

[2020-03-20 17:03:39 #1 store] 
Database 'C:\Users\asier\eclipse-workspace\Bets2020-Master\src\main\resources\bets.temp' has been recovered (tr. 98-98)

[2020-03-20 17:03:39 #2 store] 
Database 'C:\Users\asier\eclipse-workspace\Bets2020-Master\src\main\resources\bets.temp' is opened by 17000@DESKTOP-UOETFC7

[2020-03-20 17:03:39 #3 type] 
Type domain.Question is not enhanced.

[2020-03-20 17:03:39 #4 type] 
Type domain.Event is not enhanced.

[2020-03-20 17:03:39 #5 type] 
Type domain.user is not enhanced.

[2020-03-20 17:03:39 #6 type] 
Type domain.Kuota is not enhanced.

[2020-03-20 17:03:39 #7 type] 
Type domain.Admin is not enhanced.

[2020-03-20 17:03:39 #8 type] 
Type domain.NormalUser is not enhanced.

[2020-03-20 17:03:39 #9 type] 
Type domain.Apustua is not enhanced.

------------------------------------------------------------------------------------------------------------------------

[2020-03-20 17:09:14 #1 store] 
Database 'C:\Users\asier\eclipse-workspace\Bets2020-Master\src\main\resources\bets.temp' has been recovered (tr. 99-99)

[2020-03-20 17:09:14 #2 store] 
Database 'C:\Users\asier\eclipse-workspace\Bets2020-Master\src\main\resources\bets.temp' is opened by 5876@DESKTOP-UOETFC7

[2020-03-20 17:09:14 #3 type] 
Type domain.Question is not enhanced.

[2020-03-20 17:09:14 #4 type] 
Type domain.Event is not enhanced.

[2020-03-20 17:09:14 #5 type] 
Type domain.user is not enhanced.

[2020-03-20 17:09:14 #6 type] 
Type domain.Kuota is not enhanced.

[2020-03-20 17:09:14 #7 type] 
Type domain.Admin is not enhanced.

[2020-03-20 17:09:14 #8 type] 
Type domain.NormalUser is not enhanced.

[2020-03-20 17:09:14 #9 type] 
Type domain.Apustua is not enhanced.

------------------------------------------------------------------------------------------------------------------------

[2020-03-20 17:14:04 #1 store] 
Database 'C:\Users\asier\eclipse-workspace\Bets2020-Master\src\main\resources\bets.temp' is opened by 5408@DESKTOP-UOETFC7

[2020-03-20 17:14:04 #2 type] 
Type domain.Question is not enhanced.

[2020-03-20 17:14:04 #3 type] 
Type domain.Event is not enhanced.

[2020-03-20 17:14:04 #4 type] 
Type domain.user is not enhanced.

[2020-03-20 17:14:04 #5 type] 
Type domain.Kuota is not enhanced.

[2020-03-20 17:14:04 #6 type] 
Type domain.Admin is not enhanced.

[2020-03-20 17:14:04 #7 type] 
Type domain.NormalUser is not enhanced.

[2020-03-20 17:14:04 #8 type] 
Type domain.Apustua is not enhanced.

------------------------------------------------------------------------------------------------------------------------

[2020-03-20 17:18:02 #1 store] 
Database 'C:\Users\asier\eclipse-workspace\Bets2020-Master\src\main\resources\bets.temp' is opened by 8728@DESKTOP-UOETFC7

[2020-03-20 17:18:02 #2 type] 
Type domain.Question is not enhanced.

[2020-03-20 17:18:02 #3 type] 
Type domain.Event is not enhanced.

[2020-03-20 17:18:02 #4 type] 
Type domain.user is not enhanced.

[2020-03-20 17:18:02 #5 type] 
Type domain.Kuota is not enhanced.

[2020-03-20 17:18:02 #6 type] 
Type domain.Admin is not enhanced.

[2020-03-20 17:18:02 #7 type] 
Type domain.NormalUser is not enhanced.

[2020-03-20 17:18:02 #8 type] 
Type domain.Apustua is not enhanced.

------------------------------------------------------------------------------------------------------------------------

[2020-03-20 17:20:31 #1 store] 
Database 'C:\Users\asier\eclipse-workspace\Bets2020-Master\src\main\resources\bets.temp' is opened by 18572@DESKTOP-UOETFC7

[2020-03-20 17:20:31 #2 type] 
Type domain.Question is not enhanced.

[2020-03-20 17:20:31 #3 type] 
Type domain.Event is not enhanced.

[2020-03-20 17:20:31 #4 type] 
Type domain.user is not enhanced.

[2020-03-20 17:20:31 #5 type] 
Type domain.Kuota is not enhanced.

[2020-03-20 17:20:31 #6 type] 
Type domain.Admin is not enhanced.

[2020-03-20 17:20:31 #7 type] 
Type domain.NormalUser is not enhanced.

[2020-03-20 17:20:31 #8 type] 
Type domain.Apustua is not enhanced.

------------------------------------------------------------------------------------------------------------------------

[2020-03-20 17:22:31 #1 store] 
Database 'C:\Users\asier\eclipse-workspace\Bets2020-Master\src\main\resources\bets.temp' is opened by 9768@DESKTOP-UOETFC7

[2020-03-20 17:22:32 #2 type] 
Type domain.Question is not enhanced.

[2020-03-20 17:22:32 #3 type] 
Type domain.Event is not enhanced.

[2020-03-20 17:22:32 #4 type] 
Type domain.user is not enhanced.

[2020-03-20 17:22:32 #5 type] 
Type domain.Kuota is not enhanced.

[2020-03-20 17:22:32 #6 type] 
Type domain.Admin is not enhanced.

[2020-03-20 17:22:32 #7 type] 
Type domain.NormalUser is not enhanced.

[2020-03-20 17:22:32 #8 type] 
Type domain.Apustua is not enhanced.

------------------------------------------------------------------------------------------------------------------------

[2020-03-20 17:25:30 #1 store] 
Database 'C:\Users\asier\eclipse-workspace\Bets2020-Master\src\main\resources\bets.temp' is opened by 8068@DESKTOP-UOETFC7

[2020-03-20 17:25:31 #2 type] 
Type domain.Question is not enhanced.

[2020-03-20 17:25:31 #3 type] 
Type domain.Event is not enhanced.

[2020-03-20 17:25:31 #4 type] 
Type domain.user is not enhanced.

[2020-03-20 17:25:31 #5 type] 
Type domain.Kuota is not enhanced.

[2020-03-20 17:25:31 #6 type] 
Type domain.Admin is not enhanced.

[2020-03-20 17:25:31 #7 type] 
Type domain.NormalUser is not enhanced.

[2020-03-20 17:25:31 #8 type] 
Type domain.Apustua is not enhanced.

------------------------------------------------------------------------------------------------------------------------

[2020-03-20 17:27:03 #1 store] 
Database 'C:\Users\asier\eclipse-workspace\Bets2020-Master\src\main\resources\bets.temp' is opened by 11644@DESKTOP-UOETFC7

[2020-03-20 17:27:03 #2 type] 
Type domain.Question is not enhanced.

[2020-03-20 17:27:03 #3 type] 
Type domain.Event is not enhanced.

[2020-03-20 17:27:03 #4 type] 
Type domain.user is not enhanced.

[2020-03-20 17:27:03 #5 type] 
Type domain.Kuota is not enhanced.

[2020-03-20 17:27:03 #6 type] 
Type domain.Admin is not enhanced.

[2020-03-20 17:27:03 #7 type] 
Type domain.NormalUser is not enhanced.

[2020-03-20 17:27:03 #8 type] 
Type domain.Apustua is not enhanced.

------------------------------------------------------------------------------------------------------------------------

[2020-03-20 17:28:54 #1 store] 
Database 'C:\Users\asier\eclipse-workspace\Bets2020-Master\src\main\resources\bets.temp' is opened by 7284@DESKTOP-UOETFC7

[2020-03-20 17:28:54 #2 type] 
Type domain.Question is not enhanced.

[2020-03-20 17:28:54 #3 type] 
Type domain.Event is not enhanced.

[2020-03-20 17:28:54 #4 type] 
Type domain.user is not enhanced.

[2020-03-20 17:28:54 #5 type] 
Type domain.Kuota is not enhanced.

[2020-03-20 17:28:54 #6 type] 
Type domain.Admin is not enhanced.

[2020-03-20 17:28:54 #7 type] 
Type domain.NormalUser is not enhanced.

[2020-03-20 17:28:54 #8 type] 
Type domain.Apustua is not enhanced.

------------------------------------------------------------------------------------------------------------------------

[2020-03-20 17:30:59 #1 store] 
Database 'C:\Users\asier\eclipse-workspace\Bets2020-Master\src\main\resources\bets.temp' is opened by 7872@DESKTOP-UOETFC7

[2020-03-20 17:30:59 #2 type] 
Type domain.Question is not enhanced.

[2020-03-20 17:30:59 #3 type] 
Type domain.Event is not enhanced.

[2020-03-20 17:30:59 #4 type] 
Type domain.user is not enhanced.

[2020-03-20 17:30:59 #5 type] 
Type domain.Kuota is not enhanced.

[2020-03-20 17:30:59 #6 type] 
Type domain.Admin is not enhanced.

[2020-03-20 17:30:59 #7 type] 
Type domain.NormalUser is not enhanced.

[2020-03-20 17:30:59 #8 type] 
Type domain.Apustua is not enhanced.

------------------------------------------------------------------------------------------------------------------------

[2020-03-20 17:48:03 #1 store] 
Database 'C:\Users\asier\eclipse-workspace\Bets2020-Master\src\main\resources\bets.temp' is opened by 2616@DESKTOP-UOETFC7

[2020-03-20 17:48:04 #2 type] 
Type domain.Question is not enhanced.

[2020-03-20 17:48:04 #3 type] 
Type domain.Event is not enhanced.

[2020-03-20 17:48:04 #4 type] 
Type domain.user is not enhanced.

[2020-03-20 17:48:04 #5 type] 
Type domain.Kuota is not enhanced.

[2020-03-20 17:48:04 #6 type] 
Type domain.Admin is not enhanced.

[2020-03-20 17:48:04 #7 type] 
Type domain.NormalUser is not enhanced.

[2020-03-20 17:48:04 #8 type] 
Type domain.Apustua is not enhanced.

------------------------------------------------------------------------------------------------------------------------

[2020-03-20 17:49:02 #1 store] 
Database 'C:\Users\asier\eclipse-workspace\Bets2020-Master\src\main\resources\bets.temp' is opened by 16192@DESKTOP-UOETFC7

[2020-03-20 17:49:02 #2 type] 
Type domain.Question is not enhanced.

[2020-03-20 17:49:02 #3 type] 
Type domain.Event is not enhanced.

[2020-03-20 17:49:02 #4 type] 
Type domain.user is not enhanced.

[2020-03-20 17:49:02 #5 type] 
Type domain.Kuota is not enhanced.

[2020-03-20 17:49:02 #6 type] 
Type domain.Admin is not enhanced.

[2020-03-20 17:49:02 #7 type] 
Type domain.NormalUser is not enhanced.

[2020-03-20 17:49:02 #8 type] 
Type domain.Apustua is not enhanced.

------------------------------------------------------------------------------------------------------------------------

[2020-03-20 17:54:55 #1 store] 
Database 'C:\Users\asier\eclipse-workspace\Bets2020-Master\src\main\resources\bets.temp' is opened by 17936@DESKTOP-UOETFC7

[2020-03-20 17:54:55 #2 type] 
Type domain.Question is not enhanced.

[2020-03-20 17:54:55 #3 type] 
Type domain.Event is not enhanced.

[2020-03-20 17:54:55 #4 type] 
Type domain.user is not enhanced.

[2020-03-20 17:54:55 #5 type] 
Type domain.Kuota is not enhanced.

[2020-03-20 17:54:55 #6 type] 
Type domain.Admin is not enhanced.

[2020-03-20 17:54:55 #7 type] 
Type domain.NormalUser is not enhanced.

[2020-03-20 17:54:55 #8 type] 
Type domain.Apustua is not enhanced.

------------------------------------------------------------------------------------------------------------------------

[2020-03-20 18:01:14 #1 store] 
Database 'C:\Users\asier\eclipse-workspace\Bets2020-Master\src\main\resources\bets.temp' is opened by 13096@DESKTOP-UOETFC7

[2020-03-20 18:01:14 #2 type] 
Type domain.Question is not enhanced.

[2020-03-20 18:01:14 #3 type] 
Type domain.Event is not enhanced.

[2020-03-20 18:01:14 #4 type] 
Type domain.user is not enhanced.

[2020-03-20 18:01:14 #5 type] 
Type domain.Kuota is not enhanced.

[2020-03-20 18:01:14 #6 type] 
Type domain.Admin is not enhanced.

[2020-03-20 18:01:14 #7 type] 
Type domain.NormalUser is not enhanced.

[2020-03-20 18:01:14 #8 type] 
Type domain.Apustua is not enhanced.

------------------------------------------------------------------------------------------------------------------------

[2020-03-20 18:03:33 #1 store] 
Database 'C:\Users\asier\eclipse-workspace\Bets2020-Master\src\main\resources\bets.temp' is opened by 9988@DESKTOP-UOETFC7

[2020-03-20 18:03:33 #2 type] 
Type domain.Question is not enhanced.

[2020-03-20 18:03:33 #3 type] 
Type domain.Event is not enhanced.

[2020-03-20 18:03:33 #4 type] 
Type domain.user is not enhanced.

[2020-03-20 18:03:33 #5 type] 
Type domain.Kuota is not enhanced.

[2020-03-20 18:03:33 #6 type] 
Type domain.Admin is not enhanced.

[2020-03-20 18:03:33 #7 type] 
Type domain.NormalUser is not enhanced.

[2020-03-20 18:03:33 #8 type] 
Type domain.Apustua is not enhanced.

------------------------------------------------------------------------------------------------------------------------

[2020-03-20 18:07:47 #1 store] 
Database 'C:\Users\asier\eclipse-workspace\Bets2020-Master\src\main\resources\bets.temp' is opened by 11816@DESKTOP-UOETFC7

[2020-03-20 18:07:47 #2 type] 
Type domain.Question is not enhanced.

[2020-03-20 18:07:47 #3 type] 
Type domain.Event is not enhanced.

[2020-03-20 18:07:47 #4 type] 
Type domain.user is not enhanced.

[2020-03-20 18:07:47 #5 type] 
Type domain.Kuota is not enhanced.

[2020-03-20 18:07:47 #6 type] 
Type domain.Admin is not enhanced.

[2020-03-20 18:07:47 #7 type] 
Type domain.NormalUser is not enhanced.

[2020-03-20 18:07:47 #8 type] 
Type domain.Apustua is not enhanced.

------------------------------------------------------------------------------------------------------------------------

[2020-03-20 18:09:40 #1 store] 
Database 'C:\Users\asier\eclipse-workspace\Bets2020-Master\src\main\resources\bets.temp' has been recovered (tr. 129-136)

[2020-03-20 18:09:40 #2 store] 
Database 'C:\Users\asier\eclipse-workspace\Bets2020-Master\src\main\resources\bets.temp' is opened by 15668@DESKTOP-UOETFC7

[2020-03-20 18:09:40 #3 type] 
Type domain.Question is not enhanced.

[2020-03-20 18:09:40 #4 type] 
Type domain.Event is not enhanced.

[2020-03-20 18:09:40 #5 type] 
Type domain.user is not enhanced.

[2020-03-20 18:09:40 #6 type] 
Type domain.Kuota is not enhanced.

[2020-03-20 18:09:40 #7 type] 
Type domain.Admin is not enhanced.

[2020-03-20 18:09:40 #8 type] 
Type domain.NormalUser is not enhanced.

[2020-03-20 18:09:40 #9 type] 
Type domain.Apustua is not enhanced.

------------------------------------------------------------------------------------------------------------------------

[2020-03-20 18:44:24 #1 store] 
Database 'C:\Users\asier\eclipse-workspace\Bets2020-Master\src\main\resources\bets.temp' is opened by 16296@DESKTOP-UOETFC7

[2020-03-20 18:44:24 #2 type] 
Type domain.Question is not enhanced.

[2020-03-20 18:44:24 #3 type] 
Type domain.Event is not enhanced.

[2020-03-20 18:44:24 #4 type] 
Type domain.user is not enhanced.

[2020-03-20 18:44:24 #5 type] 
Type domain.Kuota is not enhanced.

[2020-03-20 18:44:24 #6 type] 
Type domain.Admin is not enhanced.

[2020-03-20 18:44:24 #7 type] 
Type domain.NormalUser is not enhanced.

[2020-03-20 18:44:24 #8 type] 
Type domain.Apustua is not enhanced.

------------------------------------------------------------------------------------------------------------------------

[2020-03-20 18:46:21 #1 store] 
Database 'C:\Users\asier\eclipse-workspace\Bets2020-Master\src\main\resources\bets.temp' is opened by 1128@DESKTOP-UOETFC7

[2020-03-20 18:46:22 #2 type] 
Type domain.Question is not enhanced.

[2020-03-20 18:46:22 #3 type] 
Type domain.Event is not enhanced.

[2020-03-20 18:46:22 #4 type] 
Type domain.user is not enhanced.

[2020-03-20 18:46:22 #5 type] 
Type domain.Kuota is not enhanced.

[2020-03-20 18:46:22 #6 type] 
Type domain.Admin is not enhanced.

[2020-03-20 18:46:22 #7 type] 
Type domain.NormalUser is not enhanced.

[2020-03-20 18:46:22 #8 type] 
Type domain.Apustua is not enhanced.

------------------------------------------------------------------------------------------------------------------------

[2020-03-20 18:47:42 #1 store] 
Database 'C:\Users\asier\eclipse-workspace\Bets2020-Master\src\main\resources\bets.temp' is opened by 20100@DESKTOP-UOETFC7

[2020-03-20 18:47:42 #2 type] 
Type domain.Question is not enhanced.

[2020-03-20 18:47:42 #3 type] 
Type domain.Event is not enhanced.

[2020-03-20 18:47:42 #4 type] 
Type domain.user is not enhanced.

[2020-03-20 18:47:42 #5 type] 
Type domain.Kuota is not enhanced.

[2020-03-20 18:47:42 #6 type] 
Type domain.Admin is not enhanced.

[2020-03-20 18:47:42 #7 type] 
Type domain.NormalUser is not enhanced.

[2020-03-20 18:47:42 #8 type] 
Type domain.Apustua is not enhanced.

------------------------------------------------------------------------------------------------------------------------

[2020-03-20 18:48:52 #1 store] 
Database 'C:\Users\asier\eclipse-workspace\Bets2020-Master\src\main\resources\bets.temp' has been recovered (tr. 143-143)

[2020-03-20 18:48:52 #2 store] 
Database 'C:\Users\asier\eclipse-workspace\Bets2020-Master\src\main\resources\bets.temp' is opened by 12188@DESKTOP-UOETFC7

[2020-03-20 18:48:52 #3 type] 
Type domain.Question is not enhanced.

[2020-03-20 18:48:52 #4 type] 
Type domain.Event is not enhanced.

[2020-03-20 18:48:52 #5 type] 
Type domain.user is not enhanced.

[2020-03-20 18:48:52 #6 type] 
Type domain.Kuota is not enhanced.

[2020-03-20 18:48:52 #7 type] 
Type domain.Admin is not enhanced.

[2020-03-20 18:48:52 #8 type] 
Type domain.NormalUser is not enhanced.

[2020-03-20 18:48:52 #9 type] 
Type domain.Apustua is not enhanced.

------------------------------------------------------------------------------------------------------------------------

[2020-03-20 18:52:45 #1 store] 
Database 'C:\Users\asier\eclipse-workspace\Bets2020-Master\src\main\resources\bets.temp' is opened by 18028@DESKTOP-UOETFC7

[2020-03-20 18:52:45 #2 type] 
Type domain.Question is not enhanced.

[2020-03-20 18:52:45 #3 type] 
Type domain.Event is not enhanced.

[2020-03-20 18:52:45 #4 type] 
Type domain.user is not enhanced.

[2020-03-20 18:52:45 #5 type] 
Type domain.Kuota is not enhanced.

[2020-03-20 18:52:45 #6 type] 
Type domain.Admin is not enhanced.

[2020-03-20 18:52:45 #7 type] 
Type domain.NormalUser is not enhanced.

[2020-03-20 18:52:45 #8 type] 
Type domain.Apustua is not enhanced.

------------------------------------------------------------------------------------------------------------------------

[2020-03-20 18:54:43 #1 store] 
Database 'C:\Users\asier\eclipse-workspace\Bets2020-Master\src\main\resources\bets.temp' is opened by 9128@DESKTOP-UOETFC7

[2020-03-20 18:54:43 #2 type] 
Type domain.Question is not enhanced.

[2020-03-20 18:54:43 #3 type] 
Type domain.Event is not enhanced.

[2020-03-20 18:54:43 #4 type] 
Type domain.user is not enhanced.

[2020-03-20 18:54:43 #5 type] 
Type domain.Kuota is not enhanced.

[2020-03-20 18:54:43 #6 type] 
Type domain.Admin is not enhanced.

[2020-03-20 18:54:43 #7 type] 
Type domain.NormalUser is not enhanced.

[2020-03-20 18:54:43 #8 type] 
Type domain.Apustua is not enhanced.

------------------------------------------------------------------------------------------------------------------------

[2020-03-20 18:58:19 #1 store] 
Database 'C:\Users\asier\eclipse-workspace\Bets2020-Master\src\main\resources\bets.temp' is opened by 240@DESKTOP-UOETFC7

[2020-03-20 18:58:19 #2 type] 
Type domain.Question is not enhanced.

[2020-03-20 18:58:19 #3 type] 
Type domain.Event is not enhanced.

[2020-03-20 18:58:19 #4 type] 
Type domain.user is not enhanced.

[2020-03-20 18:58:19 #5 type] 
Type domain.Kuota is not enhanced.

[2020-03-20 18:58:19 #6 type] 
Type domain.Admin is not enhanced.

[2020-03-20 18:58:19 #7 type] 
Type domain.NormalUser is not enhanced.

[2020-03-20 18:58:19 #8 type] 
Type domain.Apustua is not enhanced.

------------------------------------------------------------------------------------------------------------------------

[2020-03-20 19:00:11 #1 store] 
Database 'C:\Users\asier\eclipse-workspace\Bets2020-Master\src\main\resources\bets.temp' is opened by 6304@DESKTOP-UOETFC7

[2020-03-20 19:00:11 #2 type] 
Type domain.Question is not enhanced.

[2020-03-20 19:00:11 #3 type] 
Type domain.Event is not enhanced.

[2020-03-20 19:00:11 #4 type] 
Type domain.user is not enhanced.

[2020-03-20 19:00:11 #5 type] 
Type domain.Kuota is not enhanced.

[2020-03-20 19:00:11 #6 type] 
Type domain.Admin is not enhanced.

[2020-03-20 19:00:11 #7 type] 
Type domain.NormalUser is not enhanced.

[2020-03-20 19:00:11 #8 type] 
Type domain.Apustua is not enhanced.

------------------------------------------------------------------------------------------------------------------------

[2020-03-20 19:00:39 #1 store] 
Database 'C:\Users\asier\eclipse-workspace\Bets2020-Master\src\main\resources\bets.temp' has been recovered (tr. 147-147)

[2020-03-20 19:00:39 #2 store] 
Database 'C:\Users\asier\eclipse-workspace\Bets2020-Master\src\main\resources\bets.temp' is opened by 19732@DESKTOP-UOETFC7

[2020-03-20 19:00:39 #3 type] 
Type domain.Question is not enhanced.

[2020-03-20 19:00:39 #4 type] 
Type domain.Event is not enhanced.

[2020-03-20 19:00:39 #5 type] 
Type domain.user is not enhanced.

[2020-03-20 19:00:39 #6 type] 
Type domain.Kuota is not enhanced.

[2020-03-20 19:00:39 #7 type] 
Type domain.Admin is not enhanced.

[2020-03-20 19:00:39 #8 type] 
Type domain.NormalUser is not enhanced.

[2020-03-20 19:00:39 #9 type] 
Type domain.Apustua is not enhanced.

------------------------------------------------------------------------------------------------------------------------

[2020-03-20 19:06:10 #1 store] 
Database 'C:\Users\asier\eclipse-workspace\Bets2020-Master\src\main\resources\bets.temp' is opened by 6612@DESKTOP-UOETFC7

[2020-03-20 19:06:10 #2 type] 
Type domain.Question is not enhanced.

[2020-03-20 19:06:10 #3 type] 
Type domain.Event is not enhanced.

[2020-03-20 19:06:10 #4 type] 
Type domain.user is not enhanced.

[2020-03-20 19:06:10 #5 type] 
Type domain.Kuota is not enhanced.

[2020-03-20 19:06:10 #6 type] 
Type domain.Admin is not enhanced.

[2020-03-20 19:06:10 #7 type] 
Type domain.NormalUser is not enhanced.

[2020-03-20 19:06:10 #8 type] 
Type domain.Apustua is not enhanced.

------------------------------------------------------------------------------------------------------------------------

[2020-03-20 19:11:52 #1 store] 
Database 'C:\Users\asier\eclipse-workspace\Bets2020-Master\src\main\resources\bets.temp' is opened by 14680@DESKTOP-UOETFC7

[2020-03-20 19:11:52 #2 type] 
Type domain.Question is not enhanced.

[2020-03-20 19:11:52 #3 type] 
Type domain.Event is not enhanced.

[2020-03-20 19:11:52 #4 type] 
Type domain.user is not enhanced.

[2020-03-20 19:11:52 #5 type] 
Type domain.Kuota is not enhanced.

[2020-03-20 19:11:52 #6 type] 
Type domain.Admin is not enhanced.

[2020-03-20 19:11:52 #7 type] 
Type domain.NormalUser is not enhanced.

[2020-03-20 19:11:52 #8 type] 
Type domain.Apustua is not enhanced.

------------------------------------------------------------------------------------------------------------------------

[2020-03-20 19:12:41 #1 store] 
Database 'C:\Users\asier\eclipse-workspace\Bets2020-Master\src\main\resources\bets.temp' has been recovered (tr. 150-156)

[2020-03-20 19:12:41 #2 store] 
Database 'C:\Users\asier\eclipse-workspace\Bets2020-Master\src\main\resources\bets.temp' is opened by 10520@DESKTOP-UOETFC7

[2020-03-20 19:12:41 #3 type] 
Type domain.Question is not enhanced.

[2020-03-20 19:12:41 #4 type] 
Type domain.Event is not enhanced.

[2020-03-20 19:12:41 #5 type] 
Type domain.user is not enhanced.

[2020-03-20 19:12:41 #6 type] 
Type domain.Kuota is not enhanced.

[2020-03-20 19:12:41 #7 type] 
Type domain.Admin is not enhanced.

[2020-03-20 19:12:41 #8 type] 
Type domain.NormalUser is not enhanced.

[2020-03-20 19:12:41 #9 type] 
Type domain.Apustua is not enhanced.

------------------------------------------------------------------------------------------------------------------------

[2020-03-20 19:15:12 #1 store] 
Database 'C:\Users\asier\eclipse-workspace\Bets2020-Master\src\main\resources\bets.temp' is opened by 18256@DESKTOP-UOETFC7

[2020-03-20 19:15:12 #2 type] 
Type domain.Question is not enhanced.

[2020-03-20 19:15:12 #3 type] 
Type domain.Event is not enhanced.

[2020-03-20 19:15:12 #4 type] 
Type domain.user is not enhanced.

[2020-03-20 19:15:12 #5 type] 
Type domain.Kuota is not enhanced.

[2020-03-20 19:15:12 #6 type] 
Type domain.Admin is not enhanced.

[2020-03-20 19:15:12 #7 type] 
Type domain.NormalUser is not enhanced.

[2020-03-20 19:15:12 #8 type] 
Type domain.Apustua is not enhanced.

------------------------------------------------------------------------------------------------------------------------

[2020-03-20 19:18:01 #1 store] 
Database 'C:\Users\asier\eclipse-workspace\Bets2020-Master\src\main\resources\bets.temp' is opened by 15668@DESKTOP-UOETFC7

[2020-03-20 19:18:01 #2 type] 
Type domain.Question is not enhanced.

[2020-03-20 19:18:01 #3 type] 
Type domain.Event is not enhanced.

[2020-03-20 19:18:01 #4 type] 
Type domain.user is not enhanced.

[2020-03-20 19:18:01 #5 type] 
Type domain.Kuota is not enhanced.

[2020-03-20 19:18:01 #6 type] 
Type domain.Admin is not enhanced.

[2020-03-20 19:18:01 #7 type] 
Type domain.NormalUser is not enhanced.

[2020-03-20 19:18:01 #8 type] 
Type domain.Apustua is not enhanced.

