------------------------------------------------------------------------------------------------------------------------

[2020-05-09 19:01:44 #1 store] 
Database 'C:\Users\asier\git\2.Iterazioa\AsierFernjandez_2_Iterazioa\src\main\resources\bets.temp' is opened by 16120@DESKTOP-UOETFC7

[2020-05-09 19:01:44 #2 type] 
Type domain.Question is not enhanced.

[2020-05-09 19:01:44 #3 type] 
Type domain.Event is not enhanced.

[2020-05-09 19:01:44 #4 type] 
Type domain.user is not enhanced.

[2020-05-09 19:01:44 #5 type] 
Type domain.Kuota is not enhanced.

[2020-05-09 19:01:44 #6 type] 
Type domain.Admin is not enhanced.

[2020-05-09 19:01:44 #7 type] 
Type domain.NormalUser is not enhanced.

[2020-05-09 19:01:44 #8 type] 
Type domain.Apustua is not enhanced.

------------------------------------------------------------------------------------------------------------------------

[2020-05-09 19:28:03 #1 store] 
Database 'C:\Users\asier\git\2.Iterazioa\AsierFernjandez_2_Iterazioa\src\main\resources\bets.temp' is opened by 8240@DESKTOP-UOETFC7

[2020-05-09 19:28:03 #2 type] 
Type domain.Question is not enhanced.

[2020-05-09 19:28:03 #3 type] 
Type domain.Event is not enhanced.

[2020-05-09 19:28:03 #4 type] 
Type domain.user is not enhanced.

[2020-05-09 19:28:03 #5 type] 
Type domain.Kuota is not enhanced.

[2020-05-09 19:28:03 #6 type] 
Type domain.Admin is not enhanced.

[2020-05-09 19:28:03 #7 type] 
Type domain.NormalUser is not enhanced.

[2020-05-09 19:28:03 #8 type] 
Type domain.Apustua is not enhanced.

